=== Experiment B: T=8 only, no attention ===
Log: /workspace/SNN/logs/cifar100_p2_B.log
num_steps=8 batch_size=128 epochs=30
attention: channel=False spatial=False temporal=False
/workspace/SNN/venv/lib/python3.12/site-packages/torchvision/datasets/cifar.py:83: VisibleDeprecationWarning: dtype(): align should be passed as Python or NumPy boolean but got `align=0`. Did you mean to pass a tuple to create a subarray type? (Deprecated NumPy 2.4)
  entry = pickle.load(f, encoding="latin1")
Training set size: 50000
Test set size: 10000
Train augmentation: RandomCrop(32, pad=4) + HorizontalFlip
Training on 100 classes
Experiment: cifar100_p2_B | Seed: 42
Trainable params: 1,381,870
No checkpoint found, starting fresh.
Epoch 0 | Acc: 17.96% | CE: 4.450 | SpikeReg: 1.454 | LR: 9.97e-04
  Fire rates (lif1/lif2/lif3/lif4/out): 0.196 0.351 0.418 0.095 0.017
>> Best saved at epoch 0 (accuracy: 17.96%)
Epoch 1 | Acc: 27.55% | CE: 3.562 | SpikeReg: 0.979 | LR: 9.89e-04
  Fire rates (lif1/lif2/lif3/lif4/out): 0.139 0.291 0.391 0.056 0.031
>> Best saved at epoch 1 (accuracy: 27.55%)
Epoch 2 | Acc: 33.02% | CE: 3.255 | SpikeReg: 0.884 | LR: 9.76e-04
  Fire rates (lif1/lif2/lif3/lif4/out): 0.118 0.241 0.360 0.033 0.070
>> Best saved at epoch 2 (accuracy: 33.02%)
Epoch 3 | Acc: 37.95% | CE: 3.049 | SpikeReg: 0.846 | LR: 9.57e-04
  Fire rates (lif1/lif2/lif3/lif4/out): 0.113 0.211 0.376 0.031 0.068
>> Best saved at epoch 3 (accuracy: 37.95%)
Epoch 4 | Acc: 39.74% | CE: 2.932 | SpikeReg: 0.774 | LR: 9.33e-04
  Fire rates (lif1/lif2/lif3/lif4/out): 0.102 0.167 0.353 0.028 0.068
>> Best saved at epoch 4 (accuracy: 39.74%)
Epoch 5 | Acc: 40.89% | CE: 2.845 | SpikeReg: 0.725 | LR: 9.05e-04
  Fire rates (lif1/lif2/lif3/lif4/out): 0.092 0.147 0.367 0.028 0.055
>> Best saved at epoch 5 (accuracy: 40.89%)
Epoch 6 | Acc: 42.77% | CE: 2.777 | SpikeReg: 0.698 | LR: 8.72e-04
  Fire rates (lif1/lif2/lif3/lif4/out): 0.085 0.133 0.379 0.030 0.045
>> Best saved at epoch 6 (accuracy: 42.77%)
Epoch 7 | Acc: 42.95% | CE: 2.719 | SpikeReg: 0.664 | LR: 8.35e-04
  Fire rates (lif1/lif2/lif3/lif4/out): 0.082 0.118 0.365 0.028 0.043
>> Best saved at epoch 7 (accuracy: 42.95%)
Epoch 8 | Acc: 43.75% | CE: 2.681 | SpikeReg: 0.634 | LR: 7.94e-04
  Fire rates (lif1/lif2/lif3/lif4/out): 0.075 0.106 0.376 0.030 0.039
>> Best saved at epoch 8 (accuracy: 43.75%)
Epoch 9 | Acc: 45.89% | CE: 2.639 | SpikeReg: 0.621 | LR: 7.50e-04
  Fire rates (lif1/lif2/lif3/lif4/out): 0.079 0.097 0.372 0.033 0.033
>> Best saved at epoch 9 (accuracy: 45.89%)
Epoch 10 | Acc: 46.93% | CE: 2.602 | SpikeReg: 0.595 | LR: 7.03e-04
  Fire rates (lif1/lif2/lif3/lif4/out): 0.070 0.082 0.362 0.033 0.029
>> Best saved at epoch 10 (accuracy: 46.93%)
Epoch 11 | Acc: 47.20% | CE: 2.567 | SpikeReg: 0.580 | LR: 6.55e-04
  Fire rates (lif1/lif2/lif3/lif4/out): 0.071 0.086 0.363 0.034 0.026
>> Best saved at epoch 11 (accuracy: 47.20%)
Epoch 12 | Acc: 48.57% | CE: 2.531 | SpikeReg: 0.571 | LR: 6.04e-04
  Fire rates (lif1/lif2/lif3/lif4/out): 0.069 0.079 0.367 0.033 0.023
>> Best saved at epoch 12 (accuracy: 48.57%)
Epoch 13 | Acc: 49.24% | CE: 2.499 | SpikeReg: 0.559 | LR: 5.52e-04
  Fire rates (lif1/lif2/lif3/lif4/out): 0.069 0.075 0.366 0.036 0.019
>> Best saved at epoch 13 (accuracy: 49.24%)
Epoch 14 | Acc: 50.17% | CE: 2.463 | SpikeReg: 0.550 | LR: 5.00e-04
  Fire rates (lif1/lif2/lif3/lif4/out): 0.068 0.069 0.365 0.035 0.016
>> Best saved at epoch 14 (accuracy: 50.17%)
Epoch 15 | Acc: 50.02% | CE: 2.425 | SpikeReg: 0.551 | LR: 4.48e-04
  Fire rates (lif1/lif2/lif3/lif4/out): 0.070 0.072 0.365 0.036 0.013
Epoch 16 | Acc: 50.85% | CE: 2.398 | SpikeReg: 0.549 | LR: 3.96e-04
  Fire rates (lif1/lif2/lif3/lif4/out): 0.068 0.073 0.366 0.038 0.011
>> Best saved at epoch 16 (accuracy: 50.85%)
Epoch 17 | Acc: 51.77% | CE: 2.376 | SpikeReg: 0.549 | LR: 3.45e-04
  Fire rates (lif1/lif2/lif3/lif4/out): 0.069 0.071 0.368 0.038 0.010
>> Best saved at epoch 17 (accuracy: 51.77%)
Epoch 18 | Acc: 51.58% | CE: 2.355 | SpikeReg: 0.544 | LR: 2.97e-04
  Fire rates (lif1/lif2/lif3/lif4/out): 0.066 0.071 0.369 0.039 0.009
Epoch 19 | Acc: 51.66% | CE: 2.330 | SpikeReg: 0.541 | LR: 2.50e-04
  Fire rates (lif1/lif2/lif3/lif4/out): 0.067 0.068 0.364 0.039 0.008
Epoch 20 | Acc: 52.67% | CE: 2.316 | SpikeReg: 0.536 | LR: 2.06e-04
  Fire rates (lif1/lif2/lif3/lif4/out): 0.066 0.066 0.367 0.040 0.006
>> Best saved at epoch 20 (accuracy: 52.67%)
Epoch 21 | Acc: 53.22% | CE: 2.283 | SpikeReg: 0.538 | LR: 1.65e-04
  Fire rates (lif1/lif2/lif3/lif4/out): 0.066 0.068 0.367 0.040 0.006
>> Best saved at epoch 21 (accuracy: 53.22%)
Epoch 22 | Acc: 53.27% | CE: 2.272 | SpikeReg: 0.538 | LR: 1.28e-04
  Fire rates (lif1/lif2/lif3/lif4/out): 0.066 0.068 0.371 0.041 0.005
>> Best saved at epoch 22 (accuracy: 53.27%)
Epoch 23 | Acc: 53.48% | CE: 2.251 | SpikeReg: 0.536 | LR: 9.55e-05
  Fire rates (lif1/lif2/lif3/lif4/out): 0.065 0.065 0.369 0.041 0.005
>> Best saved at epoch 23 (accuracy: 53.48%)
Epoch 24 | Acc: 53.41% | CE: 2.238 | SpikeReg: 0.534 | LR: 6.70e-05
  Fire rates (lif1/lif2/lif3/lif4/out): 0.064 0.066 0.370 0.042 0.004
Epoch 25 | Acc: 54.21% | CE: 2.224 | SpikeReg: 0.534 | LR: 4.32e-05
  Fire rates (lif1/lif2/lif3/lif4/out): 0.064 0.066 0.371 0.042 0.004
>> Best saved at epoch 25 (accuracy: 54.21%)
Epoch 26 | Acc: 53.94% | CE: 2.224 | SpikeReg: 0.534 | LR: 2.45e-05
  Fire rates (lif1/lif2/lif3/lif4/out): 0.064 0.065 0.371 0.042 0.004
Epoch 27 | Acc: 54.28% | CE: 2.211 | SpikeReg: 0.534 | LR: 1.09e-05
  Fire rates (lif1/lif2/lif3/lif4/out): 0.065 0.065 0.370 0.042 0.004
>> Best saved at epoch 27 (accuracy: 54.28%)
Epoch 28 | Acc: 54.50% | CE: 2.211 | SpikeReg: 0.534 | LR: 2.74e-06
  Fire rates (lif1/lif2/lif3/lif4/out): 0.065 0.065 0.370 0.042 0.003
>> Best saved at epoch 28 (accuracy: 54.50%)
Epoch 29 | Acc: 53.98% | CE: 2.200 | SpikeReg: 0.534 | LR: 0.00e+00
  Fire rates (lif1/lif2/lif3/lif4/out): 0.065 0.065 0.370 0.042 0.003
