=== Experiment V2_coco: M7 COCO warm-start from VOC + AMP + bigger batch ===
Log: /workspace/SNN/logs/cifar100_detect_V2_coco.log
dataset=coco  batch=20  img=416  epochs=15  warmup=2  amp=True
loading annotations into memory...
Done (t=13.35s)
creating index...
index created!
loading annotations into memory...
Done (t=0.59s)
creating index...
index created!
Train batches: 5914  Val batches: 250
num_classes=81 (incl. background)
[SEWBackboneForDetection] loaded 899 keys, skipped 7, own-keys missing 1
  missing: ['conv_stem.weight']
Warm-started from cifar100_detect_V1_best.pth: loaded 934 keys, skipped 2 (shape/class mismatches)
Total params: 20,322,535  Trainable: 20,170,975
Backbone trainable: 11,092,192
Head/FPN trainable: 9,078,783
No resume checkpoint — fresh start for this experiment.
  iter 0/5914  loss=1.8702  (cls 1.1670 bbox 0.7032)  0.05 it/s  gpu_mem=21873 MB
  iter 100/5914  loss=1.6007  (cls 0.7476 bbox 0.8531)  1.09 it/s  gpu_mem=22261 MB
  iter 200/5914  loss=1.3625  (cls 0.7625 bbox 0.6000)  1.22 it/s  gpu_mem=22261 MB
  iter 300/5914  loss=1.4240  (cls 0.8050 bbox 0.6190)  1.27 it/s  gpu_mem=22261 MB
  iter 400/5914  loss=1.3968  (cls 0.7131 bbox 0.6837)  1.30 it/s  gpu_mem=22261 MB
  iter 500/5914  loss=1.3723  (cls 0.6785 bbox 0.6938)  1.32 it/s  gpu_mem=22261 MB
  iter 600/5914  loss=1.4459  (cls 0.7148 bbox 0.7310)  1.33 it/s  gpu_mem=22261 MB
  iter 700/5914  loss=1.5021  (cls 0.7637 bbox 0.7384)  1.34 it/s  gpu_mem=22261 MB
  iter 800/5914  loss=1.3871  (cls 0.6509 bbox 0.7362)  1.35 it/s  gpu_mem=22263 MB
  iter 900/5914  loss=1.2548  (cls 0.7460 bbox 0.5089)  1.35 it/s  gpu_mem=22263 MB
  iter 1000/5914  loss=1.4842  (cls 0.7491 bbox 0.7351)  1.35 it/s  gpu_mem=22263 MB
  iter 1100/5914  loss=1.4279  (cls 0.6784 bbox 0.7495)  1.36 it/s  gpu_mem=22263 MB
  iter 1200/5914  loss=1.4577  (cls 0.7330 bbox 0.7247)  1.36 it/s  gpu_mem=22263 MB
  iter 1300/5914  loss=1.1687  (cls 0.6469 bbox 0.5218)  1.36 it/s  gpu_mem=22263 MB
  iter 1400/5914  loss=1.4470  (cls 0.6969 bbox 0.7501)  1.36 it/s  gpu_mem=22263 MB
  iter 1500/5914  loss=1.2275  (cls 0.6867 bbox 0.5407)  1.37 it/s  gpu_mem=22263 MB
  iter 1600/5914  loss=1.4434  (cls 0.7552 bbox 0.6882)  1.37 it/s  gpu_mem=22263 MB
  iter 1700/5914  loss=1.5146  (cls 0.7509 bbox 0.7637)  1.37 it/s  gpu_mem=22263 MB
  iter 1800/5914  loss=1.3713  (cls 0.7330 bbox 0.6383)  1.37 it/s  gpu_mem=22263 MB
  iter 1900/5914  loss=1.3373  (cls 0.7499 bbox 0.5874)  1.37 it/s  gpu_mem=22263 MB
  iter 2000/5914  loss=1.4271  (cls 0.7408 bbox 0.6863)  1.37 it/s  gpu_mem=22263 MB
  iter 2100/5914  loss=1.2120  (cls 0.6588 bbox 0.5532)  1.37 it/s  gpu_mem=22263 MB
  iter 2200/5914  loss=1.2719  (cls 0.6901 bbox 0.5819)  1.37 it/s  gpu_mem=22263 MB
  iter 2300/5914  loss=1.3125  (cls 0.6306 bbox 0.6819)  1.37 it/s  gpu_mem=22263 MB
  iter 2400/5914  loss=1.2646  (cls 0.7061 bbox 0.5585)  1.37 it/s  gpu_mem=22263 MB
  iter 2500/5914  loss=1.3025  (cls 0.6433 bbox 0.6592)  1.38 it/s  gpu_mem=22263 MB
  iter 2600/5914  loss=1.2355  (cls 0.6842 bbox 0.5513)  1.38 it/s  gpu_mem=22263 MB
  iter 2700/5914  loss=1.3172  (cls 0.6713 bbox 0.6459)  1.38 it/s  gpu_mem=22263 MB
  iter 2800/5914  loss=1.5342  (cls 0.7215 bbox 0.8128)  1.38 it/s  gpu_mem=22263 MB
  iter 2900/5914  loss=1.1842  (cls 0.5983 bbox 0.5859)  1.38 it/s  gpu_mem=22263 MB
  iter 3000/5914  loss=1.1812  (cls 0.7050 bbox 0.4762)  1.38 it/s  gpu_mem=22263 MB
  iter 3100/5914  loss=1.4822  (cls 0.7755 bbox 0.7067)  1.38 it/s  gpu_mem=22263 MB
  iter 3200/5914  loss=1.1087  (cls 0.6705 bbox 0.4382)  1.38 it/s  gpu_mem=22263 MB
  iter 3300/5914  loss=1.1800  (cls 0.6386 bbox 0.5415)  1.38 it/s  gpu_mem=22263 MB
  iter 3400/5914  loss=1.5023  (cls 0.7204 bbox 0.7819)  1.38 it/s  gpu_mem=22263 MB
  iter 3500/5914  loss=1.2797  (cls 0.6988 bbox 0.5809)  1.38 it/s  gpu_mem=22263 MB
  iter 3600/5914  loss=1.2927  (cls 0.6982 bbox 0.5945)  1.38 it/s  gpu_mem=22263 MB
  iter 3700/5914  loss=1.3804  (cls 0.7160 bbox 0.6643)  1.38 it/s  gpu_mem=22263 MB
  iter 3800/5914  loss=1.4060  (cls 0.7359 bbox 0.6701)  1.38 it/s  gpu_mem=22263 MB
  iter 3900/5914  loss=1.4009  (cls 0.6896 bbox 0.7113)  1.38 it/s  gpu_mem=22263 MB
  iter 4000/5914  loss=1.6613  (cls 0.7393 bbox 0.9220)  1.38 it/s  gpu_mem=22263 MB
  iter 4100/5914  loss=1.4548  (cls 0.6884 bbox 0.7664)  1.38 it/s  gpu_mem=22263 MB
  iter 4200/5914  loss=1.3940  (cls 0.6851 bbox 0.7088)  1.38 it/s  gpu_mem=22263 MB
  iter 4300/5914  loss=1.1569  (cls 0.5825 bbox 0.5743)  1.38 it/s  gpu_mem=22263 MB
  iter 4400/5914  loss=1.2018  (cls 0.6493 bbox 0.5525)  1.38 it/s  gpu_mem=22263 MB
  iter 4500/5914  loss=1.2239  (cls 0.6016 bbox 0.6223)  1.38 it/s  gpu_mem=22263 MB
  iter 4600/5914  loss=1.1874  (cls 0.6033 bbox 0.5842)  1.38 it/s  gpu_mem=22263 MB
  iter 4700/5914  loss=1.1523  (cls 0.6249 bbox 0.5274)  1.38 it/s  gpu_mem=22263 MB
  iter 4800/5914  loss=1.2959  (cls 0.6559 bbox 0.6400)  1.38 it/s  gpu_mem=22263 MB
  iter 4900/5914  loss=1.5319  (cls 0.7021 bbox 0.8297)  1.38 it/s  gpu_mem=22263 MB
  iter 5000/5914  loss=1.1687  (cls 0.6529 bbox 0.5158)  1.38 it/s  gpu_mem=22263 MB
  iter 5100/5914  loss=1.3051  (cls 0.6511 bbox 0.6540)  1.38 it/s  gpu_mem=22263 MB
  iter 5200/5914  loss=1.9278  (cls 0.7391 bbox 1.1887)  1.38 it/s  gpu_mem=22263 MB
  iter 5300/5914  loss=1.2680  (cls 0.6415 bbox 0.6264)  1.38 it/s  gpu_mem=22263 MB
  iter 5400/5914  loss=1.2601  (cls 0.6575 bbox 0.6026)  1.38 it/s  gpu_mem=22263 MB
  iter 5500/5914  loss=1.3346  (cls 0.6574 bbox 0.6772)  1.38 it/s  gpu_mem=22263 MB
  iter 5600/5914  loss=1.2562  (cls 0.6398 bbox 0.6164)  1.38 it/s  gpu_mem=22263 MB
  iter 5700/5914  loss=1.3887  (cls 0.6430 bbox 0.7457)  1.39 it/s  gpu_mem=22263 MB
  iter 5800/5914  loss=1.2757  (cls 0.6404 bbox 0.6353)  1.39 it/s  gpu_mem=22263 MB
  iter 5900/5914  loss=1.2914  (cls 0.6888 bbox 0.6026)  1.39 it/s  gpu_mem=22263 MB
Epoch 0 train | total=1.3635 cls=0.6955 bbox=0.6680 | LR bb=3.00e-05 head=3.00e-04 | 5914 batches in 4268.2s
/workspace/SNN/venv/lib/python3.12/site-packages/torchmetrics/utilities/prints.py:43: UserWarning: Encountered more than 100 detections in a single image. This means that certain detections with the lowest scores will be ignored, that may have an undesirable impact on performance. Please consider adjusting the `max_detection_threshold` to suit your use case. To disable this warning, set attribute class `warn_on_many_detections=False`, after initializing the metric.
  warnings.warn(*args, **kwargs)
Epoch 0 eval | mAP@50=0.064  mAP@[.5:.95]=0.029
>> Best saved at epoch 0 (mAP@50: 0.064)
  iter 0/5914  loss=1.1831  (cls 0.6474 bbox 0.5357)  0.43 it/s  gpu_mem=22263 MB
  iter 100/5914  loss=1.2469  (cls 0.6837 bbox 0.5631)  1.36 it/s  gpu_mem=22263 MB
  iter 200/5914  loss=1.3093  (cls 0.7652 bbox 0.5441)  1.38 it/s  gpu_mem=22263 MB
  iter 300/5914  loss=1.2163  (cls 0.6089 bbox 0.6073)  1.38 it/s  gpu_mem=22263 MB
  iter 400/5914  loss=1.2628  (cls 0.6571 bbox 0.6057)  1.39 it/s  gpu_mem=22263 MB
  iter 500/5914  loss=1.2027  (cls 0.5857 bbox 0.6169)  1.39 it/s  gpu_mem=22263 MB
  iter 600/5914  loss=1.3879  (cls 0.6680 bbox 0.7199)  1.39 it/s  gpu_mem=22263 MB
  iter 700/5914  loss=1.3779  (cls 0.7400 bbox 0.6379)  1.39 it/s  gpu_mem=22263 MB
  iter 800/5914  loss=1.4393  (cls 0.6888 bbox 0.7505)  1.39 it/s  gpu_mem=22263 MB
  iter 900/5914  loss=1.2743  (cls 0.6358 bbox 0.6385)  1.39 it/s  gpu_mem=22263 MB
  iter 1000/5914  loss=1.2484  (cls 0.6306 bbox 0.6178)  1.39 it/s  gpu_mem=22263 MB
  iter 1100/5914  loss=1.2243  (cls 0.7004 bbox 0.5239)  1.39 it/s  gpu_mem=22263 MB
  iter 1200/5914  loss=1.4198  (cls 0.6882 bbox 0.7316)  1.39 it/s  gpu_mem=22263 MB
  iter 1300/5914  loss=1.2647  (cls 0.6304 bbox 0.6343)  1.39 it/s  gpu_mem=22263 MB
  iter 1400/5914  loss=1.1975  (cls 0.6616 bbox 0.5359)  1.39 it/s  gpu_mem=22263 MB
  iter 1500/5914  loss=1.3773  (cls 0.6789 bbox 0.6984)  1.39 it/s  gpu_mem=22263 MB
  iter 1600/5914  loss=1.1321  (cls 0.5543 bbox 0.5778)  1.39 it/s  gpu_mem=22263 MB
  iter 1700/5914  loss=1.3291  (cls 0.6496 bbox 0.6795)  1.39 it/s  gpu_mem=22263 MB
  iter 1800/5914  loss=1.4705  (cls 0.6988 bbox 0.7717)  1.39 it/s  gpu_mem=22263 MB
  iter 1900/5914  loss=1.4891  (cls 0.7060 bbox 0.7831)  1.39 it/s  gpu_mem=22263 MB
  iter 2000/5914  loss=1.2215  (cls 0.5776 bbox 0.6438)  1.39 it/s  gpu_mem=22263 MB
  iter 2100/5914  loss=1.2227  (cls 0.6800 bbox 0.5427)  1.39 it/s  gpu_mem=22263 MB
  iter 2200/5914  loss=1.4718  (cls 0.6338 bbox 0.8380)  1.39 it/s  gpu_mem=22263 MB
  iter 2300/5914  loss=1.4369  (cls 0.6913 bbox 0.7456)  1.39 it/s  gpu_mem=22263 MB
  iter 2400/5914  loss=1.1869  (cls 0.5919 bbox 0.5950)  1.39 it/s  gpu_mem=22263 MB
  iter 2500/5914  loss=1.1528  (cls 0.6013 bbox 0.5515)  1.39 it/s  gpu_mem=22263 MB
  iter 2600/5914  loss=1.2303  (cls 0.5943 bbox 0.6361)  1.39 it/s  gpu_mem=22263 MB
  iter 2700/5914  loss=1.3931  (cls 0.6822 bbox 0.7109)  1.39 it/s  gpu_mem=22263 MB
  iter 2800/5914  loss=1.2022  (cls 0.5395 bbox 0.6627)  1.39 it/s  gpu_mem=22263 MB
  iter 2900/5914  loss=1.2466  (cls 0.5967 bbox 0.6499)  1.39 it/s  gpu_mem=22263 MB
  iter 3000/5914  loss=1.2826  (cls 0.6147 bbox 0.6679)  1.39 it/s  gpu_mem=22263 MB
  iter 3100/5914  loss=1.2774  (cls 0.6769 bbox 0.6005)  1.39 it/s  gpu_mem=22263 MB
  iter 3200/5914  loss=1.1599  (cls 0.5278 bbox 0.6321)  1.39 it/s  gpu_mem=22263 MB
  iter 3300/5914  loss=1.1639  (cls 0.5861 bbox 0.5778)  1.39 it/s  gpu_mem=22263 MB
  iter 3400/5914  loss=1.4454  (cls 0.8406 bbox 0.6048)  1.39 it/s  gpu_mem=22263 MB
  iter 3500/5914  loss=1.1486  (cls 0.5794 bbox 0.5691)  1.39 it/s  gpu_mem=22263 MB
  iter 3600/5914  loss=1.3394  (cls 0.6377 bbox 0.7017)  1.39 it/s  gpu_mem=22263 MB
  iter 3700/5914  loss=1.2227  (cls 0.6034 bbox 0.6193)  1.39 it/s  gpu_mem=22263 MB
  iter 3800/5914  loss=1.1367  (cls 0.6480 bbox 0.4887)  1.39 it/s  gpu_mem=22263 MB
  iter 3900/5914  loss=1.3658  (cls 0.6209 bbox 0.7450)  1.39 it/s  gpu_mem=22263 MB
  iter 4000/5914  loss=1.3163  (cls 0.6800 bbox 0.6362)  1.39 it/s  gpu_mem=22263 MB
  iter 4100/5914  loss=1.2710  (cls 0.6468 bbox 0.6242)  1.39 it/s  gpu_mem=22263 MB
  iter 4200/5914  loss=1.3506  (cls 0.6947 bbox 0.6559)  1.39 it/s  gpu_mem=22263 MB
  iter 4300/5914  loss=1.3220  (cls 0.6142 bbox 0.7078)  1.39 it/s  gpu_mem=22263 MB
  iter 4400/5914  loss=1.3982  (cls 0.6108 bbox 0.7874)  1.39 it/s  gpu_mem=22263 MB
  iter 4500/5914  loss=1.1747  (cls 0.6701 bbox 0.5046)  1.39 it/s  gpu_mem=22263 MB
  iter 4600/5914  loss=1.3577  (cls 0.6526 bbox 0.7050)  1.39 it/s  gpu_mem=22263 MB
  iter 4700/5914  loss=1.2976  (cls 0.6750 bbox 0.6226)  1.39 it/s  gpu_mem=22263 MB
  iter 4800/5914  loss=1.4709  (cls 0.6820 bbox 0.7889)  1.39 it/s  gpu_mem=22263 MB
  iter 4900/5914  loss=1.2221  (cls 0.5709 bbox 0.6512)  1.39 it/s  gpu_mem=22263 MB
  iter 5000/5914  loss=1.1980  (cls 0.6556 bbox 0.5424)  1.39 it/s  gpu_mem=22263 MB
  iter 5100/5914  loss=1.3859  (cls 0.5733 bbox 0.8126)  1.39 it/s  gpu_mem=22263 MB
  iter 5200/5914  loss=1.2801  (cls 0.6271 bbox 0.6530)  1.39 it/s  gpu_mem=22263 MB
  iter 5300/5914  loss=1.1837  (cls 0.6165 bbox 0.5672)  1.39 it/s  gpu_mem=22263 MB
  iter 5400/5914  loss=1.3328  (cls 0.6305 bbox 0.7023)  1.39 it/s  gpu_mem=22263 MB
  iter 5500/5914  loss=1.3164  (cls 0.6050 bbox 0.7114)  1.39 it/s  gpu_mem=22263 MB
  iter 5600/5914  loss=1.3116  (cls 0.5998 bbox 0.7119)  1.39 it/s  gpu_mem=22263 MB
  iter 5700/5914  loss=1.2210  (cls 0.6016 bbox 0.6194)  1.39 it/s  gpu_mem=22263 MB
  iter 5800/5914  loss=1.1555  (cls 0.5772 bbox 0.5783)  1.39 it/s  gpu_mem=22263 MB
  iter 5900/5914  loss=1.2401  (cls 0.6204 bbox 0.6198)  1.39 it/s  gpu_mem=22263 MB
Epoch 1 train | total=1.2981 cls=0.6521 bbox=0.6460 | LR bb=3.00e-05 head=3.00e-04 | 5914 batches in 4245.6s
Epoch 1 eval | mAP@50=0.078  mAP@[.5:.95]=0.037
>> Best saved at epoch 1 (mAP@50: 0.078)
  iter 0/5914  loss=1.1902  (cls 0.6309 bbox 0.5593)  0.40 it/s  gpu_mem=22263 MB
  iter 100/5914  loss=1.2326  (cls 0.6292 bbox 0.6034)  1.36 it/s  gpu_mem=22263 MB
  iter 200/5914  loss=1.1262  (cls 0.5981 bbox 0.5281)  1.38 it/s  gpu_mem=22263 MB
  iter 300/5914  loss=1.4066  (cls 0.6405 bbox 0.7661)  1.38 it/s  gpu_mem=22263 MB
  iter 400/5914  loss=1.7505  (cls 0.6818 bbox 1.0688)  1.38 it/s  gpu_mem=22263 MB
  iter 500/5914  loss=1.3774  (cls 0.6645 bbox 0.7130)  1.39 it/s  gpu_mem=22263 MB
  iter 600/5914  loss=1.1479  (cls 0.6433 bbox 0.5046)  1.39 it/s  gpu_mem=22263 MB
  iter 700/5914  loss=1.3470  (cls 0.6681 bbox 0.6789)  1.39 it/s  gpu_mem=22263 MB
  iter 800/5914  loss=1.4428  (cls 0.7103 bbox 0.7325)  1.39 it/s  gpu_mem=22263 MB
  iter 900/5914  loss=1.2218  (cls 0.5982 bbox 0.6236)  1.39 it/s  gpu_mem=22263 MB
  iter 1000/5914  loss=1.2555  (cls 0.5906 bbox 0.6650)  1.39 it/s  gpu_mem=22263 MB
  iter 1100/5914  loss=1.1501  (cls 0.5634 bbox 0.5867)  1.39 it/s  gpu_mem=22263 MB
  iter 1200/5914  loss=1.3341  (cls 0.6202 bbox 0.7138)  1.39 it/s  gpu_mem=22263 MB
  iter 1300/5914  loss=1.1401  (cls 0.6303 bbox 0.5098)  1.39 it/s  gpu_mem=22263 MB
  iter 1400/5914  loss=1.0790  (cls 0.5804 bbox 0.4986)  1.39 it/s  gpu_mem=22263 MB
  iter 1500/5914  loss=1.2451  (cls 0.6417 bbox 0.6034)  1.39 it/s  gpu_mem=22263 MB
  iter 1600/5914  loss=1.2470  (cls 0.6303 bbox 0.6167)  1.39 it/s  gpu_mem=22263 MB
  iter 1700/5914  loss=1.6355  (cls 0.7073 bbox 0.9282)  1.39 it/s  gpu_mem=22263 MB
  iter 1800/5914  loss=1.2535  (cls 0.6596 bbox 0.5939)  1.39 it/s  gpu_mem=22263 MB
  iter 1900/5914  loss=1.2250  (cls 0.5964 bbox 0.6286)  1.39 it/s  gpu_mem=22263 MB
  iter 2000/5914  loss=1.2935  (cls 0.5759 bbox 0.7176)  1.39 it/s  gpu_mem=22263 MB
  iter 2100/5914  loss=1.3269  (cls 0.6760 bbox 0.6508)  1.39 it/s  gpu_mem=22263 MB
  iter 2200/5914  loss=1.4034  (cls 0.5840 bbox 0.8194)  1.39 it/s  gpu_mem=22263 MB
  iter 2300/5914  loss=0.9508  (cls 0.5001 bbox 0.4507)  1.39 it/s  gpu_mem=22263 MB
  iter 2400/5914  loss=1.3116  (cls 0.5969 bbox 0.7147)  1.39 it/s  gpu_mem=22263 MB
  iter 2500/5914  loss=1.2979  (cls 0.6242 bbox 0.6737)  1.39 it/s  gpu_mem=22263 MB
  iter 2600/5914  loss=1.2567  (cls 0.6083 bbox 0.6484)  1.39 it/s  gpu_mem=22263 MB
  iter 2700/5914  loss=1.1799  (cls 0.5927 bbox 0.5872)  1.39 it/s  gpu_mem=22263 MB
  iter 2800/5914  loss=1.0495  (cls 0.5683 bbox 0.4813)  1.39 it/s  gpu_mem=22263 MB
  iter 2900/5914  loss=1.2256  (cls 0.6475 bbox 0.5781)  1.39 it/s  gpu_mem=22263 MB
  iter 3000/5914  loss=1.1201  (cls 0.5859 bbox 0.5342)  1.39 it/s  gpu_mem=22263 MB
  iter 3100/5914  loss=1.3216  (cls 0.6631 bbox 0.6585)  1.39 it/s  gpu_mem=22263 MB
  iter 3200/5914  loss=1.0978  (cls 0.5855 bbox 0.5122)  1.39 it/s  gpu_mem=22263 MB
  iter 3300/5914  loss=1.2471  (cls 0.6784 bbox 0.5687)  1.39 it/s  gpu_mem=22263 MB
  iter 3400/5914  loss=1.3486  (cls 0.5294 bbox 0.8191)  1.39 it/s  gpu_mem=22263 MB
  iter 3500/5914  loss=1.5135  (cls 0.6636 bbox 0.8499)  1.39 it/s  gpu_mem=22263 MB
  iter 3600/5914  loss=1.5316  (cls 0.7057 bbox 0.8259)  1.39 it/s  gpu_mem=22263 MB
  iter 3700/5914  loss=1.0435  (cls 0.5236 bbox 0.5199)  1.39 it/s  gpu_mem=22263 MB
  iter 3800/5914  loss=1.5060  (cls 0.6520 bbox 0.8540)  1.39 it/s  gpu_mem=22263 MB
  iter 3900/5914  loss=1.5067  (cls 0.6811 bbox 0.8255)  1.39 it/s  gpu_mem=22263 MB
  iter 4000/5914  loss=1.1266  (cls 0.5670 bbox 0.5596)  1.39 it/s  gpu_mem=22263 MB
  iter 4100/5914  loss=1.3709  (cls 0.7706 bbox 0.6003)  1.39 it/s  gpu_mem=22263 MB
  iter 4200/5914  loss=0.9507  (cls 0.4818 bbox 0.4688)  1.39 it/s  gpu_mem=22263 MB
  iter 4300/5914  loss=1.2922  (cls 0.6729 bbox 0.6193)  1.39 it/s  gpu_mem=22263 MB
  iter 4400/5914  loss=1.1103  (cls 0.6180 bbox 0.4923)  1.39 it/s  gpu_mem=22263 MB
  iter 4500/5914  loss=1.1851  (cls 0.6036 bbox 0.5815)  1.39 it/s  gpu_mem=22263 MB
  iter 4600/5914  loss=1.2730  (cls 0.6771 bbox 0.5959)  1.39 it/s  gpu_mem=22263 MB
  iter 4700/5914  loss=1.1400  (cls 0.5884 bbox 0.5516)  1.39 it/s  gpu_mem=22263 MB
  iter 4800/5914  loss=1.2089  (cls 0.6019 bbox 0.6070)  1.39 it/s  gpu_mem=22263 MB
  iter 4900/5914  loss=1.2412  (cls 0.5813 bbox 0.6599)  1.39 it/s  gpu_mem=22263 MB
  iter 5000/5914  loss=1.2654  (cls 0.6028 bbox 0.6626)  1.39 it/s  gpu_mem=22263 MB
  iter 5100/5914  loss=0.9746  (cls 0.5382 bbox 0.4363)  1.39 it/s  gpu_mem=22263 MB
  iter 5200/5914  loss=0.9993  (cls 0.5165 bbox 0.4828)  1.39 it/s  gpu_mem=22263 MB
  iter 5300/5914  loss=1.2251  (cls 0.6292 bbox 0.5960)  1.39 it/s  gpu_mem=22263 MB
  iter 5400/5914  loss=1.3481  (cls 0.6621 bbox 0.6861)  1.39 it/s  gpu_mem=22263 MB
  iter 5500/5914  loss=1.1218  (cls 0.5813 bbox 0.5405)  1.39 it/s  gpu_mem=22263 MB
  iter 5600/5914  loss=1.2993  (cls 0.6314 bbox 0.6679)  1.39 it/s  gpu_mem=22263 MB
  iter 5700/5914  loss=1.3531  (cls 0.6940 bbox 0.6591)  1.39 it/s  gpu_mem=22263 MB
  iter 5800/5914  loss=1.2204  (cls 0.6395 bbox 0.5809)  1.39 it/s  gpu_mem=22263 MB
  iter 5900/5914  loss=1.1768  (cls 0.6309 bbox 0.5458)  1.39 it/s  gpu_mem=22263 MB
Epoch 2 train | total=1.2438 cls=0.6180 bbox=0.6257 | LR bb=2.96e-05 head=2.96e-04 | 5914 batches in 4246.8s
Epoch 2 eval | mAP@50=0.093  mAP@[.5:.95]=0.044
>> Best saved at epoch 2 (mAP@50: 0.093)
  iter 0/5914  loss=1.2344  (cls 0.5902 bbox 0.6442)  0.38 it/s  gpu_mem=22263 MB
  iter 100/5914  loss=1.2804  (cls 0.6067 bbox 0.6737)  1.35 it/s  gpu_mem=22263 MB
  iter 200/5914  loss=1.0815  (cls 0.5801 bbox 0.5014)  1.37 it/s  gpu_mem=22263 MB
  iter 300/5914  loss=1.1597  (cls 0.5944 bbox 0.5652)  1.38 it/s  gpu_mem=22263 MB
  iter 400/5914  loss=1.0395  (cls 0.5735 bbox 0.4660)  1.38 it/s  gpu_mem=22263 MB
  iter 500/5914  loss=1.5013  (cls 0.6457 bbox 0.8556)  1.38 it/s  gpu_mem=22263 MB
  iter 600/5914  loss=1.1798  (cls 0.5455 bbox 0.6343)  1.39 it/s  gpu_mem=22263 MB
  iter 700/5914  loss=1.2942  (cls 0.6359 bbox 0.6583)  1.39 it/s  gpu_mem=22263 MB
  iter 800/5914  loss=1.1959  (cls 0.5844 bbox 0.6115)  1.39 it/s  gpu_mem=22263 MB
  iter 900/5914  loss=1.3668  (cls 0.7117 bbox 0.6551)  1.39 it/s  gpu_mem=22263 MB
  iter 1000/5914  loss=1.1178  (cls 0.6149 bbox 0.5029)  1.39 it/s  gpu_mem=22263 MB
  iter 1100/5914  loss=1.6524  (cls 0.5901 bbox 1.0623)  1.39 it/s  gpu_mem=22263 MB
  iter 1200/5914  loss=1.1802  (cls 0.5615 bbox 0.6187)  1.39 it/s  gpu_mem=22263 MB
  iter 1300/5914  loss=1.2452  (cls 0.6743 bbox 0.5709)  1.39 it/s  gpu_mem=22263 MB
  iter 1400/5914  loss=1.2296  (cls 0.5932 bbox 0.6364)  1.39 it/s  gpu_mem=22263 MB
  iter 1500/5914  loss=1.3573  (cls 0.5971 bbox 0.7602)  1.39 it/s  gpu_mem=22263 MB
  iter 1600/5914  loss=1.2724  (cls 0.6267 bbox 0.6456)  1.39 it/s  gpu_mem=22263 MB
  iter 1700/5914  loss=1.3149  (cls 0.6653 bbox 0.6495)  1.39 it/s  gpu_mem=22263 MB
  iter 1800/5914  loss=1.2027  (cls 0.5913 bbox 0.6114)  1.39 it/s  gpu_mem=22263 MB
  iter 1900/5914  loss=1.3216  (cls 0.6222 bbox 0.6995)  1.39 it/s  gpu_mem=22263 MB
  iter 2000/5914  loss=1.0719  (cls 0.5266 bbox 0.5454)  1.39 it/s  gpu_mem=22263 MB
  iter 2100/5914  loss=0.9931  (cls 0.4970 bbox 0.4961)  1.39 it/s  gpu_mem=22263 MB
  iter 2200/5914  loss=1.1804  (cls 0.6143 bbox 0.5661)  1.39 it/s  gpu_mem=22263 MB
  iter 2300/5914  loss=1.4092  (cls 0.6401 bbox 0.7691)  1.39 it/s  gpu_mem=22263 MB
  iter 2400/5914  loss=1.0048  (cls 0.5808 bbox 0.4241)  1.39 it/s  gpu_mem=22263 MB
  iter 2500/5914  loss=1.1840  (cls 0.6274 bbox 0.5566)  1.39 it/s  gpu_mem=22263 MB
  iter 2600/5914  loss=1.2102  (cls 0.6013 bbox 0.6089)  1.39 it/s  gpu_mem=22263 MB
  iter 2700/5914  loss=1.0704  (cls 0.5879 bbox 0.4825)  1.39 it/s  gpu_mem=22263 MB
  iter 2800/5914  loss=1.1380  (cls 0.5451 bbox 0.5929)  1.39 it/s  gpu_mem=22263 MB
  iter 2900/5914  loss=1.2095  (cls 0.6092 bbox 0.6003)  1.39 it/s  gpu_mem=22263 MB
  iter 3000/5914  loss=1.1200  (cls 0.5850 bbox 0.5350)  1.39 it/s  gpu_mem=22263 MB
  iter 3100/5914  loss=1.2902  (cls 0.6102 bbox 0.6800)  1.39 it/s  gpu_mem=22263 MB
  iter 3200/5914  loss=1.3040  (cls 0.5313 bbox 0.7727)  1.39 it/s  gpu_mem=22263 MB
  iter 3300/5914  loss=1.1029  (cls 0.5672 bbox 0.5356)  1.39 it/s  gpu_mem=22263 MB
  iter 3400/5914  loss=1.1963  (cls 0.6073 bbox 0.5891)  1.39 it/s  gpu_mem=22263 MB
  iter 3500/5914  loss=1.2445  (cls 0.6761 bbox 0.5685)  1.39 it/s  gpu_mem=22263 MB
  iter 3600/5914  loss=1.5146  (cls 0.6985 bbox 0.8162)  1.39 it/s  gpu_mem=22263 MB
  iter 3700/5914  loss=1.1022  (cls 0.5781 bbox 0.5240)  1.39 it/s  gpu_mem=22263 MB
  iter 3800/5914  loss=1.1065  (cls 0.5275 bbox 0.5791)  1.39 it/s  gpu_mem=22263 MB
  iter 3900/5914  loss=1.2330  (cls 0.6342 bbox 0.5988)  1.39 it/s  gpu_mem=22263 MB
  iter 4000/5914  loss=1.0289  (cls 0.5212 bbox 0.5076)  1.39 it/s  gpu_mem=22263 MB
  iter 4100/5914  loss=1.1089  (cls 0.4992 bbox 0.6097)  1.39 it/s  gpu_mem=22263 MB
  iter 4200/5914  loss=1.2821  (cls 0.5343 bbox 0.7478)  1.39 it/s  gpu_mem=22263 MB
  iter 4300/5914  loss=1.0874  (cls 0.5772 bbox 0.5102)  1.39 it/s  gpu_mem=22263 MB
  iter 4400/5914  loss=0.9959  (cls 0.5300 bbox 0.4660)  1.39 it/s  gpu_mem=22263 MB
  iter 4500/5914  loss=1.2131  (cls 0.5772 bbox 0.6359)  1.39 it/s  gpu_mem=22263 MB
  iter 4600/5914  loss=1.3208  (cls 0.7045 bbox 0.6163)  1.39 it/s  gpu_mem=22263 MB
  iter 4700/5914  loss=1.0133  (cls 0.5927 bbox 0.4207)  1.39 it/s  gpu_mem=22263 MB
  iter 4800/5914  loss=1.1340  (cls 0.5511 bbox 0.5829)  1.39 it/s  gpu_mem=22263 MB
  iter 4900/5914  loss=1.1028  (cls 0.5318 bbox 0.5710)  1.39 it/s  gpu_mem=22263 MB
  iter 5000/5914  loss=1.3032  (cls 0.6364 bbox 0.6667)  1.39 it/s  gpu_mem=22263 MB
  iter 5100/5914  loss=1.1661  (cls 0.6043 bbox 0.5618)  1.39 it/s  gpu_mem=22263 MB
  iter 5200/5914  loss=1.1698  (cls 0.5820 bbox 0.5879)  1.39 it/s  gpu_mem=22263 MB
  iter 5300/5914  loss=1.2327  (cls 0.5714 bbox 0.6613)  1.39 it/s  gpu_mem=22263 MB
  iter 5400/5914  loss=1.0665  (cls 0.5171 bbox 0.5495)  1.39 it/s  gpu_mem=22263 MB
  iter 5500/5914  loss=1.1426  (cls 0.6231 bbox 0.5195)  1.39 it/s  gpu_mem=22263 MB
  iter 5600/5914  loss=1.0318  (cls 0.5371 bbox 0.4947)  1.39 it/s  gpu_mem=22263 MB
  iter 5700/5914  loss=1.2521  (cls 0.5675 bbox 0.6846)  1.39 it/s  gpu_mem=22263 MB
  iter 5800/5914  loss=1.2145  (cls 0.6319 bbox 0.5826)  1.39 it/s  gpu_mem=22263 MB
  iter 5900/5914  loss=1.0907  (cls 0.5574 bbox 0.5334)  1.39 it/s  gpu_mem=22263 MB
Epoch 3 train | total=1.2053 cls=0.5939 bbox=0.6114 | LR bb=2.83e-05 head=2.83e-04 | 5914 batches in 4248.7s
Epoch 3 eval | mAP@50=0.109  mAP@[.5:.95]=0.052
>> Best saved at epoch 3 (mAP@50: 0.109)
  iter 0/5914  loss=1.2254  (cls 0.5695 bbox 0.6559)  0.51 it/s  gpu_mem=22263 MB
  iter 100/5914  loss=1.2604  (cls 0.6446 bbox 0.6158)  1.36 it/s  gpu_mem=22263 MB
  iter 200/5914  loss=1.0116  (cls 0.5074 bbox 0.5042)  1.38 it/s  gpu_mem=22263 MB
  iter 300/5914  loss=1.1810  (cls 0.5955 bbox 0.5855)  1.38 it/s  gpu_mem=22263 MB
  iter 400/5914  loss=1.3876  (cls 0.6896 bbox 0.6980)  1.38 it/s  gpu_mem=22263 MB
  iter 500/5914  loss=1.0140  (cls 0.5516 bbox 0.4624)  1.38 it/s  gpu_mem=22263 MB
  iter 600/5914  loss=1.0789  (cls 0.6148 bbox 0.4642)  1.38 it/s  gpu_mem=22263 MB
  iter 700/5914  loss=1.2466  (cls 0.6032 bbox 0.6434)  1.39 it/s  gpu_mem=22263 MB
  iter 800/5914  loss=1.1997  (cls 0.5675 bbox 0.6322)  1.39 it/s  gpu_mem=22263 MB
  iter 900/5914  loss=1.1876  (cls 0.5434 bbox 0.6442)  1.39 it/s  gpu_mem=22263 MB
  iter 1000/5914  loss=1.4943  (cls 0.6930 bbox 0.8013)  1.39 it/s  gpu_mem=22263 MB
  iter 1100/5914  loss=1.0270  (cls 0.5509 bbox 0.4761)  1.39 it/s  gpu_mem=22263 MB
  iter 1200/5914  loss=1.2934  (cls 0.6848 bbox 0.6087)  1.39 it/s  gpu_mem=22263 MB
  iter 1300/5914  loss=1.2033  (cls 0.5663 bbox 0.6369)  1.39 it/s  gpu_mem=22263 MB
  iter 1400/5914  loss=1.1583  (cls 0.6197 bbox 0.5387)  1.39 it/s  gpu_mem=22263 MB
  iter 1500/5914  loss=1.1250  (cls 0.6239 bbox 0.5011)  1.39 it/s  gpu_mem=22263 MB
  iter 1600/5914  loss=1.0168  (cls 0.5594 bbox 0.4574)  1.39 it/s  gpu_mem=22263 MB
  iter 1700/5914  loss=1.0865  (cls 0.5619 bbox 0.5246)  1.39 it/s  gpu_mem=22263 MB
  iter 1800/5914  loss=1.0663  (cls 0.5321 bbox 0.5343)  1.39 it/s  gpu_mem=22263 MB
  iter 1900/5914  loss=1.2001  (cls 0.6597 bbox 0.5404)  1.39 it/s  gpu_mem=22263 MB
  iter 2000/5914  loss=1.1465  (cls 0.6092 bbox 0.5374)  1.39 it/s  gpu_mem=22263 MB
  iter 2100/5914  loss=1.1018  (cls 0.6063 bbox 0.4955)  1.39 it/s  gpu_mem=22263 MB
  iter 2200/5914  loss=1.0887  (cls 0.5593 bbox 0.5294)  1.39 it/s  gpu_mem=22263 MB
  iter 2300/5914  loss=1.3469  (cls 0.5546 bbox 0.7923)  1.39 it/s  gpu_mem=22263 MB
  iter 2400/5914  loss=1.0529  (cls 0.5378 bbox 0.5150)  1.39 it/s  gpu_mem=22263 MB
  iter 2500/5914  loss=1.0870  (cls 0.5527 bbox 0.5343)  1.39 it/s  gpu_mem=22263 MB
  iter 2600/5914  loss=1.3151  (cls 0.5939 bbox 0.7212)  1.39 it/s  gpu_mem=22263 MB
  iter 2700/5914  loss=1.3098  (cls 0.5986 bbox 0.7112)  1.39 it/s  gpu_mem=22263 MB
  iter 2800/5914  loss=1.0023  (cls 0.5511 bbox 0.4512)  1.39 it/s  gpu_mem=22263 MB
  iter 2900/5914  loss=1.0748  (cls 0.5111 bbox 0.5637)  1.39 it/s  gpu_mem=22263 MB
  iter 3000/5914  loss=1.3011  (cls 0.5755 bbox 0.7256)  1.39 it/s  gpu_mem=22263 MB
  iter 3100/5914  loss=1.0771  (cls 0.5420 bbox 0.5351)  1.39 it/s  gpu_mem=22263 MB
  iter 3200/5914  loss=1.1427  (cls 0.4938 bbox 0.6489)  1.39 it/s  gpu_mem=22263 MB
  iter 3300/5914  loss=1.0937  (cls 0.5592 bbox 0.5345)  1.39 it/s  gpu_mem=22263 MB
  iter 3400/5914  loss=1.3668  (cls 0.6857 bbox 0.6811)  1.39 it/s  gpu_mem=22263 MB
  iter 3500/5914  loss=0.9585  (cls 0.4958 bbox 0.4627)  1.39 it/s  gpu_mem=22263 MB
  iter 3600/5914  loss=1.1362  (cls 0.5808 bbox 0.5554)  1.39 it/s  gpu_mem=22263 MB
  iter 3700/5914  loss=1.2164  (cls 0.6333 bbox 0.5831)  1.39 it/s  gpu_mem=22263 MB
  iter 3800/5914  loss=0.9304  (cls 0.4776 bbox 0.4528)  1.39 it/s  gpu_mem=22263 MB
  iter 3900/5914  loss=1.1200  (cls 0.5513 bbox 0.5686)  1.39 it/s  gpu_mem=22263 MB
  iter 4000/5914  loss=1.2583  (cls 0.5428 bbox 0.7155)  1.39 it/s  gpu_mem=22263 MB
  iter 4100/5914  loss=1.0288  (cls 0.5399 bbox 0.4889)  1.39 it/s  gpu_mem=22263 MB
  iter 4200/5914  loss=1.0879  (cls 0.5526 bbox 0.5353)  1.39 it/s  gpu_mem=22263 MB
  iter 4300/5914  loss=1.0554  (cls 0.5213 bbox 0.5341)  1.39 it/s  gpu_mem=22263 MB
  iter 4400/5914  loss=1.1609  (cls 0.6009 bbox 0.5600)  1.39 it/s  gpu_mem=22263 MB
  iter 4500/5914  loss=1.1084  (cls 0.5672 bbox 0.5412)  1.39 it/s  gpu_mem=22263 MB
  iter 4600/5914  loss=1.1331  (cls 0.5292 bbox 0.6040)  1.39 it/s  gpu_mem=22263 MB
  iter 4700/5914  loss=1.2731  (cls 0.6139 bbox 0.6592)  1.39 it/s  gpu_mem=22263 MB
  iter 4800/5914  loss=1.1001  (cls 0.5615 bbox 0.5386)  1.39 it/s  gpu_mem=22263 MB
  iter 4900/5914  loss=1.1990  (cls 0.5311 bbox 0.6679)  1.39 it/s  gpu_mem=22263 MB
  iter 5000/5914  loss=1.1889  (cls 0.5505 bbox 0.6384)  1.39 it/s  gpu_mem=22263 MB
  iter 5100/5914  loss=0.9958  (cls 0.5102 bbox 0.4856)  1.39 it/s  gpu_mem=22263 MB
  iter 5200/5914  loss=1.1061  (cls 0.5334 bbox 0.5727)  1.39 it/s  gpu_mem=22263 MB
  iter 5300/5914  loss=1.2633  (cls 0.5828 bbox 0.6805)  1.39 it/s  gpu_mem=22263 MB
  iter 5400/5914  loss=1.1162  (cls 0.6118 bbox 0.5044)  1.39 it/s  gpu_mem=22263 MB
  iter 5500/5914  loss=1.2068  (cls 0.5500 bbox 0.6568)  1.39 it/s  gpu_mem=22263 MB
  iter 5600/5914  loss=1.1992  (cls 0.6193 bbox 0.5798)  1.39 it/s  gpu_mem=22263 MB
  iter 5700/5914  loss=1.3792  (cls 0.5841 bbox 0.7952)  1.39 it/s  gpu_mem=22263 MB
  iter 5800/5914  loss=1.1313  (cls 0.5946 bbox 0.5367)  1.39 it/s  gpu_mem=22263 MB
  iter 5900/5914  loss=1.3472  (cls 0.6013 bbox 0.7459)  1.39 it/s  gpu_mem=22263 MB
Epoch 4 train | total=1.1752 cls=0.5753 bbox=0.5999 | LR bb=2.62e-05 head=2.62e-04 | 5914 batches in 4245.4s
Epoch 4 eval | mAP@50=0.120  mAP@[.5:.95]=0.057
>> Best saved at epoch 4 (mAP@50: 0.120)
  iter 0/5914  loss=1.1758  (cls 0.5013 bbox 0.6745)  0.45 it/s  gpu_mem=22263 MB
  iter 100/5914  loss=1.0016  (cls 0.5263 bbox 0.4754)  1.37 it/s  gpu_mem=22263 MB
  iter 200/5914  loss=1.0077  (cls 0.5622 bbox 0.4455)  1.38 it/s  gpu_mem=22263 MB
  iter 300/5914  loss=1.1874  (cls 0.5941 bbox 0.5933)  1.38 it/s  gpu_mem=22263 MB
  iter 400/5914  loss=0.9766  (cls 0.5198 bbox 0.4568)  1.39 it/s  gpu_mem=22263 MB
  iter 500/5914  loss=1.4544  (cls 0.6723 bbox 0.7821)  1.39 it/s  gpu_mem=22263 MB
  iter 600/5914  loss=1.2630  (cls 0.5997 bbox 0.6634)  1.39 it/s  gpu_mem=22263 MB
  iter 700/5914  loss=1.1945  (cls 0.5574 bbox 0.6372)  1.39 it/s  gpu_mem=22263 MB
  iter 800/5914  loss=0.9496  (cls 0.4868 bbox 0.4628)  1.39 it/s  gpu_mem=22263 MB
  iter 900/5914  loss=0.9550  (cls 0.5304 bbox 0.4245)  1.39 it/s  gpu_mem=22263 MB
  iter 1000/5914  loss=1.3359  (cls 0.6775 bbox 0.6583)  1.39 it/s  gpu_mem=22263 MB
  iter 1100/5914  loss=1.2510  (cls 0.5601 bbox 0.6908)  1.39 it/s  gpu_mem=22263 MB
  iter 1200/5914  loss=1.1754  (cls 0.5119 bbox 0.6635)  1.39 it/s  gpu_mem=22263 MB
  iter 1300/5914  loss=1.2165  (cls 0.5675 bbox 0.6489)  1.39 it/s  gpu_mem=22263 MB
  iter 1400/5914  loss=1.0173  (cls 0.5286 bbox 0.4887)  1.39 it/s  gpu_mem=22263 MB
  iter 1500/5914  loss=1.0626  (cls 0.4793 bbox 0.5833)  1.39 it/s  gpu_mem=22263 MB
  iter 1600/5914  loss=1.2673  (cls 0.5865 bbox 0.6807)  1.39 it/s  gpu_mem=22263 MB
  iter 1700/5914  loss=1.1810  (cls 0.6108 bbox 0.5702)  1.39 it/s  gpu_mem=22263 MB
  iter 1800/5914  loss=1.1179  (cls 0.5826 bbox 0.5353)  1.39 it/s  gpu_mem=22263 MB
  iter 1900/5914  loss=1.0490  (cls 0.5304 bbox 0.5185)  1.39 it/s  gpu_mem=22263 MB
  iter 2000/5914  loss=1.0163  (cls 0.5058 bbox 0.5105)  1.39 it/s  gpu_mem=22263 MB
  iter 2100/5914  loss=1.3867  (cls 0.5990 bbox 0.7877)  1.39 it/s  gpu_mem=22263 MB
  iter 2200/5914  loss=1.1190  (cls 0.5555 bbox 0.5635)  1.39 it/s  gpu_mem=22263 MB
  iter 2300/5914  loss=1.2327  (cls 0.5321 bbox 0.7006)  1.39 it/s  gpu_mem=22263 MB
  iter 2400/5914  loss=1.1189  (cls 0.5596 bbox 0.5593)  1.39 it/s  gpu_mem=22263 MB
  iter 2500/5914  loss=1.2767  (cls 0.6649 bbox 0.6118)  1.39 it/s  gpu_mem=22263 MB
  iter 2600/5914  loss=1.1207  (cls 0.5791 bbox 0.5416)  1.39 it/s  gpu_mem=22263 MB
  iter 2700/5914  loss=1.1351  (cls 0.5269 bbox 0.6082)  1.39 it/s  gpu_mem=22263 MB
  iter 2800/5914  loss=1.0914  (cls 0.5689 bbox 0.5225)  1.39 it/s  gpu_mem=22263 MB
  iter 2900/5914  loss=1.0535  (cls 0.5455 bbox 0.5080)  1.39 it/s  gpu_mem=22263 MB
  iter 3000/5914  loss=1.2854  (cls 0.6033 bbox 0.6821)  1.39 it/s  gpu_mem=22263 MB
  iter 3100/5914  loss=1.2524  (cls 0.5923 bbox 0.6601)  1.39 it/s  gpu_mem=22263 MB
  iter 3200/5914  loss=1.2577  (cls 0.5896 bbox 0.6681)  1.39 it/s  gpu_mem=22263 MB
  iter 3300/5914  loss=1.1583  (cls 0.4816 bbox 0.6767)  1.39 it/s  gpu_mem=22263 MB
  iter 3400/5914  loss=1.2891  (cls 0.6246 bbox 0.6644)  1.39 it/s  gpu_mem=22263 MB
  iter 3500/5914  loss=1.0586  (cls 0.5445 bbox 0.5141)  1.39 it/s  gpu_mem=22263 MB
  iter 3600/5914  loss=1.1238  (cls 0.5834 bbox 0.5404)  1.39 it/s  gpu_mem=22263 MB
  iter 3700/5914  loss=1.0406  (cls 0.5347 bbox 0.5059)  1.39 it/s  gpu_mem=22263 MB
  iter 3800/5914  loss=0.9376  (cls 0.4810 bbox 0.4566)  1.39 it/s  gpu_mem=22263 MB
  iter 3900/5914  loss=1.2543  (cls 0.6486 bbox 0.6057)  1.39 it/s  gpu_mem=22263 MB
  iter 4000/5914  loss=1.3877  (cls 0.6069 bbox 0.7807)  1.39 it/s  gpu_mem=22263 MB
  iter 4100/5914  loss=1.0773  (cls 0.6180 bbox 0.4592)  1.39 it/s  gpu_mem=22263 MB
  iter 4200/5914  loss=0.9780  (cls 0.5177 bbox 0.4603)  1.39 it/s  gpu_mem=22263 MB
  iter 4300/5914  loss=0.9698  (cls 0.4620 bbox 0.5078)  1.39 it/s  gpu_mem=22263 MB
  iter 4400/5914  loss=1.2694  (cls 0.6330 bbox 0.6363)  1.39 it/s  gpu_mem=22263 MB
  iter 4500/5914  loss=1.0028  (cls 0.5016 bbox 0.5013)  1.39 it/s  gpu_mem=22263 MB
  iter 4600/5914  loss=0.9650  (cls 0.4703 bbox 0.4947)  1.39 it/s  gpu_mem=22263 MB
  iter 4700/5914  loss=1.1746  (cls 0.6154 bbox 0.5592)  1.39 it/s  gpu_mem=22263 MB
  iter 4800/5914  loss=1.1285  (cls 0.5114 bbox 0.6171)  1.39 it/s  gpu_mem=22263 MB
  iter 4900/5914  loss=1.0717  (cls 0.5714 bbox 0.5003)  1.39 it/s  gpu_mem=22263 MB
  iter 5000/5914  loss=1.4927  (cls 0.5810 bbox 0.9117)  1.39 it/s  gpu_mem=22263 MB
  iter 5100/5914  loss=1.0683  (cls 0.5544 bbox 0.5139)  1.39 it/s  gpu_mem=22263 MB
  iter 5200/5914  loss=1.1968  (cls 0.5531 bbox 0.6436)  1.39 it/s  gpu_mem=22263 MB
  iter 5300/5914  loss=1.3805  (cls 0.6309 bbox 0.7495)  1.39 it/s  gpu_mem=22263 MB
  iter 5400/5914  loss=0.8369  (cls 0.4545 bbox 0.3824)  1.39 it/s  gpu_mem=22263 MB
  iter 5500/5914  loss=1.1988  (cls 0.5236 bbox 0.6752)  1.39 it/s  gpu_mem=22263 MB
  iter 5600/5914  loss=1.2451  (cls 0.4806 bbox 0.7645)  1.39 it/s  gpu_mem=22263 MB
  iter 5700/5914  loss=1.1577  (cls 0.5584 bbox 0.5993)  1.39 it/s  gpu_mem=22263 MB
  iter 5800/5914  loss=1.0157  (cls 0.5288 bbox 0.4869)  1.39 it/s  gpu_mem=22263 MB
  iter 5900/5914  loss=1.1184  (cls 0.5485 bbox 0.5699)  1.39 it/s  gpu_mem=22263 MB
Epoch 5 train | total=1.1478 cls=0.5589 bbox=0.5889 | LR bb=2.35e-05 head=2.35e-04 | 5914 batches in 4252.3s
Epoch 5 eval | mAP@50=0.125  mAP@[.5:.95]=0.061
>> Best saved at epoch 5 (mAP@50: 0.125)
  iter 0/5914  loss=0.9868  (cls 0.4966 bbox 0.4903)  0.36 it/s  gpu_mem=22263 MB
  iter 100/5914  loss=1.1193  (cls 0.4974 bbox 0.6219)  1.35 it/s  gpu_mem=22263 MB
  iter 200/5914  loss=1.0746  (cls 0.5511 bbox 0.5235)  1.37 it/s  gpu_mem=22263 MB
  iter 300/5914  loss=1.0279  (cls 0.4858 bbox 0.5421)  1.38 it/s  gpu_mem=22263 MB
  iter 400/5914  loss=1.1753  (cls 0.5597 bbox 0.6156)  1.38 it/s  gpu_mem=22263 MB
  iter 500/5914  loss=1.1044  (cls 0.5020 bbox 0.6024)  1.38 it/s  gpu_mem=22263 MB
  iter 600/5914  loss=1.2355  (cls 0.5362 bbox 0.6992)  1.38 it/s  gpu_mem=22263 MB
  iter 700/5914  loss=1.1288  (cls 0.5404 bbox 0.5884)  1.38 it/s  gpu_mem=22263 MB
  iter 800/5914  loss=1.1670  (cls 0.5806 bbox 0.5864)  1.38 it/s  gpu_mem=22263 MB
  iter 900/5914  loss=0.9245  (cls 0.4591 bbox 0.4654)  1.38 it/s  gpu_mem=22263 MB
  iter 1000/5914  loss=1.0964  (cls 0.5190 bbox 0.5775)  1.38 it/s  gpu_mem=22263 MB
  iter 1100/5914  loss=1.1057  (cls 0.5430 bbox 0.5627)  1.39 it/s  gpu_mem=22263 MB
  iter 1200/5914  loss=0.9210  (cls 0.5008 bbox 0.4202)  1.39 it/s  gpu_mem=22263 MB
  iter 1300/5914  loss=1.0889  (cls 0.5186 bbox 0.5702)  1.39 it/s  gpu_mem=22263 MB
  iter 1400/5914  loss=1.2349  (cls 0.5546 bbox 0.6803)  1.39 it/s  gpu_mem=22263 MB
  iter 1500/5914  loss=0.9134  (cls 0.4740 bbox 0.4394)  1.39 it/s  gpu_mem=22263 MB
  iter 1600/5914  loss=1.2633  (cls 0.5251 bbox 0.7382)  1.39 it/s  gpu_mem=22263 MB
  iter 1700/5914  loss=0.9781  (cls 0.5086 bbox 0.4695)  1.39 it/s  gpu_mem=22263 MB
  iter 1800/5914  loss=1.0481  (cls 0.4652 bbox 0.5829)  1.39 it/s  gpu_mem=22263 MB
  iter 1900/5914  loss=1.2420  (cls 0.7134 bbox 0.5286)  1.39 it/s  gpu_mem=22263 MB
  iter 2000/5914  loss=1.1295  (cls 0.4760 bbox 0.6535)  1.39 it/s  gpu_mem=22263 MB
  iter 2100/5914  loss=1.2278  (cls 0.5797 bbox 0.6481)  1.39 it/s  gpu_mem=22263 MB
  iter 2200/5914  loss=1.0003  (cls 0.5333 bbox 0.4670)  1.39 it/s  gpu_mem=22263 MB
  iter 2300/5914  loss=0.9841  (cls 0.5346 bbox 0.4495)  1.39 it/s  gpu_mem=22263 MB
  iter 2400/5914  loss=1.0234  (cls 0.5087 bbox 0.5147)  1.39 it/s  gpu_mem=22263 MB
  iter 2500/5914  loss=1.1481  (cls 0.5353 bbox 0.6128)  1.39 it/s  gpu_mem=22263 MB
  iter 2600/5914  loss=1.0611  (cls 0.4900 bbox 0.5711)  1.39 it/s  gpu_mem=22263 MB
  iter 2700/5914  loss=1.0276  (cls 0.4911 bbox 0.5365)  1.39 it/s  gpu_mem=22263 MB
  iter 2800/5914  loss=1.3570  (cls 0.6296 bbox 0.7273)  1.39 it/s  gpu_mem=22263 MB
  iter 2900/5914  loss=0.9890  (cls 0.5123 bbox 0.4768)  1.39 it/s  gpu_mem=22263 MB
  iter 3000/5914  loss=1.1294  (cls 0.5496 bbox 0.5798)  1.39 it/s  gpu_mem=22263 MB
  iter 3100/5914  loss=0.9891  (cls 0.5023 bbox 0.4868)  1.39 it/s  gpu_mem=22263 MB
  iter 3200/5914  loss=1.1864  (cls 0.5205 bbox 0.6659)  1.39 it/s  gpu_mem=22263 MB
  iter 3300/5914  loss=1.2977  (cls 0.5489 bbox 0.7488)  1.39 it/s  gpu_mem=22263 MB
  iter 3400/5914  loss=1.1160  (cls 0.6132 bbox 0.5029)  1.39 it/s  gpu_mem=22263 MB
  iter 3500/5914  loss=1.0938  (cls 0.5362 bbox 0.5576)  1.39 it/s  gpu_mem=22263 MB
  iter 3600/5914  loss=1.2669  (cls 0.6365 bbox 0.6304)  1.39 it/s  gpu_mem=22263 MB
  iter 3700/5914  loss=1.2002  (cls 0.5522 bbox 0.6480)  1.39 it/s  gpu_mem=22263 MB
  iter 3800/5914  loss=0.9658  (cls 0.4922 bbox 0.4736)  1.39 it/s  gpu_mem=22263 MB
  iter 3900/5914  loss=0.9817  (cls 0.5030 bbox 0.4787)  1.39 it/s  gpu_mem=22263 MB
  iter 4000/5914  loss=1.0062  (cls 0.4524 bbox 0.5538)  1.39 it/s  gpu_mem=22263 MB
  iter 4100/5914  loss=1.2765  (cls 0.5852 bbox 0.6913)  1.39 it/s  gpu_mem=22263 MB
  iter 4200/5914  loss=1.2623  (cls 0.5175 bbox 0.7448)  1.39 it/s  gpu_mem=22263 MB
  iter 4300/5914  loss=1.2383  (cls 0.5370 bbox 0.7013)  1.39 it/s  gpu_mem=22263 MB
  iter 4400/5914  loss=1.2433  (cls 0.5856 bbox 0.6577)  1.39 it/s  gpu_mem=22263 MB
  iter 4500/5914  loss=1.1760  (cls 0.6643 bbox 0.5117)  1.39 it/s  gpu_mem=22263 MB
  iter 4600/5914  loss=1.0036  (cls 0.5122 bbox 0.4914)  1.39 it/s  gpu_mem=22263 MB
  iter 4700/5914  loss=0.9948  (cls 0.5112 bbox 0.4836)  1.39 it/s  gpu_mem=22263 MB
  iter 4800/5914  loss=1.1056  (cls 0.5585 bbox 0.5471)  1.39 it/s  gpu_mem=22263 MB
  iter 4900/5914  loss=1.0495  (cls 0.5282 bbox 0.5213)  1.39 it/s  gpu_mem=22263 MB
  iter 5000/5914  loss=1.1928  (cls 0.6368 bbox 0.5560)  1.39 it/s  gpu_mem=22263 MB
  iter 5100/5914  loss=1.0533  (cls 0.6127 bbox 0.4406)  1.39 it/s  gpu_mem=22263 MB
  iter 5200/5914  loss=1.1980  (cls 0.5839 bbox 0.6141)  1.39 it/s  gpu_mem=22263 MB
  iter 5300/5914  loss=1.2531  (cls 0.6385 bbox 0.6146)  1.39 it/s  gpu_mem=22263 MB
  iter 5400/5914  loss=1.3341  (cls 0.5999 bbox 0.7342)  1.39 it/s  gpu_mem=22263 MB
  iter 5500/5914  loss=1.1993  (cls 0.5662 bbox 0.6331)  1.39 it/s  gpu_mem=22263 MB
  iter 5600/5914  loss=1.0297  (cls 0.5065 bbox 0.5232)  1.39 it/s  gpu_mem=22263 MB
  iter 5700/5914  loss=1.0691  (cls 0.4487 bbox 0.6204)  1.39 it/s  gpu_mem=22263 MB
  iter 5800/5914  loss=1.2580  (cls 0.5984 bbox 0.6596)  1.39 it/s  gpu_mem=22263 MB
  iter 5900/5914  loss=1.1011  (cls 0.5066 bbox 0.5945)  1.39 it/s  gpu_mem=22263 MB
Epoch 6 train | total=1.1231 cls=0.5435 bbox=0.5797 | LR bb=2.03e-05 head=2.03e-04 | 5914 batches in 4241.6s
Epoch 6 eval | mAP@50=0.134  mAP@[.5:.95]=0.066
>> Best saved at epoch 6 (mAP@50: 0.134)
  iter 0/5914  loss=0.8777  (cls 0.4524 bbox 0.4252)  0.42 it/s  gpu_mem=22263 MB
  iter 100/5914  loss=0.8556  (cls 0.4410 bbox 0.4147)  1.37 it/s  gpu_mem=22263 MB
  iter 200/5914  loss=1.1795  (cls 0.5330 bbox 0.6465)  1.38 it/s  gpu_mem=22263 MB
  iter 300/5914  loss=1.0901  (cls 0.5278 bbox 0.5623)  1.38 it/s  gpu_mem=22263 MB
  iter 400/5914  loss=1.1323  (cls 0.4886 bbox 0.6437)  1.39 it/s  gpu_mem=22263 MB
  iter 500/5914  loss=1.1184  (cls 0.5743 bbox 0.5441)  1.39 it/s  gpu_mem=22263 MB
  iter 600/5914  loss=1.0494  (cls 0.4862 bbox 0.5631)  1.39 it/s  gpu_mem=22263 MB
  iter 700/5914  loss=0.8675  (cls 0.4408 bbox 0.4267)  1.39 it/s  gpu_mem=22263 MB
  iter 800/5914  loss=1.1514  (cls 0.5495 bbox 0.6019)  1.39 it/s  gpu_mem=22263 MB
  iter 900/5914  loss=1.3293  (cls 0.6300 bbox 0.6993)  1.39 it/s  gpu_mem=22263 MB
  iter 1000/5914  loss=0.9602  (cls 0.5024 bbox 0.4578)  1.39 it/s  gpu_mem=22263 MB
  iter 1100/5914  loss=1.1069  (cls 0.5286 bbox 0.5783)  1.39 it/s  gpu_mem=22263 MB
  iter 1200/5914  loss=1.2498  (cls 0.5811 bbox 0.6687)  1.39 it/s  gpu_mem=22263 MB
  iter 1300/5914  loss=1.0741  (cls 0.5663 bbox 0.5079)  1.39 it/s  gpu_mem=22263 MB
  iter 1400/5914  loss=1.1196  (cls 0.5375 bbox 0.5822)  1.39 it/s  gpu_mem=22263 MB
  iter 1500/5914  loss=1.0730  (cls 0.4914 bbox 0.5815)  1.39 it/s  gpu_mem=22263 MB
  iter 1600/5914  loss=1.0678  (cls 0.5206 bbox 0.5472)  1.39 it/s  gpu_mem=22263 MB
  iter 1700/5914  loss=1.2048  (cls 0.5224 bbox 0.6824)  1.39 it/s  gpu_mem=22263 MB
  iter 1800/5914  loss=1.0238  (cls 0.5308 bbox 0.4930)  1.39 it/s  gpu_mem=22263 MB
  iter 1900/5914  loss=1.2432  (cls 0.5651 bbox 0.6780)  1.39 it/s  gpu_mem=22263 MB
  iter 2000/5914  loss=1.1182  (cls 0.5356 bbox 0.5826)  1.39 it/s  gpu_mem=22263 MB
  iter 2100/5914  loss=1.1416  (cls 0.6087 bbox 0.5329)  1.39 it/s  gpu_mem=22263 MB
  iter 2200/5914  loss=1.0067  (cls 0.4903 bbox 0.5164)  1.39 it/s  gpu_mem=22263 MB
  iter 2300/5914  loss=1.1389  (cls 0.5607 bbox 0.5782)  1.39 it/s  gpu_mem=22263 MB
  iter 2400/5914  loss=1.0663  (cls 0.4943 bbox 0.5720)  1.39 it/s  gpu_mem=22263 MB
  iter 2500/5914  loss=0.9692  (cls 0.5657 bbox 0.4035)  1.39 it/s  gpu_mem=22263 MB
  iter 2600/5914  loss=1.3625  (cls 0.6176 bbox 0.7449)  1.39 it/s  gpu_mem=22263 MB
  iter 2700/5914  loss=1.0799  (cls 0.5440 bbox 0.5359)  1.39 it/s  gpu_mem=22263 MB
  iter 2800/5914  loss=1.2879  (cls 0.7350 bbox 0.5528)  1.39 it/s  gpu_mem=22263 MB
  iter 2900/5914  loss=1.1920  (cls 0.5653 bbox 0.6267)  1.39 it/s  gpu_mem=22263 MB
  iter 3000/5914  loss=1.2213  (cls 0.5319 bbox 0.6895)  1.39 it/s  gpu_mem=22263 MB
  iter 3100/5914  loss=1.1493  (cls 0.5033 bbox 0.6460)  1.39 it/s  gpu_mem=22263 MB
  iter 3200/5914  loss=1.1410  (cls 0.4918 bbox 0.6492)  1.39 it/s  gpu_mem=22263 MB
  iter 3300/5914  loss=1.0047  (cls 0.4567 bbox 0.5479)  1.39 it/s  gpu_mem=22263 MB
  iter 3400/5914  loss=1.2497  (cls 0.5990 bbox 0.6507)  1.39 it/s  gpu_mem=22263 MB
  iter 3500/5914  loss=1.2068  (cls 0.5586 bbox 0.6481)  1.39 it/s  gpu_mem=22263 MB
  iter 3600/5914  loss=1.0355  (cls 0.5737 bbox 0.4618)  1.39 it/s  gpu_mem=22263 MB
  iter 3700/5914  loss=1.0469  (cls 0.5320 bbox 0.5149)  1.39 it/s  gpu_mem=22263 MB
  iter 3800/5914  loss=0.9247  (cls 0.4738 bbox 0.4509)  1.39 it/s  gpu_mem=22263 MB
  iter 3900/5914  loss=1.3709  (cls 0.6833 bbox 0.6876)  1.39 it/s  gpu_mem=22263 MB
  iter 4000/5914  loss=1.0799  (cls 0.5326 bbox 0.5473)  1.39 it/s  gpu_mem=22263 MB
  iter 4100/5914  loss=1.2351  (cls 0.5400 bbox 0.6951)  1.39 it/s  gpu_mem=22263 MB
  iter 4200/5914  loss=1.1892  (cls 0.5261 bbox 0.6632)  1.39 it/s  gpu_mem=22263 MB
  iter 4300/5914  loss=1.2131  (cls 0.5991 bbox 0.6139)  1.39 it/s  gpu_mem=22263 MB
  iter 4400/5914  loss=1.1289  (cls 0.5948 bbox 0.5341)  1.39 it/s  gpu_mem=22263 MB
  iter 4500/5914  loss=1.2685  (cls 0.6217 bbox 0.6468)  1.39 it/s  gpu_mem=22263 MB
  iter 4600/5914  loss=0.9461  (cls 0.4669 bbox 0.4791)  1.39 it/s  gpu_mem=22263 MB
  iter 4700/5914  loss=1.2369  (cls 0.5789 bbox 0.6581)  1.39 it/s  gpu_mem=22263 MB
  iter 4800/5914  loss=0.9618  (cls 0.5189 bbox 0.4429)  1.39 it/s  gpu_mem=22263 MB
  iter 4900/5914  loss=1.0250  (cls 0.4855 bbox 0.5396)  1.39 it/s  gpu_mem=22263 MB
  iter 5000/5914  loss=1.2553  (cls 0.5821 bbox 0.6732)  1.39 it/s  gpu_mem=22263 MB
  iter 5100/5914  loss=1.0147  (cls 0.5080 bbox 0.5068)  1.39 it/s  gpu_mem=22263 MB
  iter 5200/5914  loss=1.1403  (cls 0.5511 bbox 0.5891)  1.39 it/s  gpu_mem=22263 MB
  iter 5300/5914  loss=1.2294  (cls 0.5977 bbox 0.6317)  1.39 it/s  gpu_mem=22263 MB
  iter 5400/5914  loss=1.0264  (cls 0.4791 bbox 0.5473)  1.39 it/s  gpu_mem=22263 MB
  iter 5500/5914  loss=1.2207  (cls 0.5487 bbox 0.6720)  1.39 it/s  gpu_mem=22263 MB
  iter 5600/5914  loss=1.0195  (cls 0.5109 bbox 0.5086)  1.39 it/s  gpu_mem=22263 MB
  iter 5700/5914  loss=1.1658  (cls 0.5557 bbox 0.6101)  1.39 it/s  gpu_mem=22263 MB
  iter 5800/5914  loss=1.1913  (cls 0.4910 bbox 0.7004)  1.39 it/s  gpu_mem=22263 MB
  iter 5900/5914  loss=1.3678  (cls 0.5712 bbox 0.7966)  1.39 it/s  gpu_mem=22263 MB
Epoch 7 train | total=1.0996 cls=0.5297 bbox=0.5700 | LR bb=1.68e-05 head=1.68e-04 | 5914 batches in 4242.5s
Epoch 7 eval | mAP@50=0.137  mAP@[.5:.95]=0.068
>> Best saved at epoch 7 (mAP@50: 0.137)
  iter 0/5914  loss=1.2450  (cls 0.5581 bbox 0.6869)  0.41 it/s  gpu_mem=22263 MB
  iter 100/5914  loss=1.1484  (cls 0.5957 bbox 0.5527)  1.36 it/s  gpu_mem=22263 MB
  iter 200/5914  loss=1.0220  (cls 0.5462 bbox 0.4759)  1.37 it/s  gpu_mem=22263 MB
  iter 300/5914  loss=1.0478  (cls 0.4768 bbox 0.5710)  1.38 it/s  gpu_mem=22263 MB
  iter 400/5914  loss=1.1090  (cls 0.5312 bbox 0.5777)  1.38 it/s  gpu_mem=22263 MB
  iter 500/5914  loss=1.1850  (cls 0.5227 bbox 0.6624)  1.38 it/s  gpu_mem=22263 MB
  iter 600/5914  loss=0.9697  (cls 0.5670 bbox 0.4027)  1.38 it/s  gpu_mem=22263 MB
  iter 700/5914  loss=0.9871  (cls 0.5102 bbox 0.4769)  1.38 it/s  gpu_mem=22263 MB
  iter 800/5914  loss=0.9957  (cls 0.5124 bbox 0.4833)  1.38 it/s  gpu_mem=22263 MB
  iter 900/5914  loss=1.0654  (cls 0.5469 bbox 0.5185)  1.39 it/s  gpu_mem=22263 MB
  iter 1000/5914  loss=0.9940  (cls 0.4955 bbox 0.4984)  1.39 it/s  gpu_mem=22263 MB
  iter 1100/5914  loss=1.1192  (cls 0.5411 bbox 0.5781)  1.39 it/s  gpu_mem=22263 MB
  iter 1200/5914  loss=1.1763  (cls 0.5806 bbox 0.5957)  1.39 it/s  gpu_mem=22263 MB
  iter 1300/5914  loss=1.2393  (cls 0.5804 bbox 0.6589)  1.39 it/s  gpu_mem=22263 MB
  iter 1400/5914  loss=0.9206  (cls 0.4469 bbox 0.4737)  1.39 it/s  gpu_mem=22263 MB
  iter 1500/5914  loss=1.2531  (cls 0.5269 bbox 0.7263)  1.39 it/s  gpu_mem=22263 MB
  iter 1600/5914  loss=0.9492  (cls 0.4560 bbox 0.4931)  1.39 it/s  gpu_mem=22263 MB
  iter 1700/5914  loss=1.0829  (cls 0.5430 bbox 0.5399)  1.39 it/s  gpu_mem=22263 MB
  iter 1800/5914  loss=1.1672  (cls 0.6008 bbox 0.5664)  1.39 it/s  gpu_mem=22263 MB
  iter 1900/5914  loss=1.0083  (cls 0.4986 bbox 0.5097)  1.39 it/s  gpu_mem=22263 MB
  iter 2000/5914  loss=1.0711  (cls 0.5006 bbox 0.5704)  1.39 it/s  gpu_mem=22263 MB
  iter 2100/5914  loss=1.2634  (cls 0.4600 bbox 0.8035)  1.39 it/s  gpu_mem=22263 MB
  iter 2200/5914  loss=0.9922  (cls 0.5124 bbox 0.4798)  1.39 it/s  gpu_mem=22263 MB
  iter 2300/5914  loss=1.1081  (cls 0.5497 bbox 0.5584)  1.39 it/s  gpu_mem=22263 MB
  iter 2400/5914  loss=1.0533  (cls 0.5613 bbox 0.4920)  1.39 it/s  gpu_mem=22263 MB
  iter 2500/5914  loss=1.1298  (cls 0.5108 bbox 0.6189)  1.39 it/s  gpu_mem=22263 MB
  iter 2600/5914  loss=1.1475  (cls 0.5231 bbox 0.6244)  1.39 it/s  gpu_mem=22263 MB
  iter 2700/5914  loss=1.0355  (cls 0.5136 bbox 0.5219)  1.39 it/s  gpu_mem=22263 MB
  iter 2800/5914  loss=1.1807  (cls 0.5768 bbox 0.6040)  1.39 it/s  gpu_mem=22263 MB
  iter 2900/5914  loss=1.1689  (cls 0.5151 bbox 0.6538)  1.39 it/s  gpu_mem=22263 MB
  iter 3000/5914  loss=1.1896  (cls 0.5993 bbox 0.5903)  1.39 it/s  gpu_mem=22263 MB
  iter 3100/5914  loss=1.2909  (cls 0.5470 bbox 0.7439)  1.39 it/s  gpu_mem=22263 MB
  iter 3200/5914  loss=0.9635  (cls 0.4968 bbox 0.4668)  1.39 it/s  gpu_mem=22263 MB
  iter 3300/5914  loss=1.1846  (cls 0.5535 bbox 0.6311)  1.39 it/s  gpu_mem=22263 MB
  iter 3400/5914  loss=1.2906  (cls 0.5949 bbox 0.6957)  1.39 it/s  gpu_mem=22263 MB
  iter 3500/5914  loss=1.0622  (cls 0.4765 bbox 0.5857)  1.39 it/s  gpu_mem=22263 MB
  iter 3600/5914  loss=1.1180  (cls 0.5263 bbox 0.5917)  1.39 it/s  gpu_mem=22263 MB
  iter 3700/5914  loss=0.9726  (cls 0.5297 bbox 0.4430)  1.39 it/s  gpu_mem=22263 MB
  iter 3800/5914  loss=0.7797  (cls 0.3877 bbox 0.3920)  1.39 it/s  gpu_mem=22263 MB
  iter 3900/5914  loss=1.0761  (cls 0.5128 bbox 0.5633)  1.39 it/s  gpu_mem=22263 MB
  iter 4000/5914  loss=1.1106  (cls 0.5509 bbox 0.5598)  1.39 it/s  gpu_mem=22263 MB
  iter 4100/5914  loss=1.2069  (cls 0.5686 bbox 0.6383)  1.39 it/s  gpu_mem=22263 MB
  iter 4200/5914  loss=1.1357  (cls 0.5018 bbox 0.6338)  1.39 it/s  gpu_mem=22263 MB
  iter 4300/5914  loss=1.3712  (cls 0.6001 bbox 0.7711)  1.39 it/s  gpu_mem=22263 MB
  iter 4400/5914  loss=1.3164  (cls 0.5978 bbox 0.7186)  1.39 it/s  gpu_mem=22263 MB
  iter 4500/5914  loss=1.1240  (cls 0.5031 bbox 0.6209)  1.39 it/s  gpu_mem=22263 MB
  iter 4600/5914  loss=1.1297  (cls 0.5210 bbox 0.6087)  1.39 it/s  gpu_mem=22263 MB
  iter 4700/5914  loss=1.2701  (cls 0.5792 bbox 0.6909)  1.39 it/s  gpu_mem=22263 MB
  iter 4800/5914  loss=1.1366  (cls 0.5399 bbox 0.5967)  1.39 it/s  gpu_mem=22263 MB
  iter 4900/5914  loss=1.0915  (cls 0.5261 bbox 0.5654)  1.39 it/s  gpu_mem=22263 MB
  iter 5000/5914  loss=1.1842  (cls 0.5233 bbox 0.6609)  1.39 it/s  gpu_mem=22263 MB
  iter 5100/5914  loss=0.9560  (cls 0.4860 bbox 0.4699)  1.39 it/s  gpu_mem=22263 MB
  iter 5200/5914  loss=1.1624  (cls 0.5132 bbox 0.6491)  1.39 it/s  gpu_mem=22263 MB
  iter 5300/5914  loss=1.0109  (cls 0.4750 bbox 0.5360)  1.39 it/s  gpu_mem=22263 MB
  iter 5400/5914  loss=0.9465  (cls 0.4497 bbox 0.4968)  1.39 it/s  gpu_mem=22263 MB
  iter 5500/5914  loss=1.1306  (cls 0.4966 bbox 0.6339)  1.39 it/s  gpu_mem=22263 MB
  iter 5600/5914  loss=1.1924  (cls 0.5505 bbox 0.6419)  1.39 it/s  gpu_mem=22263 MB
  iter 5700/5914  loss=1.1273  (cls 0.5940 bbox 0.5333)  1.39 it/s  gpu_mem=22263 MB
  iter 5800/5914  loss=1.0476  (cls 0.4818 bbox 0.5658)  1.39 it/s  gpu_mem=22263 MB
  iter 5900/5914  loss=1.0262  (cls 0.4667 bbox 0.5596)  1.39 it/s  gpu_mem=22263 MB
Epoch 8 train | total=1.0772 cls=0.5161 bbox=0.5610 | LR bb=1.32e-05 head=1.32e-04 | 5914 batches in 4251.9s
Epoch 8 eval | mAP@50=0.150  mAP@[.5:.95]=0.075
>> Best saved at epoch 8 (mAP@50: 0.150)
  iter 0/5914  loss=1.0757  (cls 0.5057 bbox 0.5700)  0.36 it/s  gpu_mem=22263 MB
  iter 100/5914  loss=1.2142  (cls 0.5601 bbox 0.6540)  1.36 it/s  gpu_mem=22263 MB
  iter 200/5914  loss=1.0059  (cls 0.5081 bbox 0.4978)  1.37 it/s  gpu_mem=22263 MB
  iter 300/5914  loss=1.0120  (cls 0.5409 bbox 0.4711)  1.38 it/s  gpu_mem=22263 MB
  iter 400/5914  loss=1.0887  (cls 0.5455 bbox 0.5432)  1.38 it/s  gpu_mem=22263 MB
  iter 500/5914  loss=1.0085  (cls 0.5482 bbox 0.4603)  1.38 it/s  gpu_mem=22263 MB
  iter 600/5914  loss=0.9600  (cls 0.4966 bbox 0.4634)  1.39 it/s  gpu_mem=22263 MB
  iter 700/5914  loss=1.1921  (cls 0.6078 bbox 0.5843)  1.39 it/s  gpu_mem=22263 MB
  iter 800/5914  loss=0.9106  (cls 0.4335 bbox 0.4771)  1.39 it/s  gpu_mem=22263 MB
  iter 900/5914  loss=1.1206  (cls 0.5813 bbox 0.5394)  1.39 it/s  gpu_mem=22263 MB
  iter 1000/5914  loss=1.0201  (cls 0.5323 bbox 0.4878)  1.39 it/s  gpu_mem=22263 MB
  iter 1100/5914  loss=0.8094  (cls 0.4325 bbox 0.3770)  1.39 it/s  gpu_mem=22263 MB
  iter 1200/5914  loss=1.0441  (cls 0.4735 bbox 0.5706)  1.39 it/s  gpu_mem=22263 MB
  iter 1300/5914  loss=1.0975  (cls 0.5734 bbox 0.5241)  1.39 it/s  gpu_mem=22263 MB
  iter 1400/5914  loss=1.0956  (cls 0.4782 bbox 0.6174)  1.39 it/s  gpu_mem=22263 MB
  iter 1500/5914  loss=0.9746  (cls 0.4155 bbox 0.5591)  1.39 it/s  gpu_mem=22263 MB
  iter 1600/5914  loss=1.0698  (cls 0.4894 bbox 0.5804)  1.39 it/s  gpu_mem=22263 MB
  iter 1700/5914  loss=0.9733  (cls 0.4897 bbox 0.4837)  1.39 it/s  gpu_mem=22263 MB
  iter 1800/5914  loss=1.0914  (cls 0.4810 bbox 0.6104)  1.39 it/s  gpu_mem=22263 MB
  iter 1900/5914  loss=0.9060  (cls 0.4913 bbox 0.4147)  1.39 it/s  gpu_mem=22263 MB
  iter 2000/5914  loss=0.8663  (cls 0.4228 bbox 0.4435)  1.39 it/s  gpu_mem=22263 MB
  iter 2100/5914  loss=0.9124  (cls 0.4612 bbox 0.4512)  1.39 it/s  gpu_mem=22263 MB
  iter 2200/5914  loss=0.8123  (cls 0.4073 bbox 0.4050)  1.39 it/s  gpu_mem=22263 MB
  iter 2300/5914  loss=0.9638  (cls 0.4542 bbox 0.5096)  1.39 it/s  gpu_mem=22263 MB
  iter 2400/5914  loss=1.0990  (cls 0.5650 bbox 0.5340)  1.39 it/s  gpu_mem=22263 MB
  iter 2500/5914  loss=1.1722  (cls 0.5353 bbox 0.6369)  1.39 it/s  gpu_mem=22263 MB
  iter 2600/5914  loss=0.9786  (cls 0.5136 bbox 0.4650)  1.39 it/s  gpu_mem=22263 MB
  iter 2700/5914  loss=0.9643  (cls 0.5148 bbox 0.4496)  1.39 it/s  gpu_mem=22263 MB
  iter 2800/5914  loss=1.0849  (cls 0.5026 bbox 0.5824)  1.39 it/s  gpu_mem=22263 MB
  iter 2900/5914  loss=0.9798  (cls 0.4576 bbox 0.5222)  1.39 it/s  gpu_mem=22263 MB
  iter 3000/5914  loss=0.7184  (cls 0.3723 bbox 0.3461)  1.39 it/s  gpu_mem=22263 MB
  iter 3100/5914  loss=0.9891  (cls 0.4750 bbox 0.5141)  1.39 it/s  gpu_mem=22263 MB
  iter 3200/5914  loss=1.1433  (cls 0.5230 bbox 0.6203)  1.39 it/s  gpu_mem=22263 MB
  iter 3300/5914  loss=1.0103  (cls 0.4890 bbox 0.5213)  1.39 it/s  gpu_mem=22263 MB
  iter 3400/5914  loss=0.9478  (cls 0.5513 bbox 0.3965)  1.39 it/s  gpu_mem=22263 MB
  iter 3500/5914  loss=1.1293  (cls 0.5030 bbox 0.6264)  1.39 it/s  gpu_mem=22263 MB
  iter 3600/5914  loss=1.0178  (cls 0.4945 bbox 0.5233)  1.39 it/s  gpu_mem=22263 MB
  iter 3700/5914  loss=1.1082  (cls 0.5502 bbox 0.5580)  1.39 it/s  gpu_mem=22263 MB
  iter 3800/5914  loss=0.9741  (cls 0.5107 bbox 0.4634)  1.39 it/s  gpu_mem=22263 MB
  iter 3900/5914  loss=1.0951  (cls 0.5831 bbox 0.5120)  1.39 it/s  gpu_mem=22263 MB
  iter 4000/5914  loss=0.9850  (cls 0.4420 bbox 0.5430)  1.39 it/s  gpu_mem=22263 MB
  iter 4100/5914  loss=0.9460  (cls 0.3934 bbox 0.5526)  1.39 it/s  gpu_mem=22263 MB
  iter 4200/5914  loss=0.9600  (cls 0.4233 bbox 0.5367)  1.39 it/s  gpu_mem=22263 MB
  iter 4300/5914  loss=1.1144  (cls 0.4961 bbox 0.6183)  1.39 it/s  gpu_mem=22263 MB
  iter 4400/5914  loss=0.9998  (cls 0.4841 bbox 0.5158)  1.39 it/s  gpu_mem=22263 MB
  iter 4500/5914  loss=0.9083  (cls 0.4707 bbox 0.4376)  1.39 it/s  gpu_mem=22263 MB
  iter 4600/5914  loss=1.1272  (cls 0.5697 bbox 0.5575)  1.39 it/s  gpu_mem=22263 MB
  iter 4700/5914  loss=1.2390  (cls 0.4845 bbox 0.7545)  1.39 it/s  gpu_mem=22263 MB
  iter 4800/5914  loss=1.0126  (cls 0.4984 bbox 0.5143)  1.39 it/s  gpu_mem=22263 MB
  iter 4900/5914  loss=1.1521  (cls 0.5477 bbox 0.6045)  1.39 it/s  gpu_mem=22263 MB
  iter 5000/5914  loss=1.1523  (cls 0.5265 bbox 0.6258)  1.39 it/s  gpu_mem=22263 MB
  iter 5100/5914  loss=1.0253  (cls 0.5158 bbox 0.5096)  1.39 it/s  gpu_mem=22263 MB
  iter 5200/5914  loss=1.0653  (cls 0.5143 bbox 0.5510)  1.39 it/s  gpu_mem=22263 MB
  iter 5300/5914  loss=1.0773  (cls 0.5292 bbox 0.5480)  1.39 it/s  gpu_mem=22263 MB
  iter 5400/5914  loss=1.0990  (cls 0.5234 bbox 0.5757)  1.39 it/s  gpu_mem=22263 MB
  iter 5500/5914  loss=1.1581  (cls 0.4862 bbox 0.6719)  1.39 it/s  gpu_mem=22263 MB
  iter 5600/5914  loss=0.9644  (cls 0.4881 bbox 0.4763)  1.39 it/s  gpu_mem=22263 MB
  iter 5700/5914  loss=1.2643  (cls 0.6016 bbox 0.6627)  1.39 it/s  gpu_mem=22263 MB
  iter 5800/5914  loss=1.0388  (cls 0.3964 bbox 0.6424)  1.39 it/s  gpu_mem=22263 MB
  iter 5900/5914  loss=1.0386  (cls 0.4880 bbox 0.5505)  1.39 it/s  gpu_mem=22263 MB
Epoch 9 train | total=1.0560 cls=0.5035 bbox=0.5525 | LR bb=9.68e-06 head=9.68e-05 | 5914 batches in 4250.5s
Epoch 9 eval | mAP@50=0.158  mAP@[.5:.95]=0.081
>> Best saved at epoch 9 (mAP@50: 0.158)
  iter 0/5914  loss=0.9339  (cls 0.4120 bbox 0.5219)  0.39 it/s  gpu_mem=22263 MB
  iter 100/5914  loss=0.9563  (cls 0.4325 bbox 0.5238)  1.36 it/s  gpu_mem=22263 MB
  iter 200/5914  loss=1.2107  (cls 0.5127 bbox 0.6980)  1.37 it/s  gpu_mem=22263 MB
  iter 300/5914  loss=1.1070  (cls 0.4939 bbox 0.6131)  1.38 it/s  gpu_mem=22263 MB
  iter 400/5914  loss=0.9702  (cls 0.4662 bbox 0.5040)  1.38 it/s  gpu_mem=22263 MB
  iter 500/5914  loss=0.9334  (cls 0.4643 bbox 0.4692)  1.38 it/s  gpu_mem=22263 MB
  iter 600/5914  loss=0.9035  (cls 0.4524 bbox 0.4512)  1.39 it/s  gpu_mem=22263 MB
  iter 700/5914  loss=1.0928  (cls 0.4809 bbox 0.6119)  1.39 it/s  gpu_mem=22263 MB
  iter 800/5914  loss=1.0400  (cls 0.5261 bbox 0.5139)  1.39 it/s  gpu_mem=22263 MB
  iter 900/5914  loss=1.0260  (cls 0.5267 bbox 0.4993)  1.39 it/s  gpu_mem=22263 MB
  iter 1000/5914  loss=0.8531  (cls 0.4091 bbox 0.4440)  1.39 it/s  gpu_mem=22263 MB
  iter 1100/5914  loss=1.0789  (cls 0.4663 bbox 0.6126)  1.38 it/s  gpu_mem=22263 MB
  iter 1200/5914  loss=0.9469  (cls 0.5059 bbox 0.4411)  1.29 it/s  gpu_mem=22263 MB
  iter 1300/5914  loss=1.0137  (cls 0.5377 bbox 0.4759)  1.22 it/s  gpu_mem=22263 MB
  iter 1400/5914  loss=0.9719  (cls 0.4057 bbox 0.5662)  1.17 it/s  gpu_mem=22263 MB
  iter 1500/5914  loss=1.0653  (cls 0.4955 bbox 0.5699)  1.13 it/s  gpu_mem=22263 MB
  iter 1600/5914  loss=0.8320  (cls 0.4173 bbox 0.4147)  1.09 it/s  gpu_mem=22263 MB
  iter 1700/5914  loss=0.8512  (cls 0.4367 bbox 0.4145)  1.07 it/s  gpu_mem=22263 MB
  iter 1800/5914  loss=1.1641  (cls 0.5759 bbox 0.5881)  1.04 it/s  gpu_mem=22263 MB
  iter 1900/5914  loss=1.2683  (cls 0.5593 bbox 0.7090)  1.02 it/s  gpu_mem=22263 MB
  iter 2000/5914  loss=0.9920  (cls 0.4808 bbox 0.5112)  1.01 it/s  gpu_mem=22263 MB
  iter 2100/5914  loss=0.9710  (cls 0.4720 bbox 0.4989)  0.99 it/s  gpu_mem=22263 MB
  iter 2200/5914  loss=1.1599  (cls 0.6589 bbox 0.5010)  0.98 it/s  gpu_mem=22263 MB
  iter 2300/5914  loss=0.9452  (cls 0.4397 bbox 0.5055)  0.99 it/s  gpu_mem=22263 MB
  iter 2400/5914  loss=0.9826  (cls 0.5126 bbox 0.4700)  1.00 it/s  gpu_mem=22263 MB
  iter 2500/5914  loss=0.9865  (cls 0.4990 bbox 0.4875)  1.01 it/s  gpu_mem=22263 MB
  iter 2600/5914  loss=0.9222  (cls 0.4430 bbox 0.4793)  1.02 it/s  gpu_mem=22263 MB
  iter 2700/5914  loss=0.9105  (cls 0.4366 bbox 0.4738)  1.03 it/s  gpu_mem=22263 MB
  iter 2800/5914  loss=1.0945  (cls 0.5287 bbox 0.5658)  1.04 it/s  gpu_mem=22263 MB
  iter 2900/5914  loss=1.0808  (cls 0.4598 bbox 0.6210)  1.05 it/s  gpu_mem=22263 MB
  iter 3000/5914  loss=0.8947  (cls 0.4445 bbox 0.4502)  1.06 it/s  gpu_mem=22263 MB
  iter 3100/5914  loss=0.8950  (cls 0.4545 bbox 0.4406)  1.07 it/s  gpu_mem=22263 MB
  iter 3200/5914  loss=1.0642  (cls 0.4632 bbox 0.6010)  1.07 it/s  gpu_mem=22263 MB
  iter 3300/5914  loss=0.9004  (cls 0.4713 bbox 0.4291)  1.08 it/s  gpu_mem=22263 MB
  iter 3400/5914  loss=1.0398  (cls 0.4762 bbox 0.5636)  1.09 it/s  gpu_mem=22263 MB
  iter 3500/5914  loss=1.1058  (cls 0.5196 bbox 0.5862)  1.10 it/s  gpu_mem=22263 MB
  iter 3600/5914  loss=1.1475  (cls 0.5334 bbox 0.6142)  1.10 it/s  gpu_mem=22263 MB
  iter 3700/5914  loss=1.2144  (cls 0.4811 bbox 0.7334)  1.11 it/s  gpu_mem=22263 MB
  iter 3800/5914  loss=1.1601  (cls 0.5579 bbox 0.6023)  1.11 it/s  gpu_mem=22263 MB
  iter 3900/5914  loss=1.0042  (cls 0.5025 bbox 0.5017)  1.12 it/s  gpu_mem=22263 MB
  iter 4000/5914  loss=1.0915  (cls 0.5175 bbox 0.5740)  1.13 it/s  gpu_mem=22263 MB
  iter 4100/5914  loss=1.0255  (cls 0.5160 bbox 0.5095)  1.13 it/s  gpu_mem=22263 MB
  iter 4200/5914  loss=1.0132  (cls 0.4929 bbox 0.5203)  1.14 it/s  gpu_mem=22263 MB
  iter 4300/5914  loss=1.2261  (cls 0.4586 bbox 0.7674)  1.14 it/s  gpu_mem=22263 MB
  iter 4400/5914  loss=1.0025  (cls 0.4640 bbox 0.5385)  1.15 it/s  gpu_mem=22263 MB
  iter 4500/5914  loss=1.2105  (cls 0.5354 bbox 0.6751)  1.15 it/s  gpu_mem=22263 MB
  iter 4600/5914  loss=1.2153  (cls 0.5626 bbox 0.6527)  1.16 it/s  gpu_mem=22263 MB
  iter 4700/5914  loss=1.2600  (cls 0.4813 bbox 0.7787)  1.16 it/s  gpu_mem=22263 MB
  iter 4800/5914  loss=0.9769  (cls 0.4395 bbox 0.5374)  1.16 it/s  gpu_mem=22263 MB
  iter 4900/5914  loss=1.2880  (cls 0.5142 bbox 0.7738)  1.17 it/s  gpu_mem=22263 MB
  iter 5000/5914  loss=0.8106  (cls 0.3911 bbox 0.4195)  1.17 it/s  gpu_mem=22263 MB
  iter 5100/5914  loss=1.0923  (cls 0.5219 bbox 0.5704)  1.17 it/s  gpu_mem=22263 MB
  iter 5200/5914  loss=0.8585  (cls 0.4090 bbox 0.4495)  1.18 it/s  gpu_mem=22263 MB
  iter 5300/5914  loss=0.9013  (cls 0.4053 bbox 0.4960)  1.18 it/s  gpu_mem=22263 MB
  iter 5400/5914  loss=1.0377  (cls 0.4692 bbox 0.5685)  1.19 it/s  gpu_mem=22263 MB
  iter 5500/5914  loss=1.0520  (cls 0.5385 bbox 0.5135)  1.19 it/s  gpu_mem=22263 MB
  iter 5600/5914  loss=0.9358  (cls 0.4356 bbox 0.5002)  1.19 it/s  gpu_mem=22263 MB
  iter 5700/5914  loss=0.9645  (cls 0.4610 bbox 0.5035)  1.19 it/s  gpu_mem=22263 MB
  iter 5800/5914  loss=0.9535  (cls 0.4623 bbox 0.4912)  1.20 it/s  gpu_mem=22263 MB
  iter 5900/5914  loss=1.2206  (cls 0.5609 bbox 0.6597)  1.20 it/s  gpu_mem=22263 MB
Epoch 10 train | total=nan cls=nan bbox=0.5446 | LR bb=6.48e-06 head=6.48e-05 | 5914 batches in 4924.5s
Epoch 10 eval | mAP@50=0.164  mAP@[.5:.95]=0.083
>> Best saved at epoch 10 (mAP@50: 0.164)
  iter 0/5914  loss=0.9698  (cls 0.4493 bbox 0.5205)  0.39 it/s  gpu_mem=22263 MB
  iter 100/5914  loss=1.0514  (cls 0.5036 bbox 0.5478)  1.36 it/s  gpu_mem=22263 MB
  iter 200/5914  loss=0.9857  (cls 0.4740 bbox 0.5118)  1.37 it/s  gpu_mem=22263 MB
  iter 300/5914  loss=1.1289  (cls 0.5557 bbox 0.5733)  1.38 it/s  gpu_mem=22263 MB
  iter 400/5914  loss=1.0255  (cls 0.4894 bbox 0.5361)  1.38 it/s  gpu_mem=22263 MB
  iter 500/5914  loss=1.0531  (cls 0.4498 bbox 0.6033)  1.38 it/s  gpu_mem=22263 MB
  iter 600/5914  loss=1.0518  (cls 0.5218 bbox 0.5300)  1.38 it/s  gpu_mem=22263 MB
  iter 700/5914  loss=1.0049  (cls 0.4824 bbox 0.5225)  1.38 it/s  gpu_mem=22263 MB
  iter 800/5914  loss=1.2226  (cls 0.5114 bbox 0.7112)  1.38 it/s  gpu_mem=22263 MB
  iter 900/5914  loss=0.9497  (cls 0.4720 bbox 0.4777)  1.38 it/s  gpu_mem=22263 MB
  iter 1000/5914  loss=1.0773  (cls 0.5244 bbox 0.5530)  1.39 it/s  gpu_mem=22263 MB
  iter 1100/5914  loss=1.0906  (cls 0.5583 bbox 0.5323)  1.39 it/s  gpu_mem=22263 MB
  iter 1200/5914  loss=0.8862  (cls 0.4735 bbox 0.4127)  1.39 it/s  gpu_mem=22263 MB
  iter 1300/5914  loss=1.0855  (cls 0.4600 bbox 0.6255)  1.39 it/s  gpu_mem=22263 MB
  iter 1400/5914  loss=1.1324  (cls 0.5346 bbox 0.5979)  1.39 it/s  gpu_mem=22263 MB
  iter 1500/5914  loss=1.2522  (cls 0.6005 bbox 0.6518)  1.39 it/s  gpu_mem=22263 MB
  iter 1600/5914  loss=0.9590  (cls 0.4667 bbox 0.4923)  1.39 it/s  gpu_mem=22263 MB
  iter 1700/5914  loss=1.0998  (cls 0.4558 bbox 0.6440)  1.39 it/s  gpu_mem=22263 MB
  iter 1800/5914  loss=1.0028  (cls 0.4570 bbox 0.5458)  1.39 it/s  gpu_mem=22263 MB
  iter 1900/5914  loss=1.1259  (cls 0.5298 bbox 0.5961)  1.39 it/s  gpu_mem=22263 MB
  iter 2000/5914  loss=0.8952  (cls 0.5036 bbox 0.3916)  1.39 it/s  gpu_mem=22263 MB
  iter 2100/5914  loss=0.9712  (cls 0.4356 bbox 0.5356)  1.39 it/s  gpu_mem=22263 MB
  iter 2200/5914  loss=1.0566  (cls 0.5427 bbox 0.5139)  1.39 it/s  gpu_mem=22263 MB
  iter 2300/5914  loss=1.0257  (cls 0.4930 bbox 0.5327)  1.39 it/s  gpu_mem=22263 MB
  iter 2400/5914  loss=0.8220  (cls 0.4197 bbox 0.4023)  1.39 it/s  gpu_mem=22263 MB
  iter 2500/5914  loss=0.8722  (cls 0.3900 bbox 0.4823)  1.39 it/s  gpu_mem=22263 MB
  iter 2600/5914  loss=1.0934  (cls 0.5698 bbox 0.5236)  1.39 it/s  gpu_mem=22263 MB
  iter 2700/5914  loss=1.0854  (cls 0.5142 bbox 0.5711)  1.39 it/s  gpu_mem=22263 MB
  iter 2800/5914  loss=1.0120  (cls 0.4513 bbox 0.5608)  1.39 it/s  gpu_mem=22263 MB
  iter 2900/5914  loss=1.1994  (cls 0.5516 bbox 0.6478)  1.39 it/s  gpu_mem=22263 MB
  iter 3000/5914  loss=1.2294  (cls 0.4486 bbox 0.7809)  1.39 it/s  gpu_mem=22263 MB
  iter 3100/5914  loss=1.0492  (cls 0.4315 bbox 0.6178)  1.39 it/s  gpu_mem=22263 MB
  iter 3200/5914  loss=1.1802  (cls 0.5461 bbox 0.6341)  1.39 it/s  gpu_mem=22263 MB
  iter 3300/5914  loss=1.2250  (cls 0.5121 bbox 0.7129)  1.39 it/s  gpu_mem=22263 MB
  iter 3400/5914  loss=1.1267  (cls 0.4726 bbox 0.6541)  1.39 it/s  gpu_mem=22263 MB
  iter 3500/5914  loss=1.0261  (cls 0.4770 bbox 0.5491)  1.39 it/s  gpu_mem=22263 MB
  iter 3600/5914  loss=1.1709  (cls 0.5273 bbox 0.6436)  1.39 it/s  gpu_mem=22263 MB
  iter 3700/5914  loss=0.9908  (cls 0.4144 bbox 0.5764)  1.39 it/s  gpu_mem=22263 MB
  iter 3800/5914  loss=1.0172  (cls 0.4712 bbox 0.5460)  1.39 it/s  gpu_mem=22263 MB
  iter 3900/5914  loss=0.9306  (cls 0.4458 bbox 0.4848)  1.39 it/s  gpu_mem=22263 MB
  iter 4000/5914  loss=0.9685  (cls 0.4464 bbox 0.5221)  1.39 it/s  gpu_mem=22263 MB
  iter 4100/5914  loss=0.9319  (cls 0.4773 bbox 0.4546)  1.39 it/s  gpu_mem=22263 MB
  iter 4200/5914  loss=1.0268  (cls 0.5048 bbox 0.5220)  1.39 it/s  gpu_mem=22263 MB
  iter 4300/5914  loss=0.9569  (cls 0.4371 bbox 0.5198)  1.39 it/s  gpu_mem=22263 MB
  iter 4400/5914  loss=1.0278  (cls 0.5378 bbox 0.4899)  1.39 it/s  gpu_mem=22263 MB
  iter 4500/5914  loss=1.0202  (cls 0.4755 bbox 0.5447)  1.39 it/s  gpu_mem=22263 MB
  iter 4600/5914  loss=1.0301  (cls 0.4938 bbox 0.5363)  1.39 it/s  gpu_mem=22263 MB
  iter 4700/5914  loss=1.0202  (cls 0.5277 bbox 0.4925)  1.39 it/s  gpu_mem=22263 MB
  iter 4800/5914  loss=0.9087  (cls 0.4709 bbox 0.4378)  1.39 it/s  gpu_mem=22263 MB
  iter 4900/5914  loss=1.1141  (cls 0.5806 bbox 0.5336)  1.39 it/s  gpu_mem=22263 MB
  iter 5000/5914  loss=1.2259  (cls 0.5225 bbox 0.7033)  1.39 it/s  gpu_mem=22263 MB
  iter 5100/5914  loss=1.1278  (cls 0.5261 bbox 0.6018)  1.39 it/s  gpu_mem=22263 MB
  iter 5200/5914  loss=1.0701  (cls 0.4786 bbox 0.5915)  1.39 it/s  gpu_mem=22263 MB
  iter 5300/5914  loss=1.0197  (cls 0.4316 bbox 0.5881)  1.39 it/s  gpu_mem=22263 MB
  iter 5400/5914  loss=0.9001  (cls 0.4309 bbox 0.4692)  1.39 it/s  gpu_mem=22263 MB
  iter 5500/5914  loss=0.8924  (cls 0.4001 bbox 0.4923)  1.39 it/s  gpu_mem=22263 MB
  iter 5600/5914  loss=1.1916  (cls 0.4750 bbox 0.7166)  1.39 it/s  gpu_mem=22263 MB
  iter 5700/5914  loss=1.1757  (cls 0.4638 bbox 0.7119)  1.39 it/s  gpu_mem=22263 MB
  iter 5800/5914  loss=0.8833  (cls 0.4645 bbox 0.4188)  1.39 it/s  gpu_mem=22263 MB
  iter 5900/5914  loss=0.9215  (cls 0.3930 bbox 0.5284)  1.39 it/s  gpu_mem=22263 MB
Epoch 11 train | total=1.0187 cls=0.4812 bbox=0.5375 | LR bb=3.77e-06 head=3.77e-05 | 5914 batches in 4258.3s
Epoch 11 eval | mAP@50=0.169  mAP@[.5:.95]=0.087
>> Best saved at epoch 11 (mAP@50: 0.169)
  iter 0/5914  loss=1.1790  (cls 0.4703 bbox 0.7087)  0.61 it/s  gpu_mem=22263 MB
  iter 100/5914  loss=0.8965  (cls 0.4403 bbox 0.4562)  1.37 it/s  gpu_mem=22263 MB
  iter 200/5914  loss=0.9572  (cls 0.4304 bbox 0.5268)  1.38 it/s  gpu_mem=22263 MB
  iter 300/5914  loss=1.0981  (cls 0.5483 bbox 0.5498)  1.38 it/s  gpu_mem=22263 MB
  iter 400/5914  loss=1.0489  (cls 0.5237 bbox 0.5253)  1.38 it/s  gpu_mem=22263 MB
  iter 500/5914  loss=0.8799  (cls 0.3973 bbox 0.4826)  1.39 it/s  gpu_mem=22263 MB
  iter 600/5914  loss=0.8945  (cls 0.4366 bbox 0.4579)  1.39 it/s  gpu_mem=22263 MB
  iter 700/5914  loss=1.0518  (cls 0.4941 bbox 0.5576)  1.39 it/s  gpu_mem=22263 MB
  iter 800/5914  loss=0.9485  (cls 0.4972 bbox 0.4513)  1.39 it/s  gpu_mem=22263 MB
  iter 900/5914  loss=0.8752  (cls 0.3982 bbox 0.4771)  1.39 it/s  gpu_mem=22263 MB
  iter 1000/5914  loss=1.0304  (cls 0.4716 bbox 0.5588)  1.39 it/s  gpu_mem=22263 MB
  iter 1100/5914  loss=1.0821  (cls 0.4605 bbox 0.6217)  1.39 it/s  gpu_mem=22263 MB
  iter 1200/5914  loss=1.2336  (cls 0.5780 bbox 0.6556)  1.39 it/s  gpu_mem=22263 MB
  iter 1300/5914  loss=1.1720  (cls 0.5676 bbox 0.6044)  1.39 it/s  gpu_mem=22263 MB
  iter 1400/5914  loss=0.7736  (cls 0.3892 bbox 0.3844)  1.39 it/s  gpu_mem=22263 MB
  iter 1500/5914  loss=1.0059  (cls 0.5112 bbox 0.4947)  1.39 it/s  gpu_mem=22263 MB
  iter 1600/5914  loss=0.8017  (cls 0.4071 bbox 0.3946)  1.39 it/s  gpu_mem=22263 MB
  iter 1700/5914  loss=1.0832  (cls 0.5083 bbox 0.5749)  1.39 it/s  gpu_mem=22263 MB
  iter 1800/5914  loss=1.0599  (cls 0.5050 bbox 0.5550)  1.39 it/s  gpu_mem=22263 MB
  iter 1900/5914  loss=0.8646  (cls 0.4131 bbox 0.4515)  1.39 it/s  gpu_mem=22263 MB
  iter 2000/5914  loss=0.8825  (cls 0.3832 bbox 0.4994)  1.39 it/s  gpu_mem=22263 MB
  iter 2100/5914  loss=0.9459  (cls 0.4430 bbox 0.5029)  1.39 it/s  gpu_mem=22263 MB
  iter 2200/5914  loss=1.0150  (cls 0.4188 bbox 0.5961)  1.39 it/s  gpu_mem=22263 MB
  iter 2300/5914  loss=0.9841  (cls 0.4712 bbox 0.5129)  1.39 it/s  gpu_mem=22263 MB
  iter 2400/5914  loss=0.9558  (cls 0.4651 bbox 0.4906)  1.39 it/s  gpu_mem=22263 MB
  iter 2500/5914  loss=0.8984  (cls 0.4331 bbox 0.4653)  1.39 it/s  gpu_mem=22263 MB
  iter 2600/5914  loss=1.0172  (cls 0.4556 bbox 0.5616)  1.39 it/s  gpu_mem=22263 MB
  iter 2700/5914  loss=0.7839  (cls 0.3757 bbox 0.4082)  1.39 it/s  gpu_mem=22263 MB
  iter 2800/5914  loss=0.9970  (cls 0.4863 bbox 0.5107)  1.39 it/s  gpu_mem=22263 MB
  iter 2900/5914  loss=1.0109  (cls 0.4051 bbox 0.6058)  1.39 it/s  gpu_mem=22263 MB
  iter 3000/5914  loss=1.0397  (cls 0.4989 bbox 0.5408)  1.39 it/s  gpu_mem=22263 MB
  iter 3100/5914  loss=0.7436  (cls 0.3682 bbox 0.3754)  1.39 it/s  gpu_mem=22263 MB
  iter 3200/5914  loss=0.9134  (cls 0.4350 bbox 0.4784)  1.39 it/s  gpu_mem=22263 MB
  iter 3300/5914  loss=1.0984  (cls 0.4576 bbox 0.6408)  1.39 it/s  gpu_mem=22263 MB
  iter 3400/5914  loss=0.8279  (cls 0.3811 bbox 0.4468)  1.39 it/s  gpu_mem=22263 MB
  iter 3500/5914  loss=1.2194  (cls 0.4742 bbox 0.7452)  1.39 it/s  gpu_mem=22263 MB
  iter 3600/5914  loss=1.1252  (cls 0.4879 bbox 0.6373)  1.39 it/s  gpu_mem=22263 MB
  iter 3700/5914  loss=0.9146  (cls 0.4748 bbox 0.4398)  1.39 it/s  gpu_mem=22263 MB
  iter 3800/5914  loss=0.8586  (cls 0.3985 bbox 0.4601)  1.39 it/s  gpu_mem=22263 MB
  iter 3900/5914  loss=0.9776  (cls 0.4712 bbox 0.5064)  1.39 it/s  gpu_mem=22263 MB
  iter 4000/5914  loss=0.9374  (cls 0.4588 bbox 0.4786)  1.39 it/s  gpu_mem=22263 MB
  iter 4100/5914  loss=1.0953  (cls 0.5091 bbox 0.5862)  1.39 it/s  gpu_mem=22263 MB
  iter 4200/5914  loss=1.0483  (cls 0.4747 bbox 0.5736)  1.39 it/s  gpu_mem=22263 MB
  iter 4300/5914  loss=1.1344  (cls 0.4732 bbox 0.6611)  1.39 it/s  gpu_mem=22263 MB
  iter 4400/5914  loss=1.0443  (cls 0.5252 bbox 0.5191)  1.39 it/s  gpu_mem=22263 MB
  iter 4500/5914  loss=0.8485  (cls 0.4168 bbox 0.4317)  1.39 it/s  gpu_mem=22263 MB
  iter 4600/5914  loss=0.8965  (cls 0.4361 bbox 0.4604)  1.39 it/s  gpu_mem=22263 MB
  iter 4700/5914  loss=0.9523  (cls 0.4823 bbox 0.4701)  1.39 it/s  gpu_mem=22263 MB
  iter 4800/5914  loss=0.9327  (cls 0.4086 bbox 0.5241)  1.39 it/s  gpu_mem=22263 MB
  iter 4900/5914  loss=0.9425  (cls 0.4909 bbox 0.4516)  1.39 it/s  gpu_mem=22263 MB
  iter 5000/5914  loss=0.9618  (cls 0.4553 bbox 0.5066)  1.39 it/s  gpu_mem=22263 MB
  iter 5100/5914  loss=0.8790  (cls 0.4585 bbox 0.4205)  1.39 it/s  gpu_mem=22263 MB
  iter 5200/5914  loss=1.0448  (cls 0.4500 bbox 0.5948)  1.39 it/s  gpu_mem=22263 MB
  iter 5300/5914  loss=0.7784  (cls 0.3950 bbox 0.3833)  1.39 it/s  gpu_mem=22263 MB
  iter 5400/5914  loss=0.9708  (cls 0.4444 bbox 0.5264)  1.39 it/s  gpu_mem=22263 MB
  iter 5500/5914  loss=1.2494  (cls 0.5023 bbox 0.7471)  1.39 it/s  gpu_mem=22263 MB
  iter 5600/5914  loss=0.9277  (cls 0.4469 bbox 0.4808)  1.39 it/s  gpu_mem=22263 MB
  iter 5700/5914  loss=1.0290  (cls 0.4625 bbox 0.5665)  1.39 it/s  gpu_mem=22263 MB
  iter 5800/5914  loss=0.9140  (cls 0.3881 bbox 0.5258)  1.39 it/s  gpu_mem=22263 MB
  iter 5900/5914  loss=0.8607  (cls 0.4366 bbox 0.4241)  1.39 it/s  gpu_mem=22263 MB
Epoch 12 train | total=1.0053 cls=0.4735 bbox=0.5319 | LR bb=1.72e-06 head=1.72e-05 | 5914 batches in 4259.0s
Epoch 12 eval | mAP@50=0.171  mAP@[.5:.95]=0.088
>> Best saved at epoch 12 (mAP@50: 0.171)
  iter 0/5914  loss=1.1163  (cls 0.4668 bbox 0.6495)  0.39 it/s  gpu_mem=22263 MB
  iter 100/5914  loss=0.8890  (cls 0.4121 bbox 0.4769)  1.36 it/s  gpu_mem=22263 MB
  iter 200/5914  loss=0.8747  (cls 0.4334 bbox 0.4413)  1.37 it/s  gpu_mem=22263 MB
  iter 300/5914  loss=0.9424  (cls 0.4721 bbox 0.4703)  1.38 it/s  gpu_mem=22263 MB
  iter 400/5914  loss=0.8495  (cls 0.3826 bbox 0.4668)  1.38 it/s  gpu_mem=22263 MB
  iter 500/5914  loss=0.9659  (cls 0.4713 bbox 0.4946)  1.38 it/s  gpu_mem=22263 MB
  iter 600/5914  loss=0.8295  (cls 0.3719 bbox 0.4575)  1.38 it/s  gpu_mem=22263 MB
  iter 700/5914  loss=0.7490  (cls 0.4237 bbox 0.3253)  1.38 it/s  gpu_mem=22263 MB
  iter 800/5914  loss=1.2679  (cls 0.5020 bbox 0.7659)  1.39 it/s  gpu_mem=22263 MB
  iter 900/5914  loss=1.0573  (cls 0.4159 bbox 0.6414)  1.39 it/s  gpu_mem=22263 MB
  iter 1000/5914  loss=0.8483  (cls 0.3873 bbox 0.4609)  1.39 it/s  gpu_mem=22263 MB
  iter 1100/5914  loss=0.8443  (cls 0.4473 bbox 0.3970)  1.39 it/s  gpu_mem=22263 MB
  iter 1200/5914  loss=1.1164  (cls 0.4668 bbox 0.6495)  1.39 it/s  gpu_mem=22263 MB
  iter 1300/5914  loss=0.8225  (cls 0.4586 bbox 0.3639)  1.39 it/s  gpu_mem=22263 MB
  iter 1400/5914  loss=1.2201  (cls 0.5868 bbox 0.6333)  1.39 it/s  gpu_mem=22263 MB
  iter 1500/5914  loss=1.0030  (cls 0.4574 bbox 0.5456)  1.39 it/s  gpu_mem=22263 MB
  iter 1600/5914  loss=0.8165  (cls 0.3560 bbox 0.4605)  1.39 it/s  gpu_mem=22263 MB
  iter 1700/5914  loss=0.9824  (cls 0.4962 bbox 0.4862)  1.39 it/s  gpu_mem=22263 MB
  iter 1800/5914  loss=0.9701  (cls 0.4732 bbox 0.4969)  1.39 it/s  gpu_mem=22263 MB
  iter 1900/5914  loss=1.0298  (cls 0.5109 bbox 0.5189)  1.39 it/s  gpu_mem=22263 MB
  iter 2000/5914  loss=1.0512  (cls 0.4849 bbox 0.5663)  1.39 it/s  gpu_mem=22263 MB
  iter 2100/5914  loss=1.0072  (cls 0.5058 bbox 0.5013)  1.39 it/s  gpu_mem=22263 MB
  iter 2200/5914  loss=0.8181  (cls 0.4548 bbox 0.3633)  1.39 it/s  gpu_mem=22263 MB
  iter 2300/5914  loss=0.9252  (cls 0.4698 bbox 0.4554)  1.39 it/s  gpu_mem=22263 MB
  iter 2400/5914  loss=0.8109  (cls 0.4366 bbox 0.3743)  1.39 it/s  gpu_mem=22263 MB
  iter 2500/5914  loss=0.9710  (cls 0.4580 bbox 0.5130)  1.39 it/s  gpu_mem=22263 MB
  iter 2600/5914  loss=1.0096  (cls 0.4687 bbox 0.5409)  1.39 it/s  gpu_mem=22263 MB
  iter 2700/5914  loss=0.8745  (cls 0.4619 bbox 0.4126)  1.39 it/s  gpu_mem=22263 MB
  iter 2800/5914  loss=0.8598  (cls 0.4073 bbox 0.4526)  1.39 it/s  gpu_mem=22263 MB
  iter 2900/5914  loss=0.9231  (cls 0.4624 bbox 0.4607)  1.39 it/s  gpu_mem=22263 MB
  iter 3000/5914  loss=1.0387  (cls 0.4390 bbox 0.5997)  1.39 it/s  gpu_mem=22263 MB
  iter 3100/5914  loss=1.0190  (cls 0.4744 bbox 0.5446)  1.39 it/s  gpu_mem=22263 MB
  iter 3200/5914  loss=0.8855  (cls 0.4310 bbox 0.4545)  1.39 it/s  gpu_mem=22263 MB
  iter 3300/5914  loss=0.9811  (cls 0.4649 bbox 0.5162)  1.39 it/s  gpu_mem=22263 MB
  iter 3400/5914  loss=1.0950  (cls 0.4799 bbox 0.6151)  1.39 it/s  gpu_mem=22263 MB
  iter 3500/5914  loss=0.8984  (cls 0.4274 bbox 0.4711)  1.39 it/s  gpu_mem=22263 MB
  iter 3600/5914  loss=0.8819  (cls 0.4447 bbox 0.4372)  1.39 it/s  gpu_mem=22263 MB
  iter 3700/5914  loss=0.8840  (cls 0.3719 bbox 0.5121)  1.39 it/s  gpu_mem=22263 MB
  iter 3800/5914  loss=0.8783  (cls 0.4287 bbox 0.4497)  1.39 it/s  gpu_mem=22263 MB
  iter 3900/5914  loss=1.0106  (cls 0.5036 bbox 0.5070)  1.39 it/s  gpu_mem=22263 MB
  iter 4000/5914  loss=1.0406  (cls 0.4556 bbox 0.5850)  1.39 it/s  gpu_mem=22263 MB
  iter 4100/5914  loss=0.7927  (cls 0.3949 bbox 0.3978)  1.39 it/s  gpu_mem=22263 MB
  iter 4200/5914  loss=1.0110  (cls 0.4646 bbox 0.5463)  1.39 it/s  gpu_mem=22263 MB
  iter 4300/5914  loss=1.0696  (cls 0.4590 bbox 0.6106)  1.39 it/s  gpu_mem=22263 MB
  iter 4400/5914  loss=0.9628  (cls 0.5059 bbox 0.4569)  1.39 it/s  gpu_mem=22263 MB
  iter 4500/5914  loss=0.9704  (cls 0.4376 bbox 0.5328)  1.39 it/s  gpu_mem=22263 MB
  iter 4600/5914  loss=1.2711  (cls 0.6054 bbox 0.6657)  1.39 it/s  gpu_mem=22263 MB
  iter 4700/5914  loss=0.9419  (cls 0.4190 bbox 0.5229)  1.39 it/s  gpu_mem=22263 MB
  iter 4800/5914  loss=0.9232  (cls 0.4814 bbox 0.4418)  1.39 it/s  gpu_mem=22263 MB
  iter 4900/5914  loss=0.8330  (cls 0.4237 bbox 0.4094)  1.39 it/s  gpu_mem=22263 MB
  iter 5000/5914  loss=1.0517  (cls 0.5139 bbox 0.5378)  1.39 it/s  gpu_mem=22263 MB
  iter 5100/5914  loss=0.8699  (cls 0.4050 bbox 0.4649)  1.39 it/s  gpu_mem=22263 MB
  iter 5200/5914  loss=0.9509  (cls 0.4933 bbox 0.4576)  1.39 it/s  gpu_mem=22263 MB
  iter 5300/5914  loss=1.0539  (cls 0.5131 bbox 0.5408)  1.39 it/s  gpu_mem=22263 MB
  iter 5400/5914  loss=0.9602  (cls 0.5170 bbox 0.4432)  1.39 it/s  gpu_mem=22263 MB
  iter 5500/5914  loss=0.9928  (cls 0.4417 bbox 0.5511)  1.39 it/s  gpu_mem=22263 MB
  iter 5600/5914  loss=0.9154  (cls 0.4337 bbox 0.4817)  1.39 it/s  gpu_mem=22263 MB
  iter 5700/5914  loss=1.0188  (cls 0.4168 bbox 0.6021)  1.39 it/s  gpu_mem=22263 MB
  iter 5800/5914  loss=1.0530  (cls 0.4734 bbox 0.5797)  1.39 it/s  gpu_mem=22263 MB
  iter 5900/5914  loss=0.8717  (cls 0.4266 bbox 0.4451)  1.39 it/s  gpu_mem=22263 MB
Epoch 13 train | total=nan cls=nan bbox=0.5278 | LR bb=4.36e-07 head=4.36e-06 | 5914 batches in 4250.9s
Epoch 13 eval | mAP@50=0.174  mAP@[.5:.95]=0.090
>> Best saved at epoch 13 (mAP@50: 0.174)
  iter 0/5914  loss=0.9751  (cls 0.4047 bbox 0.5703)  0.36 it/s  gpu_mem=22263 MB
  iter 100/5914  loss=0.8111  (cls 0.4090 bbox 0.4021)  1.36 it/s  gpu_mem=22263 MB
  iter 200/5914  loss=0.9872  (cls 0.4475 bbox 0.5397)  1.37 it/s  gpu_mem=22263 MB
  iter 300/5914  loss=0.8433  (cls 0.3754 bbox 0.4679)  1.38 it/s  gpu_mem=22263 MB
  iter 400/5914  loss=1.0357  (cls 0.5054 bbox 0.5303)  1.38 it/s  gpu_mem=22263 MB
  iter 500/5914  loss=1.1214  (cls 0.5114 bbox 0.6100)  1.38 it/s  gpu_mem=22263 MB
  iter 600/5914  loss=0.9867  (cls 0.4421 bbox 0.5446)  1.39 it/s  gpu_mem=22263 MB
  iter 700/5914  loss=0.9206  (cls 0.4831 bbox 0.4375)  1.39 it/s  gpu_mem=22263 MB
  iter 800/5914  loss=0.8479  (cls 0.4338 bbox 0.4142)  1.39 it/s  gpu_mem=22263 MB
  iter 900/5914  loss=1.0091  (cls 0.4807 bbox 0.5284)  1.39 it/s  gpu_mem=22263 MB
  iter 1000/5914  loss=0.9920  (cls 0.4554 bbox 0.5366)  1.39 it/s  gpu_mem=22263 MB
  iter 1100/5914  loss=0.9709  (cls 0.4820 bbox 0.4888)  1.39 it/s  gpu_mem=22263 MB
  iter 1200/5914  loss=0.8887  (cls 0.3664 bbox 0.5223)  1.39 it/s  gpu_mem=22263 MB
  iter 1300/5914  loss=1.1094  (cls 0.5257 bbox 0.5837)  1.39 it/s  gpu_mem=22263 MB
  iter 1400/5914  loss=0.8943  (cls 0.4448 bbox 0.4495)  1.39 it/s  gpu_mem=22263 MB
  iter 1500/5914  loss=0.6907  (cls 0.3861 bbox 0.3046)  1.39 it/s  gpu_mem=22263 MB
  iter 1600/5914  loss=0.8547  (cls 0.4111 bbox 0.4436)  1.39 it/s  gpu_mem=22263 MB
  iter 1700/5914  loss=0.8890  (cls 0.3966 bbox 0.4923)  1.39 it/s  gpu_mem=22263 MB
  iter 1800/5914  loss=1.0067  (cls 0.4355 bbox 0.5713)  1.39 it/s  gpu_mem=22263 MB
  iter 1900/5914  loss=0.9931  (cls 0.4374 bbox 0.5557)  1.39 it/s  gpu_mem=22263 MB
  iter 2000/5914  loss=1.0672  (cls 0.4777 bbox 0.5895)  1.39 it/s  gpu_mem=22263 MB
  iter 2100/5914  loss=0.8566  (cls 0.3842 bbox 0.4724)  1.39 it/s  gpu_mem=22263 MB
  iter 2200/5914  loss=0.9259  (cls 0.3944 bbox 0.5315)  1.39 it/s  gpu_mem=22263 MB
  iter 2300/5914  loss=0.9585  (cls 0.4306 bbox 0.5280)  1.39 it/s  gpu_mem=22263 MB
  iter 2400/5914  loss=0.9022  (cls 0.4376 bbox 0.4646)  1.39 it/s  gpu_mem=22263 MB
  iter 2500/5914  loss=0.9070  (cls 0.4064 bbox 0.5006)  1.39 it/s  gpu_mem=22263 MB
  iter 2600/5914  loss=0.9385  (cls 0.4897 bbox 0.4488)  1.39 it/s  gpu_mem=22263 MB
  iter 2700/5914  loss=0.9565  (cls 0.4638 bbox 0.4926)  1.39 it/s  gpu_mem=22263 MB
  iter 2800/5914  loss=0.7596  (cls 0.3690 bbox 0.3907)  1.39 it/s  gpu_mem=22263 MB
  iter 2900/5914  loss=0.9832  (cls 0.4284 bbox 0.5548)  1.39 it/s  gpu_mem=22263 MB
  iter 3000/5914  loss=0.9194  (cls 0.4777 bbox 0.4417)  1.39 it/s  gpu_mem=22263 MB
  iter 3100/5914  loss=0.9952  (cls 0.5273 bbox 0.4679)  1.39 it/s  gpu_mem=22263 MB
  iter 3200/5914  loss=0.9821  (cls 0.4722 bbox 0.5100)  1.39 it/s  gpu_mem=22263 MB
  iter 3300/5914  loss=0.9274  (cls 0.4475 bbox 0.4800)  1.39 it/s  gpu_mem=22263 MB
  iter 3400/5914  loss=0.8285  (cls 0.3979 bbox 0.4306)  1.39 it/s  gpu_mem=22263 MB
  iter 3500/5914  loss=1.0502  (cls 0.5347 bbox 0.5156)  1.39 it/s  gpu_mem=22263 MB
  iter 3600/5914  loss=0.9495  (cls 0.5032 bbox 0.4462)  1.39 it/s  gpu_mem=22263 MB
  iter 3700/5914  loss=1.0440  (cls 0.4723 bbox 0.5717)  1.39 it/s  gpu_mem=22263 MB
  iter 3800/5914  loss=1.0670  (cls 0.4840 bbox 0.5831)  1.39 it/s  gpu_mem=22263 MB
  iter 3900/5914  loss=1.0474  (cls 0.4698 bbox 0.5776)  1.39 it/s  gpu_mem=22263 MB
  iter 4000/5914  loss=0.8604  (cls 0.3839 bbox 0.4765)  1.39 it/s  gpu_mem=22263 MB
  iter 4100/5914  loss=1.1232  (cls 0.4648 bbox 0.6583)  1.39 it/s  gpu_mem=22263 MB
  iter 4200/5914  loss=1.0579  (cls 0.5282 bbox 0.5297)  1.39 it/s  gpu_mem=22263 MB
  iter 4300/5914  loss=1.0832  (cls 0.5079 bbox 0.5753)  1.39 it/s  gpu_mem=22263 MB
  iter 4400/5914  loss=0.9517  (cls 0.4198 bbox 0.5319)  1.39 it/s  gpu_mem=22263 MB
  iter 4500/5914  loss=1.0127  (cls 0.4572 bbox 0.5555)  1.39 it/s  gpu_mem=22263 MB
  iter 4600/5914  loss=0.9663  (cls 0.4707 bbox 0.4956)  1.39 it/s  gpu_mem=22263 MB
  iter 4700/5914  loss=1.0484  (cls 0.4479 bbox 0.6006)  1.39 it/s  gpu_mem=22263 MB
  iter 4800/5914  loss=1.0965  (cls 0.5802 bbox 0.5163)  1.39 it/s  gpu_mem=22263 MB
  iter 4900/5914  loss=1.2221  (cls 0.5213 bbox 0.7008)  1.39 it/s  gpu_mem=22263 MB
  iter 5000/5914  loss=0.8856  (cls 0.4578 bbox 0.4277)  1.39 it/s  gpu_mem=22263 MB
  iter 5100/5914  loss=0.9140  (cls 0.4459 bbox 0.4682)  1.39 it/s  gpu_mem=22263 MB
  iter 5200/5914  loss=0.8278  (cls 0.4161 bbox 0.4118)  1.39 it/s  gpu_mem=22263 MB
  iter 5300/5914  loss=0.9693  (cls 0.4629 bbox 0.5064)  1.39 it/s  gpu_mem=22263 MB
  iter 5400/5914  loss=1.0820  (cls 0.4031 bbox 0.6789)  1.39 it/s  gpu_mem=22263 MB
  iter 5500/5914  loss=0.8636  (cls 0.3798 bbox 0.4838)  1.39 it/s  gpu_mem=22263 MB
  iter 5600/5914  loss=0.9705  (cls 0.4648 bbox 0.5057)  1.39 it/s  gpu_mem=22263 MB
  iter 5700/5914  loss=1.0669  (cls 0.5406 bbox 0.5264)  1.39 it/s  gpu_mem=22263 MB
  iter 5800/5914  loss=0.9975  (cls 0.4325 bbox 0.5651)  1.39 it/s  gpu_mem=22263 MB
  iter 5900/5914  loss=0.9006  (cls 0.4432 bbox 0.4573)  1.39 it/s  gpu_mem=22263 MB
Epoch 14 train | total=0.9894 cls=0.4642 bbox=0.5252 | LR bb=0.00e+00 head=0.00e+00 | 5914 batches in 4251.2s
Epoch 14 eval | mAP@50=0.175  mAP@[.5:.95]=0.090
>> Best saved at epoch 14 (mAP@50: 0.175)
Training complete.
