=== Experiment D: T=8 + channel + spatial attention ===
Log: /workspace/SNN/logs/cifar100_p2_D.log
num_steps=8 batch_size=128 epochs=30
attention: channel=True spatial=True temporal=False
/venv/main/lib/python3.12/site-packages/torchvision/datasets/cifar.py:83: VisibleDeprecationWarning: dtype(): align should be passed as Python or NumPy boolean but got `align=0`. Did you mean to pass a tuple to create a subarray type? (Deprecated NumPy 2.4)
  entry = pickle.load(f, encoding="latin1")
Training set size: 50000
Test set size: 10000
Train augmentation: RandomCrop(32, pad=4) + HorizontalFlip
Training on 100 classes
Experiment: cifar100_p2_D | Seed: 42
Trainable params: 1,458,922
No checkpoint found, starting fresh.
Epoch 0 | Acc: 21.57% | CE: 3.930 | SpikeReg: 0.285 | LR: 9.97e-04
  Fire rates (lif1/lif2/lif3/lif4/out): 0.029 0.073 0.094 0.028 0.012
>> Best saved at epoch 0 (accuracy: 21.57%)
Epoch 1 | Acc: 28.30% | CE: 3.387 | SpikeReg: 0.239 | LR: 9.89e-04
  Fire rates (lif1/lif2/lif3/lif4/out): 0.021 0.062 0.081 0.024 0.047
>> Best saved at epoch 1 (accuracy: 28.30%)
Epoch 2 | Acc: 35.58% | CE: 3.068 | SpikeReg: 0.249 | LR: 9.76e-04
  Fire rates (lif1/lif2/lif3/lif4/out): 0.018 0.052 0.068 0.015 0.099
>> Best saved at epoch 2 (accuracy: 35.58%)
Epoch 3 | Acc: 39.89% | CE: 2.876 | SpikeReg: 0.246 | LR: 9.57e-04
  Fire rates (lif1/lif2/lif3/lif4/out): 0.014 0.044 0.058 0.013 0.105
>> Best saved at epoch 3 (accuracy: 39.89%)
Epoch 4 | Acc: 43.21% | CE: 2.749 | SpikeReg: 0.220 | LR: 9.33e-04
  Fire rates (lif1/lif2/lif3/lif4/out): 0.013 0.041 0.053 0.011 0.083
>> Best saved at epoch 4 (accuracy: 43.21%)
Epoch 5 | Acc: 44.51% | CE: 2.654 | SpikeReg: 0.196 | LR: 9.05e-04
  Fire rates (lif1/lif2/lif3/lif4/out): 0.010 0.038 0.047 0.011 0.078
>> Best saved at epoch 5 (accuracy: 44.51%)
Epoch 6 | Acc: 45.34% | CE: 2.576 | SpikeReg: 0.184 | LR: 8.72e-04
  Fire rates (lif1/lif2/lif3/lif4/out): 0.010 0.034 0.042 0.010 0.076
>> Best saved at epoch 6 (accuracy: 45.34%)
Epoch 7 | Acc: 46.56% | CE: 2.509 | SpikeReg: 0.172 | LR: 8.35e-04
  Fire rates (lif1/lif2/lif3/lif4/out): 0.008 0.032 0.037 0.010 0.079
>> Best saved at epoch 7 (accuracy: 46.56%)
Epoch 8 | Acc: 49.36% | CE: 2.451 | SpikeReg: 0.170 | LR: 7.94e-04
  Fire rates (lif1/lif2/lif3/lif4/out): 0.007 0.028 0.033 0.010 0.086
>> Best saved at epoch 8 (accuracy: 49.36%)
Epoch 9 | Acc: 49.64% | CE: 2.387 | SpikeReg: 0.164 | LR: 7.50e-04
  Fire rates (lif1/lif2/lif3/lif4/out): 0.007 0.027 0.032 0.010 0.078
>> Best saved at epoch 9 (accuracy: 49.64%)
Epoch 10 | Acc: 51.23% | CE: 2.348 | SpikeReg: 0.163 | LR: 7.03e-04
  Fire rates (lif1/lif2/lif3/lif4/out): 0.006 0.025 0.028 0.010 0.082
>> Best saved at epoch 10 (accuracy: 51.23%)
Epoch 11 | Acc: 51.34% | CE: 2.299 | SpikeReg: 0.155 | LR: 6.55e-04
  Fire rates (lif1/lif2/lif3/lif4/out): 0.005 0.024 0.027 0.010 0.074
>> Best saved at epoch 11 (accuracy: 51.34%)
Epoch 12 | Acc: 52.63% | CE: 2.255 | SpikeReg: 0.157 | LR: 6.04e-04
  Fire rates (lif1/lif2/lif3/lif4/out): 0.005 0.022 0.026 0.010 0.085
>> Best saved at epoch 12 (accuracy: 52.63%)
Epoch 13 | Acc: 53.43% | CE: 2.210 | SpikeReg: 0.159 | LR: 5.52e-04
  Fire rates (lif1/lif2/lif3/lif4/out): 0.005 0.022 0.023 0.010 0.096
>> Best saved at epoch 13 (accuracy: 53.43%)
Epoch 14 | Acc: 53.84% | CE: 2.169 | SpikeReg: 0.158 | LR: 5.00e-04
  Fire rates (lif1/lif2/lif3/lif4/out): 0.004 0.020 0.022 0.011 0.090
>> Best saved at epoch 14 (accuracy: 53.84%)
Epoch 15 | Acc: 54.11% | CE: 2.134 | SpikeReg: 0.155 | LR: 4.48e-04
  Fire rates (lif1/lif2/lif3/lif4/out): 0.004 0.019 0.020 0.010 0.100
>> Best saved at epoch 15 (accuracy: 54.11%)
Epoch 16 | Acc: 55.22% | CE: 2.095 | SpikeReg: 0.154 | LR: 3.96e-04
  Fire rates (lif1/lif2/lif3/lif4/out): 0.004 0.019 0.020 0.011 0.086
>> Best saved at epoch 16 (accuracy: 55.22%)
Epoch 17 | Acc: 55.13% | CE: 2.061 | SpikeReg: 0.156 | LR: 3.45e-04
  Fire rates (lif1/lif2/lif3/lif4/out): 0.004 0.019 0.019 0.011 0.090
Epoch 18 | Acc: 55.65% | CE: 2.026 | SpikeReg: 0.156 | LR: 2.97e-04
  Fire rates (lif1/lif2/lif3/lif4/out): 0.004 0.018 0.019 0.011 0.097
>> Best saved at epoch 18 (accuracy: 55.65%)
Epoch 19 | Acc: 55.84% | CE: 1.999 | SpikeReg: 0.156 | LR: 2.50e-04
  Fire rates (lif1/lif2/lif3/lif4/out): 0.003 0.018 0.019 0.011 0.093
>> Best saved at epoch 19 (accuracy: 55.84%)
Epoch 20 | Acc: 56.62% | CE: 1.973 | SpikeReg: 0.157 | LR: 2.06e-04
  Fire rates (lif1/lif2/lif3/lif4/out): 0.003 0.017 0.018 0.011 0.098
>> Best saved at epoch 20 (accuracy: 56.62%)
Epoch 21 | Acc: 56.55% | CE: 1.950 | SpikeReg: 0.159 | LR: 1.65e-04
  Fire rates (lif1/lif2/lif3/lif4/out): 0.003 0.017 0.017 0.012 0.097
Epoch 22 | Acc: 57.33% | CE: 1.931 | SpikeReg: 0.157 | LR: 1.28e-04
  Fire rates (lif1/lif2/lif3/lif4/out): 0.003 0.016 0.016 0.012 0.098
>> Best saved at epoch 22 (accuracy: 57.33%)
Epoch 23 | Acc: 57.72% | CE: 1.909 | SpikeReg: 0.157 | LR: 9.55e-05
  Fire rates (lif1/lif2/lif3/lif4/out): 0.003 0.016 0.016 0.012 0.095
>> Best saved at epoch 23 (accuracy: 57.72%)
Epoch 24 | Acc: 57.58% | CE: 1.895 | SpikeReg: 0.157 | LR: 6.70e-05
  Fire rates (lif1/lif2/lif3/lif4/out): 0.003 0.016 0.016 0.012 0.096
Epoch 25 | Acc: 57.79% | CE: 1.880 | SpikeReg: 0.157 | LR: 4.32e-05
  Fire rates (lif1/lif2/lif3/lif4/out): 0.003 0.016 0.016 0.012 0.097
>> Best saved at epoch 25 (accuracy: 57.79%)
Epoch 26 | Acc: 58.09% | CE: 1.868 | SpikeReg: 0.157 | LR: 2.45e-05
  Fire rates (lif1/lif2/lif3/lif4/out): 0.003 0.016 0.016 0.012 0.098
>> Best saved at epoch 26 (accuracy: 58.09%)
Epoch 27 | Acc: 58.15% | CE: 1.862 | SpikeReg: 0.156 | LR: 1.09e-05
  Fire rates (lif1/lif2/lif3/lif4/out): 0.003 0.016 0.016 0.012 0.097
>> Best saved at epoch 27 (accuracy: 58.15%)
Epoch 28 | Acc: 57.99% | CE: 1.857 | SpikeReg: 0.157 | LR: 2.74e-06
  Fire rates (lif1/lif2/lif3/lif4/out): 0.003 0.016 0.016 0.012 0.097
Epoch 29 | Acc: 58.57% | CE: 1.851 | SpikeReg: 0.157 | LR: 0.00e+00
  Fire rates (lif1/lif2/lif3/lif4/out): 0.003 0.016 0.016 0.012 0.096
>> Best saved at epoch 29 (accuracy: 58.57%)
