=== Experiment V5b_atss: V5b = V5 + ATSS matcher fine-tune (8 epochs, no warmup) ===
Log: /workspace/SNN/logs/cifar100_spikedetect_V5b_atss.log
dataset=coco batch=10 img=416 epochs=8 warmup=0 amp=True
backbone_source=imagenet_ann  warm_start=cifar100_spikedetect_V5_kd_best.pth scope=all  aug=strong
USE_KD=True  USE_SPIKING_HEAD=False
loading annotations into memory...
Done (t=12.26s)
creating index...
index created!
Wrapped train_set with MosaicDetection (prob=0.5)
loading annotations into memory...
Done (t=0.54s)
creating index...
index created!
Train batches: 11828  Val batches: 500
num_classes=81 (incl. background)
[SEWBackboneForDetection:imagenet_ann] loaded 660 keys, skipped 0, still-missing 240
Warm-started from cifar100_spikedetect_V5_kd_best.pth (scope=all): loaded 936 keys, skipped 0
[ATSS] Replaced Matcher → ATSSMatcher(topk=9)
Total params: 20,322,535  Trainable: 20,170,975
Loading ANN teacher: torchvision RetinaNet-R50-FPN-v2 @ 416...
Backbone trainable: 11,092,192
Head/FPN trainable: 9,078,783
USE_EMA=True  USE_PROGRESSIVE_UNFREEZE=True
No resume checkpoint — fresh start for this experiment.
--- Epoch 0: unfreezing 1/4 backbone layer-groups, trainable params 17,518,795 ---
  iter 0/11828  loss=15.9769  (cls 0.5641 bbox 0.7798)  0.06 it/s  gpu_mem=18148 MB
  iter 100/11828  loss=15.1373  (cls 0.7005 bbox 0.8511)  1.23 it/s  gpu_mem=18684 MB
  iter 200/11828  loss=14.9532  (cls 0.7209 bbox 0.8693)  1.36 it/s  gpu_mem=18684 MB
  iter 300/11828  loss=16.5296  (cls 0.5426 bbox 0.8559)  1.41 it/s  gpu_mem=18684 MB
  iter 400/11828  loss=14.0647  (cls 0.6254 bbox 0.9827)  1.44 it/s  gpu_mem=18684 MB
  iter 500/11828  loss=13.8442  (cls 0.5847 bbox 0.5832)  1.45 it/s  gpu_mem=18684 MB
  iter 600/11828  loss=13.4514  (cls 0.5358 bbox 0.4919)  1.46 it/s  gpu_mem=18684 MB
  iter 700/11828  loss=15.8807  (cls 0.5806 bbox 0.6267)  1.47 it/s  gpu_mem=18684 MB
  iter 800/11828  loss=15.0276  (cls 0.6708 bbox 0.9047)  1.48 it/s  gpu_mem=18684 MB
  iter 900/11828  loss=15.3082  (cls 0.6328 bbox 0.7011)  1.48 it/s  gpu_mem=18684 MB
  iter 1000/11828  loss=14.1160  (cls 0.5725 bbox 0.8141)  1.49 it/s  gpu_mem=18684 MB
  iter 1100/11828  loss=14.9480  (cls 0.4755 bbox 0.6471)  1.49 it/s  gpu_mem=18684 MB
  iter 1200/11828  loss=15.2814  (cls 0.7491 bbox 0.8048)  1.49 it/s  gpu_mem=18684 MB
  iter 1300/11828  loss=16.2169  (cls 0.5765 bbox 0.7168)  1.50 it/s  gpu_mem=18684 MB
  iter 1400/11828  loss=15.8485  (cls 0.8245 bbox 0.9447)  1.50 it/s  gpu_mem=18684 MB
  iter 1500/11828  loss=14.0376  (cls 0.6287 bbox 0.9314)  1.50 it/s  gpu_mem=18684 MB
  iter 1600/11828  loss=14.8866  (cls 0.5715 bbox 0.6312)  1.50 it/s  gpu_mem=18684 MB
  iter 1700/11828  loss=14.7102  (cls 0.4207 bbox 0.5234)  1.50 it/s  gpu_mem=18684 MB
  iter 1800/11828  loss=13.9890  (cls 0.4991 bbox 0.6020)  1.50 it/s  gpu_mem=18684 MB
  iter 1900/11828  loss=14.0422  (cls 0.6415 bbox 0.9089)  1.50 it/s  gpu_mem=18684 MB
  iter 2000/11828  loss=13.2691  (cls 0.6025 bbox 0.5434)  1.50 it/s  gpu_mem=18684 MB
  iter 2100/11828  loss=14.7531  (cls 0.6973 bbox 1.0007)  1.51 it/s  gpu_mem=18684 MB
  iter 2200/11828  loss=13.2850  (cls 0.6350 bbox 0.6863)  1.51 it/s  gpu_mem=18684 MB
  iter 2300/11828  loss=13.1920  (cls 0.5189 bbox 0.7118)  1.51 it/s  gpu_mem=18684 MB
  iter 2400/11828  loss=14.8483  (cls 0.5500 bbox 0.6515)  1.51 it/s  gpu_mem=18684 MB
  iter 2500/11828  loss=12.9644  (cls 0.7329 bbox 0.7413)  1.51 it/s  gpu_mem=18684 MB
  iter 2600/11828  loss=15.8814  (cls 0.4938 bbox 0.6026)  1.51 it/s  gpu_mem=18684 MB
  iter 2700/11828  loss=13.8678  (cls 0.6449 bbox 0.7703)  1.51 it/s  gpu_mem=18684 MB
  iter 2800/11828  loss=14.0730  (cls 0.8070 bbox 0.7306)  1.51 it/s  gpu_mem=18684 MB
  iter 2900/11828  loss=16.8219  (cls 0.5690 bbox 0.7181)  1.51 it/s  gpu_mem=18684 MB
  iter 3000/11828  loss=14.7549  (cls 0.6000 bbox 0.8165)  1.51 it/s  gpu_mem=18684 MB
  iter 3100/11828  loss=14.7859  (cls 0.4839 bbox 0.6017)  1.51 it/s  gpu_mem=18684 MB
  iter 3200/11828  loss=14.2027  (cls 0.6848 bbox 0.7761)  1.51 it/s  gpu_mem=18684 MB
  iter 3300/11828  loss=14.8118  (cls 0.5697 bbox 0.5320)  1.51 it/s  gpu_mem=18684 MB
  iter 3400/11828  loss=14.4684  (cls 0.6430 bbox 0.7386)  1.51 it/s  gpu_mem=18684 MB
  iter 3500/11828  loss=15.0785  (cls 0.6955 bbox 0.8459)  1.51 it/s  gpu_mem=18684 MB
  iter 3600/11828  loss=15.1517  (cls 0.6287 bbox 0.8546)  1.51 it/s  gpu_mem=18684 MB
  iter 3700/11828  loss=17.0682  (cls 0.5722 bbox 0.5339)  1.51 it/s  gpu_mem=18684 MB
  iter 3800/11828  loss=13.8398  (cls 0.6833 bbox 0.8601)  1.51 it/s  gpu_mem=18684 MB
  iter 3900/11828  loss=17.4153  (cls 0.6166 bbox 0.5483)  1.51 it/s  gpu_mem=18684 MB
  iter 4000/11828  loss=14.8440  (cls 0.4514 bbox 0.5501)  1.51 it/s  gpu_mem=18684 MB
  iter 4100/11828  loss=16.9468  (cls 0.7782 bbox 0.7639)  1.51 it/s  gpu_mem=18684 MB
  iter 4200/11828  loss=14.3725  (cls 0.6773 bbox 0.9300)  1.51 it/s  gpu_mem=18684 MB
  iter 4300/11828  loss=16.9732  (cls 0.5725 bbox 0.4732)  1.51 it/s  gpu_mem=18684 MB
  iter 4400/11828  loss=14.2394  (cls 0.6261 bbox 0.8391)  1.51 it/s  gpu_mem=18684 MB
  iter 4500/11828  loss=13.8170  (cls 0.7586 bbox 1.0066)  1.51 it/s  gpu_mem=18684 MB
  iter 4600/11828  loss=14.4889  (cls 0.6969 bbox 0.8604)  1.52 it/s  gpu_mem=18684 MB
  iter 4700/11828  loss=15.9410  (cls 0.7218 bbox 0.8160)  1.52 it/s  gpu_mem=18684 MB
  iter 4800/11828  loss=14.3824  (cls 0.6295 bbox 0.8658)  1.52 it/s  gpu_mem=18684 MB
  iter 4900/11828  loss=15.3241  (cls 0.5247 bbox 0.7105)  1.52 it/s  gpu_mem=18684 MB
  iter 5000/11828  loss=15.5931  (cls 0.5324 bbox 0.6568)  1.52 it/s  gpu_mem=18684 MB
  iter 5100/11828  loss=13.8873  (cls 0.6762 bbox 0.8443)  1.52 it/s  gpu_mem=18684 MB
  iter 5200/11828  loss=15.9500  (cls 0.5097 bbox 0.6844)  1.52 it/s  gpu_mem=18684 MB
  iter 5300/11828  loss=14.9626  (cls 0.5137 bbox 0.7559)  1.52 it/s  gpu_mem=18684 MB
  iter 5400/11828  loss=14.5578  (cls 0.4340 bbox 0.6242)  1.52 it/s  gpu_mem=18684 MB
  iter 5500/11828  loss=16.0964  (cls 0.7050 bbox 0.7940)  1.52 it/s  gpu_mem=18684 MB
  iter 5600/11828  loss=16.8836  (cls 0.5308 bbox 0.5490)  1.52 it/s  gpu_mem=18684 MB
  iter 5700/11828  loss=16.2628  (cls 0.5948 bbox 0.5872)  1.52 it/s  gpu_mem=18684 MB
  iter 5800/11828  loss=16.7031  (cls 0.6063 bbox 0.3768)  1.52 it/s  gpu_mem=18684 MB
  iter 5900/11828  loss=16.2140  (cls 0.5287 bbox 0.5441)  1.52 it/s  gpu_mem=18684 MB
  iter 6000/11828  loss=14.9996  (cls 0.4124 bbox 0.4151)  1.52 it/s  gpu_mem=18684 MB
  iter 6100/11828  loss=17.4364  (cls 0.5300 bbox 0.6873)  1.52 it/s  gpu_mem=18684 MB
  iter 6200/11828  loss=15.4352  (cls 0.6684 bbox 0.8666)  1.52 it/s  gpu_mem=18684 MB
  iter 6300/11828  loss=14.5791  (cls 0.5002 bbox 0.6233)  1.52 it/s  gpu_mem=18684 MB
  iter 6400/11828  loss=15.6390  (cls 0.4714 bbox 0.5498)  1.52 it/s  gpu_mem=18684 MB
  iter 6500/11828  loss=13.8002  (cls 0.7221 bbox 0.7997)  1.52 it/s  gpu_mem=18684 MB
  iter 6600/11828  loss=15.3323  (cls 0.7355 bbox 0.7425)  1.52 it/s  gpu_mem=18684 MB
  iter 6700/11828  loss=15.4139  (cls 0.6944 bbox 0.8243)  1.52 it/s  gpu_mem=18684 MB
  iter 6800/11828  loss=15.4780  (cls 0.6603 bbox 0.8199)  1.52 it/s  gpu_mem=18684 MB
  iter 6900/11828  loss=15.6203  (cls 0.6478 bbox 0.9766)  1.52 it/s  gpu_mem=18684 MB
  iter 7000/11828  loss=14.6417  (cls 0.6948 bbox 0.8603)  1.52 it/s  gpu_mem=18684 MB
  iter 7100/11828  loss=15.8320  (cls 0.5555 bbox 0.7953)  1.52 it/s  gpu_mem=18684 MB
  iter 7200/11828  loss=13.8873  (cls 0.4961 bbox 0.5730)  1.52 it/s  gpu_mem=18684 MB
  iter 7300/11828  loss=14.4626  (cls 0.6558 bbox 0.9574)  1.52 it/s  gpu_mem=18684 MB
  iter 7400/11828  loss=15.4272  (cls 0.5080 bbox 0.6335)  1.52 it/s  gpu_mem=18684 MB
  iter 7500/11828  loss=14.9736  (cls 0.6050 bbox 0.8861)  1.52 it/s  gpu_mem=18684 MB
  iter 7600/11828  loss=15.7136  (cls 0.7754 bbox 0.9903)  1.52 it/s  gpu_mem=18684 MB
  iter 7700/11828  loss=15.6843  (cls 0.6144 bbox 0.5583)  1.52 it/s  gpu_mem=18684 MB
  iter 7800/11828  loss=15.5091  (cls 0.6004 bbox 0.8643)  1.52 it/s  gpu_mem=18684 MB
  iter 7900/11828  loss=14.4617  (cls 0.6932 bbox 0.7903)  1.52 it/s  gpu_mem=18684 MB
  iter 8000/11828  loss=14.2018  (cls 0.6792 bbox 0.9825)  1.52 it/s  gpu_mem=18684 MB
  iter 8100/11828  loss=13.6308  (cls 0.6624 bbox 0.9038)  1.52 it/s  gpu_mem=18684 MB
  iter 8200/11828  loss=15.1197  (cls 0.5761 bbox 0.6657)  1.52 it/s  gpu_mem=18684 MB
  iter 8300/11828  loss=14.4297  (cls 0.4671 bbox 0.5861)  1.52 it/s  gpu_mem=18684 MB
  iter 8400/11828  loss=13.9758  (cls 0.6672 bbox 0.9002)  1.52 it/s  gpu_mem=18684 MB
  iter 8500/11828  loss=15.6419  (cls 0.6034 bbox 0.5976)  1.52 it/s  gpu_mem=18684 MB
  iter 8600/11828  loss=14.8225  (cls 0.7166 bbox 0.9360)  1.52 it/s  gpu_mem=18684 MB
  iter 8700/11828  loss=14.4274  (cls 0.5373 bbox 0.5202)  1.52 it/s  gpu_mem=18684 MB
  iter 8800/11828  loss=14.9999  (cls 0.6708 bbox 0.8092)  1.52 it/s  gpu_mem=18684 MB
  iter 8900/11828  loss=15.6837  (cls 0.7379 bbox 0.7021)  1.52 it/s  gpu_mem=18684 MB
  iter 9000/11828  loss=14.5931  (cls 0.5159 bbox 0.6855)  1.52 it/s  gpu_mem=18684 MB
  iter 9100/11828  loss=16.0887  (cls 0.4794 bbox 0.5590)  1.52 it/s  gpu_mem=18684 MB
  iter 9200/11828  loss=13.5545  (cls 0.6745 bbox 0.7552)  1.52 it/s  gpu_mem=18684 MB
  iter 9300/11828  loss=16.8579  (cls 0.5383 bbox 0.6887)  1.52 it/s  gpu_mem=18684 MB
  iter 9400/11828  loss=14.1882  (cls 0.4155 bbox 0.5238)  1.52 it/s  gpu_mem=18684 MB
  iter 9500/11828  loss=15.1744  (cls 0.7586 bbox 0.8850)  1.52 it/s  gpu_mem=18684 MB
  iter 9600/11828  loss=14.9819  (cls 0.6969 bbox 0.8862)  1.52 it/s  gpu_mem=18684 MB
  iter 9700/11828  loss=14.6933  (cls 0.6062 bbox 0.8810)  1.52 it/s  gpu_mem=18684 MB
  iter 9800/11828  loss=17.6853  (cls 0.6850 bbox 0.5288)  1.52 it/s  gpu_mem=18684 MB
  iter 9900/11828  loss=15.3008  (cls 0.6179 bbox 0.7616)  1.52 it/s  gpu_mem=18684 MB
  iter 10000/11828  loss=14.0722  (cls 0.5581 bbox 0.6566)  1.52 it/s  gpu_mem=18684 MB
  iter 10100/11828  loss=15.8624  (cls 0.6980 bbox 0.9207)  1.52 it/s  gpu_mem=18684 MB
  iter 10200/11828  loss=15.7024  (cls 0.5665 bbox 0.7063)  1.52 it/s  gpu_mem=18684 MB
  iter 10300/11828  loss=13.9563  (cls 0.6039 bbox 0.8464)  1.52 it/s  gpu_mem=18684 MB
  iter 10400/11828  loss=14.4012  (cls 0.6227 bbox 1.0039)  1.52 it/s  gpu_mem=18684 MB
  iter 10500/11828  loss=15.3182  (cls 0.4887 bbox 0.6635)  1.52 it/s  gpu_mem=18684 MB
  iter 10600/11828  loss=16.6089  (cls 0.5219 bbox 0.5819)  1.52 it/s  gpu_mem=18684 MB
  iter 10700/11828  loss=16.0005  (cls 0.5261 bbox 0.6824)  1.52 it/s  gpu_mem=18684 MB
  iter 10800/11828  loss=15.0361  (cls 0.6743 bbox 0.7847)  1.52 it/s  gpu_mem=18684 MB
  iter 10900/11828  loss=14.9304  (cls 0.6781 bbox 0.9230)  1.52 it/s  gpu_mem=18684 MB
  iter 11000/11828  loss=14.1359  (cls 0.4997 bbox 0.5225)  1.52 it/s  gpu_mem=18684 MB
  iter 11100/11828  loss=17.1239  (cls 0.4622 bbox 0.6838)  1.52 it/s  gpu_mem=18684 MB
  iter 11200/11828  loss=14.8038  (cls 0.7354 bbox 0.8353)  1.52 it/s  gpu_mem=18684 MB
  iter 11300/11828  loss=18.5991  (cls 0.5086 bbox 0.6355)  1.52 it/s  gpu_mem=18684 MB
  iter 11400/11828  loss=14.8845  (cls 0.6793 bbox 0.8109)  1.52 it/s  gpu_mem=18684 MB
  iter 11500/11828  loss=15.2621  (cls 0.4819 bbox 0.4686)  1.52 it/s  gpu_mem=18684 MB
  iter 11600/11828  loss=17.3394  (cls 0.6234 bbox 0.7741)  1.52 it/s  gpu_mem=18684 MB
  iter 11700/11828  loss=14.0805  (cls 0.6808 bbox 0.8050)  1.52 it/s  gpu_mem=18684 MB
  iter 11800/11828  loss=14.3789  (cls 0.4916 bbox 0.4143)  1.52 it/s  gpu_mem=18684 MB
Epoch 0 train | total=15.1925 cls=0.6147 bbox=0.7363 | LR bb=2.89e-05 head=2.89e-04 | 11828 batches in 7782.7s
/workspace/SNN/venv/lib/python3.12/site-packages/torchmetrics/utilities/prints.py:43: UserWarning: Encountered more than 100 detections in a single image. This means that certain detections with the lowest scores will be ignored, that may have an undesirable impact on performance. Please consider adjusting the `max_detection_threshold` to suit your use case. To disable this warning, set attribute class `warn_on_many_detections=False`, after initializing the metric.
  warnings.warn(*args, **kwargs)
Epoch 0 eval (EMA) | mAP@50=0.282  mAP@[.5:.95]=0.152
>> Best saved at epoch 0 (mAP@50: 0.282) [EMA]
--- Epoch 1: unfreezing 1/4 backbone layer-groups, trainable params 17,518,795 ---
  iter 0/11828  loss=15.1674  (cls 0.7727 bbox 0.8592)  0.71 it/s  gpu_mem=19011 MB
  iter 100/11828  loss=13.4961  (cls 0.4864 bbox 0.6321)  1.51 it/s  gpu_mem=19011 MB
  iter 200/11828  loss=15.0834  (cls 0.6551 bbox 0.7550)  1.51 it/s  gpu_mem=19011 MB
  iter 300/11828  loss=14.3046  (cls 0.4286 bbox 0.4083)  1.51 it/s  gpu_mem=19011 MB
  iter 400/11828  loss=14.8357  (cls 0.8349 bbox 0.9056)  1.52 it/s  gpu_mem=19011 MB
  iter 500/11828  loss=15.5078  (cls 0.6458 bbox 0.8778)  1.52 it/s  gpu_mem=19011 MB
  iter 600/11828  loss=15.0502  (cls 0.4968 bbox 0.6000)  1.52 it/s  gpu_mem=19011 MB
  iter 700/11828  loss=16.0479  (cls 0.5313 bbox 0.5873)  1.52 it/s  gpu_mem=19011 MB
  iter 800/11828  loss=15.4208  (cls 0.5705 bbox 0.7653)  1.52 it/s  gpu_mem=19011 MB
  iter 900/11828  loss=14.1256  (cls 0.7106 bbox 0.9301)  1.52 it/s  gpu_mem=19011 MB
  iter 1000/11828  loss=13.6237  (cls 0.4829 bbox 0.5508)  1.52 it/s  gpu_mem=19011 MB
  iter 1100/11828  loss=14.4173  (cls 0.6741 bbox 0.7730)  1.52 it/s  gpu_mem=19011 MB
  iter 1200/11828  loss=15.8695  (cls 0.5820 bbox 0.5023)  1.52 it/s  gpu_mem=19011 MB
  iter 1300/11828  loss=13.4624  (cls 0.6162 bbox 0.8691)  1.52 it/s  gpu_mem=19011 MB
  iter 1400/11828  loss=17.0908  (cls 0.6792 bbox 0.6853)  1.52 it/s  gpu_mem=19011 MB
  iter 1500/11828  loss=17.3129  (cls 0.5119 bbox 0.5163)  1.52 it/s  gpu_mem=19011 MB
  iter 1600/11828  loss=15.8178  (cls 0.5606 bbox 0.6724)  1.52 it/s  gpu_mem=19011 MB
  iter 1700/11828  loss=13.7177  (cls 0.7100 bbox 0.9595)  1.52 it/s  gpu_mem=19011 MB
  iter 1800/11828  loss=14.3762  (cls 0.6785 bbox 0.7402)  1.52 it/s  gpu_mem=19011 MB
  iter 1900/11828  loss=14.4612  (cls 0.5269 bbox 0.5671)  1.52 it/s  gpu_mem=19011 MB
  iter 2000/11828  loss=14.6341  (cls 0.7927 bbox 1.0025)  1.52 it/s  gpu_mem=19011 MB
  iter 2100/11828  loss=14.9047  (cls 0.4749 bbox 0.6432)  1.52 it/s  gpu_mem=19011 MB
  iter 2200/11828  loss=14.6079  (cls 0.7270 bbox 0.9040)  1.52 it/s  gpu_mem=19011 MB
  iter 2300/11828  loss=15.6520  (cls 0.6094 bbox 0.9216)  1.52 it/s  gpu_mem=19011 MB
  iter 2400/11828  loss=12.4528  (cls 0.6640 bbox 0.8144)  1.52 it/s  gpu_mem=19011 MB
  iter 2500/11828  loss=14.4302  (cls 0.5712 bbox 0.4743)  1.52 it/s  gpu_mem=19011 MB
  iter 2600/11828  loss=14.4516  (cls 0.4197 bbox 0.5978)  1.52 it/s  gpu_mem=19011 MB
  iter 2700/11828  loss=15.5271  (cls 0.7183 bbox 0.9650)  1.52 it/s  gpu_mem=19011 MB
  iter 2800/11828  loss=14.3293  (cls 0.5930 bbox 0.6960)  1.52 it/s  gpu_mem=19011 MB
  iter 2900/11828  loss=13.4891  (cls 0.4905 bbox 0.4842)  1.52 it/s  gpu_mem=19011 MB
  iter 3000/11828  loss=18.5153  (cls 0.4599 bbox 0.5057)  1.52 it/s  gpu_mem=19011 MB
  iter 3100/11828  loss=14.1587  (cls 0.4598 bbox 0.4496)  1.52 it/s  gpu_mem=19011 MB
  iter 3200/11828  loss=14.6738  (cls 0.6444 bbox 0.5164)  1.52 it/s  gpu_mem=19011 MB
  iter 3300/11828  loss=15.4669  (cls 0.4840 bbox 0.6722)  1.52 it/s  gpu_mem=19011 MB
  iter 3400/11828  loss=15.2292  (cls 0.4926 bbox 0.6375)  1.52 it/s  gpu_mem=19011 MB
  iter 3500/11828  loss=14.4264  (cls 0.6694 bbox 0.7929)  1.52 it/s  gpu_mem=19011 MB
  iter 3600/11828  loss=14.7033  (cls 0.7107 bbox 0.9890)  1.52 it/s  gpu_mem=19011 MB
  iter 3700/11828  loss=14.3558  (cls 0.7143 bbox 0.7475)  1.52 it/s  gpu_mem=19011 MB
  iter 3800/11828  loss=15.1768  (cls 0.6521 bbox 1.0843)  1.52 it/s  gpu_mem=19011 MB
  iter 3900/11828  loss=14.1414  (cls 0.6461 bbox 0.9167)  1.52 it/s  gpu_mem=19011 MB
  iter 4000/11828  loss=14.6857  (cls 0.7397 bbox 0.8400)  1.52 it/s  gpu_mem=19011 MB
  iter 4100/11828  loss=16.4064  (cls 0.5386 bbox 0.6012)  1.52 it/s  gpu_mem=19011 MB
  iter 4200/11828  loss=15.0472  (cls 0.7668 bbox 1.0399)  1.52 it/s  gpu_mem=19011 MB
  iter 4300/11828  loss=15.2966  (cls 0.6050 bbox 0.8943)  1.52 it/s  gpu_mem=19011 MB
  iter 4400/11828  loss=13.5617  (cls 0.5910 bbox 0.9056)  1.52 it/s  gpu_mem=19011 MB
  iter 4500/11828  loss=15.1786  (cls 0.5705 bbox 0.6181)  1.52 it/s  gpu_mem=19011 MB
  iter 4600/11828  loss=14.7369  (cls 0.4812 bbox 0.7076)  1.52 it/s  gpu_mem=19011 MB
  iter 4700/11828  loss=17.0557  (cls 0.5014 bbox 0.4985)  1.52 it/s  gpu_mem=19011 MB
  iter 4800/11828  loss=15.2033  (cls 0.6235 bbox 0.7687)  1.52 it/s  gpu_mem=19011 MB
  iter 4900/11828  loss=14.0495  (cls 0.5652 bbox 0.6867)  1.52 it/s  gpu_mem=19011 MB
  iter 5000/11828  loss=15.3702  (cls 0.6581 bbox 0.8959)  1.52 it/s  gpu_mem=19011 MB
  iter 5100/11828  loss=13.5872  (cls 0.6331 bbox 0.7986)  1.52 it/s  gpu_mem=19011 MB
  iter 5200/11828  loss=17.3750  (cls 0.4789 bbox 0.6407)  1.52 it/s  gpu_mem=19011 MB
  iter 5300/11828  loss=14.8445  (cls 0.5990 bbox 0.6383)  1.52 it/s  gpu_mem=19011 MB
  iter 5400/11828  loss=15.4674  (cls 0.7223 bbox 0.9435)  1.52 it/s  gpu_mem=19011 MB
  iter 5500/11828  loss=15.1705  (cls 0.6723 bbox 0.7567)  1.52 it/s  gpu_mem=19011 MB
  iter 5600/11828  loss=14.9479  (cls 0.7296 bbox 0.6012)  1.52 it/s  gpu_mem=19011 MB
  iter 5700/11828  loss=15.7941  (cls 0.6206 bbox 0.8611)  1.52 it/s  gpu_mem=19011 MB
  iter 5800/11828  loss=16.1239  (cls 0.5681 bbox 0.4433)  1.52 it/s  gpu_mem=19011 MB
  iter 5900/11828  loss=15.4456  (cls 0.5273 bbox 0.6297)  1.52 it/s  gpu_mem=19011 MB
  iter 6000/11828  loss=15.0046  (cls 0.6281 bbox 0.9286)  1.52 it/s  gpu_mem=19011 MB
  iter 6100/11828  loss=14.1667  (cls 0.6488 bbox 0.8252)  1.52 it/s  gpu_mem=19011 MB
  iter 6200/11828  loss=14.5569  (cls 0.5556 bbox 0.7000)  1.52 it/s  gpu_mem=19011 MB
  iter 6300/11828  loss=15.0290  (cls 0.5153 bbox 0.6525)  1.52 it/s  gpu_mem=19011 MB
  iter 6400/11828  loss=15.4635  (cls 0.7244 bbox 0.7945)  1.52 it/s  gpu_mem=19011 MB
  iter 6500/11828  loss=16.0958  (cls 0.5105 bbox 0.5648)  1.52 it/s  gpu_mem=19011 MB
  iter 6600/11828  loss=13.8088  (cls 0.7064 bbox 0.8438)  1.52 it/s  gpu_mem=19011 MB
  iter 6700/11828  loss=14.4299  (cls 0.4636 bbox 0.5254)  1.52 it/s  gpu_mem=19011 MB
  iter 6800/11828  loss=14.4728  (cls 0.6433 bbox 0.8519)  1.52 it/s  gpu_mem=19011 MB
  iter 6900/11828  loss=15.0943  (cls 0.6665 bbox 0.7952)  1.52 it/s  gpu_mem=19011 MB
  iter 7000/11828  loss=17.6361  (cls 0.5037 bbox 0.7783)  1.52 it/s  gpu_mem=19011 MB
  iter 7100/11828  loss=14.9858  (cls 0.6496 bbox 0.9111)  1.52 it/s  gpu_mem=19011 MB
  iter 7200/11828  loss=15.1878  (cls 0.5452 bbox 0.6091)  1.52 it/s  gpu_mem=19011 MB
  iter 7300/11828  loss=14.9697  (cls 0.7274 bbox 0.9848)  1.52 it/s  gpu_mem=19011 MB
  iter 7400/11828  loss=14.3757  (cls 0.6627 bbox 0.7065)  1.52 it/s  gpu_mem=19011 MB
  iter 7500/11828  loss=13.8680  (cls 0.7078 bbox 0.9375)  1.52 it/s  gpu_mem=19011 MB
  iter 7600/11828  loss=15.8868  (cls 0.5279 bbox 0.7206)  1.52 it/s  gpu_mem=19011 MB
  iter 7700/11828  loss=14.0619  (cls 0.6908 bbox 0.7144)  1.52 it/s  gpu_mem=19011 MB
  iter 7800/11828  loss=13.6975  (cls 0.6227 bbox 0.8096)  1.52 it/s  gpu_mem=19011 MB
  iter 7900/11828  loss=16.4967  (cls 0.6777 bbox 0.6596)  1.52 it/s  gpu_mem=19011 MB
  iter 8000/11828  loss=14.4335  (cls 0.6439 bbox 0.8179)  1.52 it/s  gpu_mem=19011 MB
  iter 8100/11828  loss=14.5629  (cls 0.5267 bbox 0.6307)  1.52 it/s  gpu_mem=19011 MB
  iter 8200/11828  loss=14.6251  (cls 0.4904 bbox 0.4328)  1.52 it/s  gpu_mem=19011 MB
  iter 8300/11828  loss=15.1936  (cls 0.6726 bbox 0.5740)  1.52 it/s  gpu_mem=19011 MB
  iter 8400/11828  loss=16.0353  (cls 0.5322 bbox 0.7304)  1.52 it/s  gpu_mem=19011 MB
  iter 8500/11828  loss=13.9961  (cls 0.6072 bbox 0.9319)  1.52 it/s  gpu_mem=19011 MB
  iter 8600/11828  loss=15.2797  (cls 0.6546 bbox 0.9610)  1.52 it/s  gpu_mem=19011 MB
  iter 8700/11828  loss=15.8479  (cls 0.5841 bbox 0.5661)  1.52 it/s  gpu_mem=19011 MB
  iter 8800/11828  loss=16.1871  (cls 0.5194 bbox 0.7300)  1.52 it/s  gpu_mem=19011 MB
  iter 8900/11828  loss=14.7725  (cls 0.5678 bbox 0.6769)  1.52 it/s  gpu_mem=19011 MB
  iter 9000/11828  loss=16.2881  (cls 0.6487 bbox 0.7666)  1.52 it/s  gpu_mem=19011 MB
  iter 9100/11828  loss=14.7586  (cls 0.6562 bbox 0.9120)  1.52 it/s  gpu_mem=19011 MB
  iter 9200/11828  loss=15.2470  (cls 0.6344 bbox 0.7053)  1.52 it/s  gpu_mem=19011 MB
  iter 9300/11828  loss=14.2417  (cls 0.7162 bbox 0.7781)  1.52 it/s  gpu_mem=19011 MB
  iter 9400/11828  loss=15.4718  (cls 0.5978 bbox 0.7055)  1.52 it/s  gpu_mem=19011 MB
  iter 9500/11828  loss=16.1494  (cls 0.6010 bbox 0.6735)  1.52 it/s  gpu_mem=19011 MB
  iter 9600/11828  loss=15.6463  (cls 0.5433 bbox 0.7546)  1.52 it/s  gpu_mem=19011 MB
  iter 9700/11828  loss=15.5066  (cls 0.5364 bbox 0.7376)  1.52 it/s  gpu_mem=19011 MB
  iter 9800/11828  loss=15.9839  (cls 0.6312 bbox 0.8471)  1.52 it/s  gpu_mem=19011 MB
  iter 9900/11828  loss=14.6942  (cls 0.5660 bbox 0.5811)  1.52 it/s  gpu_mem=19011 MB
  iter 10000/11828  loss=16.2596  (cls 0.6232 bbox 0.5209)  1.52 it/s  gpu_mem=19011 MB
  iter 10100/11828  loss=13.9656  (cls 0.7159 bbox 0.9444)  1.52 it/s  gpu_mem=19011 MB
  iter 10200/11828  loss=15.8275  (cls 0.5167 bbox 0.7069)  1.52 it/s  gpu_mem=19011 MB
  iter 10300/11828  loss=15.6356  (cls 0.5627 bbox 0.5937)  1.52 it/s  gpu_mem=19011 MB
  iter 10400/11828  loss=15.2898  (cls 0.6827 bbox 0.8637)  1.52 it/s  gpu_mem=19011 MB
  iter 10500/11828  loss=15.6836  (cls 0.5540 bbox 0.4901)  1.52 it/s  gpu_mem=19011 MB
  iter 10600/11828  loss=15.7453  (cls 0.6500 bbox 0.9351)  1.52 it/s  gpu_mem=19011 MB
  iter 10700/11828  loss=14.0372  (cls 0.8148 bbox 0.7141)  1.52 it/s  gpu_mem=19011 MB
  iter 10800/11828  loss=15.0321  (cls 0.6410 bbox 0.6934)  1.52 it/s  gpu_mem=19011 MB
  iter 10900/11828  loss=13.7764  (cls 0.6991 bbox 0.9014)  1.52 it/s  gpu_mem=19011 MB
  iter 11000/11828  loss=14.6508  (cls 0.6904 bbox 0.9739)  1.52 it/s  gpu_mem=19011 MB
  iter 11100/11828  loss=15.6774  (cls 0.4674 bbox 0.6688)  1.52 it/s  gpu_mem=19011 MB
  iter 11200/11828  loss=15.3907  (cls 0.5247 bbox 0.7426)  1.52 it/s  gpu_mem=19011 MB
  iter 11300/11828  loss=14.6811  (cls 0.4691 bbox 0.7293)  1.52 it/s  gpu_mem=19011 MB
  iter 11400/11828  loss=14.8774  (cls 0.5433 bbox 0.7993)  1.52 it/s  gpu_mem=19011 MB
  iter 11500/11828  loss=14.2866  (cls 0.6826 bbox 0.9481)  1.52 it/s  gpu_mem=19011 MB
  iter 11600/11828  loss=13.4605  (cls 0.5991 bbox 0.7451)  1.52 it/s  gpu_mem=19011 MB
  iter 11700/11828  loss=17.0544  (cls 0.5549 bbox 0.6352)  1.52 it/s  gpu_mem=19011 MB
  iter 11800/11828  loss=14.4172  (cls 0.6800 bbox 0.8516)  1.52 it/s  gpu_mem=19011 MB
Epoch 1 train | total=15.1075 cls=0.6038 bbox=0.7329 | LR bb=2.56e-05 head=2.56e-04 | 11828 batches in 7786.6s
Epoch 1 eval (EMA) | mAP@50=0.277  mAP@[.5:.95]=0.150
--- Epoch 2: unfreezing 2/4 backbone layer-groups, trainable params 19,636,437 ---
  iter 0/11828  loss=16.1966  (cls 0.7135 bbox 0.8098)  0.54 it/s  gpu_mem=19974 MB
  iter 100/11828  loss=15.1818  (cls 0.5608 bbox 0.7202)  1.44 it/s  gpu_mem=19990 MB
  iter 200/11828  loss=14.3451  (cls 0.4282 bbox 0.4922)  1.46 it/s  gpu_mem=19990 MB
  iter 300/11828  loss=15.0495  (cls 0.5578 bbox 0.5322)  1.46 it/s  gpu_mem=19990 MB
  iter 400/11828  loss=14.9028  (cls 0.6022 bbox 0.6862)  1.46 it/s  gpu_mem=19990 MB
  iter 500/11828  loss=14.6841  (cls 0.6975 bbox 0.7244)  1.46 it/s  gpu_mem=19990 MB
  iter 600/11828  loss=15.6384  (cls 0.5467 bbox 0.6056)  1.47 it/s  gpu_mem=19990 MB
  iter 700/11828  loss=14.6149  (cls 0.4566 bbox 0.6253)  1.47 it/s  gpu_mem=19990 MB
  iter 800/11828  loss=14.3475  (cls 0.8129 bbox 0.8049)  1.47 it/s  gpu_mem=19990 MB
  iter 900/11828  loss=14.5634  (cls 0.7314 bbox 0.7237)  1.47 it/s  gpu_mem=19990 MB
  iter 1000/11828  loss=15.5260  (cls 0.5432 bbox 0.6847)  1.47 it/s  gpu_mem=19990 MB
  iter 1100/11828  loss=15.0262  (cls 0.6652 bbox 0.9414)  1.47 it/s  gpu_mem=19990 MB
  iter 1200/11828  loss=13.5553  (cls 0.7054 bbox 0.9329)  1.47 it/s  gpu_mem=19990 MB
  iter 1300/11828  loss=14.5405  (cls 0.6020 bbox 0.8207)  1.47 it/s  gpu_mem=19990 MB
  iter 1400/11828  loss=14.8350  (cls 0.4675 bbox 0.5970)  1.47 it/s  gpu_mem=19990 MB
  iter 1500/11828  loss=15.3569  (cls 0.5001 bbox 0.7565)  1.47 it/s  gpu_mem=19990 MB
  iter 1600/11828  loss=15.9082  (cls 0.5567 bbox 0.7521)  1.47 it/s  gpu_mem=19990 MB
  iter 1700/11828  loss=13.5117  (cls 0.5846 bbox 0.7213)  1.47 it/s  gpu_mem=19990 MB
  iter 1800/11828  loss=14.6790  (cls 0.6709 bbox 0.7497)  1.47 it/s  gpu_mem=19990 MB
  iter 1900/11828  loss=13.9192  (cls 0.6957 bbox 0.6953)  1.47 it/s  gpu_mem=19990 MB
  iter 2000/11828  loss=14.2335  (cls 0.4991 bbox 0.5273)  1.47 it/s  gpu_mem=19990 MB
  iter 2100/11828  loss=16.8045  (cls 0.5336 bbox 0.6177)  1.47 it/s  gpu_mem=19990 MB
  iter 2200/11828  loss=15.4458  (cls 0.4590 bbox 0.4544)  1.47 it/s  gpu_mem=19990 MB
  iter 2300/11828  loss=14.3322  (cls 0.6277 bbox 0.8274)  1.47 it/s  gpu_mem=19990 MB
  iter 2400/11828  loss=15.6022  (cls 0.5350 bbox 0.7148)  1.47 it/s  gpu_mem=19990 MB
  iter 2500/11828  loss=14.3915  (cls 0.4928 bbox 0.3505)  1.47 it/s  gpu_mem=19990 MB
  iter 2600/11828  loss=14.5761  (cls 0.6566 bbox 0.8490)  1.47 it/s  gpu_mem=19990 MB
  iter 2700/11828  loss=15.2182  (cls 0.6477 bbox 0.7349)  1.47 it/s  gpu_mem=19990 MB
  iter 2800/11828  loss=14.8659  (cls 0.5644 bbox 0.5757)  1.47 it/s  gpu_mem=19990 MB
  iter 2900/11828  loss=15.5549  (cls 0.7126 bbox 0.7799)  1.47 it/s  gpu_mem=19990 MB
  iter 3000/11828  loss=17.5555  (cls 0.5313 bbox 0.7949)  1.47 it/s  gpu_mem=19990 MB
  iter 3100/11828  loss=13.9203  (cls 0.4680 bbox 0.4841)  1.47 it/s  gpu_mem=19990 MB
  iter 3200/11828  loss=13.6674  (cls 0.5248 bbox 0.8200)  1.47 it/s  gpu_mem=19990 MB
  iter 3300/11828  loss=14.6628  (cls 0.4261 bbox 0.7052)  1.47 it/s  gpu_mem=19990 MB
  iter 3400/11828  loss=15.5210  (cls 0.5369 bbox 0.8023)  1.47 it/s  gpu_mem=19990 MB
  iter 3500/11828  loss=14.9034  (cls 0.6727 bbox 0.7424)  1.47 it/s  gpu_mem=19990 MB
  iter 3600/11828  loss=15.1964  (cls 0.5302 bbox 0.6999)  1.47 it/s  gpu_mem=19990 MB
  iter 3700/11828  loss=14.4070  (cls 0.6609 bbox 0.8211)  1.47 it/s  gpu_mem=19990 MB
  iter 3800/11828  loss=14.3928  (cls 0.7263 bbox 0.8472)  1.47 it/s  gpu_mem=19990 MB
  iter 3900/11828  loss=14.9060  (cls 0.6249 bbox 0.8477)  1.47 it/s  gpu_mem=19990 MB
  iter 4000/11828  loss=13.6386  (cls 0.6055 bbox 0.9463)  1.47 it/s  gpu_mem=19990 MB
  iter 4100/11828  loss=15.3005  (cls 0.5020 bbox 0.6045)  1.47 it/s  gpu_mem=19990 MB
  iter 4200/11828  loss=15.5923  (cls 0.4781 bbox 0.6029)  1.47 it/s  gpu_mem=19990 MB
  iter 4300/11828  loss=15.9257  (cls 0.5866 bbox 1.0385)  1.47 it/s  gpu_mem=19990 MB
  iter 4400/11828  loss=16.0123  (cls 0.4618 bbox 0.5466)  1.47 it/s  gpu_mem=19990 MB
  iter 4500/11828  loss=15.3842  (cls 0.5746 bbox 0.6827)  1.47 it/s  gpu_mem=19990 MB
  iter 4600/11828  loss=15.4982  (cls 0.6013 bbox 0.8687)  1.47 it/s  gpu_mem=19990 MB
  iter 4700/11828  loss=16.4489  (cls 0.7887 bbox 0.8895)  1.47 it/s  gpu_mem=19990 MB
  iter 4800/11828  loss=15.3819  (cls 0.5972 bbox 0.5498)  1.47 it/s  gpu_mem=19990 MB
  iter 4900/11828  loss=16.3519  (cls 0.6050 bbox 0.6324)  1.47 it/s  gpu_mem=19990 MB
  iter 5000/11828  loss=13.7025  (cls 0.6364 bbox 0.9181)  1.47 it/s  gpu_mem=19990 MB
  iter 5100/11828  loss=15.3328  (cls 0.5296 bbox 0.7412)  1.47 it/s  gpu_mem=19990 MB
  iter 5200/11828  loss=16.1326  (cls 0.5150 bbox 0.6476)  1.47 it/s  gpu_mem=19990 MB
  iter 5300/11828  loss=14.1278  (cls 0.6176 bbox 0.6341)  1.47 it/s  gpu_mem=19990 MB
  iter 5400/11828  loss=14.1150  (cls 0.7736 bbox 0.7191)  1.47 it/s  gpu_mem=19990 MB
  iter 5500/11828  loss=14.9333  (cls 0.7231 bbox 0.7561)  1.47 it/s  gpu_mem=19990 MB
  iter 5600/11828  loss=15.3359  (cls 0.4415 bbox 0.7070)  1.47 it/s  gpu_mem=19990 MB
  iter 5700/11828  loss=14.8200  (cls 0.7135 bbox 0.6257)  1.47 it/s  gpu_mem=19990 MB
  iter 5800/11828  loss=17.2019  (cls 0.5471 bbox 0.4648)  1.47 it/s  gpu_mem=19990 MB
  iter 5900/11828  loss=14.4072  (cls 0.6980 bbox 0.8977)  1.47 it/s  gpu_mem=19990 MB
  iter 6000/11828  loss=14.5593  (cls 0.6632 bbox 0.8523)  1.47 it/s  gpu_mem=19990 MB
  iter 6100/11828  loss=13.0785  (cls 0.7669 bbox 0.6957)  1.47 it/s  gpu_mem=19990 MB
  iter 6200/11828  loss=13.8966  (cls 0.4643 bbox 0.5817)  1.47 it/s  gpu_mem=19990 MB
  iter 6300/11828  loss=17.0138  (cls 0.5329 bbox 0.7328)  1.47 it/s  gpu_mem=19990 MB
  iter 6400/11828  loss=15.5018  (cls 0.6234 bbox 0.7931)  1.47 it/s  gpu_mem=19990 MB
  iter 6500/11828  loss=14.4214  (cls 0.4997 bbox 0.6470)  1.47 it/s  gpu_mem=19990 MB
  iter 6600/11828  loss=15.8493  (cls 0.5311 bbox 0.6277)  1.47 it/s  gpu_mem=19990 MB
  iter 6700/11828  loss=14.7185  (cls 0.6866 bbox 0.7929)  1.47 it/s  gpu_mem=19990 MB
  iter 6800/11828  loss=16.8346  (cls 0.5264 bbox 0.5960)  1.47 it/s  gpu_mem=19990 MB
  iter 6900/11828  loss=15.8758  (cls 0.5317 bbox 0.6166)  1.47 it/s  gpu_mem=19990 MB
  iter 7000/11828  loss=14.5480  (cls 0.6339 bbox 0.8541)  1.47 it/s  gpu_mem=19990 MB
  iter 7100/11828  loss=14.9404  (cls 0.4922 bbox 0.6325)  1.47 it/s  gpu_mem=19990 MB
  iter 7200/11828  loss=13.4098  (cls 0.4489 bbox 0.5399)  1.47 it/s  gpu_mem=19990 MB
  iter 7300/11828  loss=16.4377  (cls 0.4765 bbox 0.5404)  1.47 it/s  gpu_mem=19990 MB
  iter 7400/11828  loss=15.1013  (cls 0.5313 bbox 0.5635)  1.47 it/s  gpu_mem=19990 MB
  iter 7500/11828  loss=14.4470  (cls 0.5057 bbox 0.6555)  1.47 it/s  gpu_mem=19990 MB
  iter 7600/11828  loss=15.4020  (cls 0.6995 bbox 0.9222)  1.47 it/s  gpu_mem=19990 MB
  iter 7700/11828  loss=15.7902  (cls 0.6056 bbox 0.7061)  1.47 it/s  gpu_mem=19990 MB
  iter 7800/11828  loss=13.7704  (cls 0.5676 bbox 0.4835)  1.47 it/s  gpu_mem=19990 MB
  iter 7900/11828  loss=16.2510  (cls 0.6853 bbox 0.7281)  1.47 it/s  gpu_mem=19990 MB
  iter 8000/11828  loss=15.0430  (cls 0.5561 bbox 0.7399)  1.47 it/s  gpu_mem=19990 MB
  iter 8100/11828  loss=14.7168  (cls 0.6754 bbox 0.7814)  1.47 it/s  gpu_mem=19990 MB
  iter 8200/11828  loss=15.0641  (cls 0.5661 bbox 0.7800)  1.47 it/s  gpu_mem=19990 MB
  iter 8300/11828  loss=13.3729  (cls 0.7510 bbox 0.7430)  1.47 it/s  gpu_mem=19990 MB
  iter 8400/11828  loss=17.0330  (cls 0.6598 bbox 0.5915)  1.47 it/s  gpu_mem=19990 MB
  iter 8500/11828  loss=15.0384  (cls 0.6346 bbox 0.7583)  1.47 it/s  gpu_mem=19990 MB
  iter 8600/11828  loss=14.8366  (cls 0.6602 bbox 0.8545)  1.47 it/s  gpu_mem=19990 MB
  iter 8700/11828  loss=15.4964  (cls 0.7717 bbox 1.0482)  1.47 it/s  gpu_mem=19990 MB
  iter 8800/11828  loss=14.7492  (cls 0.6363 bbox 0.8946)  1.47 it/s  gpu_mem=19990 MB
  iter 8900/11828  loss=14.8995  (cls 0.5186 bbox 0.5149)  1.47 it/s  gpu_mem=19990 MB
  iter 9000/11828  loss=13.9968  (cls 0.5226 bbox 0.6379)  1.47 it/s  gpu_mem=19990 MB
  iter 9100/11828  loss=16.1295  (cls 0.5577 bbox 0.4656)  1.47 it/s  gpu_mem=19990 MB
  iter 9200/11828  loss=13.6038  (cls 0.6654 bbox 0.7722)  1.47 it/s  gpu_mem=19990 MB
  iter 9300/11828  loss=15.7195  (cls 0.5542 bbox 0.6140)  1.47 it/s  gpu_mem=19990 MB
  iter 9400/11828  loss=17.0392  (cls 0.5587 bbox 0.5613)  1.47 it/s  gpu_mem=19990 MB
  iter 9500/11828  loss=14.8179  (cls 0.6886 bbox 0.7455)  1.47 it/s  gpu_mem=19990 MB
  iter 9600/11828  loss=14.0202  (cls 0.7183 bbox 0.7501)  1.47 it/s  gpu_mem=19990 MB
  iter 9700/11828  loss=14.9422  (cls 0.5975 bbox 0.7824)  1.47 it/s  gpu_mem=19990 MB
  iter 9800/11828  loss=15.7711  (cls 0.4786 bbox 0.5859)  1.47 it/s  gpu_mem=19990 MB
  iter 9900/11828  loss=14.6066  (cls 0.6525 bbox 0.8838)  1.47 it/s  gpu_mem=19990 MB
  iter 10000/11828  loss=16.0807  (cls 0.7661 bbox 0.9682)  1.47 it/s  gpu_mem=19990 MB
  iter 10100/11828  loss=15.7258  (cls 0.4861 bbox 0.4974)  1.47 it/s  gpu_mem=19990 MB
  iter 10200/11828  loss=14.2016  (cls 0.4715 bbox 0.6354)  1.47 it/s  gpu_mem=19990 MB
  iter 10300/11828  loss=18.6641  (cls 0.4505 bbox 0.5922)  1.47 it/s  gpu_mem=19990 MB
  iter 10400/11828  loss=13.9293  (cls 0.6982 bbox 0.8766)  1.47 it/s  gpu_mem=19990 MB
  iter 10500/11828  loss=14.8760  (cls 0.6550 bbox 0.8585)  1.47 it/s  gpu_mem=19990 MB
  iter 10600/11828  loss=15.7737  (cls 0.6804 bbox 0.7783)  1.47 it/s  gpu_mem=19990 MB
  iter 10700/11828  loss=15.1084  (cls 0.5978 bbox 0.7384)  1.47 it/s  gpu_mem=19990 MB
  iter 10800/11828  loss=14.9837  (cls 0.4937 bbox 0.7739)  1.47 it/s  gpu_mem=19990 MB
  iter 10900/11828  loss=15.8577  (cls 0.6082 bbox 0.7688)  1.47 it/s  gpu_mem=19990 MB
  iter 11000/11828  loss=13.4333  (cls 0.6409 bbox 0.7484)  1.47 it/s  gpu_mem=19990 MB
  iter 11100/11828  loss=14.8337  (cls 0.4883 bbox 0.4311)  1.47 it/s  gpu_mem=19990 MB
  iter 11200/11828  loss=15.6165  (cls 0.6757 bbox 0.8527)  1.47 it/s  gpu_mem=19990 MB
  iter 11300/11828  loss=15.6372  (cls 0.6247 bbox 0.6515)  1.47 it/s  gpu_mem=19990 MB
  iter 11400/11828  loss=14.0307  (cls 0.4998 bbox 0.5182)  1.47 it/s  gpu_mem=19990 MB
  iter 11500/11828  loss=14.9343  (cls 0.4761 bbox 0.4545)  1.47 it/s  gpu_mem=19990 MB
  iter 11600/11828  loss=14.7425  (cls 0.6854 bbox 0.7523)  1.47 it/s  gpu_mem=19990 MB
  iter 11700/11828  loss=15.7247  (cls 0.6207 bbox 0.6501)  1.47 it/s  gpu_mem=19990 MB
  iter 11800/11828  loss=14.2255  (cls 0.7129 bbox 0.8787)  1.47 it/s  gpu_mem=19990 MB
Epoch 2 train | total=15.0469 cls=0.5977 bbox=0.7256 | LR bb=2.07e-05 head=2.07e-04 | 11828 batches in 8050.0s
Epoch 2 eval (EMA) | mAP@50=0.279  mAP@[.5:.95]=0.150
--- Epoch 3: unfreezing 2/4 backbone layer-groups, trainable params 19,636,437 ---
  iter 0/11828  loss=14.9594  (cls 0.7178 bbox 0.8603)  0.68 it/s  gpu_mem=19990 MB
  iter 100/11828  loss=14.3723  (cls 0.4869 bbox 0.6255)  1.45 it/s  gpu_mem=19990 MB
  iter 200/11828  loss=14.5758  (cls 0.7046 bbox 0.7385)  1.46 it/s  gpu_mem=19990 MB
  iter 300/11828  loss=15.9948  (cls 0.5333 bbox 0.6133)  1.46 it/s  gpu_mem=19990 MB
  iter 400/11828  loss=14.4861  (cls 0.6062 bbox 0.8874)  1.47 it/s  gpu_mem=19990 MB
  iter 500/11828  loss=14.8225  (cls 0.5884 bbox 0.6148)  1.47 it/s  gpu_mem=19990 MB
  iter 600/11828  loss=16.2605  (cls 0.6724 bbox 0.6595)  1.46 it/s  gpu_mem=19990 MB
  iter 700/11828  loss=15.6275  (cls 0.5380 bbox 0.5552)  1.46 it/s  gpu_mem=19990 MB
  iter 800/11828  loss=14.6053  (cls 0.7090 bbox 0.6650)  1.46 it/s  gpu_mem=19990 MB
  iter 900/11828  loss=16.1525  (cls 0.7871 bbox 0.8772)  1.46 it/s  gpu_mem=19990 MB
  iter 1000/11828  loss=14.6277  (cls 0.5426 bbox 0.4944)  1.46 it/s  gpu_mem=19990 MB
  iter 1100/11828  loss=13.3128  (cls 0.9248 bbox 0.8161)  1.47 it/s  gpu_mem=19990 MB
  iter 1200/11828  loss=13.4564  (cls 0.6073 bbox 0.9178)  1.47 it/s  gpu_mem=19990 MB
  iter 1300/11828  loss=14.1820  (cls 0.6458 bbox 0.7606)  1.47 it/s  gpu_mem=19990 MB
  iter 1400/11828  loss=15.7763  (cls 0.5613 bbox 0.7020)  1.47 it/s  gpu_mem=19990 MB
  iter 1500/11828  loss=14.5528  (cls 0.6666 bbox 0.6287)  1.47 it/s  gpu_mem=19990 MB
  iter 1600/11828  loss=14.3841  (cls 0.7152 bbox 0.7536)  1.47 it/s  gpu_mem=19990 MB
  iter 1700/11828  loss=14.3948  (cls 0.6710 bbox 0.9202)  1.47 it/s  gpu_mem=19990 MB
  iter 1800/11828  loss=13.5513  (cls 0.5875 bbox 0.6009)  1.47 it/s  gpu_mem=19990 MB
  iter 1900/11828  loss=13.1950  (cls 0.5253 bbox 0.8207)  1.47 it/s  gpu_mem=19990 MB
  iter 2000/11828  loss=13.2530  (cls 0.5916 bbox 0.7375)  1.47 it/s  gpu_mem=19990 MB
  iter 2100/11828  loss=15.9054  (cls 0.5588 bbox 0.6969)  1.47 it/s  gpu_mem=19990 MB
  iter 2200/11828  loss=14.5681  (cls 0.7725 bbox 0.7445)  1.47 it/s  gpu_mem=19990 MB
  iter 2300/11828  loss=18.1774  (cls 0.5376 bbox 0.7238)  1.47 it/s  gpu_mem=19990 MB
  iter 2400/11828  loss=18.0282  (cls 0.5500 bbox 0.6664)  1.47 it/s  gpu_mem=19990 MB
  iter 2500/11828  loss=14.7021  (cls 0.6404 bbox 0.9893)  1.47 it/s  gpu_mem=19990 MB
  iter 2600/11828  loss=15.0383  (cls 0.5164 bbox 0.6139)  1.47 it/s  gpu_mem=19990 MB
  iter 2700/11828  loss=14.1940  (cls 0.4279 bbox 0.4604)  1.47 it/s  gpu_mem=19990 MB
  iter 2800/11828  loss=14.0249  (cls 0.5408 bbox 0.6113)  1.47 it/s  gpu_mem=19990 MB
  iter 2900/11828  loss=15.1200  (cls 0.6966 bbox 0.8815)  1.47 it/s  gpu_mem=19990 MB
  iter 3000/11828  loss=14.3668  (cls 0.5224 bbox 0.5253)  1.47 it/s  gpu_mem=19990 MB
  iter 3100/11828  loss=15.4888  (cls 0.5433 bbox 0.6372)  1.47 it/s  gpu_mem=19990 MB
  iter 3200/11828  loss=14.8498  (cls 0.4417 bbox 0.5387)  1.47 it/s  gpu_mem=19990 MB
  iter 3300/11828  loss=14.6331  (cls 0.5815 bbox 0.7154)  1.47 it/s  gpu_mem=19990 MB
  iter 3400/11828  loss=14.7687  (cls 0.5131 bbox 0.5861)  1.47 it/s  gpu_mem=19990 MB
  iter 3500/11828  loss=14.7250  (cls 0.6934 bbox 0.6974)  1.47 it/s  gpu_mem=19990 MB
  iter 3600/11828  loss=15.2057  (cls 0.6860 bbox 0.7742)  1.47 it/s  gpu_mem=19990 MB
  iter 3700/11828  loss=15.1009  (cls 0.5386 bbox 0.8788)  1.47 it/s  gpu_mem=19990 MB
  iter 3800/11828  loss=15.5981  (cls 0.7656 bbox 0.8514)  1.47 it/s  gpu_mem=19990 MB
  iter 3900/11828  loss=15.1891  (cls 0.6624 bbox 0.8372)  1.47 it/s  gpu_mem=19990 MB
  iter 4000/11828  loss=15.8602  (cls 0.4837 bbox 0.6409)  1.47 it/s  gpu_mem=19990 MB
  iter 4100/11828  loss=14.4170  (cls 0.4987 bbox 0.6867)  1.47 it/s  gpu_mem=19990 MB
  iter 4200/11828  loss=16.5229  (cls 0.4986 bbox 0.5147)  1.47 it/s  gpu_mem=19990 MB
  iter 4300/11828  loss=17.7988  (cls 0.7126 bbox 0.8311)  1.47 it/s  gpu_mem=19990 MB
  iter 4400/11828  loss=15.1526  (cls 0.7183 bbox 0.6994)  1.47 it/s  gpu_mem=19990 MB
  iter 4500/11828  loss=14.1603  (cls 0.6103 bbox 0.8461)  1.47 it/s  gpu_mem=19990 MB
  iter 4600/11828  loss=13.4273  (cls 0.6792 bbox 0.7929)  1.47 it/s  gpu_mem=19990 MB
  iter 4700/11828  loss=15.3823  (cls 0.6474 bbox 0.8210)  1.47 it/s  gpu_mem=19990 MB
  iter 4800/11828  loss=15.5232  (cls 0.5112 bbox 0.6308)  1.47 it/s  gpu_mem=19990 MB
  iter 4900/11828  loss=15.2475  (cls 0.6850 bbox 0.9895)  1.47 it/s  gpu_mem=19990 MB
  iter 5000/11828  loss=15.5062  (cls 0.6573 bbox 0.8690)  1.47 it/s  gpu_mem=19990 MB
  iter 5100/11828  loss=14.0105  (cls 0.6340 bbox 0.9246)  1.47 it/s  gpu_mem=19990 MB
  iter 5200/11828  loss=13.5028  (cls 0.6690 bbox 0.6907)  1.47 it/s  gpu_mem=19990 MB
  iter 5300/11828  loss=15.9761  (cls 0.4386 bbox 0.5727)  1.47 it/s  gpu_mem=19990 MB
  iter 5400/11828  loss=16.3071  (cls 0.5138 bbox 0.7027)  1.47 it/s  gpu_mem=19990 MB
  iter 5500/11828  loss=14.0504  (cls 0.4704 bbox 0.5151)  1.47 it/s  gpu_mem=19990 MB
  iter 5600/11828  loss=14.5961  (cls 0.7470 bbox 0.7050)  1.47 it/s  gpu_mem=19990 MB
  iter 5700/11828  loss=13.6498  (cls 0.6218 bbox 0.9481)  1.47 it/s  gpu_mem=19990 MB
  iter 5800/11828  loss=14.1972  (cls 0.6658 bbox 0.6766)  1.47 it/s  gpu_mem=19990 MB
  iter 5900/11828  loss=14.2977  (cls 0.5403 bbox 0.6057)  1.47 it/s  gpu_mem=19990 MB
  iter 6000/11828  loss=14.4979  (cls 0.5905 bbox 0.7434)  1.47 it/s  gpu_mem=19990 MB
  iter 6100/11828  loss=14.4083  (cls 0.7348 bbox 1.2112)  1.47 it/s  gpu_mem=19990 MB
  iter 6200/11828  loss=15.7890  (cls 0.5095 bbox 0.7262)  1.47 it/s  gpu_mem=19990 MB
  iter 6300/11828  loss=13.4247  (cls 0.6465 bbox 0.7658)  1.47 it/s  gpu_mem=19990 MB
  iter 6400/11828  loss=14.1767  (cls 0.6468 bbox 0.8848)  1.47 it/s  gpu_mem=19990 MB
  iter 6500/11828  loss=18.0892  (cls 0.5082 bbox 0.5807)  1.47 it/s  gpu_mem=19990 MB
  iter 6600/11828  loss=15.4919  (cls 0.5499 bbox 0.5707)  1.47 it/s  gpu_mem=19990 MB
  iter 6700/11828  loss=16.0110  (cls 0.5705 bbox 0.8215)  1.47 it/s  gpu_mem=19990 MB
  iter 6800/11828  loss=14.0897  (cls 0.6810 bbox 0.7411)  1.47 it/s  gpu_mem=19990 MB
  iter 6900/11828  loss=17.3392  (cls 0.5651 bbox 0.7522)  1.47 it/s  gpu_mem=19990 MB
  iter 7000/11828  loss=14.3379  (cls 0.6604 bbox 0.8222)  1.47 it/s  gpu_mem=19990 MB
  iter 7100/11828  loss=14.9170  (cls 0.6896 bbox 0.9014)  1.47 it/s  gpu_mem=19990 MB
  iter 7200/11828  loss=15.8080  (cls 0.7331 bbox 0.7343)  1.47 it/s  gpu_mem=19990 MB
  iter 7300/11828  loss=14.6712  (cls 0.5389 bbox 0.5298)  1.47 it/s  gpu_mem=19990 MB
  iter 7400/11828  loss=14.2613  (cls 0.7116 bbox 0.6401)  1.47 it/s  gpu_mem=19990 MB
  iter 7500/11828  loss=15.0746  (cls 0.5835 bbox 0.9030)  1.47 it/s  gpu_mem=19990 MB
  iter 7600/11828  loss=15.2069  (cls 0.4990 bbox 0.4981)  1.47 it/s  gpu_mem=19990 MB
  iter 7700/11828  loss=13.6402  (cls 0.5459 bbox 0.5547)  1.47 it/s  gpu_mem=19990 MB
  iter 7800/11828  loss=14.6427  (cls 0.4567 bbox 0.5350)  1.47 it/s  gpu_mem=19990 MB
  iter 7900/11828  loss=14.1125  (cls 0.5013 bbox 0.5708)  1.47 it/s  gpu_mem=19990 MB
  iter 8000/11828  loss=15.3385  (cls 0.7806 bbox 0.7267)  1.47 it/s  gpu_mem=19990 MB
  iter 8100/11828  loss=14.4168  (cls 0.6986 bbox 0.9459)  1.47 it/s  gpu_mem=19990 MB
  iter 8200/11828  loss=16.8704  (cls 0.4499 bbox 0.4684)  1.47 it/s  gpu_mem=19990 MB
  iter 8300/11828  loss=15.4596  (cls 0.6220 bbox 0.7454)  1.47 it/s  gpu_mem=19990 MB
  iter 8400/11828  loss=16.1013  (cls 0.6166 bbox 0.6947)  1.47 it/s  gpu_mem=19990 MB
  iter 8500/11828  loss=15.8439  (cls 0.5105 bbox 0.6942)  1.47 it/s  gpu_mem=19990 MB
  iter 8600/11828  loss=14.9128  (cls 0.5296 bbox 0.5935)  1.47 it/s  gpu_mem=19990 MB
  iter 8700/11828  loss=13.8612  (cls 0.6246 bbox 0.8862)  1.47 it/s  gpu_mem=19990 MB
  iter 8800/11828  loss=12.9388  (cls 0.4252 bbox 0.7968)  1.47 it/s  gpu_mem=19990 MB
  iter 8900/11828  loss=17.4613  (cls 0.7485 bbox 0.6558)  1.47 it/s  gpu_mem=19990 MB
  iter 9000/11828  loss=13.8691  (cls 0.4566 bbox 0.6575)  1.47 it/s  gpu_mem=19990 MB
  iter 9100/11828  loss=16.7892  (cls 0.5698 bbox 0.5818)  1.47 it/s  gpu_mem=19990 MB
  iter 9200/11828  loss=16.1959  (cls 0.7307 bbox 0.6506)  1.47 it/s  gpu_mem=19990 MB
  iter 9300/11828  loss=14.9548  (cls 0.6341 bbox 0.8884)  1.47 it/s  gpu_mem=19990 MB
  iter 9400/11828  loss=16.3120  (cls 0.6285 bbox 0.5407)  1.47 it/s  gpu_mem=19990 MB
  iter 9500/11828  loss=14.4089  (cls 0.4717 bbox 0.5316)  1.47 it/s  gpu_mem=19990 MB
  iter 9600/11828  loss=15.3159  (cls 0.4220 bbox 0.6132)  1.47 it/s  gpu_mem=19990 MB
  iter 9700/11828  loss=16.2752  (cls 0.5388 bbox 0.5070)  1.47 it/s  gpu_mem=19990 MB
  iter 9800/11828  loss=14.5149  (cls 0.4936 bbox 0.5918)  1.47 it/s  gpu_mem=19990 MB
  iter 9900/11828  loss=14.1355  (cls 0.7178 bbox 0.9269)  1.47 it/s  gpu_mem=19990 MB
  iter 10000/11828  loss=14.6734  (cls 0.5040 bbox 0.7957)  1.47 it/s  gpu_mem=19990 MB
  iter 10100/11828  loss=14.6734  (cls 0.6757 bbox 0.7704)  1.47 it/s  gpu_mem=19990 MB
  iter 10200/11828  loss=15.6856  (cls 0.7006 bbox 1.0794)  1.47 it/s  gpu_mem=19990 MB
  iter 10300/11828  loss=14.3552  (cls 0.6041 bbox 0.7344)  1.47 it/s  gpu_mem=19990 MB
  iter 10400/11828  loss=14.2901  (cls 0.6425 bbox 0.5899)  1.47 it/s  gpu_mem=19990 MB
  iter 10500/11828  loss=13.3549  (cls 0.4069 bbox 0.5706)  1.47 it/s  gpu_mem=19990 MB
  iter 10600/11828  loss=14.3181  (cls 0.4468 bbox 0.5118)  1.47 it/s  gpu_mem=19990 MB
  iter 10700/11828  loss=14.4216  (cls 0.7232 bbox 0.9696)  1.47 it/s  gpu_mem=19990 MB
  iter 10800/11828  loss=14.7571  (cls 0.5554 bbox 0.7036)  1.47 it/s  gpu_mem=19990 MB
  iter 10900/11828  loss=14.9257  (cls 0.6291 bbox 0.6160)  1.47 it/s  gpu_mem=19990 MB
  iter 11000/11828  loss=14.1560  (cls 0.4184 bbox 0.6218)  1.47 it/s  gpu_mem=19990 MB
  iter 11100/11828  loss=14.6965  (cls 0.4756 bbox 0.5904)  1.47 it/s  gpu_mem=19990 MB
  iter 11200/11828  loss=14.2795  (cls 0.7126 bbox 0.7126)  1.47 it/s  gpu_mem=19990 MB
  iter 11300/11828  loss=14.5789  (cls 0.6520 bbox 0.7865)  1.47 it/s  gpu_mem=19990 MB
  iter 11400/11828  loss=14.9077  (cls 0.6189 bbox 0.9405)  1.47 it/s  gpu_mem=19990 MB
  iter 11500/11828  loss=14.2926  (cls 0.5980 bbox 0.5717)  1.47 it/s  gpu_mem=19990 MB
  iter 11600/11828  loss=12.7933  (cls 0.5078 bbox 0.7748)  1.47 it/s  gpu_mem=19990 MB
  iter 11700/11828  loss=14.8500  (cls 0.5172 bbox 0.5111)  1.47 it/s  gpu_mem=19990 MB
  iter 11800/11828  loss=14.1989  (cls 0.4903 bbox 0.5526)  1.47 it/s  gpu_mem=19990 MB
Epoch 3 train | total=14.9288 cls=0.5889 bbox=0.7173 | LR bb=1.50e-05 head=1.50e-04 | 11828 batches in 8058.4s
Epoch 3 eval (EMA) | mAP@50=0.283  mAP@[.5:.95]=0.154
>> Best saved at epoch 3 (mAP@50: 0.283) [EMA]
--- Epoch 4: unfreezing 2/4 backbone layer-groups, trainable params 19,636,437 ---
  iter 0/11828  loss=15.2463  (cls 0.6054 bbox 0.8692)  0.64 it/s  gpu_mem=19990 MB
  iter 100/11828  loss=13.4874  (cls 0.6466 bbox 0.7861)  1.45 it/s  gpu_mem=19990 MB
  iter 200/11828  loss=14.1912  (cls 0.4452 bbox 0.5099)  1.46 it/s  gpu_mem=19990 MB
  iter 300/11828  loss=14.9674  (cls 0.4810 bbox 0.6848)  1.46 it/s  gpu_mem=19990 MB
  iter 400/11828  loss=16.7664  (cls 0.5524 bbox 0.5946)  1.46 it/s  gpu_mem=19990 MB
  iter 500/11828  loss=14.7024  (cls 0.4637 bbox 0.5892)  1.46 it/s  gpu_mem=19990 MB
  iter 600/11828  loss=13.6998  (cls 0.4869 bbox 0.4835)  1.47 it/s  gpu_mem=19990 MB
  iter 700/11828  loss=14.6104  (cls 0.4714 bbox 0.6795)  1.47 it/s  gpu_mem=19990 MB
  iter 800/11828  loss=14.2064  (cls 0.4525 bbox 0.6045)  1.47 it/s  gpu_mem=19990 MB
  iter 900/11828  loss=13.9991  (cls 0.5017 bbox 0.5091)  1.47 it/s  gpu_mem=19990 MB
  iter 1000/11828  loss=12.8440  (cls 0.6623 bbox 0.7462)  1.47 it/s  gpu_mem=19990 MB
  iter 1100/11828  loss=14.4767  (cls 0.4781 bbox 0.5766)  1.47 it/s  gpu_mem=19990 MB
  iter 1200/11828  loss=17.2585  (cls 0.5418 bbox 0.4692)  1.47 it/s  gpu_mem=19990 MB
  iter 1300/11828  loss=15.0623  (cls 0.6994 bbox 0.8441)  1.47 it/s  gpu_mem=19990 MB
  iter 1400/11828  loss=16.5461  (cls 0.4295 bbox 0.6131)  1.47 it/s  gpu_mem=19990 MB
  iter 1500/11828  loss=13.4388  (cls 0.5999 bbox 0.8520)  1.47 it/s  gpu_mem=19990 MB
  iter 1600/11828  loss=14.9042  (cls 0.4595 bbox 0.5629)  1.47 it/s  gpu_mem=19990 MB
  iter 1700/11828  loss=15.0836  (cls 0.5073 bbox 0.6066)  1.47 it/s  gpu_mem=19990 MB
  iter 1800/11828  loss=13.1747  (cls 0.5150 bbox 0.5943)  1.47 it/s  gpu_mem=19990 MB
  iter 1900/11828  loss=15.0113  (cls 0.6402 bbox 0.9520)  1.47 it/s  gpu_mem=19990 MB
  iter 2000/11828  loss=13.2282  (cls 0.4408 bbox 0.5622)  1.47 it/s  gpu_mem=19990 MB
  iter 2100/11828  loss=15.4125  (cls 0.5144 bbox 0.7063)  1.47 it/s  gpu_mem=19990 MB
  iter 2200/11828  loss=14.1440  (cls 0.4276 bbox 0.6104)  1.47 it/s  gpu_mem=19990 MB
  iter 2300/11828  loss=15.0157  (cls 0.7276 bbox 0.9501)  1.47 it/s  gpu_mem=19990 MB
  iter 2400/11828  loss=15.2572  (cls 0.5618 bbox 0.5579)  1.47 it/s  gpu_mem=19990 MB
  iter 2500/11828  loss=15.3477  (cls 0.6308 bbox 0.8593)  1.47 it/s  gpu_mem=19990 MB
  iter 2600/11828  loss=15.7374  (cls 0.4818 bbox 0.6555)  1.47 it/s  gpu_mem=19990 MB
  iter 2700/11828  loss=15.2734  (cls 0.5250 bbox 0.7261)  1.47 it/s  gpu_mem=19990 MB
  iter 2800/11828  loss=14.6674  (cls 0.4190 bbox 0.4513)  1.47 it/s  gpu_mem=19990 MB
  iter 2900/11828  loss=17.2744  (cls 0.5414 bbox 0.6203)  1.47 it/s  gpu_mem=19990 MB
  iter 3000/11828  loss=14.3970  (cls 0.6549 bbox 0.7825)  1.47 it/s  gpu_mem=19990 MB
  iter 3100/11828  loss=15.8185  (cls 0.6899 bbox 0.7048)  1.47 it/s  gpu_mem=19990 MB
  iter 3200/11828  loss=13.6005  (cls 0.6805 bbox 0.9582)  1.47 it/s  gpu_mem=19990 MB
  iter 3300/11828  loss=15.6555  (cls 0.6552 bbox 0.6324)  1.47 it/s  gpu_mem=19990 MB
  iter 3400/11828  loss=13.8363  (cls 0.4838 bbox 0.5670)  1.47 it/s  gpu_mem=19990 MB
  iter 3500/11828  loss=14.2059  (cls 0.5595 bbox 0.8720)  1.47 it/s  gpu_mem=19990 MB
  iter 3600/11828  loss=14.3390  (cls 0.5546 bbox 0.5478)  1.47 it/s  gpu_mem=19990 MB
  iter 3700/11828  loss=14.2653  (cls 0.5306 bbox 0.5427)  1.47 it/s  gpu_mem=19990 MB
  iter 3800/11828  loss=15.0500  (cls 0.5192 bbox 0.6721)  1.47 it/s  gpu_mem=19990 MB
  iter 3900/11828  loss=14.7355  (cls 0.6139 bbox 0.8810)  1.47 it/s  gpu_mem=19990 MB
  iter 4000/11828  loss=13.5496  (cls 0.8079 bbox 0.7415)  1.47 it/s  gpu_mem=19990 MB
  iter 4100/11828  loss=15.7107  (cls 0.5932 bbox 0.6002)  1.47 it/s  gpu_mem=19990 MB
  iter 4200/11828  loss=14.9160  (cls 0.5692 bbox 0.4998)  1.47 it/s  gpu_mem=19990 MB
  iter 4300/11828  loss=14.6184  (cls 0.6766 bbox 0.9864)  1.47 it/s  gpu_mem=19990 MB
  iter 4400/11828  loss=16.3703  (cls 0.4809 bbox 0.5711)  1.47 it/s  gpu_mem=19990 MB
  iter 4500/11828  loss=15.8845  (cls 0.6728 bbox 0.7669)  1.47 it/s  gpu_mem=19990 MB
  iter 4600/11828  loss=13.8792  (cls 0.6534 bbox 0.7444)  1.47 it/s  gpu_mem=19990 MB
  iter 4700/11828  loss=16.0152  (cls 0.4718 bbox 0.5403)  1.47 it/s  gpu_mem=19990 MB
  iter 4800/11828  loss=16.6721  (cls 0.4822 bbox 0.5657)  1.47 it/s  gpu_mem=19990 MB
  iter 4900/11828  loss=13.6242  (cls 0.6567 bbox 0.7466)  1.47 it/s  gpu_mem=19990 MB
  iter 5000/11828  loss=15.2875  (cls 0.6028 bbox 0.8876)  1.47 it/s  gpu_mem=19990 MB
  iter 5100/11828  loss=16.3416  (cls 0.5034 bbox 0.4999)  1.47 it/s  gpu_mem=19990 MB
  iter 5200/11828  loss=15.9584  (cls 0.5408 bbox 0.6478)  1.47 it/s  gpu_mem=19990 MB
  iter 5300/11828  loss=14.7503  (cls 0.6536 bbox 0.8553)  1.47 it/s  gpu_mem=19990 MB
  iter 5400/11828  loss=16.0925  (cls 0.5209 bbox 0.7399)  1.47 it/s  gpu_mem=19990 MB
  iter 5500/11828  loss=15.1583  (cls 0.7031 bbox 0.8967)  1.47 it/s  gpu_mem=19990 MB
  iter 5600/11828  loss=13.8825  (cls 0.7528 bbox 0.7653)  1.47 it/s  gpu_mem=19990 MB
  iter 5700/11828  loss=15.2328  (cls 0.4772 bbox 0.4302)  1.47 it/s  gpu_mem=19990 MB
  iter 5800/11828  loss=15.4309  (cls 0.5476 bbox 0.6796)  1.47 it/s  gpu_mem=19990 MB
  iter 5900/11828  loss=12.8095  (cls 0.6840 bbox 0.9671)  1.47 it/s  gpu_mem=19990 MB
  iter 6000/11828  loss=13.7233  (cls 0.6156 bbox 0.8695)  1.47 it/s  gpu_mem=19990 MB
  iter 6100/11828  loss=16.5151  (cls 0.5253 bbox 0.6506)  1.47 it/s  gpu_mem=19990 MB
  iter 6200/11828  loss=13.5560  (cls 0.7222 bbox 0.7640)  1.47 it/s  gpu_mem=19990 MB
  iter 6300/11828  loss=12.9177  (cls 0.3912 bbox 0.5190)  1.47 it/s  gpu_mem=19990 MB
  iter 6400/11828  loss=14.6205  (cls 0.6667 bbox 0.8427)  1.47 it/s  gpu_mem=19990 MB
  iter 6500/11828  loss=15.2623  (cls 0.5267 bbox 0.5337)  1.47 it/s  gpu_mem=19990 MB
  iter 6600/11828  loss=14.3142  (cls 0.4054 bbox 0.6517)  1.47 it/s  gpu_mem=19990 MB
  iter 6700/11828  loss=14.2680  (cls 0.7855 bbox 0.9057)  1.47 it/s  gpu_mem=19990 MB
  iter 6800/11828  loss=14.0856  (cls 0.7346 bbox 0.5500)  1.47 it/s  gpu_mem=19990 MB
  iter 6900/11828  loss=16.7306  (cls 0.6825 bbox 0.9744)  1.47 it/s  gpu_mem=19990 MB
  iter 7000/11828  loss=14.4053  (cls 0.6671 bbox 0.7310)  1.47 it/s  gpu_mem=19990 MB
  iter 7100/11828  loss=14.2808  (cls 0.5472 bbox 0.5966)  1.47 it/s  gpu_mem=19990 MB
  iter 7200/11828  loss=14.4577  (cls 0.4651 bbox 0.6549)  1.47 it/s  gpu_mem=19990 MB
  iter 7300/11828  loss=15.9557  (cls 0.5295 bbox 0.6298)  1.47 it/s  gpu_mem=19990 MB
  iter 7400/11828  loss=14.1524  (cls 0.6894 bbox 0.8716)  1.47 it/s  gpu_mem=19990 MB
  iter 7500/11828  loss=15.0171  (cls 0.6333 bbox 0.7900)  1.47 it/s  gpu_mem=19990 MB
  iter 7600/11828  loss=14.4900  (cls 0.5452 bbox 0.6960)  1.47 it/s  gpu_mem=19990 MB
  iter 7700/11828  loss=14.0140  (cls 0.6223 bbox 1.0292)  1.47 it/s  gpu_mem=19990 MB
  iter 7800/11828  loss=14.1131  (cls 0.6410 bbox 0.7462)  1.47 it/s  gpu_mem=19990 MB
  iter 7900/11828  loss=15.0521  (cls 0.4571 bbox 0.5150)  1.47 it/s  gpu_mem=19990 MB
  iter 8000/11828  loss=14.7337  (cls 0.5101 bbox 0.7686)  1.47 it/s  gpu_mem=19990 MB
  iter 8100/11828  loss=14.6934  (cls 0.6277 bbox 0.7828)  1.47 it/s  gpu_mem=19990 MB
  iter 8200/11828  loss=14.3254  (cls 0.6475 bbox 0.8867)  1.47 it/s  gpu_mem=19990 MB
  iter 8300/11828  loss=14.1955  (cls 0.6643 bbox 0.7473)  1.47 it/s  gpu_mem=19990 MB
  iter 8400/11828  loss=15.1043  (cls 0.4544 bbox 0.5871)  1.47 it/s  gpu_mem=19990 MB
  iter 8500/11828  loss=13.1353  (cls 0.4909 bbox 0.5397)  1.47 it/s  gpu_mem=19990 MB
  iter 8600/11828  loss=13.3153  (cls 0.4938 bbox 0.5640)  1.47 it/s  gpu_mem=19990 MB
  iter 8700/11828  loss=14.0736  (cls 0.5442 bbox 0.5130)  1.47 it/s  gpu_mem=19990 MB
  iter 8800/11828  loss=14.0742  (cls 0.7015 bbox 0.7658)  1.47 it/s  gpu_mem=19990 MB
  iter 8900/11828  loss=14.8277  (cls 0.3865 bbox 0.6646)  1.47 it/s  gpu_mem=19990 MB
  iter 9000/11828  loss=13.7556  (cls 0.4561 bbox 0.6792)  1.47 it/s  gpu_mem=19990 MB
  iter 9100/11828  loss=13.7498  (cls 0.6844 bbox 0.7264)  1.47 it/s  gpu_mem=19990 MB
  iter 9200/11828  loss=14.6285  (cls 0.7009 bbox 0.7006)  1.47 it/s  gpu_mem=19990 MB
  iter 9300/11828  loss=16.9704  (cls 0.5865 bbox 0.5129)  1.47 it/s  gpu_mem=19990 MB
  iter 9400/11828  loss=14.0448  (cls 0.5370 bbox 0.7000)  1.47 it/s  gpu_mem=19990 MB
  iter 9500/11828  loss=16.0225  (cls 0.6770 bbox 0.9849)  1.47 it/s  gpu_mem=19990 MB
  iter 9600/11828  loss=15.1944  (cls 0.4452 bbox 0.4721)  1.47 it/s  gpu_mem=19990 MB
  iter 9700/11828  loss=14.2633  (cls 0.6795 bbox 0.6407)  1.47 it/s  gpu_mem=19990 MB
  iter 9800/11828  loss=15.6953  (cls 0.5221 bbox 0.5725)  1.47 it/s  gpu_mem=19990 MB
  iter 9900/11828  loss=14.6635  (cls 0.5932 bbox 0.8368)  1.47 it/s  gpu_mem=19990 MB
  iter 10000/11828  loss=14.4582  (cls 0.5614 bbox 0.4955)  1.47 it/s  gpu_mem=19990 MB
  iter 10100/11828  loss=13.8909  (cls 0.4786 bbox 0.5787)  1.47 it/s  gpu_mem=19990 MB
  iter 10200/11828  loss=13.4372  (cls 0.6560 bbox 0.6362)  1.47 it/s  gpu_mem=19990 MB
  iter 10300/11828  loss=14.5583  (cls 0.6901 bbox 0.8149)  1.47 it/s  gpu_mem=19990 MB
  iter 10400/11828  loss=14.7857  (cls 0.7035 bbox 0.9388)  1.47 it/s  gpu_mem=19990 MB
  iter 10500/11828  loss=15.2486  (cls 0.5155 bbox 0.5221)  1.47 it/s  gpu_mem=19990 MB
  iter 10600/11828  loss=15.0071  (cls 0.4865 bbox 0.5811)  1.47 it/s  gpu_mem=19990 MB
  iter 10700/11828  loss=15.9853  (cls 0.6962 bbox 0.9817)  1.47 it/s  gpu_mem=19990 MB
  iter 10800/11828  loss=14.1883  (cls 0.4428 bbox 0.6419)  1.47 it/s  gpu_mem=19990 MB
  iter 10900/11828  loss=16.8780  (cls 0.5509 bbox 0.5032)  1.47 it/s  gpu_mem=19990 MB
  iter 11000/11828  loss=15.2191  (cls 0.7043 bbox 0.9852)  1.47 it/s  gpu_mem=19990 MB
  iter 11100/11828  loss=14.5106  (cls 0.4436 bbox 0.4412)  1.47 it/s  gpu_mem=19990 MB
  iter 11200/11828  loss=13.8200  (cls 0.6795 bbox 0.8460)  1.47 it/s  gpu_mem=19990 MB
  iter 11300/11828  loss=14.0885  (cls 0.4248 bbox 0.6299)  1.47 it/s  gpu_mem=19990 MB
  iter 11400/11828  loss=15.1879  (cls 0.4495 bbox 0.4048)  1.47 it/s  gpu_mem=19990 MB
  iter 11500/11828  loss=14.2326  (cls 0.4874 bbox 0.6198)  1.47 it/s  gpu_mem=19990 MB
  iter 11600/11828  loss=14.7490  (cls 0.6258 bbox 0.8138)  1.47 it/s  gpu_mem=19990 MB
  iter 11700/11828  loss=15.3624  (cls 0.4398 bbox 0.6782)  1.47 it/s  gpu_mem=19990 MB
  iter 11800/11828  loss=17.4415  (cls 0.5236 bbox 0.8043)  1.47 it/s  gpu_mem=19990 MB
Epoch 4 train | total=14.8218 cls=0.5833 bbox=0.7101 | LR bb=9.26e-06 head=9.26e-05 | 11828 batches in 8066.9s
Epoch 4 eval (EMA) | mAP@50=0.294  mAP@[.5:.95]=0.160
>> Best saved at epoch 4 (mAP@50: 0.294) [EMA]
--- Epoch 5: unfreezing 3/4 backbone layer-groups, trainable params 20,170,975 ---
  iter 0/11828  loss=13.0329  (cls 0.6687 bbox 0.8581)  0.46 it/s  gpu_mem=22022 MB
  iter 100/11828  loss=14.4085  (cls 0.4499 bbox 0.5424)  1.38 it/s  gpu_mem=22026 MB
  iter 200/11828  loss=14.2785  (cls 0.6896 bbox 0.8364)  1.39 it/s  gpu_mem=22026 MB
  iter 300/11828  loss=15.1891  (cls 0.4552 bbox 0.6269)  1.39 it/s  gpu_mem=22026 MB
  iter 400/11828  loss=15.0322  (cls 0.4330 bbox 0.4657)  1.39 it/s  gpu_mem=22026 MB
  iter 500/11828  loss=15.0766  (cls 0.4589 bbox 0.6163)  1.39 it/s  gpu_mem=22026 MB
  iter 600/11828  loss=15.5842  (cls 0.4606 bbox 0.5765)  1.39 it/s  gpu_mem=22026 MB
  iter 700/11828  loss=15.3023  (cls 0.6759 bbox 0.9524)  1.40 it/s  gpu_mem=22026 MB
  iter 800/11828  loss=13.9817  (cls 0.6721 bbox 0.7727)  1.40 it/s  gpu_mem=22026 MB
  iter 900/11828  loss=14.2579  (cls 0.5395 bbox 0.5388)  1.40 it/s  gpu_mem=22026 MB
  iter 1000/11828  loss=14.6754  (cls 0.6968 bbox 0.9823)  1.40 it/s  gpu_mem=22026 MB
  iter 1100/11828  loss=15.4122  (cls 0.4056 bbox 0.3538)  1.40 it/s  gpu_mem=22026 MB
  iter 1200/11828  loss=14.7047  (cls 0.6643 bbox 0.9160)  1.40 it/s  gpu_mem=22026 MB
  iter 1300/11828  loss=14.6546  (cls 0.5426 bbox 0.6577)  1.40 it/s  gpu_mem=22026 MB
  iter 1400/11828  loss=14.5468  (cls 0.5320 bbox 0.5985)  1.40 it/s  gpu_mem=22026 MB
  iter 1500/11828  loss=13.3054  (cls 0.6572 bbox 0.7760)  1.40 it/s  gpu_mem=22026 MB
  iter 1600/11828  loss=15.9969  (cls 0.5775 bbox 0.7119)  1.40 it/s  gpu_mem=22026 MB
  iter 1700/11828  loss=13.4024  (cls 0.5322 bbox 0.4444)  1.40 it/s  gpu_mem=22026 MB
  iter 1800/11828  loss=13.2712  (cls 0.6016 bbox 0.8594)  1.40 it/s  gpu_mem=22026 MB
  iter 1900/11828  loss=15.6407  (cls 0.4827 bbox 0.6901)  1.40 it/s  gpu_mem=22026 MB
  iter 2000/11828  loss=14.7578  (cls 0.6728 bbox 0.8868)  1.40 it/s  gpu_mem=22026 MB
  iter 2100/11828  loss=14.7838  (cls 0.6092 bbox 0.8558)  1.40 it/s  gpu_mem=22026 MB
  iter 2200/11828  loss=14.4043  (cls 0.6782 bbox 0.6933)  1.40 it/s  gpu_mem=22026 MB
  iter 2300/11828  loss=14.9203  (cls 0.6441 bbox 0.8324)  1.40 it/s  gpu_mem=22026 MB
  iter 2400/11828  loss=15.5467  (cls 0.7393 bbox 0.6838)  1.40 it/s  gpu_mem=22026 MB
  iter 2500/11828  loss=12.6650  (cls 0.6344 bbox 0.8985)  1.40 it/s  gpu_mem=22026 MB
  iter 2600/11828  loss=15.6672  (cls 0.7123 bbox 0.9140)  1.40 it/s  gpu_mem=22026 MB
  iter 2700/11828  loss=15.0688  (cls 0.6560 bbox 0.6779)  1.40 it/s  gpu_mem=22026 MB
  iter 2800/11828  loss=13.5671  (cls 0.6483 bbox 0.8121)  1.40 it/s  gpu_mem=22026 MB
  iter 2900/11828  loss=13.5764  (cls 0.7642 bbox 0.8079)  1.40 it/s  gpu_mem=22026 MB
  iter 3000/11828  loss=16.4834  (cls 0.6187 bbox 0.8116)  1.40 it/s  gpu_mem=22026 MB
  iter 3100/11828  loss=13.4852  (cls 0.3924 bbox 0.6815)  1.40 it/s  gpu_mem=22026 MB
  iter 3200/11828  loss=13.3691  (cls 0.6524 bbox 0.8784)  1.40 it/s  gpu_mem=22026 MB
  iter 3300/11828  loss=13.0605  (cls 0.4791 bbox 0.6217)  1.40 it/s  gpu_mem=22026 MB
  iter 3400/11828  loss=15.1626  (cls 0.4821 bbox 0.4832)  1.40 it/s  gpu_mem=22026 MB
  iter 3500/11828  loss=12.8832  (cls 0.5848 bbox 0.7336)  1.40 it/s  gpu_mem=22026 MB
  iter 3600/11828  loss=12.9606  (cls 0.6349 bbox 0.7892)  1.40 it/s  gpu_mem=22026 MB
  iter 3700/11828  loss=16.3630  (cls 0.4357 bbox 0.6187)  1.40 it/s  gpu_mem=22026 MB
  iter 3800/11828  loss=15.5645  (cls 0.7240 bbox 0.8177)  1.40 it/s  gpu_mem=22026 MB
  iter 3900/11828  loss=14.6867  (cls 0.4874 bbox 0.7072)  1.40 it/s  gpu_mem=22026 MB
  iter 4000/11828  loss=13.4141  (cls 0.4221 bbox 0.5884)  1.40 it/s  gpu_mem=22026 MB
  iter 4100/11828  loss=14.2632  (cls 0.4357 bbox 0.7769)  1.40 it/s  gpu_mem=22026 MB
  iter 4200/11828  loss=14.3069  (cls 0.6871 bbox 0.7807)  1.40 it/s  gpu_mem=22026 MB
  iter 4300/11828  loss=14.8298  (cls 0.5495 bbox 0.9005)  1.40 it/s  gpu_mem=22026 MB
  iter 4400/11828  loss=14.5235  (cls 0.6315 bbox 0.7043)  1.40 it/s  gpu_mem=22026 MB
  iter 4500/11828  loss=13.7710  (cls 0.4206 bbox 0.4563)  1.40 it/s  gpu_mem=22026 MB
  iter 4600/11828  loss=14.4731  (cls 0.6786 bbox 0.6501)  1.40 it/s  gpu_mem=22026 MB
  iter 4700/11828  loss=14.9594  (cls 0.6645 bbox 0.8124)  1.40 it/s  gpu_mem=22026 MB
  iter 4800/11828  loss=14.0692  (cls 0.4166 bbox 0.6006)  1.40 it/s  gpu_mem=22026 MB
  iter 4900/11828  loss=14.9208  (cls 0.6372 bbox 0.7067)  1.40 it/s  gpu_mem=22026 MB
  iter 5000/11828  loss=14.6130  (cls 0.4113 bbox 0.4709)  1.40 it/s  gpu_mem=22026 MB
  iter 5100/11828  loss=15.8493  (cls 0.4536 bbox 0.6379)  1.40 it/s  gpu_mem=22026 MB
  iter 5200/11828  loss=14.1936  (cls 0.4753 bbox 0.3812)  1.40 it/s  gpu_mem=22026 MB
  iter 5300/11828  loss=16.5555  (cls 0.7625 bbox 0.9448)  1.40 it/s  gpu_mem=22026 MB
  iter 5400/11828  loss=14.9116  (cls 0.4808 bbox 0.5478)  1.40 it/s  gpu_mem=22026 MB
  iter 5500/11828  loss=17.0239  (cls 0.4891 bbox 0.7779)  1.40 it/s  gpu_mem=22026 MB
  iter 5600/11828  loss=15.2134  (cls 0.6103 bbox 0.7208)  1.40 it/s  gpu_mem=22026 MB
  iter 5700/11828  loss=14.5243  (cls 0.4667 bbox 0.5160)  1.40 it/s  gpu_mem=22026 MB
  iter 5800/11828  loss=13.7104  (cls 0.6724 bbox 0.8932)  1.40 it/s  gpu_mem=22026 MB
  iter 5900/11828  loss=14.9003  (cls 0.5982 bbox 0.8512)  1.40 it/s  gpu_mem=22026 MB
  iter 6000/11828  loss=12.8651  (cls 0.3946 bbox 0.4404)  1.40 it/s  gpu_mem=22026 MB
  iter 6100/11828  loss=14.2429  (cls 0.5724 bbox 0.5971)  1.40 it/s  gpu_mem=22026 MB
  iter 6200/11828  loss=14.2345  (cls 0.7624 bbox 0.7241)  1.40 it/s  gpu_mem=22026 MB
  iter 6300/11828  loss=15.2262  (cls 0.4477 bbox 0.5118)  1.40 it/s  gpu_mem=22026 MB
