=== Experiment E: T=8 + full TCSA ===
Log: /workspace/SNN/logs/cifar100_p2_E.log
num_steps=8 batch_size=128 epochs=30
attention: channel=True spatial=True temporal=True
/venv/main/lib/python3.12/site-packages/torchvision/datasets/cifar.py:83: VisibleDeprecationWarning: dtype(): align should be passed as Python or NumPy boolean but got `align=0`. Did you mean to pass a tuple to create a subarray type? (Deprecated NumPy 2.4)
  entry = pickle.load(f, encoding="latin1")
Training set size: 50000
Test set size: 10000
Train augmentation: RandomCrop(32, pad=4) + HorizontalFlip
Training on 100 classes
Experiment: cifar100_p2_E | Seed: 42
Trainable params: 1,459,210
No checkpoint found, starting fresh.
Epoch 0 | Acc: 20.41% | CE: 3.903 | SpikeReg: 0.155 | LR: 9.97e-04
  Fire rates (lif1/lif2/lif3/lif4/out): 0.014 0.037 0.044 0.027 0.013
>> Best saved at epoch 0 (accuracy: 20.41%)
Epoch 1 | Acc: 32.10% | CE: 3.361 | SpikeReg: 0.134 | LR: 9.89e-04
  Fire rates (lif1/lif2/lif3/lif4/out): 0.010 0.025 0.030 0.024 0.044
>> Best saved at epoch 1 (accuracy: 32.10%)
Epoch 2 | Acc: 37.96% | CE: 3.027 | SpikeReg: 0.147 | LR: 9.76e-04
  Fire rates (lif1/lif2/lif3/lif4/out): 0.007 0.019 0.025 0.017 0.092
>> Best saved at epoch 2 (accuracy: 37.96%)
Epoch 3 | Acc: 41.78% | CE: 2.852 | SpikeReg: 0.147 | LR: 9.57e-04
  Fire rates (lif1/lif2/lif3/lif4/out): 0.005 0.015 0.020 0.015 0.086
>> Best saved at epoch 3 (accuracy: 41.78%)
Epoch 4 | Acc: 43.35% | CE: 2.722 | SpikeReg: 0.133 | LR: 9.33e-04
  Fire rates (lif1/lif2/lif3/lif4/out): 0.004 0.012 0.017 0.013 0.089
>> Best saved at epoch 4 (accuracy: 43.35%)
Epoch 5 | Acc: 44.97% | CE: 2.631 | SpikeReg: 0.127 | LR: 9.05e-04
  Fire rates (lif1/lif2/lif3/lif4/out): 0.003 0.011 0.014 0.012 0.081
>> Best saved at epoch 5 (accuracy: 44.97%)
Epoch 6 | Acc: 46.40% | CE: 2.560 | SpikeReg: 0.119 | LR: 8.72e-04
  Fire rates (lif1/lif2/lif3/lif4/out): 0.003 0.009 0.011 0.012 0.079
>> Best saved at epoch 6 (accuracy: 46.40%)
Epoch 7 | Acc: 48.06% | CE: 2.490 | SpikeReg: 0.115 | LR: 8.35e-04
  Fire rates (lif1/lif2/lif3/lif4/out): 0.003 0.007 0.009 0.011 0.083
>> Best saved at epoch 7 (accuracy: 48.06%)
Epoch 8 | Acc: 49.81% | CE: 2.419 | SpikeReg: 0.117 | LR: 7.94e-04
  Fire rates (lif1/lif2/lif3/lif4/out): 0.002 0.006 0.008 0.012 0.079
>> Best saved at epoch 8 (accuracy: 49.81%)
Epoch 9 | Acc: 50.19% | CE: 2.372 | SpikeReg: 0.119 | LR: 7.50e-04
  Fire rates (lif1/lif2/lif3/lif4/out): 0.002 0.005 0.007 0.011 0.095
>> Best saved at epoch 9 (accuracy: 50.19%)
Epoch 10 | Acc: 51.67% | CE: 2.323 | SpikeReg: 0.116 | LR: 7.03e-04
  Fire rates (lif1/lif2/lif3/lif4/out): 0.002 0.005 0.006 0.012 0.083
>> Best saved at epoch 10 (accuracy: 51.67%)
Epoch 11 | Acc: 52.45% | CE: 2.277 | SpikeReg: 0.118 | LR: 6.55e-04
  Fire rates (lif1/lif2/lif3/lif4/out): 0.002 0.004 0.005 0.012 0.087
>> Best saved at epoch 11 (accuracy: 52.45%)
Epoch 12 | Acc: 53.40% | CE: 2.232 | SpikeReg: 0.119 | LR: 6.04e-04
  Fire rates (lif1/lif2/lif3/lif4/out): 0.002 0.004 0.004 0.012 0.096
>> Best saved at epoch 12 (accuracy: 53.40%)
Epoch 13 | Acc: 53.18% | CE: 2.187 | SpikeReg: 0.126 | LR: 5.52e-04
  Fire rates (lif1/lif2/lif3/lif4/out): 0.002 0.004 0.004 0.012 0.093
Epoch 14 | Acc: 54.34% | CE: 2.160 | SpikeReg: 0.125 | LR: 5.00e-04
  Fire rates (lif1/lif2/lif3/lif4/out): 0.002 0.004 0.004 0.012 0.089
>> Best saved at epoch 14 (accuracy: 54.34%)
Epoch 15 | Acc: 55.11% | CE: 2.115 | SpikeReg: 0.130 | LR: 4.48e-04
  Fire rates (lif1/lif2/lif3/lif4/out): 0.002 0.004 0.003 0.013 0.098
>> Best saved at epoch 15 (accuracy: 55.11%)
Epoch 16 | Acc: 55.64% | CE: 2.085 | SpikeReg: 0.131 | LR: 3.96e-04
  Fire rates (lif1/lif2/lif3/lif4/out): 0.001 0.004 0.003 0.013 0.102
>> Best saved at epoch 16 (accuracy: 55.64%)
Epoch 17 | Acc: 55.90% | CE: 2.052 | SpikeReg: 0.136 | LR: 3.45e-04
  Fire rates (lif1/lif2/lif3/lif4/out): 0.001 0.004 0.003 0.013 0.105
>> Best saved at epoch 17 (accuracy: 55.90%)
Epoch 18 | Acc: 56.84% | CE: 2.022 | SpikeReg: 0.142 | LR: 2.97e-04
  Fire rates (lif1/lif2/lif3/lif4/out): 0.001 0.003 0.003 0.013 0.115
>> Best saved at epoch 18 (accuracy: 56.84%)
Epoch 19 | Acc: 57.29% | CE: 1.987 | SpikeReg: 0.142 | LR: 2.50e-04
  Fire rates (lif1/lif2/lif3/lif4/out): 0.001 0.004 0.003 0.013 0.110
>> Best saved at epoch 19 (accuracy: 57.29%)
Epoch 20 | Acc: 58.16% | CE: 1.963 | SpikeReg: 0.144 | LR: 2.06e-04
  Fire rates (lif1/lif2/lif3/lif4/out): 0.001 0.004 0.003 0.013 0.117
>> Best saved at epoch 20 (accuracy: 58.16%)
Epoch 21 | Acc: 58.30% | CE: 1.935 | SpikeReg: 0.146 | LR: 1.65e-04
  Fire rates (lif1/lif2/lif3/lif4/out): 0.001 0.003 0.003 0.014 0.114
>> Best saved at epoch 21 (accuracy: 58.30%)
Epoch 22 | Acc: 58.31% | CE: 1.911 | SpikeReg: 0.147 | LR: 1.28e-04
  Fire rates (lif1/lif2/lif3/lif4/out): 0.001 0.003 0.003 0.014 0.120
>> Best saved at epoch 22 (accuracy: 58.31%)
Epoch 23 | Acc: 58.72% | CE: 1.900 | SpikeReg: 0.149 | LR: 9.55e-05
  Fire rates (lif1/lif2/lif3/lif4/out): 0.001 0.003 0.003 0.014 0.120
>> Best saved at epoch 23 (accuracy: 58.72%)
Epoch 24 | Acc: 58.51% | CE: 1.882 | SpikeReg: 0.150 | LR: 6.70e-05
  Fire rates (lif1/lif2/lif3/lif4/out): 0.001 0.003 0.003 0.014 0.117
Epoch 25 | Acc: 58.83% | CE: 1.868 | SpikeReg: 0.150 | LR: 4.32e-05
  Fire rates (lif1/lif2/lif3/lif4/out): 0.001 0.003 0.003 0.014 0.118
>> Best saved at epoch 25 (accuracy: 58.83%)
Epoch 26 | Acc: 59.08% | CE: 1.854 | SpikeReg: 0.151 | LR: 2.45e-05
  Fire rates (lif1/lif2/lif3/lif4/out): 0.001 0.003 0.003 0.014 0.117
>> Best saved at epoch 26 (accuracy: 59.08%)
Epoch 27 | Acc: 59.06% | CE: 1.853 | SpikeReg: 0.152 | LR: 1.09e-05
  Fire rates (lif1/lif2/lif3/lif4/out): 0.001 0.003 0.003 0.014 0.120
Epoch 28 | Acc: 59.12% | CE: 1.844 | SpikeReg: 0.152 | LR: 2.74e-06
  Fire rates (lif1/lif2/lif3/lif4/out): 0.001 0.003 0.003 0.014 0.118
>> Best saved at epoch 28 (accuracy: 59.12%)
Epoch 29 | Acc: 59.15% | CE: 1.843 | SpikeReg: 0.152 | LR: 0.00e+00
  Fire rates (lif1/lif2/lif3/lif4/out): 0.001 0.003 0.003 0.014 0.120
>> Best saved at epoch 29 (accuracy: 59.15%)
