=== Experiment T: S + 120ep + warmup10 + Mixup/CutMix + EMA ===
Log: /workspace/SNN/logs/cifar100_sew_T.log
num_steps=8 aug=strong epochs=120 warmup=10 mix/ema=True
/workspace/SNN/venv/lib/python3.12/site-packages/torchvision/datasets/cifar.py:83: VisibleDeprecationWarning: dtype(): align should be passed as Python or NumPy boolean but got `align=0`. Did you mean to pass a tuple to create a subarray type? (Deprecated NumPy 2.4)
  entry = pickle.load(f, encoding="latin1")
Training set size: 50000
Test set size: 10000
Augmentation: strong
Training on 100 classes
Experiment: cifar100_sew_T | Seed: 42
Trainable params: 11,287,374
No checkpoint found, starting fresh.
Epoch 0 | Acc(EMA): 0.91% | CE: 4.583 | SpikeReg: 2.603 | LR: 1.09e-04
  Fire rates (stem/layer1/layer2/layer3/layer4/out): 0.263 0.609 0.565 0.539 0.503 0.070
>> Best saved at epoch 0 (accuracy: 0.91%)
Epoch 1 | Acc(EMA): 1.38% | CE: 4.314 | SpikeReg: 2.749 | LR: 2.08e-04
  Fire rates (stem/layer1/layer2/layer3/layer4/out): 0.270 0.640 0.604 0.639 0.546 0.160
>> Best saved at epoch 1 (accuracy: 1.38%)
Epoch 2 | Acc(EMA): 1.68% | CE: 4.121 | SpikeReg: 2.789 | LR: 3.07e-04
  Fire rates (stem/layer1/layer2/layer3/layer4/out): 0.271 0.658 0.602 0.651 0.530 0.179
>> Best saved at epoch 2 (accuracy: 1.68%)
Epoch 3 | Acc(EMA): 5.02% | CE: 3.990 | SpikeReg: 2.712 | LR: 4.06e-04
  Fire rates (stem/layer1/layer2/layer3/layer4/out): 0.265 0.656 0.607 0.656 0.556 0.176
>> Best saved at epoch 3 (accuracy: 5.02%)
Epoch 4 | Acc(EMA): 7.95% | CE: 3.851 | SpikeReg: 2.585 | LR: 5.05e-04
  Fire rates (stem/layer1/layer2/layer3/layer4/out): 0.263 0.627 0.623 0.647 0.580 0.130
>> Best saved at epoch 4 (accuracy: 7.95%)
Epoch 5 | Acc(EMA): 8.72% | CE: 3.727 | SpikeReg: 2.439 | LR: 6.04e-04
  Fire rates (stem/layer1/layer2/layer3/layer4/out): 0.260 0.609 0.601 0.618 0.628 0.145
>> Best saved at epoch 5 (accuracy: 8.72%)
Epoch 6 | Acc(EMA): 14.82% | CE: 3.653 | SpikeReg: 2.293 | LR: 7.03e-04
  Fire rates (stem/layer1/layer2/layer3/layer4/out): 0.239 0.566 0.556 0.556 0.626 0.123
>> Best saved at epoch 6 (accuracy: 14.82%)
Epoch 7 | Acc(EMA): 17.28% | CE: 3.553 | SpikeReg: 2.137 | LR: 8.02e-04
  Fire rates (stem/layer1/layer2/layer3/layer4/out): 0.223 0.538 0.568 0.558 0.687 0.118
>> Best saved at epoch 7 (accuracy: 17.28%)
Epoch 8 | Acc(EMA): 24.99% | CE: 3.481 | SpikeReg: 1.988 | LR: 9.01e-04
  Fire rates (stem/layer1/layer2/layer3/layer4/out): 0.214 0.522 0.524 0.508 0.707 0.113
>> Best saved at epoch 8 (accuracy: 24.99%)
Epoch 9 | Acc(EMA): 16.44% | CE: 3.373 | SpikeReg: 1.876 | LR: 1.00e-03
  Fire rates (stem/layer1/layer2/layer3/layer4/out): 0.202 0.486 0.455 0.451 0.638 0.104
Epoch 10 | Acc(EMA): 11.43% | CE: 3.363 | SpikeReg: 1.780 | LR: 1.00e-03
  Fire rates (stem/layer1/layer2/layer3/layer4/out): 0.191 0.455 0.398 0.410 0.583 0.087
Epoch 11 | Acc(EMA): 21.90% | CE: 3.296 | SpikeReg: 1.715 | LR: 9.99e-04
  Fire rates (stem/layer1/layer2/layer3/layer4/out): 0.186 0.452 0.379 0.365 0.501 0.075
Epoch 12 | Acc(EMA): 27.64% | CE: 3.220 | SpikeReg: 1.662 | LR: 9.98e-04
  Fire rates (stem/layer1/layer2/layer3/layer4/out): 0.186 0.448 0.369 0.346 0.500 0.070
>> Best saved at epoch 12 (accuracy: 27.64%)
Epoch 13 | Acc(EMA): 30.95% | CE: 3.230 | SpikeReg: 1.617 | LR: 9.97e-04
  Fire rates (stem/layer1/layer2/layer3/layer4/out): 0.181 0.449 0.353 0.317 0.431 0.057
>> Best saved at epoch 13 (accuracy: 30.95%)
Epoch 14 | Acc(EMA): 32.84% | CE: 3.091 | SpikeReg: 1.595 | LR: 9.95e-04
  Fire rates (stem/layer1/layer2/layer3/layer4/out): 0.177 0.427 0.345 0.296 0.434 0.051
>> Best saved at epoch 14 (accuracy: 32.84%)
Epoch 15 | Acc(EMA): 35.66% | CE: 3.095 | SpikeReg: 1.560 | LR: 9.93e-04
  Fire rates (stem/layer1/layer2/layer3/layer4/out): 0.173 0.431 0.329 0.277 0.392 0.035
>> Best saved at epoch 15 (accuracy: 35.66%)
Epoch 16 | Acc(EMA): 26.22% | CE: 3.005 | SpikeReg: 1.521 | LR: 9.90e-04
  Fire rates (stem/layer1/layer2/layer3/layer4/out): 0.170 0.427 0.343 0.271 0.368 0.033
Epoch 17 | Acc(EMA): 29.90% | CE: 2.942 | SpikeReg: 1.502 | LR: 9.87e-04
  Fire rates (stem/layer1/layer2/layer3/layer4/out): 0.169 0.416 0.319 0.258 0.332 0.027
Epoch 18 | Acc(EMA): 40.45% | CE: 2.954 | SpikeReg: 1.482 | LR: 9.84e-04
  Fire rates (stem/layer1/layer2/layer3/layer4/out): 0.167 0.443 0.326 0.247 0.334 0.023
>> Best saved at epoch 18 (accuracy: 40.45%)
Epoch 19 | Acc(EMA): 43.28% | CE: 2.910 | SpikeReg: 1.465 | LR: 9.80e-04
  Fire rates (stem/layer1/layer2/layer3/layer4/out): 0.165 0.415 0.323 0.246 0.323 0.019
>> Best saved at epoch 19 (accuracy: 43.28%)
Epoch 20 | Acc(EMA): 37.79% | CE: 2.933 | SpikeReg: 1.445 | LR: 9.76e-04
  Fire rates (stem/layer1/layer2/layer3/layer4/out): 0.164 0.438 0.323 0.237 0.307 0.019
Epoch 21 | Acc(EMA): 43.42% | CE: 2.821 | SpikeReg: 1.444 | LR: 9.71e-04
  Fire rates (stem/layer1/layer2/layer3/layer4/out): 0.169 0.440 0.308 0.218 0.270 0.014
>> Best saved at epoch 21 (accuracy: 43.42%)
Epoch 22 | Acc(EMA): 50.74% | CE: 2.799 | SpikeReg: 1.415 | LR: 9.66e-04
  Fire rates (stem/layer1/layer2/layer3/layer4/out): 0.167 0.448 0.296 0.221 0.282 0.012
>> Best saved at epoch 22 (accuracy: 50.74%)
Epoch 23 | Acc(EMA): 44.61% | CE: 2.800 | SpikeReg: 1.392 | LR: 9.61e-04
  Fire rates (stem/layer1/layer2/layer3/layer4/out): 0.163 0.440 0.314 0.221 0.279 0.012
Epoch 24 | Acc(EMA): 48.60% | CE: 2.690 | SpikeReg: 1.385 | LR: 9.55e-04
  Fire rates (stem/layer1/layer2/layer3/layer4/out): 0.171 0.436 0.288 0.213 0.267 0.010
Epoch 25 | Acc(EMA): 56.20% | CE: 2.679 | SpikeReg: 1.376 | LR: 9.49e-04
  Fire rates (stem/layer1/layer2/layer3/layer4/out): 0.167 0.426 0.302 0.205 0.264 0.008
>> Best saved at epoch 25 (accuracy: 56.20%)
Epoch 26 | Acc(EMA): 55.74% | CE: 2.689 | SpikeReg: 1.376 | LR: 9.42e-04
  Fire rates (stem/layer1/layer2/layer3/layer4/out): 0.170 0.436 0.295 0.207 0.265 0.008
Epoch 27 | Acc(EMA): 53.98% | CE: 2.632 | SpikeReg: 1.367 | LR: 9.35e-04
  Fire rates (stem/layer1/layer2/layer3/layer4/out): 0.173 0.438 0.295 0.206 0.265 0.007
Epoch 28 | Acc(EMA): 59.20% | CE: 2.629 | SpikeReg: 1.357 | LR: 9.28e-04
  Fire rates (stem/layer1/layer2/layer3/layer4/out): 0.170 0.441 0.299 0.204 0.251 0.006
>> Best saved at epoch 28 (accuracy: 59.20%)
Epoch 29 | Acc(EMA): 57.10% | CE: 2.594 | SpikeReg: 1.352 | LR: 9.21e-04
  Fire rates (stem/layer1/layer2/layer3/layer4/out): 0.173 0.440 0.298 0.205 0.256 0.005
Epoch 30 | Acc(EMA): 62.11% | CE: 2.559 | SpikeReg: 1.341 | LR: 9.13e-04
  Fire rates (stem/layer1/layer2/layer3/layer4/out): 0.171 0.425 0.302 0.202 0.241 0.004
>> Best saved at epoch 30 (accuracy: 62.11%)
Epoch 31 | Acc(EMA): 64.64% | CE: 2.573 | SpikeReg: 1.333 | LR: 9.05e-04
  Fire rates (stem/layer1/layer2/layer3/layer4/out): 0.176 0.432 0.295 0.202 0.240 0.004
>> Best saved at epoch 31 (accuracy: 64.64%)
Epoch 32 | Acc(EMA): 62.90% | CE: 2.535 | SpikeReg: 1.324 | LR: 8.96e-04
  Fire rates (stem/layer1/layer2/layer3/layer4/out): 0.171 0.437 0.292 0.199 0.239 0.004
Epoch 33 | Acc(EMA): 65.63% | CE: 2.477 | SpikeReg: 1.324 | LR: 8.87e-04
  Fire rates (stem/layer1/layer2/layer3/layer4/out): 0.172 0.435 0.296 0.205 0.240 0.003
>> Best saved at epoch 33 (accuracy: 65.63%)
Epoch 34 | Acc(EMA): 66.80% | CE: 2.468 | SpikeReg: 1.326 | LR: 8.78e-04
  Fire rates (stem/layer1/layer2/layer3/layer4/out): 0.178 0.436 0.303 0.200 0.228 0.003
>> Best saved at epoch 34 (accuracy: 66.80%)
Epoch 35 | Acc(EMA): 67.07% | CE: 2.469 | SpikeReg: 1.315 | LR: 8.68e-04
  Fire rates (stem/layer1/layer2/layer3/layer4/out): 0.178 0.449 0.294 0.203 0.238 0.003
>> Best saved at epoch 35 (accuracy: 67.07%)
Epoch 36 | Acc(EMA): 67.52% | CE: 2.461 | SpikeReg: 1.309 | LR: 8.59e-04
  Fire rates (stem/layer1/layer2/layer3/layer4/out): 0.172 0.430 0.295 0.200 0.227 0.002
>> Best saved at epoch 36 (accuracy: 67.52%)
Epoch 37 | Acc(EMA): 66.62% | CE: 2.441 | SpikeReg: 1.311 | LR: 8.48e-04
  Fire rates (stem/layer1/layer2/layer3/layer4/out): 0.178 0.447 0.293 0.194 0.219 0.002
Epoch 38 | Acc(EMA): 68.70% | CE: 2.423 | SpikeReg: 1.308 | LR: 8.38e-04
  Fire rates (stem/layer1/layer2/layer3/layer4/out): 0.178 0.452 0.295 0.199 0.217 0.002
>> Best saved at epoch 38 (accuracy: 68.70%)
Epoch 39 | Acc(EMA): 66.45% | CE: 2.417 | SpikeReg: 1.308 | LR: 8.27e-04
  Fire rates (stem/layer1/layer2/layer3/layer4/out): 0.174 0.438 0.291 0.203 0.213 0.001
Epoch 40 | Acc(EMA): 65.79% | CE: 2.389 | SpikeReg: 1.299 | LR: 8.17e-04
  Fire rates (stem/layer1/layer2/layer3/layer4/out): 0.174 0.433 0.290 0.199 0.209 0.001
Epoch 41 | Acc(EMA): 68.60% | CE: 2.385 | SpikeReg: 1.297 | LR: 8.05e-04
  Fire rates (stem/layer1/layer2/layer3/layer4/out): 0.174 0.430 0.298 0.206 0.217 0.001
Epoch 42 | Acc(EMA): 68.07% | CE: 2.354 | SpikeReg: 1.298 | LR: 7.94e-04
  Fire rates (stem/layer1/layer2/layer3/layer4/out): 0.176 0.443 0.296 0.202 0.207 0.001
Epoch 43 | Acc(EMA): 68.65% | CE: 2.300 | SpikeReg: 1.299 | LR: 7.82e-04
  Fire rates (stem/layer1/layer2/layer3/layer4/out): 0.178 0.431 0.300 0.207 0.208 0.000
Epoch 44 | Acc(EMA): 69.18% | CE: 2.297 | SpikeReg: 1.294 | LR: 7.70e-04
  Fire rates (stem/layer1/layer2/layer3/layer4/out): 0.178 0.450 0.296 0.206 0.202 0.000
>> Best saved at epoch 44 (accuracy: 69.18%)
Epoch 45 | Acc(EMA): 70.44% | CE: 2.329 | SpikeReg: 1.295 | LR: 7.58e-04
  Fire rates (stem/layer1/layer2/layer3/layer4/out): 0.176 0.448 0.296 0.201 0.201 0.000
>> Best saved at epoch 45 (accuracy: 70.44%)
Epoch 46 | Acc(EMA): 69.91% | CE: 2.362 | SpikeReg: 1.292 | LR: 7.46e-04
  Fire rates (stem/layer1/layer2/layer3/layer4/out): 0.178 0.437 0.287 0.200 0.197 0.000
Epoch 47 | Acc(EMA): 70.20% | CE: 2.277 | SpikeReg: 1.288 | LR: 7.33e-04
  Fire rates (stem/layer1/layer2/layer3/layer4/out): 0.183 0.448 0.293 0.206 0.202 0.000
Epoch 48 | Acc(EMA): 70.77% | CE: 2.237 | SpikeReg: 1.281 | LR: 7.21e-04
  Fire rates (stem/layer1/layer2/layer3/layer4/out): 0.180 0.449 0.288 0.210 0.193 0.000
>> Best saved at epoch 48 (accuracy: 70.77%)
Epoch 49 | Acc(EMA): 69.35% | CE: 2.229 | SpikeReg: 1.289 | LR: 7.08e-04
  Fire rates (stem/layer1/layer2/layer3/layer4/out): 0.179 0.433 0.302 0.201 0.194 0.000
Epoch 50 | Acc(EMA): 70.98% | CE: 2.262 | SpikeReg: 1.285 | LR: 6.95e-04
  Fire rates (stem/layer1/layer2/layer3/layer4/out): 0.179 0.443 0.301 0.205 0.198 0.000
>> Best saved at epoch 50 (accuracy: 70.98%)
Epoch 51 | Acc(EMA): 69.74% | CE: 2.182 | SpikeReg: 1.297 | LR: 6.81e-04
  Fire rates (stem/layer1/layer2/layer3/layer4/out): 0.180 0.441 0.298 0.206 0.188 0.000
Epoch 52 | Acc(EMA): 70.59% | CE: 2.195 | SpikeReg: 1.292 | LR: 6.68e-04
  Fire rates (stem/layer1/layer2/layer3/layer4/out): 0.178 0.441 0.297 0.206 0.188 0.000
Epoch 53 | Acc(EMA): 72.14% | CE: 2.188 | SpikeReg: 1.287 | LR: 6.55e-04
  Fire rates (stem/layer1/layer2/layer3/layer4/out): 0.177 0.432 0.294 0.204 0.193 0.000
>> Best saved at epoch 53 (accuracy: 72.14%)
Epoch 54 | Acc(EMA): 70.66% | CE: 2.161 | SpikeReg: 1.286 | LR: 6.41e-04
  Fire rates (stem/layer1/layer2/layer3/layer4/out): 0.184 0.445 0.296 0.206 0.192 0.000
Epoch 55 | Acc(EMA): 71.56% | CE: 2.172 | SpikeReg: 1.291 | LR: 6.27e-04
  Fire rates (stem/layer1/layer2/layer3/layer4/out): 0.179 0.437 0.300 0.206 0.191 0.000
Epoch 56 | Acc(EMA): 71.96% | CE: 2.259 | SpikeReg: 1.295 | LR: 6.13e-04
  Fire rates (stem/layer1/layer2/layer3/layer4/out): 0.178 0.438 0.301 0.209 0.195 0.000
Epoch 57 | Acc(EMA): 71.26% | CE: 2.239 | SpikeReg: 1.293 | LR: 5.99e-04
  Fire rates (stem/layer1/layer2/layer3/layer4/out): 0.180 0.449 0.301 0.206 0.186 0.000
Epoch 58 | Acc(EMA): 72.03% | CE: 2.161 | SpikeReg: 1.294 | LR: 5.85e-04
  Fire rates (stem/layer1/layer2/layer3/layer4/out): 0.179 0.446 0.297 0.202 0.188 0.000
Epoch 59 | Acc(EMA): 72.12% | CE: 2.140 | SpikeReg: 1.290 | LR: 5.71e-04
  Fire rates (stem/layer1/layer2/layer3/layer4/out): 0.184 0.449 0.299 0.208 0.191 0.000
Epoch 60 | Acc(EMA): 72.54% | CE: 2.051 | SpikeReg: 1.284 | LR: 5.57e-04
  Fire rates (stem/layer1/layer2/layer3/layer4/out): 0.180 0.442 0.297 0.211 0.186 0.000
>> Best saved at epoch 60 (accuracy: 72.54%)
Epoch 61 | Acc(EMA): 73.40% | CE: 2.062 | SpikeReg: 1.288 | LR: 5.43e-04
  Fire rates (stem/layer1/layer2/layer3/layer4/out): 0.183 0.436 0.296 0.210 0.190 0.000
>> Best saved at epoch 61 (accuracy: 73.40%)
Epoch 62 | Acc(EMA): 73.74% | CE: 2.117 | SpikeReg: 1.283 | LR: 5.29e-04
  Fire rates (stem/layer1/layer2/layer3/layer4/out): 0.181 0.443 0.303 0.208 0.191 0.000
>> Best saved at epoch 62 (accuracy: 73.74%)
Epoch 63 | Acc(EMA): 72.84% | CE: 2.049 | SpikeReg: 1.288 | LR: 5.14e-04
  Fire rates (stem/layer1/layer2/layer3/layer4/out): 0.179 0.442 0.297 0.207 0.184 0.000
Epoch 64 | Acc(EMA): 73.66% | CE: 2.017 | SpikeReg: 1.288 | LR: 5.00e-04
  Fire rates (stem/layer1/layer2/layer3/layer4/out): 0.183 0.449 0.304 0.206 0.190 0.000
Epoch 65 | Acc(EMA): 73.75% | CE: 2.039 | SpikeReg: 1.286 | LR: 4.86e-04
  Fire rates (stem/layer1/layer2/layer3/layer4/out): 0.179 0.436 0.305 0.208 0.191 0.000
>> Best saved at epoch 65 (accuracy: 73.75%)
Epoch 66 | Acc(EMA): 73.89% | CE: 2.052 | SpikeReg: 1.288 | LR: 4.71e-04
  Fire rates (stem/layer1/layer2/layer3/layer4/out): 0.179 0.437 0.303 0.208 0.190 0.000
>> Best saved at epoch 66 (accuracy: 73.89%)
Epoch 67 | Acc(EMA): 73.89% | CE: 2.124 | SpikeReg: 1.281 | LR: 4.57e-04
  Fire rates (stem/layer1/layer2/layer3/layer4/out): 0.181 0.447 0.302 0.210 0.189 0.000
Epoch 68 | Acc(EMA): 74.30% | CE: 2.002 | SpikeReg: 1.284 | LR: 4.43e-04
  Fire rates (stem/layer1/layer2/layer3/layer4/out): 0.177 0.441 0.300 0.212 0.189 0.000
>> Best saved at epoch 68 (accuracy: 74.30%)
Epoch 69 | Acc(EMA): 73.62% | CE: 2.085 | SpikeReg: 1.281 | LR: 4.29e-04
  Fire rates (stem/layer1/layer2/layer3/layer4/out): 0.180 0.451 0.303 0.215 0.186 0.000
Epoch 70 | Acc(EMA): 73.74% | CE: 2.127 | SpikeReg: 1.280 | LR: 4.15e-04
  Fire rates (stem/layer1/layer2/layer3/layer4/out): 0.180 0.441 0.304 0.211 0.190 0.000
Epoch 71 | Acc(EMA): 74.07% | CE: 1.982 | SpikeReg: 1.284 | LR: 4.01e-04
  Fire rates (stem/layer1/layer2/layer3/layer4/out): 0.182 0.444 0.301 0.210 0.189 0.000
Epoch 72 | Acc(EMA): 73.79% | CE: 1.986 | SpikeReg: 1.282 | LR: 3.87e-04
  Fire rates (stem/layer1/layer2/layer3/layer4/out): 0.182 0.449 0.300 0.210 0.189 0.000
Epoch 73 | Acc(EMA): 74.82% | CE: 2.051 | SpikeReg: 1.281 | LR: 3.73e-04
  Fire rates (stem/layer1/layer2/layer3/layer4/out): 0.183 0.452 0.298 0.212 0.185 0.000
>> Best saved at epoch 73 (accuracy: 74.82%)
Epoch 74 | Acc(EMA): 74.60% | CE: 1.975 | SpikeReg: 1.279 | LR: 3.59e-04
  Fire rates (stem/layer1/layer2/layer3/layer4/out): 0.186 0.450 0.298 0.213 0.185 0.000
Epoch 75 | Acc(EMA): 74.59% | CE: 1.994 | SpikeReg: 1.280 | LR: 3.45e-04
  Fire rates (stem/layer1/layer2/layer3/layer4/out): 0.182 0.449 0.307 0.214 0.191 0.000
Epoch 76 | Acc(EMA): 74.59% | CE: 1.963 | SpikeReg: 1.279 | LR: 3.32e-04
  Fire rates (stem/layer1/layer2/layer3/layer4/out): 0.181 0.450 0.299 0.215 0.186 0.000
Epoch 77 | Acc(EMA): 74.56% | CE: 2.049 | SpikeReg: 1.282 | LR: 3.19e-04
  Fire rates (stem/layer1/layer2/layer3/layer4/out): 0.184 0.454 0.301 0.213 0.189 0.000
Epoch 78 | Acc(EMA): 74.70% | CE: 2.042 | SpikeReg: 1.285 | LR: 3.05e-04
  Fire rates (stem/layer1/layer2/layer3/layer4/out): 0.185 0.448 0.297 0.215 0.192 0.000
Epoch 79 | Acc(EMA): 75.01% | CE: 1.975 | SpikeReg: 1.283 | LR: 2.92e-04
  Fire rates (stem/layer1/layer2/layer3/layer4/out): 0.186 0.449 0.298 0.214 0.189 0.000
>> Best saved at epoch 79 (accuracy: 75.01%)
Epoch 80 | Acc(EMA): 74.65% | CE: 1.943 | SpikeReg: 1.287 | LR: 2.79e-04
  Fire rates (stem/layer1/layer2/layer3/layer4/out): 0.186 0.455 0.304 0.217 0.190 0.000
Epoch 81 | Acc(EMA): 75.33% | CE: 1.921 | SpikeReg: 1.287 | LR: 2.67e-04
  Fire rates (stem/layer1/layer2/layer3/layer4/out): 0.184 0.451 0.301 0.214 0.186 0.000
>> Best saved at epoch 81 (accuracy: 75.33%)
Epoch 82 | Acc(EMA): 74.74% | CE: 1.963 | SpikeReg: 1.290 | LR: 2.54e-04
  Fire rates (stem/layer1/layer2/layer3/layer4/out): 0.188 0.450 0.302 0.218 0.183 0.000
Epoch 83 | Acc(EMA): 74.75% | CE: 2.005 | SpikeReg: 1.290 | LR: 2.42e-04
  Fire rates (stem/layer1/layer2/layer3/layer4/out): 0.182 0.445 0.303 0.220 0.189 0.000
Epoch 84 | Acc(EMA): 74.59% | CE: 1.972 | SpikeReg: 1.292 | LR: 2.30e-04
  Fire rates (stem/layer1/layer2/layer3/layer4/out): 0.184 0.445 0.301 0.221 0.188 0.000
Epoch 85 | Acc(EMA): 75.54% | CE: 1.978 | SpikeReg: 1.293 | LR: 2.18e-04
  Fire rates (stem/layer1/layer2/layer3/layer4/out): 0.184 0.449 0.300 0.222 0.193 0.000
>> Best saved at epoch 85 (accuracy: 75.54%)
Epoch 86 | Acc(EMA): 75.07% | CE: 1.927 | SpikeReg: 1.291 | LR: 2.06e-04
  Fire rates (stem/layer1/layer2/layer3/layer4/out): 0.186 0.446 0.302 0.220 0.190 0.000
Epoch 87 | Acc(EMA): 75.15% | CE: 1.981 | SpikeReg: 1.291 | LR: 1.95e-04
  Fire rates (stem/layer1/layer2/layer3/layer4/out): 0.186 0.451 0.302 0.218 0.191 0.000
Epoch 88 | Acc(EMA): 75.40% | CE: 1.930 | SpikeReg: 1.291 | LR: 1.83e-04
  Fire rates (stem/layer1/layer2/layer3/layer4/out): 0.184 0.451 0.303 0.220 0.192 0.000
Epoch 89 | Acc(EMA): 75.28% | CE: 1.966 | SpikeReg: 1.292 | LR: 1.73e-04
  Fire rates (stem/layer1/layer2/layer3/layer4/out): 0.182 0.449 0.309 0.223 0.191 0.000
Epoch 90 | Acc(EMA): 75.81% | CE: 1.896 | SpikeReg: 1.295 | LR: 1.62e-04
  Fire rates (stem/layer1/layer2/layer3/layer4/out): 0.182 0.442 0.304 0.220 0.191 0.000
>> Best saved at epoch 90 (accuracy: 75.81%)
Epoch 91 | Acc(EMA): 75.52% | CE: 1.932 | SpikeReg: 1.292 | LR: 1.52e-04
  Fire rates (stem/layer1/layer2/layer3/layer4/out): 0.187 0.453 0.309 0.220 0.188 0.000
Epoch 92 | Acc(EMA): 75.61% | CE: 1.863 | SpikeReg: 1.292 | LR: 1.41e-04
  Fire rates (stem/layer1/layer2/layer3/layer4/out): 0.182 0.444 0.310 0.222 0.189 0.000
Epoch 93 | Acc(EMA): 75.67% | CE: 1.946 | SpikeReg: 1.295 | LR: 1.32e-04
  Fire rates (stem/layer1/layer2/layer3/layer4/out): 0.185 0.450 0.309 0.218 0.192 0.000
Epoch 94 | Acc(EMA): 75.69% | CE: 1.942 | SpikeReg: 1.297 | LR: 1.22e-04
  Fire rates (stem/layer1/layer2/layer3/layer4/out): 0.184 0.447 0.309 0.221 0.192 0.000
Epoch 95 | Acc(EMA): 75.70% | CE: 1.953 | SpikeReg: 1.296 | LR: 1.13e-04
  Fire rates (stem/layer1/layer2/layer3/layer4/out): 0.186 0.451 0.309 0.221 0.193 0.000
Epoch 96 | Acc(EMA): 75.71% | CE: 1.890 | SpikeReg: 1.296 | LR: 1.04e-04
  Fire rates (stem/layer1/layer2/layer3/layer4/out): 0.184 0.450 0.307 0.221 0.191 0.000
Epoch 97 | Acc(EMA): 75.51% | CE: 1.796 | SpikeReg: 1.296 | LR: 9.55e-05
  Fire rates (stem/layer1/layer2/layer3/layer4/out): 0.185 0.450 0.308 0.222 0.192 0.000
Epoch 98 | Acc(EMA): 75.91% | CE: 1.934 | SpikeReg: 1.298 | LR: 8.73e-05
  Fire rates (stem/layer1/layer2/layer3/layer4/out): 0.187 0.452 0.307 0.222 0.184 0.000
>> Best saved at epoch 98 (accuracy: 75.91%)
Epoch 99 | Acc(EMA): 76.14% | CE: 1.763 | SpikeReg: 1.297 | LR: 7.94e-05
  Fire rates (stem/layer1/layer2/layer3/layer4/out): 0.185 0.445 0.308 0.222 0.194 0.000
>> Best saved at epoch 99 (accuracy: 76.14%)
Epoch 100 | Acc(EMA): 75.87% | CE: 1.838 | SpikeReg: 1.296 | LR: 7.18e-05
  Fire rates (stem/layer1/layer2/layer3/layer4/out): 0.183 0.447 0.307 0.225 0.189 0.000
Epoch 101 | Acc(EMA): 75.50% | CE: 1.917 | SpikeReg: 1.298 | LR: 6.46e-05
  Fire rates (stem/layer1/layer2/layer3/layer4/out): 0.184 0.450 0.308 0.225 0.187 0.000
Epoch 102 | Acc(EMA): 75.77% | CE: 1.888 | SpikeReg: 1.297 | LR: 5.78e-05
  Fire rates (stem/layer1/layer2/layer3/layer4/out): 0.188 0.455 0.306 0.224 0.188 0.000
Epoch 103 | Acc(EMA): 75.93% | CE: 1.893 | SpikeReg: 1.297 | LR: 5.13e-05
  Fire rates (stem/layer1/layer2/layer3/layer4/out): 0.184 0.448 0.308 0.227 0.191 0.000
Epoch 104 | Acc(EMA): 75.97% | CE: 1.855 | SpikeReg: 1.298 | LR: 4.52e-05
  Fire rates (stem/layer1/layer2/layer3/layer4/out): 0.184 0.448 0.307 0.225 0.193 0.000
Epoch 105 | Acc(EMA): 75.88% | CE: 1.854 | SpikeReg: 1.296 | LR: 3.94e-05
  Fire rates (stem/layer1/layer2/layer3/layer4/out): 0.181 0.445 0.309 0.226 0.193 0.000
Epoch 106 | Acc(EMA): 75.62% | CE: 1.879 | SpikeReg: 1.297 | LR: 3.41e-05
  Fire rates (stem/layer1/layer2/layer3/layer4/out): 0.183 0.448 0.309 0.226 0.189 0.000
Epoch 107 | Acc(EMA): 76.02% | CE: 1.867 | SpikeReg: 1.298 | LR: 2.91e-05
  Fire rates (stem/layer1/layer2/layer3/layer4/out): 0.182 0.446 0.308 0.226 0.193 0.000
Epoch 108 | Acc(EMA): 75.80% | CE: 1.882 | SpikeReg: 1.299 | LR: 2.45e-05
  Fire rates (stem/layer1/layer2/layer3/layer4/out): 0.183 0.449 0.308 0.226 0.193 0.000
Epoch 109 | Acc(EMA): 76.06% | CE: 1.835 | SpikeReg: 1.299 | LR: 2.03e-05
  Fire rates (stem/layer1/layer2/layer3/layer4/out): 0.183 0.449 0.307 0.226 0.192 0.000
Epoch 110 | Acc(EMA): 76.07% | CE: 1.899 | SpikeReg: 1.300 | LR: 1.64e-05
  Fire rates (stem/layer1/layer2/layer3/layer4/out): 0.185 0.452 0.308 0.226 0.191 0.000
Epoch 111 | Acc(EMA): 76.09% | CE: 1.826 | SpikeReg: 1.300 | LR: 1.30e-05
  Fire rates (stem/layer1/layer2/layer3/layer4/out): 0.183 0.450 0.309 0.226 0.193 0.000
Epoch 112 | Acc(EMA): 76.23% | CE: 1.801 | SpikeReg: 1.300 | LR: 9.96e-06
  Fire rates (stem/layer1/layer2/layer3/layer4/out): 0.183 0.448 0.308 0.226 0.192 0.000
>> Best saved at epoch 112 (accuracy: 76.23%)
Epoch 113 | Acc(EMA): 76.09% | CE: 1.831 | SpikeReg: 1.300 | LR: 7.32e-06
  Fire rates (stem/layer1/layer2/layer3/layer4/out): 0.184 0.449 0.309 0.227 0.191 0.000
Epoch 114 | Acc(EMA): 76.11% | CE: 1.815 | SpikeReg: 1.300 | LR: 5.09e-06
  Fire rates (stem/layer1/layer2/layer3/layer4/out): 0.184 0.449 0.308 0.225 0.194 0.000
Epoch 115 | Acc(EMA): 75.98% | CE: 1.925 | SpikeReg: 1.301 | LR: 3.26e-06
  Fire rates (stem/layer1/layer2/layer3/layer4/out): 0.190 0.459 0.308 0.226 0.190 0.000
Epoch 116 | Acc(EMA): 75.91% | CE: 1.848 | SpikeReg: 1.301 | LR: 1.83e-06
  Fire rates (stem/layer1/layer2/layer3/layer4/out): 0.187 0.455 0.308 0.226 0.192 0.000
Epoch 117 | Acc(EMA): 76.18% | CE: 1.867 | SpikeReg: 1.300 | LR: 8.15e-07
  Fire rates (stem/layer1/layer2/layer3/layer4/out): 0.184 0.449 0.309 0.226 0.192 0.000
Epoch 118 | Acc(EMA): 75.93% | CE: 1.875 | SpikeReg: 1.301 | LR: 2.04e-07
  Fire rates (stem/layer1/layer2/layer3/layer4/out): 0.186 0.454 0.309 0.226 0.189 0.000
Epoch 119 | Acc(EMA): 75.94% | CE: 1.856 | SpikeReg: 1.301 | LR: 0.00e+00
  Fire rates (stem/layer1/layer2/layer3/layer4/out): 0.187 0.454 0.309 0.227 0.190 0.000
