=== Experiment C: T=8 + channel attention ===
Log: /workspace/SNN/logs/cifar100_p2_C.log
num_steps=8 batch_size=128 epochs=30
attention: channel=True spatial=False temporal=False
/workspace/SNN/venv/lib/python3.12/site-packages/torchvision/datasets/cifar.py:83: VisibleDeprecationWarning: dtype(): align should be passed as Python or NumPy boolean but got `align=0`. Did you mean to pass a tuple to create a subarray type? (Deprecated NumPy 2.4)
  entry = pickle.load(f, encoding="latin1")
Training set size: 50000
Test set size: 10000
Train augmentation: RandomCrop(32, pad=4) + HorizontalFlip
Training on 100 classes
Experiment: cifar100_p2_C | Seed: 42
Trainable params: 1,458,526
No checkpoint found, starting fresh.
Epoch 0 | Acc: 20.10% | CE: 3.957 | SpikeReg: 0.645 | LR: 9.97e-04
  Fire rates (lif1/lif2/lif3/lif4/out): 0.105 0.182 0.189 0.029 0.014
>> Best saved at epoch 0 (accuracy: 20.10%)
Epoch 1 | Acc: 31.47% | CE: 3.377 | SpikeReg: 0.506 | LR: 9.89e-04
  Fire rates (lif1/lif2/lif3/lif4/out): 0.077 0.168 0.157 0.026 0.042
>> Best saved at epoch 1 (accuracy: 31.47%)
Epoch 2 | Acc: 34.90% | CE: 3.068 | SpikeReg: 0.467 | LR: 9.76e-04
  Fire rates (lif1/lif2/lif3/lif4/out): 0.066 0.149 0.143 0.018 0.088
>> Best saved at epoch 2 (accuracy: 34.90%)
Epoch 3 | Acc: 39.16% | CE: 2.885 | SpikeReg: 0.453 | LR: 9.57e-04
  Fire rates (lif1/lif2/lif3/lif4/out): 0.058 0.140 0.119 0.014 0.095
>> Best saved at epoch 3 (accuracy: 39.16%)
Epoch 4 | Acc: 42.37% | CE: 2.762 | SpikeReg: 0.410 | LR: 9.33e-04
  Fire rates (lif1/lif2/lif3/lif4/out): 0.052 0.133 0.102 0.013 0.079
>> Best saved at epoch 4 (accuracy: 42.37%)
Epoch 5 | Acc: 44.64% | CE: 2.670 | SpikeReg: 0.377 | LR: 9.05e-04
  Fire rates (lif1/lif2/lif3/lif4/out): 0.047 0.126 0.099 0.012 0.080
>> Best saved at epoch 5 (accuracy: 44.64%)
Epoch 6 | Acc: 45.31% | CE: 2.591 | SpikeReg: 0.346 | LR: 8.72e-04
  Fire rates (lif1/lif2/lif3/lif4/out): 0.042 0.119 0.084 0.012 0.072
>> Best saved at epoch 6 (accuracy: 45.31%)
Epoch 7 | Acc: 46.21% | CE: 2.521 | SpikeReg: 0.320 | LR: 8.35e-04
  Fire rates (lif1/lif2/lif3/lif4/out): 0.037 0.113 0.075 0.011 0.069
>> Best saved at epoch 7 (accuracy: 46.21%)
Epoch 8 | Acc: 48.57% | CE: 2.461 | SpikeReg: 0.304 | LR: 7.94e-04
  Fire rates (lif1/lif2/lif3/lif4/out): 0.035 0.108 0.065 0.011 0.071
>> Best saved at epoch 8 (accuracy: 48.57%)
Epoch 9 | Acc: 49.54% | CE: 2.407 | SpikeReg: 0.290 | LR: 7.50e-04
  Fire rates (lif1/lif2/lif3/lif4/out): 0.032 0.109 0.060 0.012 0.065
>> Best saved at epoch 9 (accuracy: 49.54%)
Epoch 10 | Acc: 49.95% | CE: 2.367 | SpikeReg: 0.284 | LR: 7.03e-04
  Fire rates (lif1/lif2/lif3/lif4/out): 0.030 0.106 0.054 0.012 0.070
>> Best saved at epoch 10 (accuracy: 49.95%)
Epoch 11 | Acc: 51.17% | CE: 2.318 | SpikeReg: 0.276 | LR: 6.55e-04
  Fire rates (lif1/lif2/lif3/lif4/out): 0.029 0.098 0.052 0.011 0.075
>> Best saved at epoch 11 (accuracy: 51.17%)
Epoch 12 | Acc: 51.99% | CE: 2.278 | SpikeReg: 0.269 | LR: 6.04e-04
  Fire rates (lif1/lif2/lif3/lif4/out): 0.028 0.095 0.048 0.011 0.076
>> Best saved at epoch 12 (accuracy: 51.99%)
Epoch 13 | Acc: 51.91% | CE: 2.232 | SpikeReg: 0.267 | LR: 5.52e-04
  Fire rates (lif1/lif2/lif3/lif4/out): 0.027 0.096 0.046 0.011 0.075
Epoch 14 | Acc: 53.80% | CE: 2.201 | SpikeReg: 0.259 | LR: 5.00e-04
  Fire rates (lif1/lif2/lif3/lif4/out): 0.025 0.093 0.041 0.012 0.072
>> Best saved at epoch 14 (accuracy: 53.80%)
Epoch 15 | Acc: 53.27% | CE: 2.157 | SpikeReg: 0.256 | LR: 4.48e-04
  Fire rates (lif1/lif2/lif3/lif4/out): 0.025 0.093 0.041 0.012 0.075
Epoch 16 | Acc: 54.18% | CE: 2.126 | SpikeReg: 0.257 | LR: 3.96e-04
  Fire rates (lif1/lif2/lif3/lif4/out): 0.024 0.094 0.039 0.012 0.077
>> Best saved at epoch 16 (accuracy: 54.18%)
Epoch 17 | Acc: 55.13% | CE: 2.094 | SpikeReg: 0.257 | LR: 3.45e-04
  Fire rates (lif1/lif2/lif3/lif4/out): 0.023 0.094 0.037 0.012 0.079
>> Best saved at epoch 17 (accuracy: 55.13%)
Epoch 18 | Acc: 55.34% | CE: 2.068 | SpikeReg: 0.259 | LR: 2.97e-04
  Fire rates (lif1/lif2/lif3/lif4/out): 0.023 0.093 0.035 0.013 0.076
>> Best saved at epoch 18 (accuracy: 55.34%)
Epoch 19 | Acc: 56.39% | CE: 2.037 | SpikeReg: 0.253 | LR: 2.50e-04
  Fire rates (lif1/lif2/lif3/lif4/out): 0.023 0.092 0.036 0.013 0.077
>> Best saved at epoch 19 (accuracy: 56.39%)
Epoch 20 | Acc: 56.31% | CE: 2.012 | SpikeReg: 0.253 | LR: 2.06e-04
  Fire rates (lif1/lif2/lif3/lif4/out): 0.023 0.090 0.035 0.013 0.075
Epoch 21 | Acc: 56.82% | CE: 1.986 | SpikeReg: 0.252 | LR: 1.65e-04
  Fire rates (lif1/lif2/lif3/lif4/out): 0.022 0.090 0.036 0.013 0.072
>> Best saved at epoch 21 (accuracy: 56.82%)
Epoch 22 | Acc: 57.04% | CE: 1.965 | SpikeReg: 0.250 | LR: 1.28e-04
  Fire rates (lif1/lif2/lif3/lif4/out): 0.022 0.090 0.035 0.013 0.074
>> Best saved at epoch 22 (accuracy: 57.04%)
Epoch 23 | Acc: 57.16% | CE: 1.949 | SpikeReg: 0.249 | LR: 9.55e-05
  Fire rates (lif1/lif2/lif3/lif4/out): 0.022 0.088 0.034 0.013 0.073
>> Best saved at epoch 23 (accuracy: 57.16%)
Epoch 24 | Acc: 57.22% | CE: 1.932 | SpikeReg: 0.248 | LR: 6.70e-05
  Fire rates (lif1/lif2/lif3/lif4/out): 0.022 0.088 0.034 0.013 0.074
>> Best saved at epoch 24 (accuracy: 57.22%)
Epoch 25 | Acc: 57.23% | CE: 1.919 | SpikeReg: 0.248 | LR: 4.32e-05
  Fire rates (lif1/lif2/lif3/lif4/out): 0.022 0.088 0.034 0.013 0.074
>> Best saved at epoch 25 (accuracy: 57.23%)
Epoch 26 | Acc: 57.48% | CE: 1.905 | SpikeReg: 0.248 | LR: 2.45e-05
  Fire rates (lif1/lif2/lif3/lif4/out): 0.022 0.089 0.034 0.013 0.074
>> Best saved at epoch 26 (accuracy: 57.48%)
Epoch 27 | Acc: 57.51% | CE: 1.894 | SpikeReg: 0.247 | LR: 1.09e-05
  Fire rates (lif1/lif2/lif3/lif4/out): 0.022 0.089 0.034 0.013 0.075
>> Best saved at epoch 27 (accuracy: 57.51%)
Epoch 28 | Acc: 57.44% | CE: 1.898 | SpikeReg: 0.247 | LR: 2.74e-06
  Fire rates (lif1/lif2/lif3/lif4/out): 0.022 0.089 0.034 0.013 0.074
Epoch 29 | Acc: 57.77% | CE: 1.888 | SpikeReg: 0.247 | LR: 0.00e+00
  Fire rates (lif1/lif2/lif3/lif4/out): 0.022 0.088 0.034 0.013 0.074
>> Best saved at epoch 29 (accuracy: 57.77%)
