=== Experiment V3_imagenet: V3 ImageNet backbone + V2 head/FPN warm-start ===
Log: /workspace/SNN/logs/cifar100_spikedetect_V3_imagenet.log
dataset=coco batch=20 img=416 epochs=20 warmup=2 amp=True
backbone_source=imagenet_ann  warm_start=cifar100_detect_V2_coco_best.pth scope=head_fpn  aug=basic
USE_KD=False  USE_SPIKING_HEAD=False
loading annotations into memory...
Done (t=12.59s)
creating index...
index created!
loading annotations into memory...
Done (t=0.55s)
creating index...
index created!
Train batches: 5914  Val batches: 250
num_classes=81 (incl. background)
[SEWBackboneForDetection:imagenet_ann] loaded 660 keys, skipped 0, still-missing 240
Warm-started from cifar100_detect_V2_coco_best.pth (scope=head_fpn): loaded 36 keys, skipped 0
Total params: 20,322,535  Trainable: 20,170,975
Backbone trainable: 11,092,192
Head/FPN trainable: 9,078,783
Resumed from epoch 4 (mAP: 0.197)
  iter 0/5914  loss=0.8745  (cls 0.4446 bbox 0.4299)  0.06 it/s  gpu_mem=21878 MB
  iter 100/5914  loss=0.9662  (cls 0.5024 bbox 0.4638)  1.13 it/s  gpu_mem=22109 MB
  iter 200/5914  loss=0.9768  (cls 0.4887 bbox 0.4880)  1.24 it/s  gpu_mem=22112 MB
  iter 300/5914  loss=0.9638  (cls 0.4604 bbox 0.5034)  1.28 it/s  gpu_mem=22112 MB
  iter 400/5914  loss=1.0708  (cls 0.5323 bbox 0.5385)  1.30 it/s  gpu_mem=22112 MB
  iter 500/5914  loss=1.0322  (cls 0.4179 bbox 0.6143)  1.31 it/s  gpu_mem=22112 MB
  iter 600/5914  loss=1.0419  (cls 0.4380 bbox 0.6039)  1.32 it/s  gpu_mem=22112 MB
  iter 700/5914  loss=1.0075  (cls 0.4838 bbox 0.5237)  1.33 it/s  gpu_mem=22112 MB
  iter 800/5914  loss=1.0459  (cls 0.5256 bbox 0.5203)  1.33 it/s  gpu_mem=22112 MB
  iter 900/5914  loss=0.9094  (cls 0.4614 bbox 0.4480)  1.34 it/s  gpu_mem=22112 MB
  iter 1000/5914  loss=0.9456  (cls 0.4641 bbox 0.4816)  1.34 it/s  gpu_mem=22112 MB
  iter 1100/5914  loss=0.9043  (cls 0.4079 bbox 0.4963)  1.34 it/s  gpu_mem=22112 MB
  iter 1200/5914  loss=0.9075  (cls 0.4015 bbox 0.5060)  1.34 it/s  gpu_mem=22112 MB
  iter 1300/5914  loss=0.8448  (cls 0.4169 bbox 0.4279)  1.35 it/s  gpu_mem=22112 MB
  iter 1400/5914  loss=1.1447  (cls 0.5300 bbox 0.6147)  1.35 it/s  gpu_mem=22112 MB
  iter 1500/5914  loss=1.2108  (cls 0.5134 bbox 0.6973)  1.35 it/s  gpu_mem=22112 MB
  iter 1600/5914  loss=0.7961  (cls 0.3993 bbox 0.3968)  1.35 it/s  gpu_mem=22112 MB
  iter 1700/5914  loss=1.0210  (cls 0.4232 bbox 0.5977)  1.35 it/s  gpu_mem=22112 MB
  iter 1800/5914  loss=0.9448  (cls 0.4212 bbox 0.5236)  1.35 it/s  gpu_mem=22112 MB
  iter 1900/5914  loss=0.7040  (cls 0.3293 bbox 0.3747)  1.35 it/s  gpu_mem=22112 MB
  iter 2000/5914  loss=0.9079  (cls 0.4810 bbox 0.4269)  1.36 it/s  gpu_mem=22112 MB
  iter 2100/5914  loss=0.8600  (cls 0.4701 bbox 0.3899)  1.35 it/s  gpu_mem=22112 MB
  iter 2200/5914  loss=1.0317  (cls 0.5086 bbox 0.5231)  1.35 it/s  gpu_mem=22112 MB
  iter 2300/5914  loss=0.8967  (cls 0.4345 bbox 0.4622)  1.36 it/s  gpu_mem=22112 MB
  iter 2400/5914  loss=1.0409  (cls 0.4544 bbox 0.5866)  1.36 it/s  gpu_mem=22112 MB
  iter 2500/5914  loss=0.8648  (cls 0.4522 bbox 0.4126)  1.36 it/s  gpu_mem=22112 MB
  iter 2600/5914  loss=0.8927  (cls 0.4778 bbox 0.4149)  1.36 it/s  gpu_mem=22112 MB
  iter 2700/5914  loss=1.0484  (cls 0.5081 bbox 0.5403)  1.36 it/s  gpu_mem=22112 MB
  iter 2800/5914  loss=1.1093  (cls 0.5276 bbox 0.5817)  1.36 it/s  gpu_mem=22112 MB
  iter 2900/5914  loss=0.8424  (cls 0.4130 bbox 0.4295)  1.36 it/s  gpu_mem=22112 MB
  iter 3000/5914  loss=0.9140  (cls 0.4195 bbox 0.4945)  1.36 it/s  gpu_mem=22112 MB
  iter 3100/5914  loss=1.1157  (cls 0.4971 bbox 0.6186)  1.36 it/s  gpu_mem=22112 MB
  iter 3200/5914  loss=0.9393  (cls 0.4649 bbox 0.4745)  1.36 it/s  gpu_mem=22112 MB
  iter 3300/5914  loss=0.9882  (cls 0.4295 bbox 0.5587)  1.36 it/s  gpu_mem=22112 MB
  iter 3400/5914  loss=1.1136  (cls 0.5550 bbox 0.5586)  1.36 it/s  gpu_mem=22112 MB
  iter 3500/5914  loss=0.8794  (cls 0.4754 bbox 0.4040)  1.36 it/s  gpu_mem=22112 MB
  iter 3600/5914  loss=0.9283  (cls 0.4617 bbox 0.4666)  1.36 it/s  gpu_mem=22112 MB
  iter 3700/5914  loss=1.0212  (cls 0.4939 bbox 0.5274)  1.36 it/s  gpu_mem=22112 MB
  iter 3800/5914  loss=0.8348  (cls 0.4109 bbox 0.4240)  1.36 it/s  gpu_mem=22112 MB
  iter 3900/5914  loss=1.0460  (cls 0.4700 bbox 0.5760)  1.36 it/s  gpu_mem=22112 MB
  iter 4000/5914  loss=1.0830  (cls 0.5769 bbox 0.5061)  1.36 it/s  gpu_mem=22112 MB
  iter 4100/5914  loss=0.9474  (cls 0.4387 bbox 0.5087)  1.36 it/s  gpu_mem=22112 MB
  iter 4200/5914  loss=1.0426  (cls 0.4810 bbox 0.5616)  1.36 it/s  gpu_mem=22112 MB
  iter 4300/5914  loss=0.7786  (cls 0.3673 bbox 0.4113)  1.36 it/s  gpu_mem=22112 MB
  iter 4400/5914  loss=0.8662  (cls 0.4443 bbox 0.4219)  1.36 it/s  gpu_mem=22112 MB
  iter 4500/5914  loss=1.0495  (cls 0.4707 bbox 0.5789)  1.36 it/s  gpu_mem=22112 MB
  iter 4600/5914  loss=0.9014  (cls 0.4352 bbox 0.4662)  1.36 it/s  gpu_mem=22112 MB
  iter 4700/5914  loss=1.0972  (cls 0.4956 bbox 0.6015)  1.36 it/s  gpu_mem=22112 MB
  iter 4800/5914  loss=0.9641  (cls 0.4665 bbox 0.4976)  1.36 it/s  gpu_mem=22112 MB
  iter 4900/5914  loss=0.9047  (cls 0.4060 bbox 0.4987)  1.36 it/s  gpu_mem=22112 MB
  iter 5000/5914  loss=1.0732  (cls 0.4552 bbox 0.6180)  1.36 it/s  gpu_mem=22112 MB
  iter 5100/5914  loss=0.9010  (cls 0.4522 bbox 0.4488)  1.36 it/s  gpu_mem=22112 MB
  iter 5200/5914  loss=1.0355  (cls 0.5226 bbox 0.5129)  1.36 it/s  gpu_mem=22112 MB
  iter 5300/5914  loss=1.0330  (cls 0.4677 bbox 0.5653)  1.36 it/s  gpu_mem=22112 MB
  iter 5400/5914  loss=1.0468  (cls 0.4523 bbox 0.5945)  1.36 it/s  gpu_mem=22112 MB
  iter 5500/5914  loss=1.0422  (cls 0.4891 bbox 0.5531)  1.36 it/s  gpu_mem=22112 MB
  iter 5600/5914  loss=1.1962  (cls 0.5598 bbox 0.6364)  1.36 it/s  gpu_mem=22112 MB
  iter 5700/5914  loss=0.9220  (cls 0.4434 bbox 0.4786)  1.36 it/s  gpu_mem=22112 MB
  iter 5800/5914  loss=0.9223  (cls 0.4173 bbox 0.5050)  1.36 it/s  gpu_mem=22112 MB
  iter 5900/5914  loss=0.8213  (cls 0.3755 bbox 0.4458)  1.36 it/s  gpu_mem=22112 MB
Epoch 5 train | total=0.9704 cls=0.4619 bbox=0.5085 | LR bb=2.65e-05 head=2.65e-04 | 5914 batches in 4335.1s
/workspace/SNN/venv/lib/python3.12/site-packages/torchmetrics/utilities/prints.py:43: UserWarning: Encountered more than 100 detections in a single image. This means that certain detections with the lowest scores will be ignored, that may have an undesirable impact on performance. Please consider adjusting the `max_detection_threshold` to suit your use case. To disable this warning, set attribute class `warn_on_many_detections=False`, after initializing the metric.
  warnings.warn(*args, **kwargs)
Epoch 5 eval | mAP@50=0.209  mAP@[.5:.95]=0.107
>> Best saved at epoch 5 (mAP@50: 0.209)
  iter 0/5914  loss=0.9165  (cls 0.5082 bbox 0.4083)  0.41 it/s  gpu_mem=22112 MB
  iter 100/5914  loss=0.9212  (cls 0.3937 bbox 0.5275)  1.33 it/s  gpu_mem=22112 MB
  iter 200/5914  loss=1.0624  (cls 0.4911 bbox 0.5713)  1.34 it/s  gpu_mem=22112 MB
  iter 300/5914  loss=0.8905  (cls 0.4224 bbox 0.4681)  1.35 it/s  gpu_mem=22112 MB
  iter 400/5914  loss=0.9267  (cls 0.4327 bbox 0.4939)  1.36 it/s  gpu_mem=22112 MB
  iter 500/5914  loss=0.9457  (cls 0.4015 bbox 0.5442)  1.36 it/s  gpu_mem=22112 MB
  iter 600/5914  loss=1.0428  (cls 0.4916 bbox 0.5512)  1.36 it/s  gpu_mem=22112 MB
  iter 700/5914  loss=0.8659  (cls 0.4688 bbox 0.3971)  1.36 it/s  gpu_mem=22112 MB
  iter 800/5914  loss=0.9126  (cls 0.4325 bbox 0.4801)  1.36 it/s  gpu_mem=22112 MB
  iter 900/5914  loss=1.0260  (cls 0.4615 bbox 0.5644)  1.36 it/s  gpu_mem=22112 MB
  iter 1000/5914  loss=0.9943  (cls 0.4681 bbox 0.5262)  1.36 it/s  gpu_mem=22112 MB
  iter 1100/5914  loss=1.1392  (cls 0.5387 bbox 0.6006)  1.36 it/s  gpu_mem=22112 MB
  iter 1200/5914  loss=0.9769  (cls 0.4649 bbox 0.5120)  1.37 it/s  gpu_mem=22112 MB
  iter 1300/5914  loss=1.0121  (cls 0.5869 bbox 0.4252)  1.37 it/s  gpu_mem=22112 MB
  iter 1400/5914  loss=0.8937  (cls 0.4106 bbox 0.4832)  1.37 it/s  gpu_mem=22112 MB
  iter 1500/5914  loss=0.9998  (cls 0.4744 bbox 0.5254)  1.37 it/s  gpu_mem=22112 MB
  iter 1600/5914  loss=0.8408  (cls 0.4235 bbox 0.4173)  1.37 it/s  gpu_mem=22112 MB
  iter 1700/5914  loss=0.6909  (cls 0.3664 bbox 0.3245)  1.37 it/s  gpu_mem=22112 MB
  iter 1800/5914  loss=0.9926  (cls 0.5100 bbox 0.4825)  1.37 it/s  gpu_mem=22112 MB
  iter 1900/5914  loss=0.8537  (cls 0.4411 bbox 0.4126)  1.37 it/s  gpu_mem=22112 MB
  iter 2000/5914  loss=0.8602  (cls 0.3512 bbox 0.5091)  1.37 it/s  gpu_mem=22112 MB
  iter 2100/5914  loss=0.8398  (cls 0.4407 bbox 0.3991)  1.37 it/s  gpu_mem=22112 MB
  iter 2200/5914  loss=0.9363  (cls 0.4060 bbox 0.5302)  1.37 it/s  gpu_mem=22112 MB
  iter 2300/5914  loss=0.9267  (cls 0.4480 bbox 0.4786)  1.37 it/s  gpu_mem=22112 MB
  iter 2400/5914  loss=0.7869  (cls 0.4067 bbox 0.3802)  1.37 it/s  gpu_mem=22112 MB
  iter 2500/5914  loss=0.6934  (cls 0.3668 bbox 0.3265)  1.37 it/s  gpu_mem=22112 MB
  iter 2600/5914  loss=1.0962  (cls 0.5145 bbox 0.5817)  1.37 it/s  gpu_mem=22112 MB
  iter 2700/5914  loss=1.1266  (cls 0.4130 bbox 0.7136)  1.37 it/s  gpu_mem=22112 MB
  iter 2800/5914  loss=0.9286  (cls 0.4762 bbox 0.4524)  1.37 it/s  gpu_mem=22112 MB
  iter 2900/5914  loss=0.9478  (cls 0.4579 bbox 0.4899)  1.37 it/s  gpu_mem=22112 MB
  iter 3000/5914  loss=1.0597  (cls 0.4395 bbox 0.6202)  1.37 it/s  gpu_mem=22112 MB
  iter 3100/5914  loss=0.9014  (cls 0.4471 bbox 0.4542)  1.37 it/s  gpu_mem=22112 MB
  iter 3200/5914  loss=1.0304  (cls 0.5034 bbox 0.5270)  1.37 it/s  gpu_mem=22112 MB
  iter 3300/5914  loss=1.0022  (cls 0.4621 bbox 0.5401)  1.36 it/s  gpu_mem=22112 MB
  iter 3400/5914  loss=1.0390  (cls 0.4451 bbox 0.5939)  1.36 it/s  gpu_mem=22112 MB
  iter 3500/5914  loss=1.0064  (cls 0.4443 bbox 0.5621)  1.36 it/s  gpu_mem=22112 MB
  iter 3600/5914  loss=0.9350  (cls 0.4476 bbox 0.4875)  1.36 it/s  gpu_mem=22112 MB
  iter 3700/5914  loss=0.8341  (cls 0.4146 bbox 0.4195)  1.36 it/s  gpu_mem=22112 MB
  iter 3800/5914  loss=0.9740  (cls 0.4430 bbox 0.5310)  1.36 it/s  gpu_mem=22112 MB
  iter 3900/5914  loss=1.2605  (cls 0.5579 bbox 0.7027)  1.36 it/s  gpu_mem=22112 MB
  iter 4000/5914  loss=0.8233  (cls 0.3715 bbox 0.4518)  1.36 it/s  gpu_mem=22112 MB
  iter 4100/5914  loss=1.1093  (cls 0.5224 bbox 0.5869)  1.36 it/s  gpu_mem=22112 MB
  iter 4200/5914  loss=0.9187  (cls 0.4327 bbox 0.4860)  1.36 it/s  gpu_mem=22112 MB
  iter 4300/5914  loss=0.7951  (cls 0.4097 bbox 0.3854)  1.36 it/s  gpu_mem=22112 MB
  iter 4400/5914  loss=0.8584  (cls 0.4023 bbox 0.4560)  1.36 it/s  gpu_mem=22112 MB
  iter 4500/5914  loss=0.8717  (cls 0.4601 bbox 0.4117)  1.36 it/s  gpu_mem=22112 MB
  iter 4600/5914  loss=1.0696  (cls 0.5176 bbox 0.5520)  1.36 it/s  gpu_mem=22112 MB
  iter 4700/5914  loss=0.9429  (cls 0.4942 bbox 0.4487)  1.36 it/s  gpu_mem=22112 MB
  iter 4800/5914  loss=0.9706  (cls 0.4566 bbox 0.5140)  1.36 it/s  gpu_mem=22112 MB
  iter 4900/5914  loss=1.0488  (cls 0.4539 bbox 0.5949)  1.36 it/s  gpu_mem=22112 MB
  iter 5000/5914  loss=0.9968  (cls 0.4406 bbox 0.5563)  1.36 it/s  gpu_mem=22112 MB
  iter 5100/5914  loss=0.9254  (cls 0.4569 bbox 0.4685)  1.36 it/s  gpu_mem=22112 MB
  iter 5200/5914  loss=1.0165  (cls 0.4754 bbox 0.5411)  1.36 it/s  gpu_mem=22112 MB
  iter 5300/5914  loss=1.1373  (cls 0.4582 bbox 0.6791)  1.36 it/s  gpu_mem=22112 MB
  iter 5400/5914  loss=0.9889  (cls 0.4817 bbox 0.5072)  1.36 it/s  gpu_mem=22112 MB
  iter 5500/5914  loss=0.9845  (cls 0.4538 bbox 0.5306)  1.36 it/s  gpu_mem=22112 MB
  iter 5600/5914  loss=1.0487  (cls 0.4942 bbox 0.5546)  1.36 it/s  gpu_mem=22112 MB
  iter 5700/5914  loss=0.9876  (cls 0.4410 bbox 0.5466)  1.36 it/s  gpu_mem=22112 MB
  iter 5800/5914  loss=1.0364  (cls 0.3969 bbox 0.6396)  1.36 it/s  gpu_mem=22112 MB
  iter 5900/5914  loss=0.9498  (cls 0.4670 bbox 0.4828)  1.36 it/s  gpu_mem=22112 MB
Epoch 6 train | total=0.9423 cls=0.4454 bbox=0.4969 | LR bb=2.46e-05 head=2.46e-04 | 5914 batches in 4339.4s
Epoch 6 eval | mAP@50=0.225  mAP@[.5:.95]=0.118
>> Best saved at epoch 6 (mAP@50: 0.225)
  iter 0/5914  loss=0.8386  (cls 0.4318 bbox 0.4067)  0.60 it/s  gpu_mem=22112 MB
  iter 100/5914  loss=0.9579  (cls 0.4552 bbox 0.5027)  1.35 it/s  gpu_mem=22112 MB
  iter 200/5914  loss=1.0539  (cls 0.4178 bbox 0.6361)  1.36 it/s  gpu_mem=22112 MB
  iter 300/5914  loss=0.9702  (cls 0.4550 bbox 0.5152)  1.36 it/s  gpu_mem=22112 MB
  iter 400/5914  loss=1.0035  (cls 0.4767 bbox 0.5269)  1.36 it/s  gpu_mem=22112 MB
  iter 500/5914  loss=1.0585  (cls 0.5144 bbox 0.5441)  1.36 it/s  gpu_mem=22112 MB
  iter 600/5914  loss=1.0872  (cls 0.5407 bbox 0.5465)  1.36 it/s  gpu_mem=22112 MB
  iter 700/5914  loss=1.2579  (cls 0.5353 bbox 0.7226)  1.36 it/s  gpu_mem=22112 MB
  iter 800/5914  loss=1.0032  (cls 0.4425 bbox 0.5607)  1.36 it/s  gpu_mem=22112 MB
  iter 900/5914  loss=0.9129  (cls 0.4436 bbox 0.4693)  1.36 it/s  gpu_mem=22112 MB
  iter 1000/5914  loss=1.0537  (cls 0.4883 bbox 0.5654)  1.36 it/s  gpu_mem=22112 MB
  iter 1100/5914  loss=0.8056  (cls 0.4201 bbox 0.3855)  1.36 it/s  gpu_mem=22112 MB
  iter 1200/5914  loss=0.8610  (cls 0.4026 bbox 0.4584)  1.36 it/s  gpu_mem=22112 MB
  iter 1300/5914  loss=1.0374  (cls 0.4429 bbox 0.5945)  1.36 it/s  gpu_mem=22112 MB
  iter 1400/5914  loss=0.8510  (cls 0.4366 bbox 0.4144)  1.36 it/s  gpu_mem=22112 MB
  iter 1500/5914  loss=0.8709  (cls 0.4426 bbox 0.4283)  1.36 it/s  gpu_mem=22112 MB
  iter 1600/5914  loss=0.8729  (cls 0.4096 bbox 0.4634)  1.36 it/s  gpu_mem=22112 MB
  iter 1700/5914  loss=0.9186  (cls 0.4521 bbox 0.4665)  1.37 it/s  gpu_mem=22112 MB
  iter 1800/5914  loss=0.9259  (cls 0.4582 bbox 0.4677)  1.36 it/s  gpu_mem=22112 MB
  iter 1900/5914  loss=1.0201  (cls 0.4718 bbox 0.5483)  1.37 it/s  gpu_mem=22112 MB
  iter 2000/5914  loss=0.7592  (cls 0.3393 bbox 0.4199)  1.36 it/s  gpu_mem=22112 MB
  iter 2100/5914  loss=1.0076  (cls 0.4897 bbox 0.5179)  1.36 it/s  gpu_mem=22112 MB
  iter 2200/5914  loss=1.0740  (cls 0.5188 bbox 0.5552)  1.36 it/s  gpu_mem=22112 MB
  iter 2300/5914  loss=1.1105  (cls 0.6510 bbox 0.4595)  1.37 it/s  gpu_mem=22112 MB
  iter 2400/5914  loss=0.9263  (cls 0.4236 bbox 0.5026)  1.37 it/s  gpu_mem=22112 MB
  iter 2500/5914  loss=0.9440  (cls 0.4355 bbox 0.5085)  1.37 it/s  gpu_mem=22112 MB
  iter 2600/5914  loss=0.9617  (cls 0.4466 bbox 0.5151)  1.37 it/s  gpu_mem=22112 MB
  iter 2700/5914  loss=1.1268  (cls 0.4896 bbox 0.6372)  1.37 it/s  gpu_mem=22112 MB
  iter 2800/5914  loss=0.8630  (cls 0.4132 bbox 0.4498)  1.37 it/s  gpu_mem=22112 MB
  iter 2900/5914  loss=0.8436  (cls 0.3914 bbox 0.4522)  1.37 it/s  gpu_mem=22112 MB
  iter 3000/5914  loss=1.0035  (cls 0.5015 bbox 0.5020)  1.37 it/s  gpu_mem=22112 MB
  iter 3100/5914  loss=0.8273  (cls 0.4437 bbox 0.3836)  1.37 it/s  gpu_mem=22112 MB
  iter 3200/5914  loss=0.8519  (cls 0.4109 bbox 0.4409)  1.37 it/s  gpu_mem=22112 MB
  iter 3300/5914  loss=0.8161  (cls 0.3729 bbox 0.4432)  1.37 it/s  gpu_mem=22112 MB
  iter 3400/5914  loss=0.9163  (cls 0.4493 bbox 0.4670)  1.37 it/s  gpu_mem=22112 MB
  iter 3500/5914  loss=0.8715  (cls 0.4441 bbox 0.4274)  1.37 it/s  gpu_mem=22112 MB
  iter 3600/5914  loss=0.9031  (cls 0.4291 bbox 0.4740)  1.37 it/s  gpu_mem=22112 MB
  iter 3700/5914  loss=0.8560  (cls 0.4175 bbox 0.4385)  1.37 it/s  gpu_mem=22112 MB
  iter 3800/5914  loss=0.9557  (cls 0.4590 bbox 0.4967)  1.36 it/s  gpu_mem=22112 MB
  iter 3900/5914  loss=0.8893  (cls 0.3648 bbox 0.5245)  1.36 it/s  gpu_mem=22112 MB
  iter 4000/5914  loss=1.1061  (cls 0.4723 bbox 0.6338)  1.36 it/s  gpu_mem=22112 MB
  iter 4100/5914  loss=0.8771  (cls 0.3866 bbox 0.4904)  1.37 it/s  gpu_mem=22112 MB
  iter 4200/5914  loss=1.0684  (cls 0.5693 bbox 0.4991)  1.37 it/s  gpu_mem=22112 MB
  iter 4300/5914  loss=0.9537  (cls 0.3881 bbox 0.5656)  1.37 it/s  gpu_mem=22112 MB
  iter 4400/5914  loss=0.9063  (cls 0.4090 bbox 0.4973)  1.37 it/s  gpu_mem=22112 MB
  iter 4500/5914  loss=0.9257  (cls 0.4616 bbox 0.4642)  1.37 it/s  gpu_mem=22112 MB
  iter 4600/5914  loss=0.8213  (cls 0.3599 bbox 0.4614)  1.37 it/s  gpu_mem=22112 MB
  iter 4700/5914  loss=0.8270  (cls 0.3633 bbox 0.4637)  1.37 it/s  gpu_mem=22112 MB
  iter 4800/5914  loss=1.0531  (cls 0.4412 bbox 0.6119)  1.37 it/s  gpu_mem=22112 MB
  iter 4900/5914  loss=0.7764  (cls 0.3734 bbox 0.4030)  1.37 it/s  gpu_mem=22112 MB
  iter 5000/5914  loss=0.9648  (cls 0.4288 bbox 0.5359)  1.37 it/s  gpu_mem=22112 MB
  iter 5100/5914  loss=0.9344  (cls 0.4481 bbox 0.4863)  1.37 it/s  gpu_mem=22112 MB
  iter 5200/5914  loss=0.9289  (cls 0.4241 bbox 0.5048)  1.37 it/s  gpu_mem=22112 MB
  iter 5300/5914  loss=0.8299  (cls 0.4201 bbox 0.4098)  1.37 it/s  gpu_mem=22112 MB
  iter 5400/5914  loss=1.0193  (cls 0.4623 bbox 0.5570)  1.37 it/s  gpu_mem=22112 MB
  iter 5500/5914  loss=0.8341  (cls 0.4332 bbox 0.4009)  1.37 it/s  gpu_mem=22112 MB
  iter 5600/5914  loss=0.8651  (cls 0.3991 bbox 0.4660)  1.37 it/s  gpu_mem=22112 MB
  iter 5700/5914  loss=0.8943  (cls 0.4410 bbox 0.4533)  1.37 it/s  gpu_mem=22112 MB
  iter 5800/5914  loss=0.8583  (cls 0.3912 bbox 0.4671)  1.37 it/s  gpu_mem=22112 MB
  iter 5900/5914  loss=0.9289  (cls 0.4075 bbox 0.5215)  1.37 it/s  gpu_mem=22112 MB
Epoch 7 train | total=0.9284 cls=0.4370 bbox=0.4914 | LR bb=2.25e-05 head=2.25e-04 | 5914 batches in 4330.0s
Epoch 7 eval | mAP@50=0.232  mAP@[.5:.95]=0.121
>> Best saved at epoch 7 (mAP@50: 0.232)
  iter 0/5914  loss=0.8406  (cls 0.3762 bbox 0.4644)  0.57 it/s  gpu_mem=22112 MB
  iter 100/5914  loss=0.7576  (cls 0.3865 bbox 0.3711)  1.35 it/s  gpu_mem=22112 MB
  iter 200/5914  loss=0.8228  (cls 0.3832 bbox 0.4396)  1.36 it/s  gpu_mem=22112 MB
  iter 300/5914  loss=1.1559  (cls 0.4497 bbox 0.7061)  1.36 it/s  gpu_mem=22112 MB
  iter 400/5914  loss=0.8566  (cls 0.4430 bbox 0.4136)  1.36 it/s  gpu_mem=22112 MB
  iter 500/5914  loss=0.9559  (cls 0.4533 bbox 0.5026)  1.36 it/s  gpu_mem=22112 MB
  iter 600/5914  loss=0.8759  (cls 0.4363 bbox 0.4395)  1.36 it/s  gpu_mem=22112 MB
  iter 700/5914  loss=0.8624  (cls 0.4115 bbox 0.4510)  1.36 it/s  gpu_mem=22112 MB
  iter 800/5914  loss=1.0879  (cls 0.4415 bbox 0.6464)  1.36 it/s  gpu_mem=22112 MB
  iter 900/5914  loss=0.9123  (cls 0.4272 bbox 0.4851)  1.36 it/s  gpu_mem=22112 MB
  iter 1000/5914  loss=0.9396  (cls 0.4084 bbox 0.5313)  1.37 it/s  gpu_mem=22112 MB
  iter 1100/5914  loss=0.8500  (cls 0.4060 bbox 0.4440)  1.37 it/s  gpu_mem=22112 MB
  iter 1200/5914  loss=0.9826  (cls 0.4292 bbox 0.5534)  1.36 it/s  gpu_mem=22112 MB
  iter 1300/5914  loss=0.6718  (cls 0.3570 bbox 0.3148)  1.36 it/s  gpu_mem=22112 MB
  iter 1400/5914  loss=1.0543  (cls 0.4171 bbox 0.6372)  1.36 it/s  gpu_mem=22112 MB
  iter 1500/5914  loss=1.0875  (cls 0.4251 bbox 0.6623)  1.36 it/s  gpu_mem=22112 MB
  iter 1600/5914  loss=0.8341  (cls 0.4351 bbox 0.3990)  1.36 it/s  gpu_mem=22112 MB
  iter 1700/5914  loss=0.8046  (cls 0.3471 bbox 0.4575)  1.36 it/s  gpu_mem=22112 MB
  iter 1800/5914  loss=0.9361  (cls 0.4387 bbox 0.4974)  1.36 it/s  gpu_mem=22112 MB
  iter 1900/5914  loss=1.0979  (cls 0.4130 bbox 0.6848)  1.36 it/s  gpu_mem=22112 MB
  iter 2000/5914  loss=0.8916  (cls 0.4062 bbox 0.4855)  1.36 it/s  gpu_mem=22112 MB
  iter 2100/5914  loss=0.7222  (cls 0.3476 bbox 0.3745)  1.36 it/s  gpu_mem=22112 MB
  iter 2200/5914  loss=0.9554  (cls 0.3941 bbox 0.5613)  1.36 it/s  gpu_mem=22112 MB
  iter 2300/5914  loss=0.7973  (cls 0.3901 bbox 0.4073)  1.36 it/s  gpu_mem=22112 MB
  iter 2400/5914  loss=1.1048  (cls 0.4976 bbox 0.6072)  1.36 it/s  gpu_mem=22112 MB
  iter 2500/5914  loss=0.7569  (cls 0.3191 bbox 0.4378)  1.36 it/s  gpu_mem=22112 MB
  iter 2600/5914  loss=0.8284  (cls 0.4459 bbox 0.3825)  1.36 it/s  gpu_mem=22112 MB
  iter 2700/5914  loss=0.8027  (cls 0.4266 bbox 0.3761)  1.36 it/s  gpu_mem=22112 MB
  iter 2800/5914  loss=0.8496  (cls 0.4099 bbox 0.4397)  1.36 it/s  gpu_mem=22112 MB
  iter 2900/5914  loss=0.8677  (cls 0.4003 bbox 0.4674)  1.36 it/s  gpu_mem=22112 MB
  iter 3000/5914  loss=0.8231  (cls 0.3899 bbox 0.4331)  1.36 it/s  gpu_mem=22112 MB
  iter 3100/5914  loss=0.8862  (cls 0.4445 bbox 0.4417)  1.36 it/s  gpu_mem=22112 MB
  iter 3200/5914  loss=0.7689  (cls 0.3919 bbox 0.3771)  1.36 it/s  gpu_mem=22112 MB
  iter 3300/5914  loss=0.8593  (cls 0.3734 bbox 0.4859)  1.36 it/s  gpu_mem=22112 MB
  iter 3400/5914  loss=0.9544  (cls 0.4543 bbox 0.5001)  1.36 it/s  gpu_mem=22112 MB
  iter 3500/5914  loss=0.8562  (cls 0.4428 bbox 0.4134)  1.36 it/s  gpu_mem=22112 MB
  iter 3600/5914  loss=0.7407  (cls 0.4028 bbox 0.3378)  1.36 it/s  gpu_mem=22112 MB
  iter 3700/5914  loss=1.1662  (cls 0.5193 bbox 0.6468)  1.36 it/s  gpu_mem=22112 MB
  iter 3800/5914  loss=1.1185  (cls 0.5134 bbox 0.6051)  1.36 it/s  gpu_mem=22112 MB
  iter 3900/5914  loss=1.1106  (cls 0.4873 bbox 0.6232)  1.36 it/s  gpu_mem=22112 MB
  iter 4000/5914  loss=0.9050  (cls 0.4455 bbox 0.4595)  1.36 it/s  gpu_mem=22112 MB
  iter 4100/5914  loss=1.0440  (cls 0.4614 bbox 0.5827)  1.36 it/s  gpu_mem=22112 MB
  iter 4200/5914  loss=0.9151  (cls 0.3784 bbox 0.5367)  1.36 it/s  gpu_mem=22112 MB
  iter 4300/5914  loss=0.8985  (cls 0.4320 bbox 0.4665)  1.36 it/s  gpu_mem=22112 MB
  iter 4400/5914  loss=0.7637  (cls 0.3640 bbox 0.3998)  1.36 it/s  gpu_mem=22112 MB
  iter 4500/5914  loss=1.0621  (cls 0.4764 bbox 0.5856)  1.36 it/s  gpu_mem=22112 MB
  iter 4600/5914  loss=1.0050  (cls 0.4497 bbox 0.5553)  1.36 it/s  gpu_mem=22112 MB
  iter 4700/5914  loss=0.9846  (cls 0.4213 bbox 0.5633)  1.36 it/s  gpu_mem=22112 MB
  iter 4800/5914  loss=1.0493  (cls 0.4747 bbox 0.5746)  1.36 it/s  gpu_mem=22112 MB
  iter 4900/5914  loss=0.9107  (cls 0.4246 bbox 0.4861)  1.36 it/s  gpu_mem=22112 MB
  iter 5000/5914  loss=1.0856  (cls 0.4847 bbox 0.6009)  1.36 it/s  gpu_mem=22112 MB
  iter 5100/5914  loss=0.9427  (cls 0.4462 bbox 0.4966)  1.36 it/s  gpu_mem=22112 MB
  iter 5200/5914  loss=0.8833  (cls 0.4372 bbox 0.4461)  1.36 it/s  gpu_mem=22112 MB
  iter 5300/5914  loss=0.9510  (cls 0.4901 bbox 0.4610)  1.36 it/s  gpu_mem=22112 MB
  iter 5400/5914  loss=0.7988  (cls 0.3557 bbox 0.4431)  1.36 it/s  gpu_mem=22112 MB
  iter 5500/5914  loss=0.9817  (cls 0.4117 bbox 0.5699)  1.36 it/s  gpu_mem=22112 MB
  iter 5600/5914  loss=0.8837  (cls 0.3886 bbox 0.4951)  1.36 it/s  gpu_mem=22112 MB
  iter 5700/5914  loss=0.9241  (cls 0.4322 bbox 0.4919)  1.36 it/s  gpu_mem=22112 MB
  iter 5800/5914  loss=1.1180  (cls 0.4506 bbox 0.6674)  1.36 it/s  gpu_mem=22112 MB
  iter 5900/5914  loss=0.7565  (cls 0.3438 bbox 0.4127)  1.36 it/s  gpu_mem=22112 MB
Epoch 8 train | total=0.9086 cls=0.4253 bbox=0.4833 | LR bb=2.01e-05 head=2.01e-04 | 5914 batches in 4347.8s
Epoch 8 eval | mAP@50=0.245  mAP@[.5:.95]=0.128
>> Best saved at epoch 8 (mAP@50: 0.245)
  iter 0/5914  loss=0.9767  (cls 0.4540 bbox 0.5228)  0.53 it/s  gpu_mem=22112 MB
  iter 100/5914  loss=0.8608  (cls 0.4154 bbox 0.4453)  1.35 it/s  gpu_mem=22112 MB
  iter 200/5914  loss=0.7133  (cls 0.3587 bbox 0.3546)  1.35 it/s  gpu_mem=22112 MB
  iter 300/5914  loss=0.8911  (cls 0.4910 bbox 0.4001)  1.36 it/s  gpu_mem=22112 MB
  iter 400/5914  loss=0.7975  (cls 0.3835 bbox 0.4141)  1.36 it/s  gpu_mem=22112 MB
  iter 500/5914  loss=0.7540  (cls 0.3801 bbox 0.3739)  1.36 it/s  gpu_mem=22112 MB
  iter 600/5914  loss=0.8540  (cls 0.3971 bbox 0.4569)  1.36 it/s  gpu_mem=22112 MB
  iter 700/5914  loss=0.8350  (cls 0.3590 bbox 0.4759)  1.36 it/s  gpu_mem=22112 MB
  iter 800/5914  loss=0.8452  (cls 0.4403 bbox 0.4049)  1.36 it/s  gpu_mem=22112 MB
  iter 900/5914  loss=0.7441  (cls 0.3673 bbox 0.3768)  1.36 it/s  gpu_mem=22112 MB
  iter 1000/5914  loss=1.0103  (cls 0.4295 bbox 0.5809)  1.36 it/s  gpu_mem=22112 MB
  iter 1100/5914  loss=0.8995  (cls 0.4187 bbox 0.4809)  1.36 it/s  gpu_mem=22112 MB
  iter 1200/5914  loss=0.8408  (cls 0.3904 bbox 0.4503)  1.36 it/s  gpu_mem=22112 MB
  iter 1300/5914  loss=0.8686  (cls 0.3836 bbox 0.4850)  1.36 it/s  gpu_mem=22112 MB
  iter 1400/5914  loss=0.7833  (cls 0.4182 bbox 0.3650)  1.36 it/s  gpu_mem=22112 MB
  iter 1500/5914  loss=0.8154  (cls 0.4068 bbox 0.4087)  1.36 it/s  gpu_mem=22112 MB
  iter 1600/5914  loss=0.8918  (cls 0.3810 bbox 0.5108)  1.36 it/s  gpu_mem=22112 MB
  iter 1700/5914  loss=0.9790  (cls 0.4743 bbox 0.5046)  1.36 it/s  gpu_mem=22112 MB
  iter 1800/5914  loss=0.9596  (cls 0.4109 bbox 0.5488)  1.36 it/s  gpu_mem=22112 MB
  iter 1900/5914  loss=1.0133  (cls 0.4250 bbox 0.5883)  1.36 it/s  gpu_mem=22112 MB
  iter 2000/5914  loss=0.8570  (cls 0.3844 bbox 0.4726)  1.36 it/s  gpu_mem=22112 MB
  iter 2100/5914  loss=0.8690  (cls 0.3846 bbox 0.4844)  1.36 it/s  gpu_mem=22112 MB
  iter 2200/5914  loss=1.1007  (cls 0.5218 bbox 0.5788)  1.36 it/s  gpu_mem=22112 MB
  iter 2300/5914  loss=0.8743  (cls 0.3860 bbox 0.4883)  1.36 it/s  gpu_mem=22112 MB
  iter 2400/5914  loss=0.8496  (cls 0.3690 bbox 0.4805)  1.36 it/s  gpu_mem=22112 MB
  iter 2500/5914  loss=1.0006  (cls 0.4589 bbox 0.5417)  1.36 it/s  gpu_mem=22112 MB
  iter 2600/5914  loss=1.1725  (cls 0.5090 bbox 0.6635)  1.36 it/s  gpu_mem=22112 MB
  iter 2700/5914  loss=1.0314  (cls 0.4742 bbox 0.5572)  1.36 it/s  gpu_mem=22112 MB
  iter 2800/5914  loss=0.9051  (cls 0.4464 bbox 0.4587)  1.35 it/s  gpu_mem=22112 MB
  iter 2900/5914  loss=0.8881  (cls 0.4245 bbox 0.4636)  1.30 it/s  gpu_mem=22112 MB
  iter 3000/5914  loss=0.9202  (cls 0.4193 bbox 0.5008)  1.26 it/s  gpu_mem=22112 MB
  iter 3100/5914  loss=0.8564  (cls 0.4531 bbox 0.4033)  1.22 it/s  gpu_mem=22112 MB
  iter 3200/5914  loss=0.7912  (cls 0.3306 bbox 0.4606)  1.19 it/s  gpu_mem=22112 MB
  iter 3300/5914  loss=0.7402  (cls 0.3458 bbox 0.3944)  1.16 it/s  gpu_mem=22112 MB
  iter 3400/5914  loss=0.7205  (cls 0.3689 bbox 0.3516)  1.14 it/s  gpu_mem=22112 MB
  iter 3500/5914  loss=0.8694  (cls 0.3667 bbox 0.5027)  1.12 it/s  gpu_mem=22112 MB
  iter 3600/5914  loss=0.7944  (cls 0.3667 bbox 0.4278)  1.10 it/s  gpu_mem=22112 MB
  iter 3700/5914  loss=0.9453  (cls 0.4025 bbox 0.5428)  1.11 it/s  gpu_mem=22112 MB
  iter 3800/5914  loss=0.8656  (cls 0.3994 bbox 0.4662)  1.09 it/s  gpu_mem=22112 MB
  iter 3900/5914  loss=0.8747  (cls 0.3838 bbox 0.4909)  1.09 it/s  gpu_mem=22112 MB
  iter 4000/5914  loss=0.8280  (cls 0.4342 bbox 0.3937)  1.10 it/s  gpu_mem=22112 MB
  iter 4100/5914  loss=0.8507  (cls 0.3639 bbox 0.4868)  1.10 it/s  gpu_mem=22112 MB
  iter 4200/5914  loss=0.9588  (cls 0.4309 bbox 0.5278)  1.11 it/s  gpu_mem=22112 MB
  iter 4300/5914  loss=0.8059  (cls 0.3497 bbox 0.4563)  1.09 it/s  gpu_mem=22112 MB
  iter 4400/5914  loss=0.8560  (cls 0.4012 bbox 0.4548)  1.09 it/s  gpu_mem=22112 MB
  iter 4500/5914  loss=1.0572  (cls 0.4346 bbox 0.6226)  1.09 it/s  gpu_mem=22112 MB
  iter 4600/5914  loss=0.8578  (cls 0.3967 bbox 0.4611)  1.09 it/s  gpu_mem=22112 MB
  iter 4700/5914  loss=0.8394  (cls 0.4601 bbox 0.3792)  1.10 it/s  gpu_mem=22112 MB
  iter 4800/5914  loss=0.7734  (cls 0.4102 bbox 0.3632)  1.10 it/s  gpu_mem=22112 MB
  iter 4900/5914  loss=0.8465  (cls 0.4387 bbox 0.4078)  1.11 it/s  gpu_mem=22112 MB
  iter 5000/5914  loss=0.8635  (cls 0.3954 bbox 0.4682)  1.10 it/s  gpu_mem=22112 MB
  iter 5100/5914  loss=0.9617  (cls 0.4118 bbox 0.5498)  1.10 it/s  gpu_mem=22112 MB
  iter 5200/5914  loss=0.7979  (cls 0.3712 bbox 0.4267)  1.10 it/s  gpu_mem=22112 MB
  iter 5300/5914  loss=0.9223  (cls 0.4061 bbox 0.5162)  1.11 it/s  gpu_mem=22112 MB
  iter 5400/5914  loss=0.9685  (cls 0.4579 bbox 0.5106)  1.11 it/s  gpu_mem=22112 MB
  iter 5500/5914  loss=0.8186  (cls 0.4254 bbox 0.3931)  1.11 it/s  gpu_mem=22112 MB
  iter 5600/5914  loss=0.9429  (cls 0.4242 bbox 0.5187)  1.12 it/s  gpu_mem=22112 MB
  iter 5700/5914  loss=0.8190  (cls 0.3903 bbox 0.4287)  1.12 it/s  gpu_mem=22112 MB
  iter 5800/5914  loss=1.0085  (cls 0.4338 bbox 0.5748)  1.13 it/s  gpu_mem=22112 MB
  iter 5900/5914  loss=0.9067  (cls 0.4076 bbox 0.4991)  1.13 it/s  gpu_mem=22112 MB
Epoch 9 train | total=0.8881 cls=0.4136 bbox=0.4745 | LR bb=1.76e-05 head=1.76e-04 | 5914 batches in 5238.5s
Epoch 9 eval | mAP@50=0.249  mAP@[.5:.95]=0.132
>> Best saved at epoch 9 (mAP@50: 0.249)
  iter 0/5914  loss=0.7610  (cls 0.3697 bbox 0.3913)  0.41 it/s  gpu_mem=22112 MB
  iter 100/5914  loss=0.8436  (cls 0.4013 bbox 0.4423)  1.33 it/s  gpu_mem=22112 MB
  iter 200/5914  loss=0.7814  (cls 0.3534 bbox 0.4280)  1.34 it/s  gpu_mem=22112 MB
  iter 300/5914  loss=0.8587  (cls 0.3648 bbox 0.4939)  1.35 it/s  gpu_mem=22112 MB
  iter 400/5914  loss=0.8185  (cls 0.3980 bbox 0.4204)  1.35 it/s  gpu_mem=22112 MB
  iter 500/5914  loss=0.7284  (cls 0.3263 bbox 0.4020)  1.35 it/s  gpu_mem=22112 MB
  iter 600/5914  loss=0.8965  (cls 0.3976 bbox 0.4989)  1.35 it/s  gpu_mem=22112 MB
  iter 700/5914  loss=0.8541  (cls 0.4017 bbox 0.4524)  1.35 it/s  gpu_mem=22112 MB
  iter 800/5914  loss=0.8692  (cls 0.4207 bbox 0.4485)  1.35 it/s  gpu_mem=22112 MB
  iter 900/5914  loss=0.7365  (cls 0.3417 bbox 0.3947)  1.35 it/s  gpu_mem=22112 MB
  iter 1000/5914  loss=1.0198  (cls 0.4762 bbox 0.5436)  1.35 it/s  gpu_mem=22112 MB
  iter 1100/5914  loss=0.8836  (cls 0.3665 bbox 0.5171)  1.35 it/s  gpu_mem=22112 MB
  iter 1200/5914  loss=0.7285  (cls 0.3046 bbox 0.4239)  1.35 it/s  gpu_mem=22112 MB
  iter 1300/5914  loss=0.9085  (cls 0.4150 bbox 0.4935)  1.35 it/s  gpu_mem=22112 MB
  iter 1400/5914  loss=0.8984  (cls 0.4138 bbox 0.4846)  1.35 it/s  gpu_mem=22112 MB
  iter 1500/5914  loss=0.9323  (cls 0.4429 bbox 0.4894)  1.35 it/s  gpu_mem=22112 MB
  iter 1600/5914  loss=0.8846  (cls 0.4270 bbox 0.4576)  1.35 it/s  gpu_mem=22112 MB
  iter 1700/5914  loss=0.7507  (cls 0.3963 bbox 0.3545)  1.35 it/s  gpu_mem=22112 MB
  iter 1800/5914  loss=0.7665  (cls 0.3745 bbox 0.3919)  1.35 it/s  gpu_mem=22112 MB
  iter 1900/5914  loss=0.8258  (cls 0.3719 bbox 0.4539)  1.35 it/s  gpu_mem=22112 MB
  iter 2000/5914  loss=0.8771  (cls 0.3735 bbox 0.5036)  1.35 it/s  gpu_mem=22112 MB
  iter 2100/5914  loss=0.9472  (cls 0.4760 bbox 0.4712)  1.36 it/s  gpu_mem=22112 MB
  iter 2200/5914  loss=1.0810  (cls 0.4941 bbox 0.5869)  1.36 it/s  gpu_mem=22112 MB
  iter 2300/5914  loss=1.0221  (cls 0.4674 bbox 0.5547)  1.35 it/s  gpu_mem=22112 MB
  iter 2400/5914  loss=0.9295  (cls 0.4480 bbox 0.4815)  1.35 it/s  gpu_mem=22112 MB
  iter 2500/5914  loss=1.0359  (cls 0.3953 bbox 0.6406)  1.35 it/s  gpu_mem=22112 MB
  iter 2600/5914  loss=0.9242  (cls 0.4007 bbox 0.5235)  1.36 it/s  gpu_mem=22112 MB
  iter 2700/5914  loss=0.7529  (cls 0.3617 bbox 0.3912)  1.36 it/s  gpu_mem=22112 MB
  iter 2800/5914  loss=0.8879  (cls 0.3898 bbox 0.4981)  1.36 it/s  gpu_mem=22112 MB
  iter 2900/5914  loss=0.8270  (cls 0.4090 bbox 0.4179)  1.36 it/s  gpu_mem=22112 MB
  iter 3000/5914  loss=0.9545  (cls 0.4956 bbox 0.4589)  1.36 it/s  gpu_mem=22112 MB
  iter 3100/5914  loss=0.7297  (cls 0.2796 bbox 0.4502)  1.36 it/s  gpu_mem=22112 MB
  iter 3200/5914  loss=0.9704  (cls 0.4840 bbox 0.4863)  1.36 it/s  gpu_mem=22112 MB
  iter 3300/5914  loss=0.8770  (cls 0.4239 bbox 0.4531)  1.36 it/s  gpu_mem=22112 MB
  iter 3400/5914  loss=0.9235  (cls 0.4552 bbox 0.4684)  1.36 it/s  gpu_mem=22112 MB
  iter 3500/5914  loss=0.7275  (cls 0.3638 bbox 0.3637)  1.36 it/s  gpu_mem=22112 MB
  iter 3600/5914  loss=0.8471  (cls 0.4380 bbox 0.4091)  1.36 it/s  gpu_mem=22112 MB
  iter 3700/5914  loss=0.8277  (cls 0.4048 bbox 0.4229)  1.36 it/s  gpu_mem=22112 MB
  iter 3800/5914  loss=0.9824  (cls 0.4620 bbox 0.5204)  1.36 it/s  gpu_mem=22112 MB
  iter 3900/5914  loss=0.8610  (cls 0.3976 bbox 0.4633)  1.36 it/s  gpu_mem=22112 MB
  iter 4000/5914  loss=0.9146  (cls 0.4321 bbox 0.4826)  1.36 it/s  gpu_mem=22112 MB
  iter 4100/5914  loss=0.9129  (cls 0.4734 bbox 0.4395)  1.36 it/s  gpu_mem=22112 MB
  iter 4200/5914  loss=0.8609  (cls 0.3674 bbox 0.4934)  1.36 it/s  gpu_mem=22112 MB
  iter 4300/5914  loss=0.7932  (cls 0.3896 bbox 0.4036)  1.36 it/s  gpu_mem=22112 MB
  iter 4400/5914  loss=0.7894  (cls 0.3759 bbox 0.4135)  1.36 it/s  gpu_mem=22112 MB
  iter 4500/5914  loss=0.7020  (cls 0.3560 bbox 0.3460)  1.36 it/s  gpu_mem=22112 MB
  iter 4600/5914  loss=0.7473  (cls 0.2931 bbox 0.4542)  1.36 it/s  gpu_mem=22112 MB
  iter 4700/5914  loss=0.7790  (cls 0.3885 bbox 0.3905)  1.36 it/s  gpu_mem=22112 MB
  iter 4800/5914  loss=0.7423  (cls 0.3812 bbox 0.3610)  1.36 it/s  gpu_mem=22112 MB
  iter 4900/5914  loss=0.9246  (cls 0.4649 bbox 0.4597)  1.36 it/s  gpu_mem=22112 MB
  iter 5000/5914  loss=0.7355  (cls 0.3671 bbox 0.3684)  1.36 it/s  gpu_mem=22112 MB
  iter 5100/5914  loss=0.7866  (cls 0.3935 bbox 0.3931)  1.36 it/s  gpu_mem=22112 MB
  iter 5200/5914  loss=0.8456  (cls 0.4060 bbox 0.4397)  1.36 it/s  gpu_mem=22112 MB
  iter 5300/5914  loss=0.8121  (cls 0.3714 bbox 0.4406)  1.36 it/s  gpu_mem=22112 MB
  iter 5400/5914  loss=0.7527  (cls 0.3368 bbox 0.4159)  1.36 it/s  gpu_mem=22112 MB
  iter 5500/5914  loss=0.8436  (cls 0.4522 bbox 0.3914)  1.36 it/s  gpu_mem=22112 MB
  iter 5600/5914  loss=0.9330  (cls 0.4866 bbox 0.4465)  1.36 it/s  gpu_mem=22112 MB
  iter 5700/5914  loss=1.1188  (cls 0.4967 bbox 0.6221)  1.36 it/s  gpu_mem=22112 MB
  iter 5800/5914  loss=0.9339  (cls 0.4403 bbox 0.4936)  1.36 it/s  gpu_mem=22112 MB
  iter 5900/5914  loss=0.8860  (cls 0.3694 bbox 0.5166)  1.36 it/s  gpu_mem=22112 MB
Epoch 10 train | total=0.8688 cls=0.4026 bbox=0.4663 | LR bb=1.50e-05 head=1.50e-04 | 5914 batches in 4361.7s
Epoch 10 eval | mAP@50=0.259  mAP@[.5:.95]=0.138
>> Best saved at epoch 10 (mAP@50: 0.259)
  iter 0/5914  loss=0.7745  (cls 0.3375 bbox 0.4370)  0.52 it/s  gpu_mem=22112 MB
  iter 100/5914  loss=0.9211  (cls 0.3923 bbox 0.5288)  1.33 it/s  gpu_mem=22112 MB
  iter 200/5914  loss=0.9030  (cls 0.4205 bbox 0.4824)  1.35 it/s  gpu_mem=22112 MB
  iter 300/5914  loss=0.9768  (cls 0.4351 bbox 0.5417)  1.35 it/s  gpu_mem=22112 MB
  iter 400/5914  loss=0.9194  (cls 0.4759 bbox 0.4435)  1.35 it/s  gpu_mem=22112 MB
  iter 500/5914  loss=0.9887  (cls 0.4093 bbox 0.5793)  1.35 it/s  gpu_mem=22112 MB
  iter 600/5914  loss=0.7378  (cls 0.3095 bbox 0.4283)  1.36 it/s  gpu_mem=22112 MB
  iter 700/5914  loss=0.7753  (cls 0.3333 bbox 0.4420)  1.36 it/s  gpu_mem=22112 MB
  iter 800/5914  loss=0.9227  (cls 0.4540 bbox 0.4687)  1.36 it/s  gpu_mem=22112 MB
  iter 900/5914  loss=1.0160  (cls 0.4544 bbox 0.5616)  1.36 it/s  gpu_mem=22112 MB
  iter 1000/5914  loss=0.9149  (cls 0.3553 bbox 0.5596)  1.36 it/s  gpu_mem=22112 MB
  iter 1100/5914  loss=0.8764  (cls 0.3941 bbox 0.4823)  1.36 it/s  gpu_mem=22112 MB
  iter 1200/5914  loss=0.8477  (cls 0.3726 bbox 0.4751)  1.36 it/s  gpu_mem=22112 MB
  iter 1300/5914  loss=0.8883  (cls 0.4554 bbox 0.4329)  1.35 it/s  gpu_mem=22112 MB
  iter 1400/5914  loss=0.9326  (cls 0.4399 bbox 0.4927)  1.35 it/s  gpu_mem=22112 MB
  iter 1500/5914  loss=0.7504  (cls 0.3526 bbox 0.3978)  1.35 it/s  gpu_mem=22112 MB
  iter 1600/5914  loss=0.8266  (cls 0.3544 bbox 0.4721)  1.35 it/s  gpu_mem=22112 MB
  iter 1700/5914  loss=0.6523  (cls 0.3194 bbox 0.3329)  1.35 it/s  gpu_mem=22112 MB
  iter 1800/5914  loss=0.8732  (cls 0.3954 bbox 0.4778)  1.35 it/s  gpu_mem=22112 MB
  iter 1900/5914  loss=0.9070  (cls 0.4237 bbox 0.4833)  1.35 it/s  gpu_mem=22112 MB
  iter 2000/5914  loss=1.0627  (cls 0.4439 bbox 0.6187)  1.35 it/s  gpu_mem=22112 MB
  iter 2100/5914  loss=0.8501  (cls 0.4501 bbox 0.4000)  1.35 it/s  gpu_mem=22112 MB
  iter 2200/5914  loss=0.9213  (cls 0.4072 bbox 0.5141)  1.35 it/s  gpu_mem=22112 MB
  iter 2300/5914  loss=0.6570  (cls 0.3252 bbox 0.3318)  1.35 it/s  gpu_mem=22112 MB
  iter 2400/5914  loss=0.7694  (cls 0.3591 bbox 0.4103)  1.35 it/s  gpu_mem=22112 MB
  iter 2500/5914  loss=0.8555  (cls 0.4155 bbox 0.4400)  1.35 it/s  gpu_mem=22112 MB
  iter 2600/5914  loss=0.7985  (cls 0.3208 bbox 0.4776)  1.35 it/s  gpu_mem=22112 MB
  iter 2700/5914  loss=1.0047  (cls 0.3843 bbox 0.6203)  1.35 it/s  gpu_mem=22112 MB
  iter 2800/5914  loss=0.7870  (cls 0.4115 bbox 0.3756)  1.35 it/s  gpu_mem=22112 MB
  iter 2900/5914  loss=0.8109  (cls 0.4020 bbox 0.4088)  1.35 it/s  gpu_mem=22112 MB
  iter 3000/5914  loss=0.8078  (cls 0.3886 bbox 0.4192)  1.35 it/s  gpu_mem=22112 MB
  iter 3100/5914  loss=0.8028  (cls 0.4012 bbox 0.4016)  1.35 it/s  gpu_mem=22112 MB
  iter 3200/5914  loss=0.7693  (cls 0.4058 bbox 0.3635)  1.35 it/s  gpu_mem=22112 MB
  iter 3300/5914  loss=1.0686  (cls 0.4817 bbox 0.5869)  1.35 it/s  gpu_mem=22112 MB
  iter 3400/5914  loss=0.9797  (cls 0.4341 bbox 0.5456)  1.35 it/s  gpu_mem=22112 MB
  iter 3500/5914  loss=0.8143  (cls 0.3724 bbox 0.4419)  1.35 it/s  gpu_mem=22112 MB
  iter 3600/5914  loss=0.7794  (cls 0.4104 bbox 0.3690)  1.35 it/s  gpu_mem=22112 MB
  iter 3700/5914  loss=0.8738  (cls 0.4028 bbox 0.4710)  1.35 it/s  gpu_mem=22112 MB
  iter 3800/5914  loss=0.8810  (cls 0.3730 bbox 0.5079)  1.35 it/s  gpu_mem=22112 MB
  iter 3900/5914  loss=0.7318  (cls 0.3361 bbox 0.3957)  1.35 it/s  gpu_mem=22112 MB
  iter 4000/5914  loss=0.9798  (cls 0.4329 bbox 0.5469)  1.36 it/s  gpu_mem=22112 MB
  iter 4100/5914  loss=1.0068  (cls 0.4869 bbox 0.5199)  1.36 it/s  gpu_mem=22112 MB
  iter 4200/5914  loss=0.9043  (cls 0.3761 bbox 0.5282)  1.36 it/s  gpu_mem=22112 MB
  iter 4300/5914  loss=0.8484  (cls 0.4179 bbox 0.4305)  1.36 it/s  gpu_mem=22112 MB
  iter 4400/5914  loss=0.7727  (cls 0.3717 bbox 0.4010)  1.36 it/s  gpu_mem=22112 MB
  iter 4500/5914  loss=0.8681  (cls 0.3762 bbox 0.4919)  1.36 it/s  gpu_mem=22112 MB
  iter 4600/5914  loss=1.1007  (cls 0.5245 bbox 0.5762)  1.36 it/s  gpu_mem=22112 MB
  iter 4700/5914  loss=0.9194  (cls 0.4358 bbox 0.4836)  1.36 it/s  gpu_mem=22112 MB
  iter 4800/5914  loss=0.8801  (cls 0.4100 bbox 0.4701)  1.36 it/s  gpu_mem=22112 MB
  iter 4900/5914  loss=0.7032  (cls 0.3721 bbox 0.3310)  1.36 it/s  gpu_mem=22112 MB
  iter 5000/5914  loss=0.9340  (cls 0.4591 bbox 0.4749)  1.36 it/s  gpu_mem=22112 MB
  iter 5100/5914  loss=0.7551  (cls 0.3389 bbox 0.4162)  1.36 it/s  gpu_mem=22112 MB
  iter 5200/5914  loss=1.1623  (cls 0.4406 bbox 0.7216)  1.36 it/s  gpu_mem=22112 MB
  iter 5300/5914  loss=0.6497  (cls 0.2788 bbox 0.3708)  1.36 it/s  gpu_mem=22112 MB
  iter 5400/5914  loss=0.8777  (cls 0.4089 bbox 0.4687)  1.36 it/s  gpu_mem=22112 MB
  iter 5500/5914  loss=0.8104  (cls 0.4000 bbox 0.4103)  1.36 it/s  gpu_mem=22112 MB
  iter 5600/5914  loss=0.7468  (cls 0.3577 bbox 0.3891)  1.36 it/s  gpu_mem=22112 MB
  iter 5700/5914  loss=0.9709  (cls 0.4101 bbox 0.5608)  1.36 it/s  gpu_mem=22112 MB
  iter 5800/5914  loss=0.9611  (cls 0.4725 bbox 0.4886)  1.36 it/s  gpu_mem=22112 MB
  iter 5900/5914  loss=1.0698  (cls 0.4443 bbox 0.6256)  1.36 it/s  gpu_mem=22112 MB
Epoch 11 train | total=0.8510 cls=0.3919 bbox=0.4591 | LR bb=1.24e-05 head=1.24e-04 | 5914 batches in 4360.6s
Epoch 11 eval | mAP@50=0.272  mAP@[.5:.95]=0.146
>> Best saved at epoch 11 (mAP@50: 0.272)
  iter 0/5914  loss=0.7560  (cls 0.3816 bbox 0.3744)  0.57 it/s  gpu_mem=22112 MB
  iter 100/5914  loss=0.9143  (cls 0.3840 bbox 0.5303)  1.34 it/s  gpu_mem=22112 MB
  iter 200/5914  loss=0.9026  (cls 0.4246 bbox 0.4780)  1.36 it/s  gpu_mem=22112 MB
  iter 300/5914  loss=0.7172  (cls 0.3664 bbox 0.3508)  1.36 it/s  gpu_mem=22112 MB
  iter 400/5914  loss=0.8884  (cls 0.3895 bbox 0.4989)  1.35 it/s  gpu_mem=22112 MB
  iter 500/5914  loss=0.9681  (cls 0.4392 bbox 0.5289)  1.35 it/s  gpu_mem=22112 MB
  iter 600/5914  loss=0.8065  (cls 0.3188 bbox 0.4877)  1.36 it/s  gpu_mem=22112 MB
  iter 700/5914  loss=0.7997  (cls 0.3347 bbox 0.4650)  1.36 it/s  gpu_mem=22112 MB
  iter 800/5914  loss=0.8094  (cls 0.4094 bbox 0.4000)  1.36 it/s  gpu_mem=22112 MB
  iter 900/5914  loss=0.8457  (cls 0.4290 bbox 0.4167)  1.36 it/s  gpu_mem=22112 MB
  iter 1000/5914  loss=0.8659  (cls 0.3762 bbox 0.4897)  1.36 it/s  gpu_mem=22112 MB
  iter 1100/5914  loss=0.7778  (cls 0.3749 bbox 0.4028)  1.36 it/s  gpu_mem=22112 MB
  iter 1200/5914  loss=0.7200  (cls 0.3375 bbox 0.3826)  1.36 it/s  gpu_mem=22112 MB
  iter 1300/5914  loss=0.9646  (cls 0.4398 bbox 0.5248)  1.36 it/s  gpu_mem=22112 MB
  iter 1400/5914  loss=0.9415  (cls 0.4369 bbox 0.5046)  1.36 it/s  gpu_mem=22112 MB
  iter 1500/5914  loss=0.7215  (cls 0.3588 bbox 0.3627)  1.36 it/s  gpu_mem=22112 MB
  iter 1600/5914  loss=0.8971  (cls 0.3615 bbox 0.5356)  1.36 it/s  gpu_mem=22112 MB
  iter 1700/5914  loss=0.7936  (cls 0.4506 bbox 0.3430)  1.36 it/s  gpu_mem=22112 MB
  iter 1800/5914  loss=0.9076  (cls 0.4577 bbox 0.4498)  1.36 it/s  gpu_mem=22112 MB
  iter 1900/5914  loss=0.9313  (cls 0.4004 bbox 0.5309)  1.36 it/s  gpu_mem=22112 MB
  iter 2000/5914  loss=0.8824  (cls 0.3946 bbox 0.4878)  1.36 it/s  gpu_mem=22112 MB
  iter 2100/5914  loss=0.8895  (cls 0.3669 bbox 0.5226)  1.36 it/s  gpu_mem=22112 MB
  iter 2200/5914  loss=1.0236  (cls 0.4001 bbox 0.6235)  1.36 it/s  gpu_mem=22112 MB
  iter 2300/5914  loss=0.8737  (cls 0.4403 bbox 0.4334)  1.36 it/s  gpu_mem=22112 MB
  iter 2400/5914  loss=0.7417  (cls 0.4267 bbox 0.3150)  1.36 it/s  gpu_mem=22112 MB
  iter 2500/5914  loss=0.8743  (cls 0.3993 bbox 0.4751)  1.36 it/s  gpu_mem=22112 MB
  iter 2600/5914  loss=0.9034  (cls 0.4223 bbox 0.4810)  1.36 it/s  gpu_mem=22112 MB
  iter 2700/5914  loss=0.8468  (cls 0.4297 bbox 0.4172)  1.36 it/s  gpu_mem=22112 MB
  iter 2800/5914  loss=0.9825  (cls 0.3972 bbox 0.5853)  1.36 it/s  gpu_mem=22112 MB
  iter 2900/5914  loss=0.9015  (cls 0.3684 bbox 0.5331)  1.36 it/s  gpu_mem=22112 MB
  iter 3000/5914  loss=0.7340  (cls 0.3213 bbox 0.4127)  1.36 it/s  gpu_mem=22112 MB
  iter 3100/5914  loss=0.7926  (cls 0.3760 bbox 0.4165)  1.36 it/s  gpu_mem=22112 MB
  iter 3200/5914  loss=0.8529  (cls 0.4163 bbox 0.4366)  1.36 it/s  gpu_mem=22112 MB
  iter 3300/5914  loss=0.7489  (cls 0.3798 bbox 0.3692)  1.36 it/s  gpu_mem=22112 MB
  iter 3400/5914  loss=0.7624  (cls 0.3429 bbox 0.4195)  1.36 it/s  gpu_mem=22112 MB
  iter 3500/5914  loss=0.8387  (cls 0.3911 bbox 0.4476)  1.36 it/s  gpu_mem=22112 MB
  iter 3600/5914  loss=0.9519  (cls 0.3964 bbox 0.5554)  1.36 it/s  gpu_mem=22112 MB
  iter 3700/5914  loss=0.9181  (cls 0.3967 bbox 0.5214)  1.36 it/s  gpu_mem=22112 MB
  iter 3800/5914  loss=0.9810  (cls 0.4445 bbox 0.5365)  1.36 it/s  gpu_mem=22112 MB
  iter 3900/5914  loss=1.0430  (cls 0.4367 bbox 0.6063)  1.36 it/s  gpu_mem=22112 MB
  iter 4000/5914  loss=0.7069  (cls 0.3261 bbox 0.3808)  1.36 it/s  gpu_mem=22112 MB
  iter 4100/5914  loss=0.7924  (cls 0.4071 bbox 0.3853)  1.36 it/s  gpu_mem=22112 MB
  iter 4200/5914  loss=0.8453  (cls 0.4063 bbox 0.4390)  1.36 it/s  gpu_mem=22112 MB
  iter 4300/5914  loss=0.6412  (cls 0.3056 bbox 0.3356)  1.36 it/s  gpu_mem=22112 MB
  iter 4400/5914  loss=0.7186  (cls 0.3371 bbox 0.3815)  1.36 it/s  gpu_mem=22112 MB
  iter 4500/5914  loss=0.9024  (cls 0.4340 bbox 0.4683)  1.36 it/s  gpu_mem=22112 MB
  iter 4600/5914  loss=0.7640  (cls 0.3011 bbox 0.4629)  1.36 it/s  gpu_mem=22112 MB
  iter 4700/5914  loss=0.9681  (cls 0.4282 bbox 0.5399)  1.36 it/s  gpu_mem=22112 MB
  iter 4800/5914  loss=0.7482  (cls 0.3544 bbox 0.3938)  1.36 it/s  gpu_mem=22112 MB
  iter 4900/5914  loss=0.9671  (cls 0.4030 bbox 0.5641)  1.36 it/s  gpu_mem=22112 MB
  iter 5000/5914  loss=0.7818  (cls 0.3664 bbox 0.4153)  1.36 it/s  gpu_mem=22112 MB
  iter 5100/5914  loss=0.9072  (cls 0.4660 bbox 0.4413)  1.36 it/s  gpu_mem=22112 MB
  iter 5200/5914  loss=0.6567  (cls 0.3087 bbox 0.3481)  1.36 it/s  gpu_mem=22112 MB
  iter 5300/5914  loss=0.7996  (cls 0.4127 bbox 0.3870)  1.36 it/s  gpu_mem=22112 MB
  iter 5400/5914  loss=0.8589  (cls 0.4017 bbox 0.4572)  1.36 it/s  gpu_mem=22112 MB
  iter 5500/5914  loss=0.9996  (cls 0.3770 bbox 0.6225)  1.36 it/s  gpu_mem=22112 MB
  iter 5600/5914  loss=0.7880  (cls 0.4080 bbox 0.3800)  1.36 it/s  gpu_mem=22112 MB
  iter 5700/5914  loss=0.8683  (cls 0.4301 bbox 0.4382)  1.36 it/s  gpu_mem=22112 MB
  iter 5800/5914  loss=0.8552  (cls 0.3666 bbox 0.4886)  1.36 it/s  gpu_mem=22112 MB
  iter 5900/5914  loss=0.9652  (cls 0.4150 bbox 0.5502)  1.36 it/s  gpu_mem=22112 MB
Epoch 12 train | total=0.8337 cls=0.3825 bbox=0.4513 | LR bb=9.87e-06 head=9.87e-05 | 5914 batches in 4353.6s
Epoch 12 eval | mAP@50=0.271  mAP@[.5:.95]=0.146
  iter 0/5914  loss=0.7132  (cls 0.3655 bbox 0.3478)  0.38 it/s  gpu_mem=22112 MB
  iter 100/5914  loss=0.7699  (cls 0.3926 bbox 0.3773)  1.33 it/s  gpu_mem=22112 MB
  iter 200/5914  loss=0.9212  (cls 0.4211 bbox 0.5001)  1.34 it/s  gpu_mem=22112 MB
  iter 300/5914  loss=0.9253  (cls 0.4477 bbox 0.4776)  1.35 it/s  gpu_mem=22112 MB
  iter 400/5914  loss=0.6198  (cls 0.2819 bbox 0.3379)  1.35 it/s  gpu_mem=22112 MB
  iter 500/5914  loss=0.8326  (cls 0.4240 bbox 0.4086)  1.35 it/s  gpu_mem=22112 MB
  iter 600/5914  loss=0.7544  (cls 0.4227 bbox 0.3317)  1.35 it/s  gpu_mem=22112 MB
  iter 700/5914  loss=0.9064  (cls 0.4310 bbox 0.4754)  1.35 it/s  gpu_mem=22112 MB
  iter 800/5914  loss=0.8712  (cls 0.3821 bbox 0.4891)  1.36 it/s  gpu_mem=22112 MB
  iter 900/5914  loss=0.9501  (cls 0.3977 bbox 0.5524)  1.36 it/s  gpu_mem=22112 MB
  iter 1000/5914  loss=0.9255  (cls 0.4011 bbox 0.5244)  1.36 it/s  gpu_mem=22112 MB
  iter 1100/5914  loss=0.8357  (cls 0.3831 bbox 0.4526)  1.36 it/s  gpu_mem=22112 MB
  iter 1200/5914  loss=0.6964  (cls 0.3222 bbox 0.3742)  1.36 it/s  gpu_mem=22112 MB
  iter 1300/5914  loss=0.8409  (cls 0.4057 bbox 0.4352)  1.36 it/s  gpu_mem=22112 MB
  iter 1400/5914  loss=1.0701  (cls 0.3840 bbox 0.6861)  1.36 it/s  gpu_mem=22112 MB
  iter 1500/5914  loss=0.7885  (cls 0.3862 bbox 0.4023)  1.36 it/s  gpu_mem=22112 MB
  iter 1600/5914  loss=0.8237  (cls 0.3506 bbox 0.4731)  1.36 it/s  gpu_mem=22112 MB
  iter 1700/5914  loss=0.9064  (cls 0.3427 bbox 0.5637)  1.36 it/s  gpu_mem=22112 MB
  iter 1800/5914  loss=0.7615  (cls 0.4112 bbox 0.3503)  1.35 it/s  gpu_mem=22112 MB
  iter 1900/5914  loss=0.7331  (cls 0.3785 bbox 0.3546)  1.35 it/s  gpu_mem=22112 MB
  iter 2000/5914  loss=0.9730  (cls 0.4478 bbox 0.5252)  1.35 it/s  gpu_mem=22112 MB
  iter 2100/5914  loss=0.6650  (cls 0.3226 bbox 0.3424)  1.35 it/s  gpu_mem=22112 MB
  iter 2200/5914  loss=0.8669  (cls 0.4235 bbox 0.4434)  1.35 it/s  gpu_mem=22112 MB
  iter 2300/5914  loss=0.9510  (cls 0.4118 bbox 0.5392)  1.35 it/s  gpu_mem=22112 MB
  iter 2400/5914  loss=0.9050  (cls 0.3324 bbox 0.5727)  1.35 it/s  gpu_mem=22112 MB
  iter 2500/5914  loss=0.6420  (cls 0.2658 bbox 0.3762)  1.35 it/s  gpu_mem=22112 MB
  iter 2600/5914  loss=0.8529  (cls 0.3642 bbox 0.4887)  1.35 it/s  gpu_mem=22112 MB
  iter 2700/5914  loss=0.9024  (cls 0.3767 bbox 0.5256)  1.35 it/s  gpu_mem=22112 MB
  iter 2800/5914  loss=0.6948  (cls 0.3120 bbox 0.3828)  1.35 it/s  gpu_mem=22112 MB
  iter 2900/5914  loss=0.8490  (cls 0.4250 bbox 0.4241)  1.35 it/s  gpu_mem=22112 MB
  iter 3000/5914  loss=0.8567  (cls 0.4453 bbox 0.4114)  1.35 it/s  gpu_mem=22112 MB
  iter 3100/5914  loss=0.8771  (cls 0.3709 bbox 0.5062)  1.35 it/s  gpu_mem=22112 MB
  iter 3200/5914  loss=0.9133  (cls 0.4115 bbox 0.5018)  1.35 it/s  gpu_mem=22112 MB
  iter 3300/5914  loss=0.7274  (cls 0.3439 bbox 0.3835)  1.35 it/s  gpu_mem=22112 MB
  iter 3400/5914  loss=0.8893  (cls 0.4085 bbox 0.4809)  1.35 it/s  gpu_mem=22112 MB
  iter 3500/5914  loss=0.9246  (cls 0.4165 bbox 0.5081)  1.35 it/s  gpu_mem=22112 MB
  iter 3600/5914  loss=0.9747  (cls 0.3936 bbox 0.5811)  1.35 it/s  gpu_mem=22112 MB
  iter 3700/5914  loss=0.7361  (cls 0.3995 bbox 0.3366)  1.35 it/s  gpu_mem=22112 MB
  iter 3800/5914  loss=0.8165  (cls 0.3950 bbox 0.4214)  1.35 it/s  gpu_mem=22112 MB
  iter 3900/5914  loss=0.7947  (cls 0.3720 bbox 0.4227)  1.35 it/s  gpu_mem=22112 MB
  iter 4000/5914  loss=0.7077  (cls 0.3447 bbox 0.3630)  1.35 it/s  gpu_mem=22112 MB
  iter 4100/5914  loss=0.8168  (cls 0.3776 bbox 0.4392)  1.35 it/s  gpu_mem=22112 MB
  iter 4200/5914  loss=0.7237  (cls 0.3187 bbox 0.4051)  1.35 it/s  gpu_mem=22112 MB
  iter 4300/5914  loss=0.9182  (cls 0.4171 bbox 0.5011)  1.35 it/s  gpu_mem=22112 MB
  iter 4400/5914  loss=0.8154  (cls 0.3378 bbox 0.4776)  1.35 it/s  gpu_mem=22112 MB
  iter 4500/5914  loss=0.8057  (cls 0.3590 bbox 0.4468)  1.35 it/s  gpu_mem=22112 MB
  iter 4600/5914  loss=0.8871  (cls 0.3786 bbox 0.5085)  1.35 it/s  gpu_mem=22112 MB
  iter 4700/5914  loss=0.7781  (cls 0.3627 bbox 0.4154)  1.35 it/s  gpu_mem=22112 MB
  iter 4800/5914  loss=0.7055  (cls 0.3765 bbox 0.3289)  1.36 it/s  gpu_mem=22112 MB
  iter 4900/5914  loss=0.7519  (cls 0.3157 bbox 0.4362)  1.36 it/s  gpu_mem=22112 MB
  iter 5000/5914  loss=0.8780  (cls 0.3951 bbox 0.4829)  1.36 it/s  gpu_mem=22112 MB
  iter 5100/5914  loss=0.7320  (cls 0.3422 bbox 0.3898)  1.36 it/s  gpu_mem=22112 MB
  iter 5200/5914  loss=0.7970  (cls 0.3767 bbox 0.4204)  1.36 it/s  gpu_mem=22112 MB
  iter 5300/5914  loss=0.7112  (cls 0.3103 bbox 0.4008)  1.36 it/s  gpu_mem=22112 MB
  iter 5400/5914  loss=0.7998  (cls 0.4078 bbox 0.3919)  1.36 it/s  gpu_mem=22112 MB
  iter 5500/5914  loss=0.8044  (cls 0.3342 bbox 0.4701)  1.36 it/s  gpu_mem=22112 MB
  iter 5600/5914  loss=0.8521  (cls 0.3893 bbox 0.4628)  1.36 it/s  gpu_mem=22112 MB
  iter 5700/5914  loss=0.6724  (cls 0.3357 bbox 0.3367)  1.36 it/s  gpu_mem=22112 MB
  iter 5800/5914  loss=0.8870  (cls 0.4295 bbox 0.4575)  1.36 it/s  gpu_mem=22112 MB
  iter 5900/5914  loss=0.7102  (cls 0.3284 bbox 0.3818)  1.36 it/s  gpu_mem=22112 MB
Epoch 13 train | total=0.8177 cls=0.3733 bbox=0.4444 | LR bb=7.50e-06 head=7.50e-05 | 5914 batches in 4362.2s
Epoch 13 eval | mAP@50=0.281  mAP@[.5:.95]=0.152
>> Best saved at epoch 13 (mAP@50: 0.281)
  iter 0/5914  loss=0.7811  (cls 0.3885 bbox 0.3926)  0.41 it/s  gpu_mem=22112 MB
  iter 100/5914  loss=0.7628  (cls 0.3732 bbox 0.3897)  1.29 it/s  gpu_mem=22112 MB
  iter 200/5914  loss=0.7656  (cls 0.3683 bbox 0.3973)  1.32 it/s  gpu_mem=22112 MB
  iter 300/5914  loss=0.5628  (cls 0.2934 bbox 0.2694)  1.33 it/s  gpu_mem=22112 MB
  iter 400/5914  loss=0.7072  (cls 0.3625 bbox 0.3447)  1.33 it/s  gpu_mem=22112 MB
  iter 500/5914  loss=0.6952  (cls 0.2999 bbox 0.3952)  1.34 it/s  gpu_mem=22112 MB
  iter 600/5914  loss=0.7982  (cls 0.3916 bbox 0.4066)  1.34 it/s  gpu_mem=22112 MB
  iter 700/5914  loss=0.8937  (cls 0.4254 bbox 0.4684)  1.34 it/s  gpu_mem=22112 MB
  iter 800/5914  loss=0.9016  (cls 0.3903 bbox 0.5112)  1.34 it/s  gpu_mem=22112 MB
  iter 900/5914  loss=0.7377  (cls 0.3482 bbox 0.3894)  1.34 it/s  gpu_mem=22112 MB
  iter 1000/5914  loss=0.7698  (cls 0.3540 bbox 0.4157)  1.34 it/s  gpu_mem=22112 MB
  iter 1100/5914  loss=0.7743  (cls 0.3258 bbox 0.4485)  1.34 it/s  gpu_mem=22112 MB
  iter 1200/5914  loss=0.9132  (cls 0.4745 bbox 0.4387)  1.34 it/s  gpu_mem=22112 MB
  iter 1300/5914  loss=0.7440  (cls 0.3224 bbox 0.4216)  1.34 it/s  gpu_mem=22112 MB
  iter 1400/5914  loss=0.8374  (cls 0.3425 bbox 0.4949)  1.35 it/s  gpu_mem=22112 MB
  iter 1500/5914  loss=0.7997  (cls 0.3877 bbox 0.4121)  1.34 it/s  gpu_mem=22112 MB
  iter 1600/5914  loss=0.7380  (cls 0.3670 bbox 0.3710)  1.34 it/s  gpu_mem=22112 MB
  iter 1700/5914  loss=0.7665  (cls 0.3350 bbox 0.4315)  1.34 it/s  gpu_mem=22112 MB
  iter 1800/5914  loss=0.7922  (cls 0.3752 bbox 0.4170)  1.35 it/s  gpu_mem=22112 MB
  iter 1900/5914  loss=0.9348  (cls 0.3761 bbox 0.5587)  1.35 it/s  gpu_mem=22112 MB
  iter 2000/5914  loss=0.8647  (cls 0.4119 bbox 0.4529)  1.35 it/s  gpu_mem=22112 MB
  iter 2100/5914  loss=0.8374  (cls 0.4210 bbox 0.4164)  1.35 it/s  gpu_mem=22112 MB
  iter 2200/5914  loss=0.8491  (cls 0.3719 bbox 0.4772)  1.35 it/s  gpu_mem=22112 MB
  iter 2300/5914  loss=0.6933  (cls 0.3080 bbox 0.3853)  1.35 it/s  gpu_mem=22112 MB
  iter 2400/5914  loss=0.8718  (cls 0.4207 bbox 0.4512)  1.35 it/s  gpu_mem=22112 MB
  iter 2500/5914  loss=0.7505  (cls 0.3438 bbox 0.4067)  1.35 it/s  gpu_mem=22112 MB
  iter 2600/5914  loss=0.6879  (cls 0.3522 bbox 0.3357)  1.35 it/s  gpu_mem=22112 MB
  iter 2700/5914  loss=0.8238  (cls 0.4288 bbox 0.3949)  1.35 it/s  gpu_mem=22112 MB
  iter 2800/5914  loss=1.0170  (cls 0.4358 bbox 0.5812)  1.35 it/s  gpu_mem=22112 MB
  iter 2900/5914  loss=0.8408  (cls 0.3598 bbox 0.4811)  1.35 it/s  gpu_mem=22112 MB
  iter 3000/5914  loss=0.7594  (cls 0.3713 bbox 0.3881)  1.35 it/s  gpu_mem=22112 MB
  iter 3100/5914  loss=0.6866  (cls 0.3245 bbox 0.3621)  1.34 it/s  gpu_mem=22112 MB
  iter 3200/5914  loss=0.8478  (cls 0.3904 bbox 0.4574)  1.34 it/s  gpu_mem=22112 MB
  iter 3300/5914  loss=0.8384  (cls 0.3535 bbox 0.4848)  1.34 it/s  gpu_mem=22112 MB
  iter 3400/5914  loss=0.7866  (cls 0.3166 bbox 0.4700)  1.34 it/s  gpu_mem=22112 MB
  iter 3500/5914  loss=0.7490  (cls 0.3353 bbox 0.4137)  1.35 it/s  gpu_mem=22112 MB
  iter 3600/5914  loss=0.8440  (cls 0.3510 bbox 0.4930)  1.35 it/s  gpu_mem=22112 MB
  iter 3700/5914  loss=0.8460  (cls 0.3860 bbox 0.4600)  1.35 it/s  gpu_mem=22112 MB
  iter 3800/5914  loss=0.7798  (cls 0.3995 bbox 0.3803)  1.35 it/s  gpu_mem=22112 MB
  iter 3900/5914  loss=0.8690  (cls 0.4845 bbox 0.3845)  1.35 it/s  gpu_mem=22112 MB
  iter 4000/5914  loss=0.9504  (cls 0.4228 bbox 0.5276)  1.35 it/s  gpu_mem=22112 MB
  iter 4100/5914  loss=0.8945  (cls 0.3793 bbox 0.5152)  1.35 it/s  gpu_mem=22112 MB
  iter 4200/5914  loss=0.6808  (cls 0.3394 bbox 0.3414)  1.35 it/s  gpu_mem=22112 MB
  iter 4300/5914  loss=0.8640  (cls 0.4169 bbox 0.4471)  1.35 it/s  gpu_mem=22112 MB
  iter 4400/5914  loss=0.8176  (cls 0.3802 bbox 0.4374)  1.35 it/s  gpu_mem=22112 MB
  iter 4500/5914  loss=0.7427  (cls 0.4072 bbox 0.3355)  1.35 it/s  gpu_mem=22112 MB
  iter 4600/5914  loss=0.7369  (cls 0.3782 bbox 0.3588)  1.35 it/s  gpu_mem=22112 MB
  iter 4700/5914  loss=0.6588  (cls 0.2910 bbox 0.3678)  1.35 it/s  gpu_mem=22112 MB
  iter 4800/5914  loss=0.7814  (cls 0.3574 bbox 0.4240)  1.35 it/s  gpu_mem=22112 MB
  iter 4900/5914  loss=0.7479  (cls 0.3168 bbox 0.4311)  1.35 it/s  gpu_mem=22112 MB
  iter 5000/5914  loss=0.7736  (cls 0.3396 bbox 0.4340)  1.35 it/s  gpu_mem=22112 MB
  iter 5100/5914  loss=0.8229  (cls 0.3796 bbox 0.4432)  1.35 it/s  gpu_mem=22112 MB
  iter 5200/5914  loss=0.7519  (cls 0.3613 bbox 0.3905)  1.35 it/s  gpu_mem=22112 MB
  iter 5300/5914  loss=0.7399  (cls 0.3602 bbox 0.3797)  1.35 it/s  gpu_mem=22112 MB
  iter 5400/5914  loss=0.8731  (cls 0.4056 bbox 0.4675)  1.35 it/s  gpu_mem=22112 MB
  iter 5500/5914  loss=0.9679  (cls 0.4565 bbox 0.5114)  1.35 it/s  gpu_mem=22112 MB
  iter 5600/5914  loss=0.7834  (cls 0.3376 bbox 0.4458)  1.35 it/s  gpu_mem=22112 MB
  iter 5700/5914  loss=0.6623  (cls 0.3609 bbox 0.3013)  1.35 it/s  gpu_mem=22112 MB
  iter 5800/5914  loss=0.8502  (cls 0.4019 bbox 0.4484)  1.35 it/s  gpu_mem=22112 MB
  iter 5900/5914  loss=0.9386  (cls 0.4466 bbox 0.4920)  1.35 it/s  gpu_mem=22112 MB
Epoch 14 train | total=0.8043 cls=0.3659 bbox=0.4384 | LR bb=5.36e-06 head=5.36e-05 | 5914 batches in 4380.7s
Epoch 14 eval | mAP@50=0.284  mAP@[.5:.95]=0.154
>> Best saved at epoch 14 (mAP@50: 0.284)
  iter 0/5914  loss=0.8376  (cls 0.3894 bbox 0.4482)  0.34 it/s  gpu_mem=22112 MB
  iter 100/5914  loss=0.8343  (cls 0.3735 bbox 0.4608)  1.32 it/s  gpu_mem=22112 MB
  iter 200/5914  loss=0.7871  (cls 0.3567 bbox 0.4304)  1.33 it/s  gpu_mem=22112 MB
  iter 300/5914  loss=0.8311  (cls 0.3619 bbox 0.4693)  1.33 it/s  gpu_mem=22112 MB
  iter 400/5914  loss=0.8208  (cls 0.4299 bbox 0.3909)  1.34 it/s  gpu_mem=22112 MB
  iter 500/5914  loss=0.7296  (cls 0.3328 bbox 0.3968)  1.34 it/s  gpu_mem=22112 MB
  iter 600/5914  loss=0.7673  (cls 0.3913 bbox 0.3760)  1.34 it/s  gpu_mem=22112 MB
  iter 700/5914  loss=0.8905  (cls 0.4175 bbox 0.4730)  1.34 it/s  gpu_mem=22112 MB
  iter 800/5914  loss=0.5099  (cls 0.2824 bbox 0.2275)  1.34 it/s  gpu_mem=22112 MB
  iter 900/5914  loss=0.8440  (cls 0.3666 bbox 0.4774)  1.34 it/s  gpu_mem=22112 MB
  iter 1000/5914  loss=0.9753  (cls 0.4565 bbox 0.5189)  1.34 it/s  gpu_mem=22112 MB
  iter 1100/5914  loss=0.8051  (cls 0.3786 bbox 0.4266)  1.34 it/s  gpu_mem=22112 MB
  iter 1200/5914  loss=0.6449  (cls 0.3035 bbox 0.3414)  1.34 it/s  gpu_mem=22112 MB
  iter 1300/5914  loss=0.7313  (cls 0.3765 bbox 0.3548)  1.34 it/s  gpu_mem=22112 MB
  iter 1400/5914  loss=0.8638  (cls 0.3565 bbox 0.5073)  1.34 it/s  gpu_mem=22112 MB
  iter 1500/5914  loss=0.8882  (cls 0.3667 bbox 0.5215)  1.34 it/s  gpu_mem=22112 MB
  iter 1600/5914  loss=0.8930  (cls 0.4063 bbox 0.4868)  1.34 it/s  gpu_mem=22112 MB
  iter 1700/5914  loss=0.7377  (cls 0.3396 bbox 0.3981)  1.34 it/s  gpu_mem=22112 MB
  iter 1800/5914  loss=0.7965  (cls 0.3765 bbox 0.4201)  1.34 it/s  gpu_mem=22112 MB
  iter 1900/5914  loss=0.9543  (cls 0.3824 bbox 0.5718)  1.34 it/s  gpu_mem=22112 MB
  iter 2000/5914  loss=0.6335  (cls 0.2850 bbox 0.3486)  1.34 it/s  gpu_mem=22112 MB
  iter 2100/5914  loss=0.8702  (cls 0.3642 bbox 0.5059)  1.34 it/s  gpu_mem=22112 MB
  iter 2200/5914  loss=0.6731  (cls 0.3077 bbox 0.3654)  1.34 it/s  gpu_mem=22112 MB
  iter 2300/5914  loss=0.8321  (cls 0.3814 bbox 0.4507)  1.35 it/s  gpu_mem=22112 MB
  iter 2400/5914  loss=0.6083  (cls 0.3422 bbox 0.2661)  1.35 it/s  gpu_mem=22112 MB
  iter 2500/5914  loss=0.6281  (cls 0.3020 bbox 0.3262)  1.35 it/s  gpu_mem=22112 MB
  iter 2600/5914  loss=0.7293  (cls 0.3433 bbox 0.3859)  1.35 it/s  gpu_mem=22112 MB
  iter 2700/5914  loss=0.7188  (cls 0.3185 bbox 0.4004)  1.35 it/s  gpu_mem=22112 MB
  iter 2800/5914  loss=0.7165  (cls 0.3456 bbox 0.3708)  1.35 it/s  gpu_mem=22112 MB
  iter 2900/5914  loss=0.7261  (cls 0.3133 bbox 0.4128)  1.35 it/s  gpu_mem=22112 MB
  iter 3000/5914  loss=0.7480  (cls 0.3234 bbox 0.4246)  1.35 it/s  gpu_mem=22112 MB
  iter 3100/5914  loss=0.8381  (cls 0.3727 bbox 0.4654)  1.35 it/s  gpu_mem=22112 MB
  iter 3200/5914  loss=0.7861  (cls 0.3280 bbox 0.4580)  1.35 it/s  gpu_mem=22112 MB
  iter 3300/5914  loss=0.9494  (cls 0.4232 bbox 0.5262)  1.35 it/s  gpu_mem=22112 MB
  iter 3400/5914  loss=0.7493  (cls 0.3635 bbox 0.3858)  1.35 it/s  gpu_mem=22112 MB
  iter 3500/5914  loss=0.9458  (cls 0.4419 bbox 0.5039)  1.35 it/s  gpu_mem=22112 MB
  iter 3600/5914  loss=0.7886  (cls 0.3649 bbox 0.4237)  1.35 it/s  gpu_mem=22112 MB
  iter 3700/5914  loss=0.7791  (cls 0.3463 bbox 0.4329)  1.35 it/s  gpu_mem=22112 MB
  iter 3800/5914  loss=0.8122  (cls 0.3509 bbox 0.4614)  1.35 it/s  gpu_mem=22112 MB
  iter 3900/5914  loss=0.8631  (cls 0.4281 bbox 0.4350)  1.35 it/s  gpu_mem=22112 MB
  iter 4000/5914  loss=0.6823  (cls 0.3418 bbox 0.3405)  1.35 it/s  gpu_mem=22112 MB
  iter 4100/5914  loss=0.7911  (cls 0.3659 bbox 0.4252)  1.35 it/s  gpu_mem=22112 MB
  iter 4200/5914  loss=0.7317  (cls 0.3210 bbox 0.4108)  1.35 it/s  gpu_mem=22112 MB
  iter 4300/5914  loss=0.7744  (cls 0.3375 bbox 0.4369)  1.35 it/s  gpu_mem=22112 MB
  iter 4400/5914  loss=0.9412  (cls 0.3939 bbox 0.5472)  1.35 it/s  gpu_mem=22112 MB
  iter 4500/5914  loss=0.5998  (cls 0.3376 bbox 0.2622)  1.35 it/s  gpu_mem=22112 MB
  iter 4600/5914  loss=0.7874  (cls 0.3778 bbox 0.4095)  1.35 it/s  gpu_mem=22112 MB
  iter 4700/5914  loss=0.7522  (cls 0.3396 bbox 0.4125)  1.35 it/s  gpu_mem=22112 MB
  iter 4800/5914  loss=0.7061  (cls 0.3251 bbox 0.3810)  1.35 it/s  gpu_mem=22112 MB
  iter 4900/5914  loss=0.7649  (cls 0.3030 bbox 0.4619)  1.35 it/s  gpu_mem=22112 MB
  iter 5000/5914  loss=0.7633  (cls 0.3668 bbox 0.3965)  1.35 it/s  gpu_mem=22112 MB
  iter 5100/5914  loss=0.8815  (cls 0.3723 bbox 0.5092)  1.35 it/s  gpu_mem=22112 MB
  iter 5200/5914  loss=0.6919  (cls 0.3473 bbox 0.3446)  1.35 it/s  gpu_mem=22112 MB
  iter 5300/5914  loss=0.8253  (cls 0.4068 bbox 0.4185)  1.35 it/s  gpu_mem=22112 MB
  iter 5400/5914  loss=0.7519  (cls 0.3554 bbox 0.3964)  1.35 it/s  gpu_mem=22112 MB
  iter 5500/5914  loss=0.8024  (cls 0.4033 bbox 0.3991)  1.35 it/s  gpu_mem=22112 MB
  iter 5600/5914  loss=0.7872  (cls 0.3552 bbox 0.4319)  1.35 it/s  gpu_mem=22112 MB
  iter 5700/5914  loss=0.7717  (cls 0.3213 bbox 0.4504)  1.35 it/s  gpu_mem=22112 MB
  iter 5800/5914  loss=0.8140  (cls 0.4730 bbox 0.3410)  1.35 it/s  gpu_mem=22112 MB
  iter 5900/5914  loss=0.7289  (cls 0.3439 bbox 0.3850)  1.35 it/s  gpu_mem=22112 MB
Epoch 15 train | total=0.7925 cls=0.3590 bbox=0.4335 | LR bb=3.51e-06 head=3.51e-05 | 5914 batches in 4369.2s
Epoch 15 eval | mAP@50=0.291  mAP@[.5:.95]=0.158
>> Best saved at epoch 15 (mAP@50: 0.291)
  iter 0/5914  loss=0.7984  (cls 0.3094 bbox 0.4890)  0.59 it/s  gpu_mem=22112 MB
  iter 100/5914  loss=0.7623  (cls 0.3319 bbox 0.4303)  1.34 it/s  gpu_mem=22112 MB
  iter 200/5914  loss=0.6905  (cls 0.3259 bbox 0.3646)  1.35 it/s  gpu_mem=22112 MB
  iter 300/5914  loss=0.9798  (cls 0.3956 bbox 0.5842)  1.35 it/s  gpu_mem=22112 MB
  iter 400/5914  loss=0.7444  (cls 0.3261 bbox 0.4182)  1.35 it/s  gpu_mem=22112 MB
  iter 500/5914  loss=0.6236  (cls 0.2963 bbox 0.3273)  1.35 it/s  gpu_mem=22112 MB
  iter 600/5914  loss=0.7562  (cls 0.3586 bbox 0.3977)  1.35 it/s  gpu_mem=22112 MB
  iter 700/5914  loss=0.7205  (cls 0.3311 bbox 0.3894)  1.35 it/s  gpu_mem=22112 MB
  iter 800/5914  loss=0.7960  (cls 0.3456 bbox 0.4504)  1.35 it/s  gpu_mem=22112 MB
  iter 900/5914  loss=0.7384  (cls 0.3782 bbox 0.3602)  1.35 it/s  gpu_mem=22112 MB
  iter 1000/5914  loss=0.9047  (cls 0.4380 bbox 0.4667)  1.35 it/s  gpu_mem=22112 MB
  iter 1100/5914  loss=0.6926  (cls 0.3183 bbox 0.3743)  1.35 it/s  gpu_mem=22112 MB
  iter 1200/5914  loss=0.9147  (cls 0.3633 bbox 0.5514)  1.35 it/s  gpu_mem=22112 MB
  iter 1300/5914  loss=0.8420  (cls 0.3806 bbox 0.4613)  1.35 it/s  gpu_mem=22112 MB
  iter 1400/5914  loss=0.7766  (cls 0.3584 bbox 0.4182)  1.35 it/s  gpu_mem=22112 MB
  iter 1500/5914  loss=0.8065  (cls 0.3732 bbox 0.4333)  1.35 it/s  gpu_mem=22112 MB
  iter 1600/5914  loss=0.8287  (cls 0.3489 bbox 0.4799)  1.35 it/s  gpu_mem=22112 MB
  iter 1700/5914  loss=0.7552  (cls 0.3302 bbox 0.4250)  1.35 it/s  gpu_mem=22112 MB
  iter 1800/5914  loss=1.0511  (cls 0.4229 bbox 0.6282)  1.35 it/s  gpu_mem=22112 MB
  iter 1900/5914  loss=0.8016  (cls 0.3613 bbox 0.4402)  1.35 it/s  gpu_mem=22112 MB
  iter 2000/5914  loss=0.8128  (cls 0.3186 bbox 0.4943)  1.35 it/s  gpu_mem=22112 MB
  iter 2100/5914  loss=0.7194  (cls 0.3134 bbox 0.4060)  1.35 it/s  gpu_mem=22112 MB
  iter 2200/5914  loss=0.8756  (cls 0.3874 bbox 0.4882)  1.35 it/s  gpu_mem=22112 MB
  iter 2300/5914  loss=0.7968  (cls 0.3977 bbox 0.3990)  1.35 it/s  gpu_mem=22112 MB
  iter 2400/5914  loss=0.5681  (cls 0.2560 bbox 0.3121)  1.35 it/s  gpu_mem=22112 MB
  iter 2500/5914  loss=0.9009  (cls 0.4122 bbox 0.4887)  1.35 it/s  gpu_mem=22112 MB
  iter 2600/5914  loss=0.6974  (cls 0.3247 bbox 0.3727)  1.35 it/s  gpu_mem=22112 MB
  iter 2700/5914  loss=0.7478  (cls 0.3445 bbox 0.4033)  1.35 it/s  gpu_mem=22112 MB
  iter 2800/5914  loss=0.7014  (cls 0.3556 bbox 0.3458)  1.35 it/s  gpu_mem=22112 MB
  iter 2900/5914  loss=0.7038  (cls 0.3260 bbox 0.3778)  1.35 it/s  gpu_mem=22112 MB
  iter 3000/5914  loss=0.7070  (cls 0.3086 bbox 0.3984)  1.35 it/s  gpu_mem=22112 MB
  iter 3100/5914  loss=0.8809  (cls 0.3658 bbox 0.5152)  1.35 it/s  gpu_mem=22112 MB
  iter 3200/5914  loss=0.7347  (cls 0.3136 bbox 0.4211)  1.35 it/s  gpu_mem=22112 MB
  iter 3300/5914  loss=0.8283  (cls 0.3959 bbox 0.4324)  1.35 it/s  gpu_mem=22112 MB
  iter 3400/5914  loss=0.8182  (cls 0.3488 bbox 0.4694)  1.35 it/s  gpu_mem=22112 MB
  iter 3500/5914  loss=0.9600  (cls 0.4296 bbox 0.5304)  1.35 it/s  gpu_mem=22112 MB
  iter 3600/5914  loss=0.8655  (cls 0.3905 bbox 0.4751)  1.35 it/s  gpu_mem=22112 MB
  iter 3700/5914  loss=1.0290  (cls 0.4369 bbox 0.5921)  1.35 it/s  gpu_mem=22112 MB
  iter 3800/5914  loss=0.8604  (cls 0.3582 bbox 0.5022)  1.35 it/s  gpu_mem=22112 MB
  iter 3900/5914  loss=0.8085  (cls 0.3328 bbox 0.4757)  1.35 it/s  gpu_mem=22112 MB
  iter 4000/5914  loss=0.7216  (cls 0.3459 bbox 0.3757)  1.35 it/s  gpu_mem=22112 MB
  iter 4100/5914  loss=0.8544  (cls 0.3699 bbox 0.4845)  1.35 it/s  gpu_mem=22112 MB
  iter 4200/5914  loss=0.8839  (cls 0.4298 bbox 0.4542)  1.35 it/s  gpu_mem=22112 MB
  iter 4300/5914  loss=0.6424  (cls 0.3267 bbox 0.3158)  1.35 it/s  gpu_mem=22112 MB
  iter 4400/5914  loss=0.8531  (cls 0.3568 bbox 0.4963)  1.35 it/s  gpu_mem=22112 MB
  iter 4500/5914  loss=0.8324  (cls 0.3790 bbox 0.4534)  1.35 it/s  gpu_mem=22112 MB
  iter 4600/5914  loss=0.7767  (cls 0.3546 bbox 0.4221)  1.35 it/s  gpu_mem=22112 MB
  iter 4700/5914  loss=0.8639  (cls 0.4094 bbox 0.4544)  1.35 it/s  gpu_mem=22112 MB
  iter 4800/5914  loss=0.9547  (cls 0.4373 bbox 0.5174)  1.35 it/s  gpu_mem=22112 MB
  iter 4900/5914  loss=0.7368  (cls 0.3458 bbox 0.3911)  1.35 it/s  gpu_mem=22112 MB
  iter 5000/5914  loss=0.7278  (cls 0.3852 bbox 0.3426)  1.35 it/s  gpu_mem=22112 MB
  iter 5100/5914  loss=0.6665  (cls 0.3272 bbox 0.3393)  1.35 it/s  gpu_mem=22112 MB
  iter 5200/5914  loss=0.8703  (cls 0.3802 bbox 0.4901)  1.35 it/s  gpu_mem=22112 MB
  iter 5300/5914  loss=0.6751  (cls 0.3255 bbox 0.3495)  1.35 it/s  gpu_mem=22112 MB
  iter 5400/5914  loss=0.9170  (cls 0.4182 bbox 0.4988)  1.35 it/s  gpu_mem=22112 MB
  iter 5500/5914  loss=0.6569  (cls 0.3193 bbox 0.3376)  1.35 it/s  gpu_mem=22112 MB
  iter 5600/5914  loss=0.7029  (cls 0.3067 bbox 0.3962)  1.35 it/s  gpu_mem=22112 MB
  iter 5700/5914  loss=0.7515  (cls 0.3271 bbox 0.4244)  1.35 it/s  gpu_mem=22112 MB
  iter 5800/5914  loss=0.8628  (cls 0.3730 bbox 0.4898)  1.35 it/s  gpu_mem=22112 MB
  iter 5900/5914  loss=0.7513  (cls 0.3567 bbox 0.3946)  1.35 it/s  gpu_mem=22112 MB
Epoch 16 train | total=0.7824 cls=0.3534 bbox=0.4290 | LR bb=2.01e-06 head=2.01e-05 | 5914 batches in 4383.8s
Epoch 16 eval | mAP@50=0.292  mAP@[.5:.95]=0.159
>> Best saved at epoch 16 (mAP@50: 0.292)
  iter 0/5914  loss=0.9689  (cls 0.3640 bbox 0.6049)  0.43 it/s  gpu_mem=22112 MB
  iter 100/5914  loss=0.7989  (cls 0.3188 bbox 0.4801)  1.33 it/s  gpu_mem=22112 MB
  iter 200/5914  loss=0.7439  (cls 0.3501 bbox 0.3937)  1.33 it/s  gpu_mem=22112 MB
  iter 300/5914  loss=0.7304  (cls 0.2940 bbox 0.4364)  1.34 it/s  gpu_mem=22112 MB
  iter 400/5914  loss=0.7952  (cls 0.3183 bbox 0.4769)  1.34 it/s  gpu_mem=22112 MB
  iter 500/5914  loss=0.7091  (cls 0.3413 bbox 0.3678)  1.34 it/s  gpu_mem=22112 MB
  iter 600/5914  loss=0.7346  (cls 0.3447 bbox 0.3899)  1.34 it/s  gpu_mem=22112 MB
  iter 700/5914  loss=0.7544  (cls 0.3210 bbox 0.4335)  1.34 it/s  gpu_mem=22112 MB
  iter 800/5914  loss=0.7618  (cls 0.3328 bbox 0.4290)  1.34 it/s  gpu_mem=22112 MB
  iter 900/5914  loss=0.6904  (cls 0.3050 bbox 0.3854)  1.34 it/s  gpu_mem=22112 MB
  iter 1000/5914  loss=0.9240  (cls 0.3440 bbox 0.5800)  1.35 it/s  gpu_mem=22112 MB
  iter 1100/5914  loss=0.7005  (cls 0.3559 bbox 0.3446)  1.35 it/s  gpu_mem=22112 MB
  iter 1200/5914  loss=0.7996  (cls 0.3514 bbox 0.4482)  1.35 it/s  gpu_mem=22112 MB
  iter 1300/5914  loss=0.9077  (cls 0.3540 bbox 0.5537)  1.34 it/s  gpu_mem=22112 MB
  iter 1400/5914  loss=0.7216  (cls 0.3447 bbox 0.3768)  1.34 it/s  gpu_mem=22112 MB
  iter 1500/5914  loss=1.0022  (cls 0.4110 bbox 0.5913)  1.34 it/s  gpu_mem=22112 MB
  iter 1600/5914  loss=0.9360  (cls 0.4047 bbox 0.5313)  1.34 it/s  gpu_mem=22112 MB
  iter 1700/5914  loss=0.9460  (cls 0.4157 bbox 0.5302)  1.34 it/s  gpu_mem=22112 MB
  iter 1800/5914  loss=0.7979  (cls 0.3553 bbox 0.4426)  1.34 it/s  gpu_mem=22112 MB
  iter 1900/5914  loss=0.8878  (cls 0.4431 bbox 0.4447)  1.34 it/s  gpu_mem=22112 MB
  iter 2000/5914  loss=0.7137  (cls 0.3661 bbox 0.3477)  1.35 it/s  gpu_mem=22112 MB
  iter 2100/5914  loss=0.6063  (cls 0.2630 bbox 0.3432)  1.35 it/s  gpu_mem=22112 MB
  iter 2200/5914  loss=0.7598  (cls 0.3465 bbox 0.4133)  1.35 it/s  gpu_mem=22112 MB
  iter 2300/5914  loss=0.7349  (cls 0.3440 bbox 0.3909)  1.35 it/s  gpu_mem=22112 MB
  iter 2400/5914  loss=0.7894  (cls 0.3094 bbox 0.4800)  1.35 it/s  gpu_mem=22112 MB
  iter 2500/5914  loss=0.8345  (cls 0.3340 bbox 0.5006)  1.35 it/s  gpu_mem=22112 MB
  iter 2600/5914  loss=0.7523  (cls 0.2822 bbox 0.4701)  1.35 it/s  gpu_mem=22112 MB
  iter 2700/5914  loss=0.7799  (cls 0.3693 bbox 0.4106)  1.35 it/s  gpu_mem=22112 MB
  iter 2800/5914  loss=0.8203  (cls 0.3353 bbox 0.4850)  1.35 it/s  gpu_mem=22112 MB
  iter 2900/5914  loss=0.9476  (cls 0.4309 bbox 0.5167)  1.35 it/s  gpu_mem=22112 MB
  iter 3000/5914  loss=0.8005  (cls 0.3432 bbox 0.4573)  1.35 it/s  gpu_mem=22112 MB
  iter 3100/5914  loss=0.7061  (cls 0.3356 bbox 0.3705)  1.35 it/s  gpu_mem=22112 MB
  iter 3200/5914  loss=0.6761  (cls 0.3050 bbox 0.3711)  1.35 it/s  gpu_mem=22112 MB
  iter 3300/5914  loss=0.7872  (cls 0.3194 bbox 0.4679)  1.35 it/s  gpu_mem=22112 MB
  iter 3400/5914  loss=0.7581  (cls 0.3507 bbox 0.4074)  1.35 it/s  gpu_mem=22112 MB
  iter 3500/5914  loss=0.6640  (cls 0.3480 bbox 0.3160)  1.35 it/s  gpu_mem=22112 MB
  iter 3600/5914  loss=0.7796  (cls 0.3979 bbox 0.3817)  1.35 it/s  gpu_mem=22112 MB
  iter 3700/5914  loss=0.9998  (cls 0.4348 bbox 0.5649)  1.35 it/s  gpu_mem=22112 MB
  iter 3800/5914  loss=0.7010  (cls 0.3443 bbox 0.3567)  1.35 it/s  gpu_mem=22112 MB
  iter 3900/5914  loss=0.6513  (cls 0.2855 bbox 0.3658)  1.35 it/s  gpu_mem=22112 MB
  iter 4000/5914  loss=0.7447  (cls 0.3582 bbox 0.3865)  1.35 it/s  gpu_mem=22112 MB
  iter 4100/5914  loss=0.9613  (cls 0.3897 bbox 0.5716)  1.35 it/s  gpu_mem=22112 MB
  iter 4200/5914  loss=0.7580  (cls 0.3219 bbox 0.4361)  1.35 it/s  gpu_mem=22112 MB
  iter 4300/5914  loss=0.5743  (cls 0.2716 bbox 0.3027)  1.35 it/s  gpu_mem=22112 MB
  iter 4400/5914  loss=0.7225  (cls 0.3240 bbox 0.3985)  1.35 it/s  gpu_mem=22112 MB
  iter 4500/5914  loss=0.8263  (cls 0.3376 bbox 0.4887)  1.35 it/s  gpu_mem=22112 MB
  iter 4600/5914  loss=0.9039  (cls 0.3816 bbox 0.5223)  1.35 it/s  gpu_mem=22112 MB
  iter 4700/5914  loss=0.7085  (cls 0.3814 bbox 0.3271)  1.35 it/s  gpu_mem=22112 MB
  iter 4800/5914  loss=0.7647  (cls 0.3313 bbox 0.4334)  1.35 it/s  gpu_mem=22112 MB
  iter 4900/5914  loss=0.8557  (cls 0.3485 bbox 0.5072)  1.35 it/s  gpu_mem=22112 MB
  iter 5000/5914  loss=0.7715  (cls 0.3531 bbox 0.4184)  1.35 it/s  gpu_mem=22112 MB
  iter 5100/5914  loss=0.9116  (cls 0.3923 bbox 0.5193)  1.35 it/s  gpu_mem=22112 MB
  iter 5200/5914  loss=0.6507  (cls 0.3302 bbox 0.3204)  1.35 it/s  gpu_mem=22112 MB
  iter 5300/5914  loss=0.7440  (cls 0.3522 bbox 0.3919)  1.35 it/s  gpu_mem=22112 MB
  iter 5400/5914  loss=0.7292  (cls 0.3721 bbox 0.3570)  1.35 it/s  gpu_mem=22112 MB
  iter 5500/5914  loss=0.9620  (cls 0.3083 bbox 0.6537)  1.35 it/s  gpu_mem=22112 MB
  iter 5600/5914  loss=0.7142  (cls 0.3442 bbox 0.3701)  1.35 it/s  gpu_mem=22112 MB
  iter 5700/5914  loss=0.8146  (cls 0.3088 bbox 0.5058)  1.35 it/s  gpu_mem=22112 MB
  iter 5800/5914  loss=0.8266  (cls 0.3760 bbox 0.4506)  1.35 it/s  gpu_mem=22112 MB
  iter 5900/5914  loss=0.6836  (cls 0.3232 bbox 0.3605)  1.35 it/s  gpu_mem=22112 MB
Epoch 17 train | total=0.7746 cls=0.3491 bbox=0.4255 | LR bb=9.05e-07 head=9.05e-06 | 5914 batches in 4388.7s
Epoch 17 eval | mAP@50=0.293  mAP@[.5:.95]=0.160
>> Best saved at epoch 17 (mAP@50: 0.293)
  iter 0/5914  loss=0.7188  (cls 0.3272 bbox 0.3916)  0.39 it/s  gpu_mem=22112 MB
  iter 100/5914  loss=0.7136  (cls 0.3148 bbox 0.3988)  1.32 it/s  gpu_mem=22112 MB
  iter 200/5914  loss=0.8413  (cls 0.3726 bbox 0.4687)  1.33 it/s  gpu_mem=22112 MB
  iter 300/5914  loss=0.7439  (cls 0.3629 bbox 0.3810)  1.33 it/s  gpu_mem=22112 MB
  iter 400/5914  loss=0.7433  (cls 0.3132 bbox 0.4302)  1.34 it/s  gpu_mem=22112 MB
  iter 500/5914  loss=0.7811  (cls 0.3287 bbox 0.4524)  1.34 it/s  gpu_mem=22112 MB
  iter 600/5914  loss=0.7074  (cls 0.3044 bbox 0.4030)  1.34 it/s  gpu_mem=22112 MB
  iter 700/5914  loss=0.6420  (cls 0.3010 bbox 0.3411)  1.34 it/s  gpu_mem=22112 MB
  iter 800/5914  loss=0.6544  (cls 0.3237 bbox 0.3307)  1.34 it/s  gpu_mem=22112 MB
  iter 900/5914  loss=0.7753  (cls 0.3725 bbox 0.4028)  1.34 it/s  gpu_mem=22112 MB
  iter 1000/5914  loss=0.6993  (cls 0.2966 bbox 0.4027)  1.34 it/s  gpu_mem=22112 MB
  iter 1100/5914  loss=0.7449  (cls 0.2957 bbox 0.4492)  1.34 it/s  gpu_mem=22112 MB
  iter 1200/5914  loss=0.9029  (cls 0.4237 bbox 0.4791)  1.34 it/s  gpu_mem=22112 MB
  iter 1300/5914  loss=0.8205  (cls 0.3779 bbox 0.4425)  1.34 it/s  gpu_mem=22112 MB
  iter 1400/5914  loss=0.6667  (cls 0.3362 bbox 0.3305)  1.34 it/s  gpu_mem=22112 MB
  iter 1500/5914  loss=0.7673  (cls 0.3378 bbox 0.4295)  1.35 it/s  gpu_mem=22112 MB
  iter 1600/5914  loss=0.8915  (cls 0.3592 bbox 0.5323)  1.35 it/s  gpu_mem=22112 MB
  iter 1700/5914  loss=0.7710  (cls 0.3328 bbox 0.4383)  1.35 it/s  gpu_mem=22112 MB
  iter 1800/5914  loss=0.7976  (cls 0.3573 bbox 0.4403)  1.35 it/s  gpu_mem=22112 MB
  iter 1900/5914  loss=0.8093  (cls 0.3791 bbox 0.4302)  1.35 it/s  gpu_mem=22112 MB
  iter 2000/5914  loss=0.8250  (cls 0.3567 bbox 0.4683)  1.35 it/s  gpu_mem=22112 MB
  iter 2100/5914  loss=0.8906  (cls 0.3929 bbox 0.4976)  1.35 it/s  gpu_mem=22112 MB
  iter 2200/5914  loss=0.8554  (cls 0.3659 bbox 0.4896)  1.35 it/s  gpu_mem=22112 MB
  iter 2300/5914  loss=0.7434  (cls 0.3139 bbox 0.4295)  1.35 it/s  gpu_mem=22112 MB
  iter 2400/5914  loss=0.6596  (cls 0.3187 bbox 0.3409)  1.35 it/s  gpu_mem=22112 MB
  iter 2500/5914  loss=0.8548  (cls 0.4239 bbox 0.4309)  1.35 it/s  gpu_mem=22112 MB
  iter 2600/5914  loss=0.9219  (cls 0.4500 bbox 0.4719)  1.35 it/s  gpu_mem=22112 MB
  iter 2700/5914  loss=0.6901  (cls 0.3285 bbox 0.3616)  1.35 it/s  gpu_mem=22112 MB
  iter 2800/5914  loss=0.7590  (cls 0.3443 bbox 0.4146)  1.35 it/s  gpu_mem=22112 MB
  iter 2900/5914  loss=0.7233  (cls 0.3412 bbox 0.3821)  1.35 it/s  gpu_mem=22112 MB
  iter 3000/5914  loss=0.6687  (cls 0.2964 bbox 0.3723)  1.35 it/s  gpu_mem=22112 MB
  iter 3100/5914  loss=0.6923  (cls 0.3583 bbox 0.3340)  1.35 it/s  gpu_mem=22112 MB
  iter 3200/5914  loss=0.7410  (cls 0.3320 bbox 0.4090)  1.35 it/s  gpu_mem=22112 MB
  iter 3300/5914  loss=0.8870  (cls 0.3668 bbox 0.5201)  1.35 it/s  gpu_mem=22112 MB
  iter 3400/5914  loss=0.7066  (cls 0.3062 bbox 0.4005)  1.35 it/s  gpu_mem=22112 MB
  iter 3500/5914  loss=0.7348  (cls 0.2903 bbox 0.4445)  1.35 it/s  gpu_mem=22112 MB
  iter 3600/5914  loss=0.6986  (cls 0.3423 bbox 0.3563)  1.35 it/s  gpu_mem=22112 MB
  iter 3700/5914  loss=0.8640  (cls 0.3761 bbox 0.4879)  1.35 it/s  gpu_mem=22112 MB
  iter 3800/5914  loss=0.7689  (cls 0.3705 bbox 0.3984)  1.35 it/s  gpu_mem=22112 MB
  iter 3900/5914  loss=0.7744  (cls 0.3708 bbox 0.4036)  1.35 it/s  gpu_mem=22112 MB
  iter 4000/5914  loss=0.7469  (cls 0.3813 bbox 0.3656)  1.35 it/s  gpu_mem=22112 MB
  iter 4100/5914  loss=0.7971  (cls 0.4008 bbox 0.3963)  1.35 it/s  gpu_mem=22112 MB
  iter 4200/5914  loss=0.9828  (cls 0.4456 bbox 0.5372)  1.35 it/s  gpu_mem=22112 MB
  iter 4300/5914  loss=0.6330  (cls 0.2552 bbox 0.3778)  1.35 it/s  gpu_mem=22112 MB
  iter 4400/5914  loss=0.5970  (cls 0.2562 bbox 0.3409)  1.35 it/s  gpu_mem=22112 MB
  iter 4500/5914  loss=0.7672  (cls 0.3326 bbox 0.4346)  1.35 it/s  gpu_mem=22112 MB
  iter 4600/5914  loss=0.7095  (cls 0.3438 bbox 0.3657)  1.35 it/s  gpu_mem=22112 MB
  iter 4700/5914  loss=0.7384  (cls 0.3426 bbox 0.3957)  1.35 it/s  gpu_mem=22112 MB
  iter 4800/5914  loss=0.7968  (cls 0.3450 bbox 0.4518)  1.35 it/s  gpu_mem=22112 MB
  iter 4900/5914  loss=0.8719  (cls 0.4111 bbox 0.4608)  1.35 it/s  gpu_mem=22112 MB
  iter 5000/5914  loss=0.8407  (cls 0.3607 bbox 0.4800)  1.35 it/s  gpu_mem=22112 MB
  iter 5100/5914  loss=0.7246  (cls 0.3339 bbox 0.3907)  1.35 it/s  gpu_mem=22112 MB
  iter 5200/5914  loss=0.8400  (cls 0.4096 bbox 0.4304)  1.35 it/s  gpu_mem=22112 MB
  iter 5300/5914  loss=0.7648  (cls 0.3444 bbox 0.4204)  1.35 it/s  gpu_mem=22112 MB
  iter 5400/5914  loss=0.9215  (cls 0.4205 bbox 0.5010)  1.35 it/s  gpu_mem=22112 MB
  iter 5500/5914  loss=0.8223  (cls 0.4025 bbox 0.4198)  1.35 it/s  gpu_mem=22112 MB
  iter 5600/5914  loss=0.8862  (cls 0.3795 bbox 0.5067)  1.35 it/s  gpu_mem=22112 MB
  iter 5700/5914  loss=0.8076  (cls 0.3573 bbox 0.4503)  1.35 it/s  gpu_mem=22112 MB
  iter 5800/5914  loss=0.7669  (cls 0.3305 bbox 0.4363)  1.35 it/s  gpu_mem=22112 MB
  iter 5900/5914  loss=0.7402  (cls 0.3346 bbox 0.4056)  1.35 it/s  gpu_mem=22112 MB
Epoch 18 train | total=0.7707 cls=0.3470 bbox=0.4236 | LR bb=2.28e-07 head=2.28e-06 | 5914 batches in 4374.4s
Epoch 18 eval | mAP@50=0.295  mAP@[.5:.95]=0.162
>> Best saved at epoch 18 (mAP@50: 0.295)
  iter 0/5914  loss=0.6605  (cls 0.3094 bbox 0.3511)  0.38 it/s  gpu_mem=22112 MB
  iter 100/5914  loss=0.7029  (cls 0.2873 bbox 0.4157)  1.32 it/s  gpu_mem=22112 MB
  iter 200/5914  loss=1.0247  (cls 0.3944 bbox 0.6303)  1.34 it/s  gpu_mem=22112 MB
  iter 300/5914  loss=0.7967  (cls 0.3607 bbox 0.4361)  1.34 it/s  gpu_mem=22112 MB
  iter 400/5914  loss=0.7185  (cls 0.3080 bbox 0.4106)  1.34 it/s  gpu_mem=22112 MB
  iter 500/5914  loss=0.6591  (cls 0.3080 bbox 0.3511)  1.34 it/s  gpu_mem=22112 MB
  iter 600/5914  loss=0.7240  (cls 0.3609 bbox 0.3631)  1.35 it/s  gpu_mem=22112 MB
  iter 700/5914  loss=0.7081  (cls 0.3398 bbox 0.3683)  1.35 it/s  gpu_mem=22112 MB
  iter 800/5914  loss=0.8348  (cls 0.4090 bbox 0.4259)  1.35 it/s  gpu_mem=22112 MB
  iter 900/5914  loss=0.8088  (cls 0.3335 bbox 0.4753)  1.35 it/s  gpu_mem=22112 MB
  iter 1000/5914  loss=0.5880  (cls 0.2846 bbox 0.3034)  1.35 it/s  gpu_mem=22112 MB
  iter 1100/5914  loss=0.6918  (cls 0.3287 bbox 0.3631)  1.35 it/s  gpu_mem=22112 MB
  iter 1200/5914  loss=1.0537  (cls 0.4047 bbox 0.6490)  1.35 it/s  gpu_mem=22112 MB
  iter 1300/5914  loss=0.7555  (cls 0.3409 bbox 0.4146)  1.35 it/s  gpu_mem=22112 MB
  iter 1400/5914  loss=0.7421  (cls 0.3740 bbox 0.3681)  1.35 it/s  gpu_mem=22112 MB
  iter 1500/5914  loss=0.7643  (cls 0.3071 bbox 0.4571)  1.35 it/s  gpu_mem=22112 MB
  iter 1600/5914  loss=0.7073  (cls 0.3433 bbox 0.3640)  1.35 it/s  gpu_mem=22112 MB
  iter 1700/5914  loss=0.9067  (cls 0.3830 bbox 0.5236)  1.35 it/s  gpu_mem=22112 MB
  iter 1800/5914  loss=0.7199  (cls 0.3346 bbox 0.3854)  1.35 it/s  gpu_mem=22112 MB
  iter 1900/5914  loss=0.8337  (cls 0.4014 bbox 0.4323)  1.35 it/s  gpu_mem=22112 MB
  iter 2000/5914  loss=0.7479  (cls 0.3744 bbox 0.3735)  1.35 it/s  gpu_mem=22112 MB
  iter 2100/5914  loss=0.6487  (cls 0.3104 bbox 0.3383)  1.35 it/s  gpu_mem=22112 MB
  iter 2200/5914  loss=0.7255  (cls 0.3105 bbox 0.4150)  1.35 it/s  gpu_mem=22112 MB
  iter 2300/5914  loss=0.6859  (cls 0.3116 bbox 0.3743)  1.35 it/s  gpu_mem=22112 MB
  iter 2400/5914  loss=0.8063  (cls 0.3434 bbox 0.4629)  1.35 it/s  gpu_mem=22112 MB
  iter 2500/5914  loss=0.7991  (cls 0.3426 bbox 0.4565)  1.35 it/s  gpu_mem=22112 MB
  iter 2600/5914  loss=0.8841  (cls 0.3486 bbox 0.5355)  1.35 it/s  gpu_mem=22112 MB
  iter 2700/5914  loss=0.8714  (cls 0.3513 bbox 0.5201)  1.35 it/s  gpu_mem=22112 MB
  iter 2800/5914  loss=0.7444  (cls 0.3398 bbox 0.4046)  1.35 it/s  gpu_mem=22112 MB
  iter 2900/5914  loss=0.7430  (cls 0.3628 bbox 0.3802)  1.35 it/s  gpu_mem=22112 MB
  iter 3000/5914  loss=0.6980  (cls 0.3795 bbox 0.3185)  1.35 it/s  gpu_mem=22112 MB
  iter 3100/5914  loss=0.7682  (cls 0.3375 bbox 0.4306)  1.35 it/s  gpu_mem=22112 MB
  iter 3200/5914  loss=0.8028  (cls 0.3668 bbox 0.4360)  1.35 it/s  gpu_mem=22112 MB
  iter 3300/5914  loss=0.7669  (cls 0.3116 bbox 0.4554)  1.35 it/s  gpu_mem=22112 MB
  iter 3400/5914  loss=0.6953  (cls 0.3413 bbox 0.3540)  1.35 it/s  gpu_mem=22112 MB
  iter 3500/5914  loss=0.8238  (cls 0.3323 bbox 0.4916)  1.35 it/s  gpu_mem=22112 MB
  iter 3600/5914  loss=0.8147  (cls 0.3797 bbox 0.4350)  1.35 it/s  gpu_mem=22112 MB
  iter 3700/5914  loss=0.6823  (cls 0.2960 bbox 0.3863)  1.35 it/s  gpu_mem=22112 MB
  iter 3800/5914  loss=0.7431  (cls 0.3071 bbox 0.4359)  1.35 it/s  gpu_mem=22112 MB
  iter 3900/5914  loss=0.5537  (cls 0.2595 bbox 0.2942)  1.35 it/s  gpu_mem=22112 MB
  iter 4000/5914  loss=0.7423  (cls 0.3852 bbox 0.3571)  1.36 it/s  gpu_mem=22112 MB
  iter 4100/5914  loss=0.7271  (cls 0.3157 bbox 0.4115)  1.36 it/s  gpu_mem=22112 MB
  iter 4200/5914  loss=0.7465  (cls 0.3288 bbox 0.4177)  1.36 it/s  gpu_mem=22112 MB
  iter 4300/5914  loss=0.7965  (cls 0.3494 bbox 0.4471)  1.36 it/s  gpu_mem=22112 MB
  iter 4400/5914  loss=0.8795  (cls 0.3659 bbox 0.5136)  1.36 it/s  gpu_mem=22112 MB
  iter 4500/5914  loss=0.6992  (cls 0.2879 bbox 0.4113)  1.36 it/s  gpu_mem=22112 MB
  iter 4600/5914  loss=0.8907  (cls 0.3931 bbox 0.4976)  1.36 it/s  gpu_mem=22112 MB
  iter 4700/5914  loss=0.9824  (cls 0.4362 bbox 0.5461)  1.36 it/s  gpu_mem=22112 MB
  iter 4800/5914  loss=0.8649  (cls 0.3076 bbox 0.5573)  1.36 it/s  gpu_mem=22112 MB
  iter 4900/5914  loss=0.8833  (cls 0.3521 bbox 0.5312)  1.36 it/s  gpu_mem=22112 MB
  iter 5000/5914  loss=0.5806  (cls 0.2643 bbox 0.3163)  1.36 it/s  gpu_mem=22112 MB
  iter 5100/5914  loss=0.5987  (cls 0.2936 bbox 0.3050)  1.36 it/s  gpu_mem=22112 MB
  iter 5200/5914  loss=0.7160  (cls 0.3223 bbox 0.3937)  1.36 it/s  gpu_mem=22112 MB
  iter 5300/5914  loss=0.6335  (cls 0.3004 bbox 0.3331)  1.36 it/s  gpu_mem=22112 MB
  iter 5400/5914  loss=0.7557  (cls 0.3266 bbox 0.4292)  1.36 it/s  gpu_mem=22112 MB
  iter 5500/5914  loss=0.8507  (cls 0.3631 bbox 0.4876)  1.36 it/s  gpu_mem=22112 MB
  iter 5600/5914  loss=0.7607  (cls 0.3282 bbox 0.4325)  1.36 it/s  gpu_mem=22112 MB
  iter 5700/5914  loss=0.9555  (cls 0.4467 bbox 0.5087)  1.36 it/s  gpu_mem=22112 MB
  iter 5800/5914  loss=0.8381  (cls 0.3794 bbox 0.4587)  1.36 it/s  gpu_mem=22112 MB
  iter 5900/5914  loss=1.0314  (cls 0.3700 bbox 0.6614)  1.36 it/s  gpu_mem=22112 MB
Epoch 19 train | total=0.7679 cls=0.3455 bbox=0.4224 | LR bb=0.00e+00 head=0.00e+00 | 5914 batches in 4352.4s
Epoch 19 eval | mAP@50=0.295  mAP@[.5:.95]=0.162
  iter 0/5914  loss=0.7648  (cls 0.3613 bbox 0.4035)  0.43 it/s  gpu_mem=22112 MB
  iter 100/5914  loss=0.8013  (cls 0.3489 bbox 0.4524)  1.34 it/s  gpu_mem=22112 MB
  iter 200/5914  loss=0.8087  (cls 0.3935 bbox 0.4152)  1.36 it/s  gpu_mem=22112 MB
  iter 300/5914  loss=0.8697  (cls 0.4120 bbox 0.4577)  1.36 it/s  gpu_mem=22112 MB
  iter 400/5914  loss=0.8131  (cls 0.3871 bbox 0.4260)  1.36 it/s  gpu_mem=22112 MB
  iter 500/5914  loss=0.6106  (cls 0.2699 bbox 0.3407)  1.36 it/s  gpu_mem=22112 MB
  iter 600/5914  loss=0.7950  (cls 0.3475 bbox 0.4475)  1.36 it/s  gpu_mem=22112 MB
  iter 700/5914  loss=0.8719  (cls 0.4103 bbox 0.4616)  1.36 it/s  gpu_mem=22112 MB
  iter 800/5914  loss=0.6107  (cls 0.3135 bbox 0.2972)  1.36 it/s  gpu_mem=22112 MB
  iter 900/5914  loss=0.6876  (cls 0.2996 bbox 0.3879)  1.36 it/s  gpu_mem=22112 MB
  iter 1000/5914  loss=0.6501  (cls 0.3039 bbox 0.3462)  1.36 it/s  gpu_mem=22112 MB
  iter 1100/5914  loss=0.6879  (cls 0.3285 bbox 0.3594)  1.36 it/s  gpu_mem=22112 MB
  iter 1200/5914  loss=0.8168  (cls 0.3598 bbox 0.4571)  1.36 it/s  gpu_mem=22112 MB
  iter 1300/5914  loss=0.8832  (cls 0.4023 bbox 0.4810)  1.36 it/s  gpu_mem=22112 MB
  iter 1400/5914  loss=0.8083  (cls 0.3463 bbox 0.4620)  1.36 it/s  gpu_mem=22112 MB
  iter 1500/5914  loss=0.6865  (cls 0.3154 bbox 0.3712)  1.36 it/s  gpu_mem=22112 MB
  iter 1600/5914  loss=0.7707  (cls 0.3367 bbox 0.4339)  1.36 it/s  gpu_mem=22112 MB
  iter 1700/5914  loss=0.7589  (cls 0.3541 bbox 0.4048)  1.36 it/s  gpu_mem=22112 MB
  iter 1800/5914  loss=0.7223  (cls 0.3068 bbox 0.4155)  1.36 it/s  gpu_mem=22112 MB
  iter 1900/5914  loss=0.6709  (cls 0.3399 bbox 0.3310)  1.36 it/s  gpu_mem=22112 MB
  iter 2000/5914  loss=0.7746  (cls 0.3623 bbox 0.4123)  1.36 it/s  gpu_mem=22112 MB
  iter 2100/5914  loss=0.8205  (cls 0.3759 bbox 0.4446)  1.36 it/s  gpu_mem=22112 MB
  iter 2200/5914  loss=1.0903  (cls 0.3848 bbox 0.7056)  1.36 it/s  gpu_mem=22112 MB
  iter 2300/5914  loss=0.9496  (cls 0.4106 bbox 0.5390)  1.36 it/s  gpu_mem=22112 MB
  iter 2400/5914  loss=0.7398  (cls 0.3350 bbox 0.4048)  1.36 it/s  gpu_mem=22112 MB
  iter 2500/5914  loss=0.6974  (cls 0.3348 bbox 0.3626)  1.36 it/s  gpu_mem=22112 MB
  iter 2600/5914  loss=0.8822  (cls 0.4162 bbox 0.4659)  1.36 it/s  gpu_mem=22112 MB
  iter 2700/5914  loss=0.7838  (cls 0.3627 bbox 0.4210)  1.36 it/s  gpu_mem=22112 MB
  iter 2800/5914  loss=0.7211  (cls 0.3318 bbox 0.3893)  1.36 it/s  gpu_mem=22112 MB
  iter 2900/5914  loss=0.7617  (cls 0.3453 bbox 0.4164)  1.36 it/s  gpu_mem=22112 MB
  iter 3000/5914  loss=0.8686  (cls 0.3770 bbox 0.4916)  1.36 it/s  gpu_mem=22112 MB
  iter 3100/5914  loss=0.7383  (cls 0.3255 bbox 0.4127)  1.36 it/s  gpu_mem=22112 MB
  iter 3200/5914  loss=0.7124  (cls 0.3051 bbox 0.4074)  1.36 it/s  gpu_mem=22112 MB
  iter 3300/5914  loss=0.6824  (cls 0.2956 bbox 0.3867)  1.36 it/s  gpu_mem=22112 MB
  iter 3400/5914  loss=0.8000  (cls 0.3215 bbox 0.4785)  1.36 it/s  gpu_mem=22112 MB
  iter 3500/5914  loss=0.8571  (cls 0.3370 bbox 0.5201)  1.36 it/s  gpu_mem=22112 MB
  iter 3600/5914  loss=0.7072  (cls 0.3128 bbox 0.3944)  1.36 it/s  gpu_mem=22112 MB
  iter 3700/5914  loss=0.6815  (cls 0.3382 bbox 0.3432)  1.36 it/s  gpu_mem=22112 MB
  iter 3800/5914  loss=0.8126  (cls 0.3195 bbox 0.4931)  1.36 it/s  gpu_mem=22112 MB
  iter 3900/5914  loss=0.6850  (cls 0.3156 bbox 0.3694)  1.36 it/s  gpu_mem=22112 MB
  iter 4000/5914  loss=0.8043  (cls 0.3716 bbox 0.4327)  1.36 it/s  gpu_mem=22112 MB
  iter 4100/5914  loss=0.6068  (cls 0.3091 bbox 0.2977)  1.36 it/s  gpu_mem=22112 MB
  iter 4200/5914  loss=0.9550  (cls 0.4304 bbox 0.5246)  1.36 it/s  gpu_mem=22112 MB
  iter 4300/5914  loss=0.7412  (cls 0.2805 bbox 0.4607)  1.36 it/s  gpu_mem=22112 MB
  iter 4400/5914  loss=0.8208  (cls 0.3401 bbox 0.4807)  1.36 it/s  gpu_mem=22112 MB
  iter 4500/5914  loss=0.7032  (cls 0.3591 bbox 0.3441)  1.36 it/s  gpu_mem=22112 MB
  iter 4600/5914  loss=0.7763  (cls 0.3434 bbox 0.4328)  1.36 it/s  gpu_mem=22112 MB
  iter 4700/5914  loss=0.6133  (cls 0.2901 bbox 0.3232)  1.36 it/s  gpu_mem=22112 MB
  iter 4800/5914  loss=0.8060  (cls 0.3671 bbox 0.4389)  1.36 it/s  gpu_mem=22112 MB
  iter 4900/5914  loss=0.7812  (cls 0.3785 bbox 0.4027)  1.36 it/s  gpu_mem=22112 MB
  iter 5000/5914  loss=0.7872  (cls 0.3268 bbox 0.4604)  1.36 it/s  gpu_mem=22112 MB
  iter 5100/5914  loss=0.6835  (cls 0.2734 bbox 0.4101)  1.36 it/s  gpu_mem=22112 MB
  iter 5200/5914  loss=0.7131  (cls 0.3501 bbox 0.3630)  1.36 it/s  gpu_mem=22112 MB
  iter 5300/5914  loss=0.7923  (cls 0.4101 bbox 0.3821)  1.36 it/s  gpu_mem=22112 MB
  iter 5400/5914  loss=0.7670  (cls 0.3571 bbox 0.4099)  1.36 it/s  gpu_mem=22112 MB
  iter 5500/5914  loss=0.8576  (cls 0.4076 bbox 0.4500)  1.36 it/s  gpu_mem=22112 MB
  iter 5600/5914  loss=0.6810  (cls 0.2832 bbox 0.3978)  1.36 it/s  gpu_mem=22112 MB
  iter 5700/5914  loss=0.7386  (cls 0.3183 bbox 0.4204)  1.36 it/s  gpu_mem=22112 MB
  iter 5800/5914  loss=0.8852  (cls 0.3635 bbox 0.5217)  1.36 it/s  gpu_mem=22112 MB
  iter 5900/5914  loss=0.7676  (cls 0.3465 bbox 0.4211)  1.36 it/s  gpu_mem=22112 MB
Epoch 20 train | total=0.7671 cls=0.3448 bbox=0.4223 | LR bb=2.28e-07 head=2.28e-06 | 5914 batches in 4341.0s
Epoch 20 eval | mAP@50=0.296  mAP@[.5:.95]=0.162
>> Best saved at epoch 20 (mAP@50: 0.296)
  iter 0/5914  loss=0.6193  (cls 0.2859 bbox 0.3335)  0.43 it/s  gpu_mem=22112 MB
  iter 100/5914  loss=0.7685  (cls 0.3506 bbox 0.4179)  1.34 it/s  gpu_mem=22112 MB
  iter 200/5914  loss=0.9519  (cls 0.4361 bbox 0.5159)  1.35 it/s  gpu_mem=22112 MB
  iter 300/5914  loss=0.7108  (cls 0.3635 bbox 0.3473)  1.36 it/s  gpu_mem=22112 MB
  iter 400/5914  loss=0.6918  (cls 0.3531 bbox 0.3387)  1.36 it/s  gpu_mem=22112 MB
  iter 500/5914  loss=0.8590  (cls 0.3961 bbox 0.4629)  1.36 it/s  gpu_mem=22112 MB
  iter 600/5914  loss=0.8720  (cls 0.3568 bbox 0.5153)  1.36 it/s  gpu_mem=22112 MB
  iter 700/5914  loss=0.8308  (cls 0.3675 bbox 0.4633)  1.36 it/s  gpu_mem=22112 MB
  iter 800/5914  loss=0.7169  (cls 0.3599 bbox 0.3570)  1.36 it/s  gpu_mem=22112 MB
  iter 900/5914  loss=0.7908  (cls 0.3330 bbox 0.4578)  1.36 it/s  gpu_mem=22112 MB
  iter 1000/5914  loss=0.7523  (cls 0.3224 bbox 0.4299)  1.36 it/s  gpu_mem=22112 MB
  iter 1100/5914  loss=0.7898  (cls 0.2966 bbox 0.4932)  1.36 it/s  gpu_mem=22112 MB
  iter 1200/5914  loss=0.6637  (cls 0.3278 bbox 0.3359)  1.36 it/s  gpu_mem=22112 MB
  iter 1300/5914  loss=0.8342  (cls 0.3570 bbox 0.4772)  1.36 it/s  gpu_mem=22112 MB
  iter 1400/5914  loss=0.7871  (cls 0.3593 bbox 0.4278)  1.36 it/s  gpu_mem=22112 MB
  iter 1500/5914  loss=1.0102  (cls 0.4017 bbox 0.6085)  1.36 it/s  gpu_mem=22112 MB
  iter 1600/5914  loss=0.7638  (cls 0.3569 bbox 0.4069)  1.36 it/s  gpu_mem=22112 MB
  iter 1700/5914  loss=0.7691  (cls 0.4145 bbox 0.3546)  1.36 it/s  gpu_mem=22112 MB
  iter 1800/5914  loss=0.7268  (cls 0.3558 bbox 0.3710)  1.36 it/s  gpu_mem=22112 MB
  iter 1900/5914  loss=0.9360  (cls 0.4003 bbox 0.5357)  1.36 it/s  gpu_mem=22112 MB
  iter 2000/5914  loss=0.8077  (cls 0.3718 bbox 0.4359)  1.36 it/s  gpu_mem=22112 MB
  iter 2100/5914  loss=0.8040  (cls 0.3540 bbox 0.4500)  1.36 it/s  gpu_mem=22112 MB
  iter 2200/5914  loss=0.8992  (cls 0.3801 bbox 0.5191)  1.36 it/s  gpu_mem=22112 MB
  iter 2300/5914  loss=0.6516  (cls 0.3057 bbox 0.3458)  1.36 it/s  gpu_mem=22112 MB
  iter 2400/5914  loss=0.7830  (cls 0.3583 bbox 0.4248)  1.36 it/s  gpu_mem=22112 MB
  iter 2500/5914  loss=0.9375  (cls 0.4058 bbox 0.5317)  1.36 it/s  gpu_mem=22112 MB
  iter 2600/5914  loss=0.8124  (cls 0.4171 bbox 0.3953)  1.36 it/s  gpu_mem=22112 MB
  iter 2700/5914  loss=0.8649  (cls 0.3633 bbox 0.5017)  1.36 it/s  gpu_mem=22112 MB
  iter 2800/5914  loss=0.6943  (cls 0.3175 bbox 0.3768)  1.36 it/s  gpu_mem=22112 MB
  iter 2900/5914  loss=0.7376  (cls 0.3402 bbox 0.3974)  1.36 it/s  gpu_mem=22112 MB
  iter 3000/5914  loss=0.6422  (cls 0.2750 bbox 0.3672)  1.36 it/s  gpu_mem=22112 MB
  iter 3100/5914  loss=0.5178  (cls 0.2468 bbox 0.2711)  1.36 it/s  gpu_mem=22112 MB
  iter 3200/5914  loss=0.4935  (cls 0.2378 bbox 0.2557)  1.36 it/s  gpu_mem=22112 MB
  iter 3300/5914  loss=0.6407  (cls 0.3110 bbox 0.3297)  1.36 it/s  gpu_mem=22112 MB
  iter 3400/5914  loss=0.7276  (cls 0.3499 bbox 0.3777)  1.36 it/s  gpu_mem=22112 MB
  iter 3500/5914  loss=0.7760  (cls 0.3215 bbox 0.4545)  1.36 it/s  gpu_mem=22112 MB
  iter 3600/5914  loss=0.8295  (cls 0.3402 bbox 0.4893)  1.36 it/s  gpu_mem=22112 MB
  iter 3700/5914  loss=0.7312  (cls 0.3490 bbox 0.3822)  1.36 it/s  gpu_mem=22112 MB
  iter 3800/5914  loss=0.6085  (cls 0.2834 bbox 0.3250)  1.36 it/s  gpu_mem=22112 MB
  iter 3900/5914  loss=0.6678  (cls 0.3070 bbox 0.3609)  1.36 it/s  gpu_mem=22112 MB
  iter 4000/5914  loss=0.7447  (cls 0.3174 bbox 0.4273)  1.36 it/s  gpu_mem=22112 MB
  iter 4100/5914  loss=0.6460  (cls 0.3116 bbox 0.3345)  1.36 it/s  gpu_mem=22112 MB
  iter 4200/5914  loss=0.8997  (cls 0.3906 bbox 0.5091)  1.36 it/s  gpu_mem=22112 MB
  iter 4300/5914  loss=0.6727  (cls 0.2853 bbox 0.3875)  1.36 it/s  gpu_mem=22112 MB
  iter 4400/5914  loss=0.9325  (cls 0.3557 bbox 0.5768)  1.36 it/s  gpu_mem=22112 MB
  iter 4500/5914  loss=0.8968  (cls 0.4068 bbox 0.4900)  1.36 it/s  gpu_mem=22112 MB
  iter 4600/5914  loss=0.9477  (cls 0.3895 bbox 0.5581)  1.36 it/s  gpu_mem=22112 MB
  iter 4700/5914  loss=0.7898  (cls 0.3399 bbox 0.4499)  1.36 it/s  gpu_mem=22112 MB
  iter 4800/5914  loss=0.7943  (cls 0.3295 bbox 0.4648)  1.36 it/s  gpu_mem=22112 MB
  iter 4900/5914  loss=1.0061  (cls 0.4084 bbox 0.5978)  1.36 it/s  gpu_mem=22112 MB
  iter 5000/5914  loss=0.9006  (cls 0.4009 bbox 0.4997)  1.36 it/s  gpu_mem=22112 MB
  iter 5100/5914  loss=0.7365  (cls 0.3183 bbox 0.4182)  1.36 it/s  gpu_mem=22112 MB
  iter 5200/5914  loss=0.8429  (cls 0.3445 bbox 0.4984)  1.36 it/s  gpu_mem=22112 MB
  iter 5300/5914  loss=0.7522  (cls 0.3220 bbox 0.4302)  1.36 it/s  gpu_mem=22112 MB
  iter 5400/5914  loss=0.9156  (cls 0.3938 bbox 0.5218)  1.36 it/s  gpu_mem=22112 MB
  iter 5500/5914  loss=0.7352  (cls 0.3313 bbox 0.4039)  1.36 it/s  gpu_mem=22112 MB
  iter 5600/5914  loss=0.6660  (cls 0.3145 bbox 0.3514)  1.36 it/s  gpu_mem=22112 MB
  iter 5700/5914  loss=0.5990  (cls 0.2929 bbox 0.3061)  1.36 it/s  gpu_mem=22112 MB
  iter 5800/5914  loss=0.6848  (cls 0.3318 bbox 0.3530)  1.36 it/s  gpu_mem=22112 MB
  iter 5900/5914  loss=0.6874  (cls 0.3264 bbox 0.3610)  1.36 it/s  gpu_mem=22112 MB
Epoch 21 train | total=0.7674 cls=0.3452 bbox=0.4223 | LR bb=9.05e-07 head=9.05e-06 | 5914 batches in 4350.2s
Epoch 21 eval | mAP@50=0.298  mAP@[.5:.95]=0.163
>> Best saved at epoch 21 (mAP@50: 0.298)
  iter 0/5914  loss=0.9133  (cls 0.3707 bbox 0.5427)  0.54 it/s  gpu_mem=22112 MB
  iter 100/5914  loss=0.7265  (cls 0.3208 bbox 0.4057)  1.32 it/s  gpu_mem=22112 MB
  iter 200/5914  loss=0.9579  (cls 0.3951 bbox 0.5628)  1.33 it/s  gpu_mem=22112 MB
  iter 300/5914  loss=0.6925  (cls 0.2726 bbox 0.4199)  1.34 it/s  gpu_mem=22112 MB
  iter 400/5914  loss=0.6068  (cls 0.3125 bbox 0.2943)  1.34 it/s  gpu_mem=22112 MB
  iter 500/5914  loss=0.7372  (cls 0.3620 bbox 0.3753)  1.34 it/s  gpu_mem=22112 MB
  iter 600/5914  loss=0.6634  (cls 0.3142 bbox 0.3492)  1.34 it/s  gpu_mem=22112 MB
  iter 700/5914  loss=0.8186  (cls 0.3477 bbox 0.4709)  1.34 it/s  gpu_mem=22112 MB
  iter 800/5914  loss=0.6889  (cls 0.3365 bbox 0.3525)  1.34 it/s  gpu_mem=22112 MB
  iter 900/5914  loss=0.5895  (cls 0.2873 bbox 0.3023)  1.34 it/s  gpu_mem=22112 MB
  iter 1000/5914  loss=0.7290  (cls 0.3708 bbox 0.3582)  1.34 it/s  gpu_mem=22112 MB
  iter 1100/5914  loss=0.9113  (cls 0.4220 bbox 0.4893)  1.34 it/s  gpu_mem=22112 MB
  iter 1200/5914  loss=0.8603  (cls 0.3077 bbox 0.5526)  1.34 it/s  gpu_mem=22112 MB
  iter 1300/5914  loss=0.7278  (cls 0.3543 bbox 0.3735)  1.34 it/s  gpu_mem=22112 MB
  iter 1400/5914  loss=0.8772  (cls 0.3694 bbox 0.5078)  1.34 it/s  gpu_mem=22112 MB
  iter 1500/5914  loss=0.8220  (cls 0.3765 bbox 0.4456)  1.34 it/s  gpu_mem=22112 MB
  iter 1600/5914  loss=0.6748  (cls 0.3295 bbox 0.3453)  1.34 it/s  gpu_mem=22112 MB
  iter 1700/5914  loss=0.8824  (cls 0.4077 bbox 0.4748)  1.34 it/s  gpu_mem=22112 MB
  iter 1800/5914  loss=0.9115  (cls 0.3885 bbox 0.5231)  1.34 it/s  gpu_mem=22112 MB
  iter 1900/5914  loss=0.7625  (cls 0.3768 bbox 0.3857)  1.34 it/s  gpu_mem=22112 MB
  iter 2000/5914  loss=0.8354  (cls 0.4115 bbox 0.4239)  1.34 it/s  gpu_mem=22112 MB
  iter 2100/5914  loss=0.7176  (cls 0.3022 bbox 0.4154)  1.34 it/s  gpu_mem=22112 MB
  iter 2200/5914  loss=0.7733  (cls 0.3585 bbox 0.4148)  1.34 it/s  gpu_mem=22112 MB
  iter 2300/5914  loss=0.6343  (cls 0.2319 bbox 0.4024)  1.34 it/s  gpu_mem=22112 MB
  iter 2400/5914  loss=0.6739  (cls 0.2668 bbox 0.4071)  1.34 it/s  gpu_mem=22112 MB
  iter 2500/5914  loss=0.6378  (cls 0.2877 bbox 0.3501)  1.34 it/s  gpu_mem=22112 MB
  iter 2600/5914  loss=0.7333  (cls 0.3644 bbox 0.3689)  1.34 it/s  gpu_mem=22112 MB
