=== Experiment S: SEW-ResNet-18 + TET + ATan + strong aug ===
Log: /workspace/SNN/logs/cifar100_sew_S.log
num_steps=8 aug=strong epochs=80
/workspace/SNN/venv/lib/python3.12/site-packages/torchvision/datasets/cifar.py:83: VisibleDeprecationWarning: dtype(): align should be passed as Python or NumPy boolean but got `align=0`. Did you mean to pass a tuple to create a subarray type? (Deprecated NumPy 2.4)
  entry = pickle.load(f, encoding="latin1")
Training set size: 50000
Test set size: 10000
Augmentation: strong
Training on 100 classes
Experiment: cifar100_sew_S | Seed: 42
Trainable params: 11,287,374
No checkpoint found, starting fresh.
Epoch 0 | Acc: 9.64% | CE: 4.276 | SpikeReg: 2.741 | LR: 1.00e-03
  Fire rates (stem/layer1/layer2/layer3/layer4/out): 0.210 0.550 0.708 0.727 0.570 0.145
>> Best saved at epoch 0 (accuracy: 9.64%)
Epoch 1 | Acc: 13.38% | CE: 4.018 | SpikeReg: 2.624 | LR: 9.98e-04
  Fire rates (stem/layer1/layer2/layer3/layer4/out): 0.197 0.521 0.692 0.702 0.552 0.117
>> Best saved at epoch 1 (accuracy: 13.38%)
Epoch 2 | Acc: 18.95% | CE: 3.826 | SpikeReg: 2.541 | LR: 9.97e-04
  Fire rates (stem/layer1/layer2/layer3/layer4/out): 0.194 0.510 0.643 0.672 0.544 0.109
>> Best saved at epoch 2 (accuracy: 18.95%)
Epoch 3 | Acc: 21.98% | CE: 3.682 | SpikeReg: 2.456 | LR: 9.94e-04
  Fire rates (stem/layer1/layer2/layer3/layer4/out): 0.195 0.479 0.581 0.646 0.531 0.093
>> Best saved at epoch 3 (accuracy: 21.98%)
Epoch 4 | Acc: 24.56% | CE: 3.563 | SpikeReg: 2.364 | LR: 9.90e-04
  Fire rates (stem/layer1/layer2/layer3/layer4/out): 0.186 0.466 0.568 0.615 0.508 0.086
>> Best saved at epoch 4 (accuracy: 24.56%)
Epoch 5 | Acc: 25.06% | CE: 3.460 | SpikeReg: 2.265 | LR: 9.86e-04
  Fire rates (stem/layer1/layer2/layer3/layer4/out): 0.182 0.450 0.543 0.580 0.503 0.085
>> Best saved at epoch 5 (accuracy: 25.06%)
Epoch 6 | Acc: 29.37% | CE: 3.367 | SpikeReg: 2.171 | LR: 9.81e-04
  Fire rates (stem/layer1/layer2/layer3/layer4/out): 0.179 0.439 0.518 0.565 0.467 0.072
>> Best saved at epoch 6 (accuracy: 29.37%)
Epoch 7 | Acc: 30.03% | CE: 3.290 | SpikeReg: 2.078 | LR: 9.76e-04
  Fire rates (stem/layer1/layer2/layer3/layer4/out): 0.177 0.419 0.506 0.539 0.429 0.066
>> Best saved at epoch 7 (accuracy: 30.03%)
Epoch 8 | Acc: 33.12% | CE: 3.224 | SpikeReg: 1.975 | LR: 9.69e-04
  Fire rates (stem/layer1/layer2/layer3/layer4/out): 0.172 0.429 0.472 0.506 0.405 0.059
>> Best saved at epoch 8 (accuracy: 33.12%)
Epoch 9 | Acc: 37.10% | CE: 3.153 | SpikeReg: 1.895 | LR: 9.62e-04
  Fire rates (stem/layer1/layer2/layer3/layer4/out): 0.167 0.418 0.456 0.492 0.369 0.051
>> Best saved at epoch 9 (accuracy: 37.10%)
Epoch 10 | Acc: 39.80% | CE: 3.079 | SpikeReg: 1.822 | LR: 9.54e-04
  Fire rates (stem/layer1/layer2/layer3/layer4/out): 0.166 0.418 0.435 0.459 0.347 0.048
>> Best saved at epoch 10 (accuracy: 39.80%)
Epoch 11 | Acc: 43.78% | CE: 3.018 | SpikeReg: 1.740 | LR: 9.46e-04
  Fire rates (stem/layer1/layer2/layer3/layer4/out): 0.163 0.401 0.412 0.450 0.314 0.042
>> Best saved at epoch 11 (accuracy: 43.78%)
Epoch 12 | Acc: 45.66% | CE: 2.944 | SpikeReg: 1.677 | LR: 9.36e-04
  Fire rates (stem/layer1/layer2/layer3/layer4/out): 0.169 0.421 0.407 0.427 0.291 0.035
>> Best saved at epoch 12 (accuracy: 45.66%)
Epoch 13 | Acc: 42.09% | CE: 2.882 | SpikeReg: 1.628 | LR: 9.26e-04
  Fire rates (stem/layer1/layer2/layer3/layer4/out): 0.163 0.424 0.393 0.415 0.276 0.030
Epoch 14 | Acc: 48.50% | CE: 2.837 | SpikeReg: 1.586 | LR: 9.16e-04
  Fire rates (stem/layer1/layer2/layer3/layer4/out): 0.163 0.419 0.381 0.387 0.255 0.026
>> Best saved at epoch 14 (accuracy: 48.50%)
Epoch 15 | Acc: 51.03% | CE: 2.772 | SpikeReg: 1.532 | LR: 9.05e-04
  Fire rates (stem/layer1/layer2/layer3/layer4/out): 0.164 0.420 0.375 0.381 0.242 0.023
>> Best saved at epoch 15 (accuracy: 51.03%)
Epoch 16 | Acc: 52.12% | CE: 2.703 | SpikeReg: 1.490 | LR: 8.93e-04
  Fire rates (stem/layer1/layer2/layer3/layer4/out): 0.164 0.417 0.346 0.360 0.236 0.020
>> Best saved at epoch 16 (accuracy: 52.12%)
Epoch 17 | Acc: 52.61% | CE: 2.642 | SpikeReg: 1.460 | LR: 8.80e-04
  Fire rates (stem/layer1/layer2/layer3/layer4/out): 0.161 0.412 0.346 0.348 0.230 0.018
>> Best saved at epoch 17 (accuracy: 52.61%)
Epoch 18 | Acc: 54.78% | CE: 2.600 | SpikeReg: 1.439 | LR: 8.67e-04
  Fire rates (stem/layer1/layer2/layer3/layer4/out): 0.158 0.418 0.343 0.335 0.233 0.015
>> Best saved at epoch 18 (accuracy: 54.78%)
Epoch 19 | Acc: 55.93% | CE: 2.544 | SpikeReg: 1.406 | LR: 8.54e-04
  Fire rates (stem/layer1/layer2/layer3/layer4/out): 0.154 0.415 0.329 0.334 0.218 0.014
>> Best saved at epoch 19 (accuracy: 55.93%)
Epoch 20 | Acc: 56.57% | CE: 2.486 | SpikeReg: 1.387 | LR: 8.39e-04
  Fire rates (stem/layer1/layer2/layer3/layer4/out): 0.156 0.417 0.328 0.320 0.215 0.012
>> Best saved at epoch 20 (accuracy: 56.57%)
Epoch 21 | Acc: 58.12% | CE: 2.449 | SpikeReg: 1.371 | LR: 8.25e-04
  Fire rates (stem/layer1/layer2/layer3/layer4/out): 0.157 0.413 0.319 0.307 0.216 0.011
>> Best saved at epoch 21 (accuracy: 58.12%)
Epoch 22 | Acc: 58.85% | CE: 2.412 | SpikeReg: 1.352 | LR: 8.10e-04
  Fire rates (stem/layer1/layer2/layer3/layer4/out): 0.156 0.407 0.317 0.312 0.209 0.009
>> Best saved at epoch 22 (accuracy: 58.85%)
Epoch 23 | Acc: 59.52% | CE: 2.361 | SpikeReg: 1.337 | LR: 7.94e-04
  Fire rates (stem/layer1/layer2/layer3/layer4/out): 0.154 0.412 0.305 0.303 0.203 0.007
>> Best saved at epoch 23 (accuracy: 59.52%)
Epoch 24 | Acc: 59.74% | CE: 2.337 | SpikeReg: 1.318 | LR: 7.78e-04
  Fire rates (stem/layer1/layer2/layer3/layer4/out): 0.152 0.403 0.299 0.294 0.206 0.007
>> Best saved at epoch 24 (accuracy: 59.74%)
Epoch 25 | Acc: 61.76% | CE: 2.297 | SpikeReg: 1.296 | LR: 7.61e-04
  Fire rates (stem/layer1/layer2/layer3/layer4/out): 0.155 0.413 0.300 0.286 0.202 0.006
>> Best saved at epoch 25 (accuracy: 61.76%)
Epoch 26 | Acc: 61.95% | CE: 2.264 | SpikeReg: 1.292 | LR: 7.44e-04
  Fire rates (stem/layer1/layer2/layer3/layer4/out): 0.153 0.405 0.296 0.286 0.205 0.005
>> Best saved at epoch 26 (accuracy: 61.95%)
Epoch 27 | Acc: 62.16% | CE: 2.222 | SpikeReg: 1.291 | LR: 7.27e-04
  Fire rates (stem/layer1/layer2/layer3/layer4/out): 0.153 0.414 0.291 0.280 0.203 0.005
>> Best saved at epoch 27 (accuracy: 62.16%)
Epoch 28 | Acc: 63.95% | CE: 2.196 | SpikeReg: 1.282 | LR: 7.09e-04
  Fire rates (stem/layer1/layer2/layer3/layer4/out): 0.151 0.407 0.295 0.278 0.201 0.004
>> Best saved at epoch 28 (accuracy: 63.95%)
Epoch 29 | Acc: 64.24% | CE: 2.169 | SpikeReg: 1.273 | LR: 6.91e-04
  Fire rates (stem/layer1/layer2/layer3/layer4/out): 0.151 0.410 0.292 0.272 0.201 0.004
>> Best saved at epoch 29 (accuracy: 64.24%)
Epoch 30 | Acc: 64.24% | CE: 2.129 | SpikeReg: 1.269 | LR: 6.73e-04
  Fire rates (stem/layer1/layer2/layer3/layer4/out): 0.151 0.404 0.290 0.272 0.201 0.003
Epoch 31 | Acc: 65.04% | CE: 2.108 | SpikeReg: 1.259 | LR: 6.55e-04
  Fire rates (stem/layer1/layer2/layer3/layer4/out): 0.153 0.406 0.286 0.266 0.199 0.003
>> Best saved at epoch 31 (accuracy: 65.04%)
Epoch 32 | Acc: 65.83% | CE: 2.082 | SpikeReg: 1.257 | LR: 6.36e-04
  Fire rates (stem/layer1/layer2/layer3/layer4/out): 0.150 0.407 0.289 0.263 0.202 0.003
>> Best saved at epoch 32 (accuracy: 65.83%)
Epoch 33 | Acc: 65.71% | CE: 2.058 | SpikeReg: 1.250 | LR: 6.17e-04
  Fire rates (stem/layer1/layer2/layer3/layer4/out): 0.149 0.409 0.288 0.260 0.199 0.002
Epoch 34 | Acc: 66.46% | CE: 2.033 | SpikeReg: 1.249 | LR: 5.98e-04
  Fire rates (stem/layer1/layer2/layer3/layer4/out): 0.151 0.409 0.283 0.258 0.200 0.002
>> Best saved at epoch 34 (accuracy: 66.46%)
Epoch 35 | Acc: 65.90% | CE: 2.001 | SpikeReg: 1.247 | LR: 5.78e-04
  Fire rates (stem/layer1/layer2/layer3/layer4/out): 0.152 0.405 0.287 0.263 0.202 0.002
Epoch 36 | Acc: 66.99% | CE: 1.988 | SpikeReg: 1.244 | LR: 5.59e-04
  Fire rates (stem/layer1/layer2/layer3/layer4/out): 0.151 0.406 0.285 0.259 0.203 0.002
>> Best saved at epoch 36 (accuracy: 66.99%)
Epoch 37 | Acc: 67.16% | CE: 1.953 | SpikeReg: 1.239 | LR: 5.39e-04
  Fire rates (stem/layer1/layer2/layer3/layer4/out): 0.152 0.408 0.287 0.255 0.204 0.002
>> Best saved at epoch 37 (accuracy: 67.16%)
Epoch 38 | Acc: 67.53% | CE: 1.945 | SpikeReg: 1.238 | LR: 5.20e-04
  Fire rates (stem/layer1/layer2/layer3/layer4/out): 0.151 0.405 0.285 0.250 0.198 0.001
>> Best saved at epoch 38 (accuracy: 67.53%)
Epoch 39 | Acc: 67.85% | CE: 1.920 | SpikeReg: 1.240 | LR: 5.00e-04
  Fire rates (stem/layer1/layer2/layer3/layer4/out): 0.150 0.409 0.287 0.254 0.201 0.001
>> Best saved at epoch 39 (accuracy: 67.85%)
Epoch 40 | Acc: 67.99% | CE: 1.901 | SpikeReg: 1.240 | LR: 4.80e-04
  Fire rates (stem/layer1/layer2/layer3/layer4/out): 0.151 0.416 0.280 0.252 0.199 0.001
>> Best saved at epoch 40 (accuracy: 67.99%)
Epoch 41 | Acc: 68.36% | CE: 1.878 | SpikeReg: 1.237 | LR: 4.61e-04
  Fire rates (stem/layer1/layer2/layer3/layer4/out): 0.151 0.407 0.284 0.253 0.202 0.001
>> Best saved at epoch 41 (accuracy: 68.36%)
Epoch 42 | Acc: 69.10% | CE: 1.860 | SpikeReg: 1.232 | LR: 4.41e-04
  Fire rates (stem/layer1/layer2/layer3/layer4/out): 0.150 0.406 0.286 0.250 0.204 0.001
>> Best saved at epoch 42 (accuracy: 69.10%)
Epoch 43 | Acc: 69.30% | CE: 1.851 | SpikeReg: 1.234 | LR: 4.22e-04
  Fire rates (stem/layer1/layer2/layer3/layer4/out): 0.151 0.401 0.284 0.249 0.204 0.001
>> Best saved at epoch 43 (accuracy: 69.30%)
Epoch 44 | Acc: 69.36% | CE: 1.834 | SpikeReg: 1.236 | LR: 4.02e-04
  Fire rates (stem/layer1/layer2/layer3/layer4/out): 0.153 0.410 0.287 0.248 0.204 0.000
>> Best saved at epoch 44 (accuracy: 69.36%)
Epoch 45 | Acc: 70.06% | CE: 1.820 | SpikeReg: 1.233 | LR: 3.83e-04
  Fire rates (stem/layer1/layer2/layer3/layer4/out): 0.149 0.410 0.284 0.250 0.205 0.000
>> Best saved at epoch 45 (accuracy: 70.06%)
Epoch 46 | Acc: 69.56% | CE: 1.799 | SpikeReg: 1.233 | LR: 3.64e-04
  Fire rates (stem/layer1/layer2/layer3/layer4/out): 0.148 0.407 0.288 0.249 0.207 0.000
Epoch 47 | Acc: 70.04% | CE: 1.783 | SpikeReg: 1.235 | LR: 3.45e-04
  Fire rates (stem/layer1/layer2/layer3/layer4/out): 0.151 0.410 0.283 0.247 0.206 0.000
Epoch 48 | Acc: 69.78% | CE: 1.767 | SpikeReg: 1.230 | LR: 3.27e-04
  Fire rates (stem/layer1/layer2/layer3/layer4/out): 0.149 0.405 0.282 0.249 0.206 0.000
Epoch 49 | Acc: 70.25% | CE: 1.750 | SpikeReg: 1.231 | LR: 3.09e-04
  Fire rates (stem/layer1/layer2/layer3/layer4/out): 0.150 0.405 0.287 0.251 0.211 0.000
>> Best saved at epoch 49 (accuracy: 70.25%)
Epoch 50 | Acc: 70.38% | CE: 1.741 | SpikeReg: 1.231 | LR: 2.91e-04
  Fire rates (stem/layer1/layer2/layer3/layer4/out): 0.148 0.403 0.282 0.246 0.209 0.000
>> Best saved at epoch 50 (accuracy: 70.38%)
Epoch 51 | Acc: 71.03% | CE: 1.727 | SpikeReg: 1.232 | LR: 2.73e-04
  Fire rates (stem/layer1/layer2/layer3/layer4/out): 0.150 0.404 0.284 0.247 0.209 0.000
>> Best saved at epoch 51 (accuracy: 71.03%)
Epoch 52 | Acc: 70.72% | CE: 1.719 | SpikeReg: 1.231 | LR: 2.56e-04
  Fire rates (stem/layer1/layer2/layer3/layer4/out): 0.147 0.402 0.283 0.249 0.209 0.000
Epoch 53 | Acc: 71.18% | CE: 1.698 | SpikeReg: 1.228 | LR: 2.39e-04
  Fire rates (stem/layer1/layer2/layer3/layer4/out): 0.148 0.403 0.285 0.245 0.212 0.000
>> Best saved at epoch 53 (accuracy: 71.18%)
Epoch 54 | Acc: 71.60% | CE: 1.691 | SpikeReg: 1.228 | LR: 2.22e-04
  Fire rates (stem/layer1/layer2/layer3/layer4/out): 0.150 0.403 0.281 0.245 0.210 0.000
>> Best saved at epoch 54 (accuracy: 71.60%)
Epoch 55 | Acc: 71.34% | CE: 1.678 | SpikeReg: 1.226 | LR: 2.06e-04
  Fire rates (stem/layer1/layer2/layer3/layer4/out): 0.149 0.403 0.283 0.244 0.212 0.000
Epoch 56 | Acc: 71.89% | CE: 1.665 | SpikeReg: 1.228 | LR: 1.90e-04
  Fire rates (stem/layer1/layer2/layer3/layer4/out): 0.148 0.401 0.285 0.244 0.211 0.000
>> Best saved at epoch 56 (accuracy: 71.89%)
Epoch 57 | Acc: 71.50% | CE: 1.665 | SpikeReg: 1.227 | LR: 1.75e-04
  Fire rates (stem/layer1/layer2/layer3/layer4/out): 0.148 0.404 0.284 0.244 0.213 0.000
Epoch 58 | Acc: 71.37% | CE: 1.649 | SpikeReg: 1.229 | LR: 1.61e-04
  Fire rates (stem/layer1/layer2/layer3/layer4/out): 0.147 0.401 0.284 0.245 0.213 0.000
Epoch 59 | Acc: 72.04% | CE: 1.636 | SpikeReg: 1.233 | LR: 1.46e-04
  Fire rates (stem/layer1/layer2/layer3/layer4/out): 0.149 0.405 0.285 0.245 0.214 0.000
>> Best saved at epoch 59 (accuracy: 72.04%)
Epoch 60 | Acc: 71.94% | CE: 1.627 | SpikeReg: 1.235 | LR: 1.33e-04
  Fire rates (stem/layer1/layer2/layer3/layer4/out): 0.149 0.407 0.284 0.244 0.214 0.000
Epoch 61 | Acc: 72.18% | CE: 1.626 | SpikeReg: 1.234 | LR: 1.20e-04
  Fire rates (stem/layer1/layer2/layer3/layer4/out): 0.149 0.406 0.283 0.245 0.215 0.000
>> Best saved at epoch 61 (accuracy: 72.18%)
Epoch 62 | Acc: 72.05% | CE: 1.614 | SpikeReg: 1.234 | LR: 1.07e-04
  Fire rates (stem/layer1/layer2/layer3/layer4/out): 0.149 0.404 0.284 0.244 0.215 0.000
Epoch 63 | Acc: 72.31% | CE: 1.611 | SpikeReg: 1.233 | LR: 9.55e-05
  Fire rates (stem/layer1/layer2/layer3/layer4/out): 0.149 0.405 0.285 0.245 0.215 0.000
>> Best saved at epoch 63 (accuracy: 72.31%)
Epoch 64 | Acc: 72.27% | CE: 1.609 | SpikeReg: 1.232 | LR: 8.43e-05
  Fire rates (stem/layer1/layer2/layer3/layer4/out): 0.150 0.403 0.283 0.246 0.217 0.000
Epoch 65 | Acc: 72.43% | CE: 1.599 | SpikeReg: 1.234 | LR: 7.37e-05
  Fire rates (stem/layer1/layer2/layer3/layer4/out): 0.148 0.404 0.283 0.245 0.217 0.000
>> Best saved at epoch 65 (accuracy: 72.43%)
Epoch 66 | Acc: 72.45% | CE: 1.597 | SpikeReg: 1.234 | LR: 6.38e-05
  Fire rates (stem/layer1/layer2/layer3/layer4/out): 0.150 0.406 0.284 0.246 0.218 0.000
>> Best saved at epoch 66 (accuracy: 72.45%)
Epoch 67 | Acc: 72.67% | CE: 1.589 | SpikeReg: 1.237 | LR: 5.45e-05
  Fire rates (stem/layer1/layer2/layer3/layer4/out): 0.149 0.405 0.284 0.246 0.217 0.000
>> Best saved at epoch 67 (accuracy: 72.67%)
Epoch 68 | Acc: 72.71% | CE: 1.586 | SpikeReg: 1.237 | LR: 4.59e-05
  Fire rates (stem/layer1/layer2/layer3/layer4/out): 0.149 0.403 0.284 0.246 0.218 0.000
>> Best saved at epoch 68 (accuracy: 72.71%)
Epoch 69 | Acc: 72.71% | CE: 1.577 | SpikeReg: 1.237 | LR: 3.81e-05
  Fire rates (stem/layer1/layer2/layer3/layer4/out): 0.149 0.403 0.284 0.245 0.218 0.000
Epoch 70 | Acc: 72.70% | CE: 1.574 | SpikeReg: 1.237 | LR: 3.09e-05
  Fire rates (stem/layer1/layer2/layer3/layer4/out): 0.149 0.405 0.284 0.245 0.218 0.000
Epoch 71 | Acc: 72.58% | CE: 1.573 | SpikeReg: 1.237 | LR: 2.45e-05
  Fire rates (stem/layer1/layer2/layer3/layer4/out): 0.150 0.404 0.283 0.246 0.218 0.000
Epoch 72 | Acc: 72.71% | CE: 1.575 | SpikeReg: 1.238 | LR: 1.88e-05
  Fire rates (stem/layer1/layer2/layer3/layer4/out): 0.148 0.403 0.284 0.246 0.218 0.000
Epoch 73 | Acc: 72.79% | CE: 1.566 | SpikeReg: 1.239 | LR: 1.38e-05
  Fire rates (stem/layer1/layer2/layer3/layer4/out): 0.149 0.404 0.284 0.245 0.219 0.000
>> Best saved at epoch 73 (accuracy: 72.79%)
Epoch 74 | Acc: 72.78% | CE: 1.563 | SpikeReg: 1.239 | LR: 9.61e-06
  Fire rates (stem/layer1/layer2/layer3/layer4/out): 0.149 0.405 0.285 0.246 0.218 0.000
Epoch 75 | Acc: 72.85% | CE: 1.566 | SpikeReg: 1.238 | LR: 6.16e-06
  Fire rates (stem/layer1/layer2/layer3/layer4/out): 0.149 0.404 0.284 0.245 0.218 0.000
>> Best saved at epoch 75 (accuracy: 72.85%)
Epoch 76 | Acc: 72.88% | CE: 1.563 | SpikeReg: 1.238 | LR: 3.47e-06
  Fire rates (stem/layer1/layer2/layer3/layer4/out): 0.149 0.403 0.284 0.245 0.219 0.000
>> Best saved at epoch 76 (accuracy: 72.88%)
Epoch 77 | Acc: 72.99% | CE: 1.563 | SpikeReg: 1.238 | LR: 1.54e-06
  Fire rates (stem/layer1/layer2/layer3/layer4/out): 0.148 0.403 0.284 0.246 0.218 0.000
>> Best saved at epoch 77 (accuracy: 72.99%)
Epoch 78 | Acc: 72.46% | CE: 1.568 | SpikeReg: 1.238 | LR: 3.85e-07
  Fire rates (stem/layer1/layer2/layer3/layer4/out): 0.149 0.404 0.284 0.245 0.218 0.000
Epoch 79 | Acc: 72.92% | CE: 1.557 | SpikeReg: 1.238 | LR: 0.00e+00
  Fire rates (stem/layer1/layer2/layer3/layer4/out): 0.150 0.406 0.284 0.245 0.219 0.000
